gasks are decomposed in a grid 4 x 2

Task    0: 	grid coordinates :   0,   0
	neighbours: N   -2    E    1    S    4    W   -2
My (rank 0) patch size is 2500 x 5000
Task    1: 	grid coordinates :   1,   0
	neighbours: N   -2    E    2    S    5    W    0
My (rank 1) patch size is 2500 x 5000
Task    2: 	grid coordinates :   2,   0
	neighbours: N   -2    E    3    S    6    W    1
My (rank 2) patch size is 2500 x 5000
Task    3: 	grid coordinates :   3,   0
	neighbours: N   -2    E   -2    S    7    W    2
My (rank 3) patch size is 2500 x 5000
Task    4: 	grid coordinates :   0,   1
	neighbours: N    0    E    5    S   -2    W   -2
My (rank 4) patch size is 2500 x 5000
Task    5: 	grid coordinates :   1,   1
	neighbours: N    1    E    6    S   -2    W    4
My (rank 5) patch size is 2500 x 5000
Task    6: 	grid coordinates :   2,   1
	neighbours: N    2    E    7    S   -2    W    5
My (rank 6) patch size is 2500 x 5000
Task    7: 	grid coordinates :   3,   1
	neighbours: N    3    E   -2    S   -2    W    6
My (rank 7) patch size is 2500 x 5000
Rank 5 signals initialization completed. Beginning computation part.
Total execution time for rank 5: 8.515246
Rank 7 signals initialization completed. Beginning computation part.
Total execution time for rank 7: 8.515236
Rank 4 signals initialization completed. Beginning computation part.
Total execution time for rank 4: 8.515228
Rank 6 signals initialization completed. Beginning computation part.
Total execution time for rank 6: 8.515237
Rank 1 signals initialization completed. Beginning computation part.
Total execution time for rank 1: 8.515193
Rank 3 signals initialization completed. Beginning computation part.
Total execution time for rank 3: 8.515160
Rank 2 signals initialization completed. Beginning computation part.
Total execution time for rank 2: 8.515273
Rank 0 signals initialization completed. Beginning computation part.
Total execution time for rank 0: 8.515219
Average comm waiting time and copy time (averaged across 8 ranks):
 wait=0.000385s
copy=0.000048s
total injected energy is 4000, system energy is 4000 ( in avg 0.00032 per grid point)
