Loading openmpi/4.1.6--gcc--12.2.0
  Loading requirement: gcc/12.2.0-binut2.41
Running with 1 threads
Running with 2 threads
level 1 thread 0x14c7d573e7c0 affinity 0
level 1 thread 0x14c7c09d2700 affinity 1
Running with 4 threads
level 1 thread 0x14dc2e5817c0 affinity 0
level 1 thread 0x14dc20fc5700 affinity 1
level 1 thread 0x14dc20dc4700 affinity 2
level 1 thread 0x14dc20bc3700 affinity 3
Running with 8 threads
level 1 thread 0x14c1f12977c0 affinity 0
level 1 thread 0x14c1dc5b1700 affinity 1
level 1 thread 0x14c1dc3b0700 affinity 2
level 1 thread 0x14c17657b700 affinity 3
level 1 thread 0x14c17637a700 affinity 4
level 1 thread 0x14c176179700 affinity 5
level 1 thread 0x14c175f78700 affinity 6
level 1 thread 0x14c175d77700 affinity 7
Running with 16 threads
level 1 thread 0x152cfc48d7c0 affinity 0
level 1 thread 0x152c81e1f700 affinity 1
level 1 thread 0x152c81c1e700 affinity 2
level 1 thread 0x152c81a1d700 affinity 3
level 1 thread 0x152c8181c700 affinity 4
level 1 thread 0x152c8161b700 affinity 5
level 1 thread 0x152c8141a700 affinity 6
level 1 thread 0x152c81219700 affinity 7
level 1 thread 0x152c81018700 affinity 8
level 1 thread 0x152c80e17700 affinity 9
level 1 thread 0x152c80c16700 affinity 10
level 1 thread 0x152c80a15700 affinity 11
level 1 thread 0x152c80814700 affinity 12
level 1 thread 0x152c80613700 affinity 13
level 1 thread 0x152c80412700 affinity 14
level 1 thread 0x152c80211700 affinity 15
Running with 32 threads
level 1 thread 0x14ac999517c0 affinity 0
level 1 thread 0x14ac8c3a4700 affinity 1
level 1 thread 0x14ac1ef4e700 affinity 2
level 1 thread 0x14ac1ed4d700 affinity 3
level 1 thread 0x14ac1eb4c700 affinity 4
level 1 thread 0x14ac1e94b700 affinity 5
level 1 thread 0x14ac1e74a700 affinity 6
level 1 thread 0x14ac1e549700 affinity 7
level 1 thread 0x14ac1e348700 affinity 8
level 1 thread 0x14ac1e147700 affinity 9
level 1 thread 0x14ac1df46700 affinity 10
level 1 thread 0x14ac1dd45700 affinity 11
level 1 thread 0x14ac1db44700 affinity 12
level 1 thread 0x14ac1d943700 affinity 13
level 1 thread 0x14ac1d742700 affinity 14
level 1 thread 0x14ac1d541700 affinity 15
level 1 thread 0x14ac1d340700 affinity 16
level 1 thread 0x14ac1d13f700 affinity 17
level 1 thread 0x14ac1cf3e700 affinity 18
level 1 thread 0x14ac1cd3d700 affinity 19
level 1 thread 0x14ac1cb3c700 affinity 20
level 1 thread 0x14ac1c93b700 affinity 21
level 1 thread 0x14ac1c73a700 affinity 22
level 1 thread 0x14ac1c539700 affinity 23
level 1 thread 0x14ac1c338700 affinity 24
level 1 thread 0x14ac1c137700 affinity 25
level 1 thread 0x14ac1bf36700 affinity 26
level 1 thread 0x14ac1bd35700 affinity 27
level 1 thread 0x14ac1bb34700 affinity 28
level 1 thread 0x14ac1b933700 affinity 29
level 1 thread 0x14ac1b732700 affinity 30
level 1 thread 0x14ac1b531700 affinity 31
Running with 56 threads
level 1 thread 0x153a770f77c0 affinity 0
level 1 thread 0x1539fca95700 affinity 1
level 1 thread 0x1539fc894700 affinity 2
level 1 thread 0x1539fc693700 affinity 3
level 1 thread 0x1539fc492700 affinity 4
level 1 thread 0x1539fc291700 affinity 5
level 1 thread 0x1539fc090700 affinity 6
level 1 thread 0x1539fbe8f700 affinity 7
level 1 thread 0x1539fbc8e700 affinity 8
level 1 thread 0x1539fba8d700 affinity 9
level 1 thread 0x1539fb88c700 affinity 10
level 1 thread 0x1539fb68b700 affinity 11
level 1 thread 0x1539fb48a700 affinity 12
level 1 thread 0x1539fb289700 affinity 13
level 1 thread 0x1539fb088700 affinity 14
level 1 thread 0x1539fae87700 affinity 15
level 1 thread 0x1539fac86700 affinity 16
level 1 thread 0x1539faa85700 affinity 17
level 1 thread 0x1539fa884700 affinity 18
level 1 thread 0x1539fa683700 affinity 19
level 1 thread 0x1539fa482700 affinity 20
level 1 thread 0x1539fa281700 affinity 21
level 1 thread 0x1539fa080700 affinity 22
level 1 thread 0x1539f9e7f700 affinity 23
level 1 thread 0x1539f9c7e700 affinity 24
level 1 thread 0x1539f9a7d700 affinity 25
level 1 thread 0x1539f987c700 affinity 26
level 1 thread 0x1539f967b700 affinity 27
level 1 thread 0x1539f947a700 affinity 28
level 1 thread 0x1539f9279700 affinity 29
level 1 thread 0x1539f9078700 affinity 30
level 1 thread 0x1539f8e77700 affinity 31
level 1 thread 0x1539f8c76700 affinity 32
level 1 thread 0x1539f8a75700 affinity 33
level 1 thread 0x1539f8874700 affinity 34
level 1 thread 0x1539f8673700 affinity 35
level 1 thread 0x1539f8472700 affinity 36
level 1 thread 0x1539f8271700 affinity 37
level 1 thread 0x1539f8070700 affinity 38
level 1 thread 0x1539f7e6f700 affinity 39
level 1 thread 0x1539f7c6e700 affinity 40
level 1 thread 0x1539f7a6d700 affinity 41
level 1 thread 0x1539f786c700 affinity 42
level 1 thread 0x1539f766b700 affinity 43
level 1 thread 0x1539f746a700 affinity 44
level 1 thread 0x1539f7269700 affinity 45
level 1 thread 0x1539f7068700 affinity 46
level 1 thread 0x1539f6e67700 affinity 47
level 1 thread 0x1539f6c66700 affinity 48
level 1 thread 0x1539f6a65700 affinity 49
level 1 thread 0x1539f6864700 affinity 50
level 1 thread 0x1539f6663700 affinity 51
level 1 thread 0x1539f6462700 affinity 52
level 1 thread 0x1539f6261700 affinity 53
level 1 thread 0x1539f6060700 affinity 54
level 1 thread 0x1539f5e5f700 affinity 55
Running with 84 threads
level 1 thread 0x14611ce6b7c0 affinity 0
level 1 thread 0x1460a2714700 affinity 1
level 1 thread 0x1460a2513700 affinity 2
level 1 thread 0x1460a2312700 affinity 3
level 1 thread 0x1460a2111700 affinity 4
level 1 thread 0x1460a1f10700 affinity 5
level 1 thread 0x1460a1d0f700 affinity 6
level 1 thread 0x1460a1b0e700 affinity 7
level 1 thread 0x1460a190d700 affinity 8
level 1 thread 0x1460a170c700 affinity 9
level 1 thread 0x1460a150b700 affinity 10
level 1 thread 0x1460a130a700 affinity 11
level 1 thread 0x1460a1109700 affinity 12
level 1 thread 0x1460a0f08700 affinity 13
level 1 thread 0x1460a0d07700 affinity 14
level 1 thread 0x1460a0b06700 affinity 15
level 1 thread 0x1460a0905700 affinity 16
level 1 thread 0x1460a0704700 affinity 17
level 1 thread 0x1460a0503700 affinity 18
level 1 thread 0x1460a0302700 affinity 19
level 1 thread 0x1460a0101700 affinity 20
level 1 thread 0x14609ff00700 affinity 21
level 1 thread 0x14609fcff700 affinity 22
level 1 thread 0x14609fafe700 affinity 23
level 1 thread 0x14609f8fd700 affinity 24
level 1 thread 0x14609f6fc700 affinity 25
level 1 thread 0x14609f4fb700 affinity 26
level 1 thread 0x14609f2fa700 affinity 27
level 1 thread 0x14609f0f9700 affinity 28
level 1 thread 0x14609eef8700 affinity 29
level 1 thread 0x14609ecf7700 affinity 30
level 1 thread 0x14609eaf6700 affinity 31
level 1 thread 0x14609e8f5700 affinity 32
level 1 thread 0x14609e6f4700 affinity 33
level 1 thread 0x14609e4f3700 affinity 34
level 1 thread 0x14609e2f2700 affinity 35
level 1 thread 0x14609e0f1700 affinity 36
level 1 thread 0x14609def0700 affinity 37
level 1 thread 0x14609dcef700 affinity 38
level 1 thread 0x14609daee700 affinity 39
level 1 thread 0x14609d8ed700 affinity 40
level 1 thread 0x14609d6ec700 affinity 41
level 1 thread 0x14609d4eb700 affinity 42
level 1 thread 0x14609d2ea700 affinity 43
level 1 thread 0x14609d0e9700 affinity 44
level 1 thread 0x14609cee8700 affinity 45
level 1 thread 0x14609cce7700 affinity 46
level 1 thread 0x14609cae6700 affinity 47
level 1 thread 0x14609c8e5700 affinity 48
level 1 thread 0x14609c6e4700 affinity 49
level 1 thread 0x14609c4e3700 affinity 50
level 1 thread 0x14609c2e2700 affinity 51
level 1 thread 0x14609c0e1700 affinity 52
level 1 thread 0x14609bee0700 affinity 53
level 1 thread 0x14609bcdf700 affinity 54
level 1 thread 0x14609bade700 affinity 55
level 1 thread 0x14609b8dd700 affinity 56
level 1 thread 0x14609b6dc700 affinity 57
level 1 thread 0x14609b4db700 affinity 58
level 1 thread 0x14609b2da700 affinity 59
level 1 thread 0x14609b0d9700 affinity 60
level 1 thread 0x14609aed8700 affinity 61
level 1 thread 0x14609acd7700 affinity 62
level 1 thread 0x14609aad6700 affinity 63
level 1 thread 0x14609a8d5700 affinity 64
level 1 thread 0x14609a6d4700 affinity 65
level 1 thread 0x14609a4d3700 affinity 66
level 1 thread 0x14609a2d2700 affinity 67
level 1 thread 0x14609a0d1700 affinity 68
level 1 thread 0x146099ed0700 affinity 69
level 1 thread 0x146099ccf700 affinity 70
level 1 thread 0x146099ace700 affinity 71
level 1 thread 0x1460998cd700 affinity 72
level 1 thread 0x1460996cc700 affinity 73
level 1 thread 0x1460994cb700 affinity 74
level 1 thread 0x1460992ca700 affinity 75
level 1 thread 0x1460990c9700 affinity 76
level 1 thread 0x146098ec8700 affinity 77
level 1 thread 0x146098cc7700 affinity 78
level 1 thread 0x146098ac6700 affinity 79
level 1 thread 0x1460988c5700 affinity 80
level 1 thread 0x1460986c4700 affinity 81
level 1 thread 0x1460984c3700 affinity 82
level 1 thread 0x1460982c2700 affinity 83
Running with 112 threads
level 1 thread 0x153c1d6b77c0 affinity 0
level 1 thread 0x153c089d2700 affinity 1
level 1 thread 0x153c087d1700 affinity 2
level 1 thread 0x153c085d0700 affinity 3
level 1 thread 0x153c083cf700 affinity 4
level 1 thread 0x153ba257b700 affinity 5
level 1 thread 0x153ba237a700 affinity 6
level 1 thread 0x153ba2179700 affinity 7
level 1 thread 0x153ba1f78700 affinity 8
level 1 thread 0x153ba1d77700 affinity 9
level 1 thread 0x153ba1b76700 affinity 10
level 1 thread 0x153ba1975700 affinity 11
level 1 thread 0x153ba1774700 affinity 12
level 1 thread 0x153ba1573700 affinity 13
level 1 thread 0x153ba1372700 affinity 14
level 1 thread 0x153ba1171700 affinity 15
level 1 thread 0x153ba0f70700 affinity 16
level 1 thread 0x153ba0d6f700 affinity 17
level 1 thread 0x153ba0b6e700 affinity 18
level 1 thread 0x153ba096d700 affinity 19
level 1 thread 0x153ba076c700 affinity 20
level 1 thread 0x153ba056b700 affinity 21
level 1 thread 0x153ba036a700 affinity 22
level 1 thread 0x153ba0169700 affinity 23
level 1 thread 0x153b9ff68700 affinity 24
level 1 thread 0x153b9fd67700 affinity 25
level 1 thread 0x153b9fb66700 affinity 26
level 1 thread 0x153b9f965700 affinity 27
level 1 thread 0x153b9f764700 affinity 28
level 1 thread 0x153b9f563700 affinity 29
level 1 thread 0x153b9f362700 affinity 30
level 1 thread 0x153b9f161700 affinity 31
level 1 thread 0x153b9ef60700 affinity 32
level 1 thread 0x153b9ed5f700 affinity 33
level 1 thread 0x153b9eb5e700 affinity 34
level 1 thread 0x153b9e95d700 affinity 35
level 1 thread 0x153b9e75c700 affinity 36
level 1 thread 0x153b9e55b700 affinity 37
level 1 thread 0x153b9e35a700 affinity 38
level 1 thread 0x153b9e159700 affinity 39
level 1 thread 0x153b9df58700 affinity 40
level 1 thread 0x153b9dd57700 affinity 41
level 1 thread 0x153b9db56700 affinity 42
level 1 thread 0x153b9d955700 affinity 43
level 1 thread 0x153b9d754700 affinity 44
level 1 thread 0x153b9d553700 affinity 45
level 1 thread 0x153b9d352700 affinity 46
level 1 thread 0x153b9d151700 affinity 47
level 1 thread 0x153b9cf50700 affinity 48
level 1 thread 0x153b9cd4f700 affinity 49
level 1 thread 0x153b9cb4e700 affinity 50
level 1 thread 0x153b9c94d700 affinity 51
level 1 thread 0x153b9c74c700 affinity 52
level 1 thread 0x153b9c54b700 affinity 53
level 1 thread 0x153b9c34a700 affinity 54
level 1 thread 0x153b9c149700 affinity 55
level 1 thread 0x153b9bf48700 affinity 56
level 1 thread 0x153b9bd47700 affinity 57
level 1 thread 0x153b9bb46700 affinity 58
level 1 thread 0x153b9b945700 affinity 59
level 1 thread 0x153b9b744700 affinity 60
level 1 thread 0x153b9b543700 affinity 61
level 1 thread 0x153b9b342700 affinity 62
level 1 thread 0x153b9b141700 affinity 63
level 1 thread 0x153b9af40700 affinity 64
level 1 thread 0x153b9ad3f700 affinity 65
level 1 thread 0x153b9ab3e700 affinity 66
level 1 thread 0x153b9a93d700 affinity 67
level 1 thread 0x153b9a73c700 affinity 68
level 1 thread 0x153b9a53b700 affinity 69
level 1 thread 0x153b9a33a700 affinity 70
level 1 thread 0x153b9a139700 affinity 71
level 1 thread 0x153b99f38700 affinity 72
level 1 thread 0x153b99d37700 affinity 73
level 1 thread 0x153b99b36700 affinity 74
level 1 thread 0x153b99935700 affinity 75
level 1 thread 0x153b99734700 affinity 76
level 1 thread 0x153b99533700 affinity 77
level 1 thread 0x153b99332700 affinity 78
level 1 thread 0x153b99131700 affinity 79
level 1 thread 0x153b98f30700 affinity 80
level 1 thread 0x153b98d2f700 affinity 81
level 1 thread 0x153b98b2e700 affinity 82
level 1 thread 0x153b9892d700 affinity 83
level 1 thread 0x153b9872c700 affinity 84
level 1 thread 0x153b9852b700 affinity 85
level 1 thread 0x153b9832a700 affinity 86
level 1 thread 0x153b98129700 affinity 87
level 1 thread 0x153b97f28700 affinity 88
level 1 thread 0x153b97d27700 affinity 89
level 1 thread 0x153b97b26700 affinity 90
level 1 thread 0x153b97925700 affinity 91
level 1 thread 0x153b97724700 affinity 92
level 1 thread 0x153b97523700 affinity 93
level 1 thread 0x153b97322700 affinity 94
level 1 thread 0x153b97121700 affinity 95
level 1 thread 0x153b96f20700 affinity 96
level 1 thread 0x153b96d1f700 affinity 97
level 1 thread 0x153b96b1e700 affinity 98
level 1 thread 0x153b9691d700 affinity 99
level 1 thread 0x153b9671c700 affinity 100
level 1 thread 0x153b9651b700 affinity 101
level 1 thread 0x153b9631a700 affinity 102
level 1 thread 0x153b96119700 affinity 103
level 1 thread 0x153b95f18700 affinity 104
level 1 thread 0x153b95d17700 affinity 105
level 1 thread 0x153b95b16700 affinity 106
level 1 thread 0x153b95915700 affinity 107
level 1 thread 0x153b95714700 affinity 108
level 1 thread 0x153b95513700 affinity 109
level 1 thread 0x153b95312700 affinity 110
level 1 thread 0x153b95111700 affinity 111
Done. Logs in outputs_leonardo/, summary in outputs_leonardo/results_19746032.csv
