Loading openmpi/4.1.6--gcc--12.2.0
  Loading requirement: gcc/12.2.0-binut2.41
Running with 14 threads
level 1 thread 0x14db885ab7c0 affinity 42
level 1 thread 0x14db40b3f700 affinity 43
level 1 thread 0x14db4093e700 affinity 44
level 1 thread 0x14db4073d700 affinity 45
level 1 thread 0x14db4053c700 affinity 46
level 1 thread 0x14db4033b700 affinity 47
level 1 thread 0x14db4013a700 affinity 48
level 1 thread 0x14db3ff39700 affinity 49
level 1 thread 0x14db3fd38700 affinity 50
level 1 thread 0x14db3fb37700 affinity 51
level 1 thread 0x14db3f936700 affinity 52
level 1 thread 0x14db3f735700 affinity 53
level 1 thread 0x14db3f534700 affinity 54
level 1 thread 0x14db3f333700 affinity 55
level 1 thread 0x14b6db6ce7c0 affinity 14
level 1 thread 0x14b69382e700 affinity 15
level 1 thread 0x14b69362d700 affinity 16
level 1 thread 0x14b69342c700 affinity 17
level 1 thread 0x14b69322b700 affinity 18
level 1 thread 0x14b69302a700 affinity 19
level 1 thread 0x14b692e29700 affinity 20
level 1 thread 0x14b692c28700 affinity 21
level 1 thread 0x14b692a27700 affinity 22
level 1 thread 0x14b692826700 affinity 23
level 1 thread 0x14b692625700 affinity 24
level 1 thread 0x14b692424700 affinity 25
level 1 thread 0x14b692223700 affinity 26
level 1 thread 0x14b692022700 affinity 27
level 1 thread 0x14a04239e7c0 affinity 98
level 1 thread 0x14a03489f700 affinity 99
level 1 thread 0x14a03469e700 affinity 100
level 1 thread 0x14a03449d700 affinity 101
level 1 thread 0x14a03429c700 affinity 102
level 1 thread 0x149ffa093700 affinity 103
level 1 thread 0x149ff9e92700 affinity 104
level 1 thread 0x149ff9c91700 affinity 105
level 1 thread 0x149ff9a90700 affinity 106
level 1 thread 0x149ff988f700 affinity 107
level 1 thread 0x149ff968e700 affinity 108
level 1 thread 0x149ff948d700 affinity 109
level 1 thread 0x149ff928c700 affinity 110
level 1 thread 0x149ff908b700 affinity 111
level 1 thread 0x15507b5da7c0 affinity 84
level 1 thread 0x15503373d700 affinity 85
level 1 thread 0x15503353c700 affinity 86
level 1 thread 0x15503333b700 affinity 87
level 1 thread 0x15503313a700 affinity 88
level 1 thread 0x155032f39700 affinity 89
level 1 thread 0x155032d38700 affinity 90
level 1 thread 0x155032b37700 affinity 91
level 1 thread 0x155032936700 affinity 92
level 1 thread 0x155032735700 affinity 93
level 1 thread 0x155032534700 affinity 94
level 1 thread 0x155032333700 affinity 95
level 1 thread 0x155032132700 affinity 96
level 1 thread 0x155031f31700 affinity 97
level 1 thread 0x153f35a137c0 affinity 0
level 1 thread 0x153f28331700 affinity 1
level 1 thread 0x153eedc7a700 affinity 2
level 1 thread 0x153eeda79700 affinity 3
level 1 thread 0x153eed878700 affinity 4
level 1 thread 0x153eed677700 affinity 5
level 1 thread 0x153eed476700 affinity 6
level 1 thread 0x153eed275700 affinity 7
level 1 thread 0x153eed074700 affinity 8
level 1 thread 0x153eece73700 affinity 9
level 1 thread 0x153eecc72700 affinity 10
level 1 thread 0x153eeca71700 affinity 11
level 1 thread 0x153eec870700 affinity 12
level 1 thread 0x153eec66f700 affinity 13
level 1 thread 0x14d05b95a7c0 affinity 56
level 1 thread 0x14d013ef2700 affinity 57
level 1 thread 0x14d013cf1700 affinity 58
level 1 thread 0x14d013af0700 affinity 59
level 1 thread 0x14d0138ef700 affinity 60
level 1 thread 0x14d0136ee700 affinity 61
level 1 thread 0x14d0134ed700 affinity 62
level 1 thread 0x14d0132ec700 affinity 63
level 1 thread 0x14d0130eb700 affinity 64
level 1 thread 0x14d012eea700 affinity 65
level 1 thread 0x14d012ce9700 affinity 66
level 1 thread 0x14d012ae8700 affinity 67
level 1 thread 0x14d0128e7700 affinity 68
level 1 thread 0x14d0126e6700 affinity 69
level 1 thread 0x14fd554bb7c0 affinity 28
level 1 thread 0x14fd40fae700 affinity 29
level 1 thread 0x14fd40dad700 affinity 30
level 1 thread 0x14fd40bac700 affinity 31
level 1 thread 0x14fd409ab700 affinity 32
level 1 thread 0x14fd407aa700 affinity 33
level 1 thread 0x14fd405a9700 affinity 34
level 1 thread 0x14fd403a8700 affinity 35
level 1 thread 0x14fd0c499700 affinity 36
level 1 thread 0x14fd0c298700 affinity 37
level 1 thread 0x14fd0c097700 affinity 38
level 1 thread 0x14fd0be96700 affinity 39
level 1 thread 0x14fd0bc95700 affinity 40
level 1 thread 0x14fd0ba94700 affinity 41
level 1 thread 0x14c2436f97c0 affinity 70
level 1 thread 0x14c1fb84e700 affinity 71
level 1 thread 0x14c1fb64d700 affinity 72
level 1 thread 0x14c1fb44c700 affinity 73
level 1 thread 0x14c1fb24b700 affinity 74
level 1 thread 0x14c1fb04a700 affinity 75
level 1 thread 0x14c1fae49700 affinity 76
level 1 thread 0x14c1fac48700 affinity 77
level 1 thread 0x14c1faa47700 affinity 78
level 1 thread 0x14c1fa846700 affinity 79
level 1 thread 0x14c1fa645700 affinity 80
level 1 thread 0x14c1fa444700 affinity 81
level 1 thread 0x14c1fa243700 affinity 82
level 1 thread 0x14c1fa042700 affinity 83
Done. Logs in outputs/, summary in outputs_weak_scale_leo/results_1Node_8Tasks_14Threads.csv
