Loading openmpi/4.1.6--gcc--12.2.0
  Loading requirement: gcc/12.2.0-binut2.41
Running with  threads
level 1 thread 0x14f7302827c0 affinity 56
level 1 thread 0x14f6fcdd0700 affinity 57
level 1 thread 0x14f6fcbcf700 affinity 58
level 1 thread 0x14f6fc9ce700 affinity 59
level 1 thread 0x14f6fc7cd700 affinity 60
level 1 thread 0x14f6fc5cc700 affinity 61
level 1 thread 0x14f6fc3cb700 affinity 62
level 1 thread 0x14f6fc1ca700 affinity 63
level 1 thread 0x14f6fbfc9700 affinity 64
level 1 thread 0x14f6fbdc8700 affinity 65
level 1 thread 0x14f6fbbc7700 affinity 66
level 1 thread 0x14f6fb9c6700 affinity 67
level 1 thread 0x14f6fb7c5700 affinity 68
level 1 thread 0x14f6fb5c4700 affinity 69
level 1 thread 0x1469d67e37c0 affinity 0
level 1 thread 0x1469c84bc700 affinity 1
level 1 thread 0x1469c82bb700 affinity 2
level 1 thread 0x1469a2e79700 affinity 3
level 1 thread 0x1469a2c78700 affinity 4
level 1 thread 0x1469a2a77700 affinity 5
level 1 thread 0x1469a2876700 affinity 6
level 1 thread 0x1469a2675700 affinity 7
level 1 thread 0x1469a2474700 affinity 8
level 1 thread 0x1469a2273700 affinity 9
level 1 thread 0x1469a2072700 affinity 10
level 1 thread 0x1469a1e71700 affinity 11
level 1 thread 0x1469a1c70700 affinity 12
level 1 thread 0x1469a1a6f700 affinity 13
level 1 thread 0x151f52d3f7c0 affinity 42
level 1 thread 0x151f200bf700 affinity 43
level 1 thread 0x151f1febe700 affinity 44
level 1 thread 0x151f1fcbd700 affinity 45
level 1 thread 0x151f1fabc700 affinity 46
level 1 thread 0x151f1f8bb700 affinity 47
level 1 thread 0x151f1f6ba700 affinity 48
level 1 thread 0x151f1f4b9700 affinity 49
level 1 thread 0x151f1f2b8700 affinity 50
level 1 thread 0x151f1f0b7700 affinity 51
level 1 thread 0x151f1eeb6700 affinity 52
level 1 thread 0x151f1ecb5700 affinity 53
level 1 thread 0x151f1eab4700 affinity 54
level 1 thread 0x151f1e8b3700 affinity 55
level 1 thread 0x153eceff47c0 affinity 14
level 1 thread 0x153e9bf48700 affinity 15
level 1 thread 0x153e9bd47700 affinity 16
level 1 thread 0x153e9bb46700 affinity 17
level 1 thread 0x153e9b945700 affinity 18
level 1 thread 0x153e9b744700 affinity 19
level 1 thread 0x153e9b543700 affinity 20
level 1 thread 0x153e9b342700 affinity 21
level 1 thread 0x153e9b141700 affinity 22
level 1 thread 0x153e9af40700 affinity 23
level 1 thread 0x153e9ad3f700 affinity 24
level 1 thread 0x153e9ab3e700 affinity 25
level 1 thread 0x153e9a93d700 affinity 26
level 1 thread 0x153e9a73c700 affinity 27
level 1 thread 0x14eb5d8607c0 affinity 98
level 1 thread 0x14eb2aa60700 affinity 99
level 1 thread 0x14eb2a85f700 affinity 100
level 1 thread 0x14eb2a65e700 affinity 101
level 1 thread 0x14eb2a45d700 affinity 102
level 1 thread 0x14eb2a25c700 affinity 103
level 1 thread 0x14eb2a05b700 affinity 104
level 1 thread 0x14eb29e5a700 affinity 105
level 1 thread 0x14eb29c59700 affinity 106
level 1 thread 0x14eb29a58700 affinity 107
level 1 thread 0x14eb29857700 affinity 108
level 1 thread 0x14eb29656700 affinity 109
level 1 thread 0x14eb29455700 affinity 110
level 1 thread 0x14eb29254700 affinity 111
level 1 thread 0x14cfc49307c0 affinity 84
level 1 thread 0x14cf9188d700 affinity 85
level 1 thread 0x14cf9168c700 affinity 86
level 1 thread 0x14cf9148b700 affinity 87
level 1 thread 0x14cf9128a700 affinity 88
level 1 thread 0x14cf91089700 affinity 89
level 1 thread 0x14cf90e88700 affinity 90
level 1 thread 0x14cf90c87700 affinity 91
level 1 thread 0x14cf90a86700 affinity 92
level 1 thread 0x14cf90885700 affinity 93
level 1 thread 0x14cf90684700 affinity 94
level 1 thread 0x14cf90483700 affinity 95
level 1 thread 0x14cf90282700 affinity 96
level 1 thread 0x14cf90081700 affinity 97
level 1 thread 0x14643cb6d7c0 affinity 70
level 1 thread 0x146409ac6700 affinity 71
level 1 thread 0x1464098c5700 affinity 72
level 1 thread 0x1464096c4700 affinity 73
level 1 thread 0x1464094c3700 affinity 74
level 1 thread 0x1464092c2700 affinity 75
level 1 thread 0x1464090c1700 affinity 76
level 1 thread 0x146408ec0700 affinity 77
level 1 thread 0x146408cbf700 affinity 78
level 1 thread 0x146408abe700 affinity 79
level 1 thread 0x1464088bd700 affinity 80
level 1 thread 0x1464086bc700 affinity 81
level 1 thread 0x1464084bb700 affinity 82
level 1 thread 0x1464082ba700 affinity 83
level 1 thread 0x150806c0f7c0 affinity 28
level 1 thread 0x1507f8cee700 affinity 29
level 1 thread 0x1507f8aed700 affinity 30
level 1 thread 0x1507f88ec700 affinity 31
level 1 thread 0x1507f86eb700 affinity 32
level 1 thread 0x1507f84ea700 affinity 33
level 1 thread 0x1507f82e9700 affinity 34
level 1 thread 0x1507d2e79700 affinity 35
level 1 thread 0x1507d2c78700 affinity 36
level 1 thread 0x1507d2a77700 affinity 37
level 1 thread 0x1507d2876700 affinity 38
level 1 thread 0x1507d2675700 affinity 39
level 1 thread 0x1507d2474700 affinity 40
level 1 thread 0x1507d2273700 affinity 41
Done. Logs in outputs_leonardo/, summary in outputs_leonardo/results_1Node_8Tasks_14Threads.csv
