Loading openmpi/4.1.6--gcc--12.2.0
  Loading requirement: gcc/12.2.0-binut2.41
Running with 14 threads
level 1 thread 0x14f32ba9e7c0 affinity 28
level 1 thread 0x14f2e381f700 affinity 29
level 1 thread 0x14f2e361e700 affinity 30
level 1 thread 0x14f2e341d700 affinity 31
level 1 thread 0x14f2e321c700 affinity 32
level 1 thread 0x14f2e301b700 affinity 33
level 1 thread 0x14f2e2e1a700 affinity 34
level 1 thread 0x14f2e2c19700 affinity 35
level 1 thread 0x14f2e2a18700 affinity 36
level 1 thread 0x14f2e2817700 affinity 37
level 1 thread 0x14f2e2616700 affinity 38
level 1 thread 0x14f2e2415700 affinity 39
level 1 thread 0x14f2e2214700 affinity 40
level 1 thread 0x14f2e2013700 affinity 41
level 1 thread 0x154387cb97c0 affinity 56
level 1 thread 0x15433fa3d700 affinity 57
level 1 thread 0x15433f83c700 affinity 58
level 1 thread 0x15433f63b700 affinity 59
level 1 thread 0x15433f43a700 affinity 60
level 1 thread 0x15433f239700 affinity 61
level 1 thread 0x15433f038700 affinity 62
level 1 thread 0x15433ee37700 affinity 63
level 1 thread 0x15433ec36700 affinity 64
level 1 thread 0x15433ea35700 affinity 65
level 1 thread 0x15433e834700 affinity 66
level 1 thread 0x15433e633700 affinity 67
level 1 thread 0x15433e432700 affinity 68
level 1 thread 0x15433e231700 affinity 69
level 1 thread 0x14f7e55287c0 affinity 98
level 1 thread 0x14f7d826a700 affinity 99
level 1 thread 0x14f7d0fbf700 affinity 100
level 1 thread 0x14f7d0dbe700 affinity 101
level 1 thread 0x14f7d0bbd700 affinity 102
level 1 thread 0x14f7d09bc700 affinity 103
level 1 thread 0x14f7d07bb700 affinity 104
level 1 thread 0x14f7d05ba700 affinity 105
level 1 thread 0x14f7d03b9700 affinity 106
level 1 thread 0x14f79c4a3700 affinity 107
level 1 thread 0x14f79c2a2700 affinity 108
level 1 thread 0x14f79c0a1700 affinity 109
level 1 thread 0x14f79bea0700 affinity 110
level 1 thread 0x14f79bc9f700 affinity 111
level 1 thread 0x154c8dfc37c0 affinity 0
level 1 thread 0x154c4609d700 affinity 1
level 1 thread 0x154c45e9c700 affinity 2
level 1 thread 0x154c45c9b700 affinity 3
level 1 thread 0x154c45a9a700 affinity 4
level 1 thread 0x154c45899700 affinity 5
level 1 thread 0x154c45698700 affinity 6
level 1 thread 0x154c45497700 affinity 7
level 1 thread 0x154c45296700 affinity 8
level 1 thread 0x154c45095700 affinity 9
level 1 thread 0x154c44e94700 affinity 10
level 1 thread 0x154c44c93700 affinity 11
level 1 thread 0x154c44a92700 affinity 12
level 1 thread 0x154c44891700 affinity 13
level 1 thread 0x1481e33e87c0 affinity 70
level 1 thread 0x14819b037700 affinity 71
level 1 thread 0x14819ae36700 affinity 72
level 1 thread 0x14819ac35700 affinity 73
level 1 thread 0x14819aa34700 affinity 74
level 1 thread 0x14819a833700 affinity 75
level 1 thread 0x14819a632700 affinity 76
level 1 thread 0x14819a431700 affinity 77
level 1 thread 0x14819a230700 affinity 78
level 1 thread 0x14819a02f700 affinity 79
level 1 thread 0x148199e2e700 affinity 80
level 1 thread 0x148199c2d700 affinity 81
level 1 thread 0x148199a2c700 affinity 82
level 1 thread 0x14819982b700 affinity 83
level 1 thread 0x14b95535d7c0 affinity 42
level 1 thread 0x14b940ba6700 affinity 43
level 1 thread 0x14b9409a5700 affinity 44
level 1 thread 0x14b9407a4700 affinity 45
level 1 thread 0x14b9405a3700 affinity 46
level 1 thread 0x14b9403a2700 affinity 47
level 1 thread 0x14b90c4a3700 affinity 48
level 1 thread 0x14b90c2a2700 affinity 49
level 1 thread 0x14b90c0a1700 affinity 50
level 1 thread 0x14b90bea0700 affinity 51
level 1 thread 0x14b90bc9f700 affinity 52
level 1 thread 0x14b90ba9e700 affinity 53
level 1 thread 0x14b90b89d700 affinity 54
level 1 thread 0x14b90b69c700 affinity 55
level 1 thread 0x14be605a17c0 affinity 28
level 1 thread 0x14be1831f700 affinity 29
level 1 thread 0x14be1811e700 affinity 30
level 1 thread 0x14be17f1d700 affinity 31
level 1 thread 0x14be17d1c700 affinity 32
level 1 thread 0x14be17b1b700 affinity 33
level 1 thread 0x14be1791a700 affinity 34
level 1 thread 0x14be17719700 affinity 35
level 1 thread 0x14be17518700 affinity 36
level 1 thread 0x14be17317700 affinity 37
level 1 thread 0x14be17116700 affinity 38
level 1 thread 0x14be16f15700 affinity 39
level 1 thread 0x14be16d14700 affinity 40
level 1 thread 0x14be16b13700 affinity 41
level 1 thread 0x152f934b57c0 affinity 70
level 1 thread 0x152f84201700 affinity 71
level 1 thread 0x152f4b037700 affinity 72
level 1 thread 0x152f4ae36700 affinity 73
level 1 thread 0x152f4ac35700 affinity 74
level 1 thread 0x152f4aa34700 affinity 75
level 1 thread 0x152f4a833700 affinity 76
level 1 thread 0x152f4a632700 affinity 77
level 1 thread 0x152f4a431700 affinity 78
level 1 thread 0x152f4a230700 affinity 79
level 1 thread 0x152f4a02f700 affinity 80
level 1 thread 0x152f49e2e700 affinity 81
level 1 thread 0x1548de7d07c0 affinity 42
level 1 thread 0x1548d04ae700 affinity 43
level 1 thread 0x1548d02ad700 affinity 44
level 1 thread 0x15489609d700 affinity 45
level 1 thread 0x154895e9c700 affinity 46
level 1 thread 0x154895c9b700 affinity 47
level 1 thread 0x154895a9a700 affinity 48
level 1 thread 0x154895899700 affinity 49
level 1 thread 0x154895698700 affinity 50
level 1 thread 0x154895497700 affinity 51
level 1 thread 0x154895296700 affinity 52
level 1 thread 0x154895095700 affinity 53
level 1 thread 0x154894e94700 affinity 54
level 1 thread 0x154894c93700 affinity 55
level 1 thread 0x152f49c2d700 affinity 82
level 1 thread 0x152f49a2c700 affinity 83
level 1 thread 0x1507c1d5c7c0 affinity 14
level 1 thread 0x1507b4271700 affinity 15
level 1 thread 0x15077986b700 affinity 16
level 1 thread 0x15077966a700 affinity 17
level 1 thread 0x150779469700 affinity 18
level 1 thread 0x150779268700 affinity 19
level 1 thread 0x150779067700 affinity 20
level 1 thread 0x150778e66700 affinity 21
level 1 thread 0x150778c65700 affinity 22
level 1 thread 0x150778a64700 affinity 23
level 1 thread 0x150778863700 affinity 24
level 1 thread 0x150778662700 affinity 25
level 1 thread 0x150778461700 affinity 26
level 1 thread 0x150778260700 affinity 27
level 1 thread 0x1529a91567c0 affinity 98
level 1 thread 0x152994e55700 affinity 99
level 1 thread 0x152994c54700 affinity 100
level 1 thread 0x152994a53700 affinity 101
level 1 thread 0x152994852700 affinity 102
level 1 thread 0x152994651700 affinity 103
level 1 thread 0x152994450700 affinity 104
level 1 thread 0x15299424f700 affinity 105
level 1 thread 0x1529604a3700 affinity 106
level 1 thread 0x1529602a2700 affinity 107
level 1 thread 0x1529600a1700 affinity 108
level 1 thread 0x15295fea0700 affinity 109
level 1 thread 0x15295fc9f700 affinity 110
level 1 thread 0x15295fa9e700 affinity 111
level 1 thread 0x1503b02757c0 affinity 56
level 1 thread 0x150367ff6700 affinity 57
level 1 thread 0x150367df5700 affinity 58
level 1 thread 0x150367bf4700 affinity 59
level 1 thread 0x1503679f3700 affinity 60
level 1 thread 0x1503677f2700 affinity 61
level 1 thread 0x1503675f1700 affinity 62
level 1 thread 0x1503673f0700 affinity 63
level 1 thread 0x1503671ef700 affinity 64
level 1 thread 0x150366fee700 affinity 65
level 1 thread 0x150366ded700 affinity 66
level 1 thread 0x150366bec700 affinity 67
level 1 thread 0x1503669eb700 affinity 68
level 1 thread 0x1503667ea700 affinity 69
level 1 thread 0x148f095287c0 affinity 0
level 1 thread 0x148efc269700 affinity 1
level 1 thread 0x148ef4fbf700 affinity 2
level 1 thread 0x148ef4dbe700 affinity 3
level 1 thread 0x148ef4bbd700 affinity 4
level 1 thread 0x148ef49bc700 affinity 5
level 1 thread 0x148ef47bb700 affinity 6
level 1 thread 0x148ef45ba700 affinity 7
level 1 thread 0x148ef43b9700 affinity 8
level 1 thread 0x148ec04a3700 affinity 9
level 1 thread 0x148ec02a2700 affinity 10
level 1 thread 0x148ec00a1700 affinity 11
level 1 thread 0x148ebfea0700 affinity 12
level 1 thread 0x148ebfc9f700 affinity 13
level 1 thread 0x14ef47def7c0 affinity 14
level 1 thread 0x14eeffb69700 affinity 15
level 1 thread 0x14eeff968700 affinity 16
level 1 thread 0x14eeff767700 affinity 17
level 1 thread 0x14eeff566700 affinity 18
level 1 thread 0x14eeff365700 affinity 19
level 1 thread 0x14eeff164700 affinity 20
level 1 thread 0x14eefef63700 affinity 21
level 1 thread 0x14eefed62700 affinity 22
level 1 thread 0x14eefeb61700 affinity 23
level 1 thread 0x14eefe960700 affinity 24
level 1 thread 0x14eefe75f700 affinity 25
level 1 thread 0x14eefe55e700 affinity 26
level 1 thread 0x14eefe35d700 affinity 27
level 1 thread 0x149b131597c0 affinity 98
level 1 thread 0x149acb2e6700 affinity 99
level 1 thread 0x149acb0e5700 affinity 100
level 1 thread 0x149acaee4700 affinity 101
level 1 thread 0x149acace3700 affinity 102
level 1 thread 0x149acaae2700 affinity 103
level 1 thread 0x149aca8e1700 affinity 104
level 1 thread 0x149aca6e0700 affinity 105
level 1 thread 0x149aca4df700 affinity 106
level 1 thread 0x149aca2de700 affinity 107
level 1 thread 0x149aca0dd700 affinity 108
level 1 thread 0x149ac9edc700 affinity 109
level 1 thread 0x149ac9cdb700 affinity 110
level 1 thread 0x149ac9ada700 affinity 111
level 1 thread 0x14e40c97e7c0 affinity 56
level 1 thread 0x14e3c46f9700 affinity 57
level 1 thread 0x14e3c44f8700 affinity 58
level 1 thread 0x14e3c42f7700 affinity 59
level 1 thread 0x14e3c40f6700 affinity 60
level 1 thread 0x14e3c3ef5700 affinity 61
level 1 thread 0x14e3c3cf4700 affinity 62
level 1 thread 0x14e3c3af3700 affinity 63
level 1 thread 0x14e3c38f2700 affinity 64
level 1 thread 0x14e3c36f1700 affinity 65
level 1 thread 0x14e3c34f0700 affinity 66
level 1 thread 0x14e3c32ef700 affinity 67
level 1 thread 0x14e3c30ee700 affinity 68
level 1 thread 0x14e3c2eed700 affinity 69
level 1 thread 0x1554fac647c0 affinity 70
level 1 thread 0x1554ec94a700 affinity 71
level 1 thread 0x1554ec749700 affinity 72
level 1 thread 0x1554ec548700 affinity 73
level 1 thread 0x1554ec347700 affinity 74
level 1 thread 0x1554b209d700 affinity 75
level 1 thread 0x1554b1e9c700 affinity 76
level 1 thread 0x1554b1c9b700 affinity 77
level 1 thread 0x1554b1a9a700 affinity 78
level 1 thread 0x1554b1899700 affinity 79
level 1 thread 0x1554b1698700 affinity 80
level 1 thread 0x1554b1497700 affinity 81
level 1 thread 0x1554b1296700 affinity 82
level 1 thread 0x1554b1095700 affinity 83
level 1 thread 0x14b644bd37c0 affinity 98
level 1 thread 0x14b5fcd79700 affinity 99
level 1 thread 0x14b5fcb78700 affinity 100
level 1 thread 0x14b5fc977700 affinity 101
level 1 thread 0x14b5fc776700 affinity 102
level 1 thread 0x14b5fc575700 affinity 103
level 1 thread 0x14b5fc374700 affinity 104
level 1 thread 0x14b5fc173700 affinity 105
level 1 thread 0x14b5fbf72700 affinity 106
level 1 thread 0x14b5fbd71700 affinity 107
level 1 thread 0x14b5fbb70700 affinity 108
level 1 thread 0x14b5fb96f700 affinity 109
level 1 thread 0x14b5fb76e700 affinity 110
level 1 thread 0x14b5fb56d700 affinity 111
level 1 thread 0x15332403d7c0 affinity 14
level 1 thread 0x1532dbdb9700 affinity 15
level 1 thread 0x1532dbbb8700 affinity 16
level 1 thread 0x1532db9b7700 affinity 17
level 1 thread 0x1532db7b6700 affinity 18
level 1 thread 0x1532db5b5700 affinity 19
level 1 thread 0x1532db3b4700 affinity 20
level 1 thread 0x1532db1b3700 affinity 21
level 1 thread 0x1532dafb2700 affinity 22
level 1 thread 0x1532dadb1700 affinity 23
level 1 thread 0x1532dabb0700 affinity 24
level 1 thread 0x1532da9af700 affinity 25
level 1 thread 0x1532da7ae700 affinity 26
level 1 thread 0x1532da5ad700 affinity 27
level 1 thread 0x14dd748927c0 affinity 28
level 1 thread 0x14dd2c60f700 affinity 29
level 1 thread 0x14dd2c40e700 affinity 30
level 1 thread 0x14dd2c20d700 affinity 31
level 1 thread 0x14dd2c00c700 affinity 32
level 1 thread 0x14dd2be0b700 affinity 33
level 1 thread 0x14dd2bc0a700 affinity 34
level 1 thread 0x14dd2ba09700 affinity 35
level 1 thread 0x14dd2b808700 affinity 36
level 1 thread 0x14dd2b607700 affinity 37
level 1 thread 0x14dd2b406700 affinity 38
level 1 thread 0x14dd2b205700 affinity 39
level 1 thread 0x14dd2b004700 affinity 40
level 1 thread 0x14dd2ae03700 affinity 41
level 1 thread 0x149fb81eb7c0 affinity 84
level 1 thread 0x149f6ff67700 affinity 85
level 1 thread 0x149f6fd66700 affinity 86
level 1 thread 0x149f6fb65700 affinity 87
level 1 thread 0x149f6f964700 affinity 88
level 1 thread 0x149f6f763700 affinity 89
level 1 thread 0x149f6f562700 affinity 90
level 1 thread 0x149f6f361700 affinity 91
level 1 thread 0x149f6f160700 affinity 92
level 1 thread 0x149f6ef5f700 affinity 93
level 1 thread 0x149f6ed5e700 affinity 94
level 1 thread 0x149f6eb5d700 affinity 95
level 1 thread 0x149f6e95c700 affinity 96
level 1 thread 0x149f6e75b700 affinity 97
level 1 thread 0x14810f3da7c0 affinity 0
level 1 thread 0x1480c7450700 affinity 1
level 1 thread 0x1480c724f700 affinity 2
level 1 thread 0x1480c704e700 affinity 3
level 1 thread 0x1480c6e4d700 affinity 4
level 1 thread 0x1480c6c4c700 affinity 5
level 1 thread 0x1480c6a4b700 affinity 6
level 1 thread 0x1480c684a700 affinity 7
level 1 thread 0x1480c6649700 affinity 8
level 1 thread 0x1480c6448700 affinity 9
level 1 thread 0x1480c6247700 affinity 10
level 1 thread 0x1480c6046700 affinity 11
level 1 thread 0x1480c5e45700 affinity 12
level 1 thread 0x1480c5c44700 affinity 13
level 1 thread 0x149739ee07c0 affinity 84
level 1 thread 0x1496f1c5f700 affinity 85
level 1 thread 0x1496f1a5e700 affinity 86
level 1 thread 0x1496f185d700 affinity 87
level 1 thread 0x1496f165c700 affinity 88
level 1 thread 0x1496f145b700 affinity 89
level 1 thread 0x1496f125a700 affinity 90
level 1 thread 0x1496f1059700 affinity 91
level 1 thread 0x1496f0e58700 affinity 92
level 1 thread 0x1496f0c57700 affinity 93
level 1 thread 0x1496f0a56700 affinity 94
level 1 thread 0x1496f0855700 affinity 95
level 1 thread 0x1496f0654700 affinity 96
level 1 thread 0x1496f0453700 affinity 97
level 1 thread 0x1531016ce7c0 affinity 56
level 1 thread 0x1530ecf9a700 affinity 57
level 1 thread 0x1530ecd99700 affinity 58
level 1 thread 0x1530ecb98700 affinity 59
level 1 thread 0x1530ec997700 affinity 60
level 1 thread 0x1530ec796700 affinity 61
level 1 thread 0x1530ec595700 affinity 62
level 1 thread 0x1530ec394700 affinity 63
level 1 thread 0x1530b84a3700 affinity 64
level 1 thread 0x1530b82a2700 affinity 65
level 1 thread 0x1530b80a1700 affinity 66
level 1 thread 0x1530b7ea0700 affinity 67
level 1 thread 0x1530b7c9f700 affinity 68
level 1 thread 0x1530b7a9e700 affinity 69
level 1 thread 0x14b6350517c0 affinity 14
level 1 thread 0x14b62078d700 affinity 15
level 1 thread 0x14b62058c700 affinity 16
level 1 thread 0x14b62038b700 affinity 17
level 1 thread 0x14b5ec4a3700 affinity 18
level 1 thread 0x14b5ec2a2700 affinity 19
level 1 thread 0x14b5ec0a1700 affinity 20
level 1 thread 0x14b5ebea0700 affinity 21
level 1 thread 0x14b5ebc9f700 affinity 22
level 1 thread 0x14b5eba9e700 affinity 23
level 1 thread 0x14b5eb89d700 affinity 24
level 1 thread 0x14b5eb69c700 affinity 25
level 1 thread 0x14b5eb49b700 affinity 26
level 1 thread 0x14b5eb29a700 affinity 27
level 1 thread 0x1458468aa7c0 affinity 0
level 1 thread 0x1458389b9700 affinity 1
level 1 thread 0x1458387b8700 affinity 2
level 1 thread 0x1458385b7700 affinity 3
level 1 thread 0x1458383b6700 affinity 4
level 1 thread 0x1457fe09d700 affinity 5
level 1 thread 0x1457fde9c700 affinity 6
level 1 thread 0x1457fdc9b700 affinity 7
level 1 thread 0x1457fda9a700 affinity 8
level 1 thread 0x1457fd899700 affinity 9
level 1 thread 0x1457fd698700 affinity 10
level 1 thread 0x1457fd497700 affinity 11
level 1 thread 0x1457fd296700 affinity 12
level 1 thread 0x1457fd095700 affinity 13
level 1 thread 0x148e8800f7c0 affinity 28
level 1 thread 0x148e3fd92700 affinity 29
level 1 thread 0x148e3fb91700 affinity 30
level 1 thread 0x148e3f990700 affinity 31
level 1 thread 0x148e3f78f700 affinity 32
level 1 thread 0x148e3f58e700 affinity 33
level 1 thread 0x148e3f38d700 affinity 34
level 1 thread 0x148e3f18c700 affinity 35
level 1 thread 0x148e3ef8b700 affinity 36
level 1 thread 0x148e3ed8a700 affinity 37
level 1 thread 0x148e3eb89700 affinity 38
level 1 thread 0x148e3e988700 affinity 39
level 1 thread 0x148e3e787700 affinity 40
level 1 thread 0x148e3e586700 affinity 41
level 1 thread 0x14c5d59cb7c0 affinity 42
level 1 thread 0x14c5c82e6700 affinity 43
level 1 thread 0x14c58d463700 affinity 44
level 1 thread 0x14c58d262700 affinity 45
level 1 thread 0x14c58d061700 affinity 46
level 1 thread 0x14c58ce60700 affinity 47
level 1 thread 0x14c58cc5f700 affinity 48
level 1 thread 0x14c58ca5e700 affinity 49
level 1 thread 0x14c58c85d700 affinity 50
level 1 thread 0x14c58c65c700 affinity 51
level 1 thread 0x14c58c45b700 affinity 52
level 1 thread 0x14c58c25a700 affinity 53
level 1 thread 0x14c58c059700 affinity 54
level 1 thread 0x14c58be58700 affinity 55
level 1 thread 0x153f1a0cd7c0 affinity 84
level 1 thread 0x153ed1c84700 affinity 85
level 1 thread 0x153ed1a83700 affinity 86
level 1 thread 0x153ed1882700 affinity 87
level 1 thread 0x153ed1681700 affinity 88
level 1 thread 0x153ed1480700 affinity 89
level 1 thread 0x153ed127f700 affinity 90
level 1 thread 0x153ed107e700 affinity 91
level 1 thread 0x153ed0e7d700 affinity 92
level 1 thread 0x153ed0c7c700 affinity 93
level 1 thread 0x153ed0a7b700 affinity 94
level 1 thread 0x153ed087a700 affinity 95
level 1 thread 0x153ed0679700 affinity 96
level 1 thread 0x153ed0478700 affinity 97
level 1 thread 0x15410fa0d7c0 affinity 70
level 1 thread 0x1540c778c700 affinity 71
level 1 thread 0x1540c758b700 affinity 72
level 1 thread 0x1540c738a700 affinity 73
level 1 thread 0x1540c7189700 affinity 74
level 1 thread 0x1540c6f88700 affinity 75
level 1 thread 0x1540c6d87700 affinity 76
level 1 thread 0x1540c6b86700 affinity 77
level 1 thread 0x1540c6985700 affinity 78
level 1 thread 0x1540c6784700 affinity 79
level 1 thread 0x1540c6583700 affinity 80
level 1 thread 0x1540c6382700 affinity 81
level 1 thread 0x1540c6181700 affinity 82
level 1 thread 0x1540c5f80700 affinity 83
level 1 thread 0x14b4904d87c0 affinity 0
level 1 thread 0x14b44867b700 affinity 1
level 1 thread 0x14b44847a700 affinity 2
level 1 thread 0x14b448279700 affinity 3
level 1 thread 0x14b448078700 affinity 4
level 1 thread 0x14b447e77700 affinity 5
level 1 thread 0x14b447c76700 affinity 6
level 1 thread 0x14b447a75700 affinity 7
level 1 thread 0x14b447874700 affinity 8
level 1 thread 0x14b447673700 affinity 9
level 1 thread 0x14b447472700 affinity 10
level 1 thread 0x14b447271700 affinity 11
level 1 thread 0x14b447070700 affinity 12
level 1 thread 0x14b446e6f700 affinity 13
level 1 thread 0x151ec73997c0 affinity 98
level 1 thread 0x151e7f450700 affinity 99
level 1 thread 0x151e7f24f700 affinity 100
level 1 thread 0x151e7f04e700 affinity 101
level 1 thread 0x151e7ee4d700 affinity 102
level 1 thread 0x151e7ec4c700 affinity 103
level 1 thread 0x151e7ea4b700 affinity 104
level 1 thread 0x151e7e84a700 affinity 105
level 1 thread 0x151e7e649700 affinity 106
level 1 thread 0x151e7e448700 affinity 107
level 1 thread 0x151e7e247700 affinity 108
level 1 thread 0x151e7e046700 affinity 109
level 1 thread 0x151e7de45700 affinity 110
level 1 thread 0x151e7dc44700 affinity 111
level 1 thread 0x14e7d4ec57c0 affinity 14
level 1 thread 0x14e78cc31700 affinity 15
level 1 thread 0x14e78ca30700 affinity 16
level 1 thread 0x14e78c82f700 affinity 17
level 1 thread 0x14e78c62e700 affinity 18
level 1 thread 0x14e78c42d700 affinity 19
level 1 thread 0x14e78c22c700 affinity 20
level 1 thread 0x14e78c02b700 affinity 21
level 1 thread 0x14e78be2a700 affinity 22
level 1 thread 0x14e78bc29700 affinity 23
level 1 thread 0x14e78ba28700 affinity 24
level 1 thread 0x14e78b827700 affinity 25
level 1 thread 0x14e78b626700 affinity 26
level 1 thread 0x14e78b425700 affinity 27
level 1 thread 0x1520925e17c0 affinity 84
level 1 thread 0x1520842c8700 affinity 85
level 1 thread 0x15204a09d700 affinity 86
level 1 thread 0x152049e9c700 affinity 87
level 1 thread 0x152049c9b700 affinity 88
level 1 thread 0x152049a9a700 affinity 89
level 1 thread 0x14c66fe717c0 affinity 56
level 1 thread 0x14c627be9700 affinity 57
level 1 thread 0x14c6279e8700 affinity 58
level 1 thread 0x14c6277e7700 affinity 59
level 1 thread 0x14c6275e6700 affinity 60
level 1 thread 0x14c6273e5700 affinity 61
level 1 thread 0x14c6271e4700 affinity 62
level 1 thread 0x14c626fe3700 affinity 63
level 1 thread 0x14c626de2700 affinity 64
level 1 thread 0x14c626be1700 affinity 65
level 1 thread 0x14c6269e0700 affinity 66
level 1 thread 0x14c6267df700 affinity 67
level 1 thread 0x14c6265de700 affinity 68
level 1 thread 0x14c6263dd700 affinity 69
level 1 thread 0x146bf97647c0 affinity 70
level 1 thread 0x146be4fbf700 affinity 71
level 1 thread 0x146be4dbe700 affinity 72
level 1 thread 0x146be4bbd700 affinity 73
level 1 thread 0x146be49bc700 affinity 74
level 1 thread 0x146be47bb700 affinity 75
level 1 thread 0x146be45ba700 affinity 76
level 1 thread 0x146be43b9700 affinity 77
level 1 thread 0x146bb04a3700 affinity 78
level 1 thread 0x146bb02a2700 affinity 79
level 1 thread 0x146bb00a1700 affinity 80
level 1 thread 0x146bafea0700 affinity 81
level 1 thread 0x146bafc9f700 affinity 82
level 1 thread 0x146bafa9e700 affinity 83
level 1 thread 0x149b93f447c0 affinity 28
level 1 thread 0x149b4bcc5700 affinity 29
level 1 thread 0x149b4bac4700 affinity 30
level 1 thread 0x149b4b8c3700 affinity 31
level 1 thread 0x149b4b6c2700 affinity 32
level 1 thread 0x149b4b4c1700 affinity 33
level 1 thread 0x149b4b2c0700 affinity 34
level 1 thread 0x149b4b0bf700 affinity 35
level 1 thread 0x149b4aebe700 affinity 36
level 1 thread 0x149b4acbd700 affinity 37
level 1 thread 0x149b4aabc700 affinity 38
level 1 thread 0x149b4a8bb700 affinity 39
level 1 thread 0x149b4a6ba700 affinity 40
level 1 thread 0x149b4a4b9700 affinity 41
level 1 thread 0x151724f2e7c0 affinity 14
level 1 thread 0x1516dcc31700 affinity 15
level 1 thread 0x1516dca30700 affinity 16
level 1 thread 0x1516dc82f700 affinity 17
level 1 thread 0x1516dc62e700 affinity 18
level 1 thread 0x1516dc42d700 affinity 19
level 1 thread 0x1516dc22c700 affinity 20
level 1 thread 0x1516dc02b700 affinity 21
level 1 thread 0x1516dbe2a700 affinity 22
level 1 thread 0x1516dbc29700 affinity 23
level 1 thread 0x1516dba28700 affinity 24
level 1 thread 0x1516db827700 affinity 25
level 1 thread 0x1516db626700 affinity 26
level 1 thread 0x1516db425700 affinity 27
level 1 thread 0x14f82ae6a7c0 affinity 98
level 1 thread 0x14f7e3008700 affinity 99
level 1 thread 0x14f7e2e07700 affinity 100
level 1 thread 0x14f7e2c06700 affinity 101
level 1 thread 0x14f7e2a05700 affinity 102
level 1 thread 0x14f7e2804700 affinity 103
level 1 thread 0x14f7e2603700 affinity 104
level 1 thread 0x14f7e2402700 affinity 105
level 1 thread 0x14f7e2201700 affinity 106
level 1 thread 0x14f7e2000700 affinity 107
level 1 thread 0x14f7e1dff700 affinity 108
level 1 thread 0x14f7e1bfe700 affinity 109
level 1 thread 0x14f7e19fd700 affinity 110
level 1 thread 0x14f7e17fc700 affinity 111
level 1 thread 0x1538823b97c0 affinity 84
level 1 thread 0x15383a09d700 affinity 85
level 1 thread 0x153839e9c700 affinity 86
level 1 thread 0x153839c9b700 affinity 87
level 1 thread 0x153839a9a700 affinity 88
level 1 thread 0x153839899700 affinity 89
level 1 thread 0x153839698700 affinity 90
level 1 thread 0x153839497700 affinity 91
level 1 thread 0x153839296700 affinity 92
level 1 thread 0x153839095700 affinity 93
level 1 thread 0x153838e94700 affinity 94
level 1 thread 0x153838c93700 affinity 95
level 1 thread 0x153838a92700 affinity 96
level 1 thread 0x153838891700 affinity 97
level 1 thread 0x149a76b107c0 affinity 42
level 1 thread 0x149a687eb700 affinity 43
level 1 thread 0x149a685ea700 affinity 44
level 1 thread 0x149a683e9700 affinity 45
level 1 thread 0x149a2e09d700 affinity 46
level 1 thread 0x149a2de9c700 affinity 47
level 1 thread 0x149a2dc9b700 affinity 48
level 1 thread 0x149a2da9a700 affinity 49
level 1 thread 0x149a2d899700 affinity 50
level 1 thread 0x149a2d698700 affinity 51
level 1 thread 0x149a2d497700 affinity 52
level 1 thread 0x149a2d296700 affinity 53
level 1 thread 0x149a2d095700 affinity 54
level 1 thread 0x149a2ce94700 affinity 55
level 1 thread 0x1502c3c667c0 affinity 70
level 1 thread 0x15027b9ea700 affinity 71
level 1 thread 0x15027b7e9700 affinity 72
level 1 thread 0x15027b5e8700 affinity 73
level 1 thread 0x15027b3e7700 affinity 74
level 1 thread 0x15027b1e6700 affinity 75
level 1 thread 0x15027afe5700 affinity 76
level 1 thread 0x15027ade4700 affinity 77
level 1 thread 0x15027abe3700 affinity 78
level 1 thread 0x15027a9e2700 affinity 79
level 1 thread 0x15027a7e1700 affinity 80
level 1 thread 0x147befaf57c0 affinity 0
level 1 thread 0x147ba7c98700 affinity 1
level 1 thread 0x147ba7a97700 affinity 2
level 1 thread 0x147ba7896700 affinity 3
level 1 thread 0x147ba7695700 affinity 4
level 1 thread 0x147ba7494700 affinity 5
level 1 thread 0x147ba7293700 affinity 6
level 1 thread 0x147ba7092700 affinity 7
level 1 thread 0x147ba6e91700 affinity 8
level 1 thread 0x147ba6c90700 affinity 9
level 1 thread 0x147ba6a8f700 affinity 10
level 1 thread 0x147ba688e700 affinity 11
level 1 thread 0x147ba668d700 affinity 12
level 1 thread 0x147ba648c700 affinity 13
level 1 thread 0x1520127d87c0 affinity 14
level 1 thread 0x1520044bd700 affinity 15
level 1 thread 0x1520042bc700 affinity 16
level 1 thread 0x151fca09d700 affinity 17
level 1 thread 0x151fc9e9c700 affinity 18
level 1 thread 0x151fc9c9b700 affinity 19
level 1 thread 0x151fc9a9a700 affinity 20
level 1 thread 0x151fc9899700 affinity 21
level 1 thread 0x151fc9698700 affinity 22
level 1 thread 0x151fc9497700 affinity 23
level 1 thread 0x151fc9296700 affinity 24
level 1 thread 0x151fc9095700 affinity 25
level 1 thread 0x151fc8e94700 affinity 26
level 1 thread 0x151fc8c93700 affinity 27
level 1 thread 0x14af8da167c0 affinity 14
level 1 thread 0x14af80337700 affinity 15
level 1 thread 0x14af45463700 affinity 16
level 1 thread 0x14af45262700 affinity 17
level 1 thread 0x14af45061700 affinity 18
level 1 thread 0x14af44e60700 affinity 19
level 1 thread 0x14af44c5f700 affinity 20
level 1 thread 0x14af44a5e700 affinity 21
level 1 thread 0x14af4485d700 affinity 22
level 1 thread 0x14af4465c700 affinity 23
level 1 thread 0x14af4445b700 affinity 24
level 1 thread 0x14af4425a700 affinity 25
level 1 thread 0x14af44059700 affinity 26
level 1 thread 0x14af43e58700 affinity 27
level 1 thread 0x14b1478d37c0 affinity 28
level 1 thread 0x14b0ff64b700 affinity 29
level 1 thread 0x14b0ff44a700 affinity 30
level 1 thread 0x14b0ff249700 affinity 31
level 1 thread 0x14b0ff048700 affinity 32
level 1 thread 0x14b0fee47700 affinity 33
level 1 thread 0x14b0fec46700 affinity 34
level 1 thread 0x14b0fea45700 affinity 35
level 1 thread 0x14b0fe844700 affinity 36
level 1 thread 0x14b0fe643700 affinity 37
level 1 thread 0x14b0fe442700 affinity 38
level 1 thread 0x14b0fe241700 affinity 39
level 1 thread 0x14b0fe040700 affinity 40
level 1 thread 0x14b0fde3f700 affinity 41
level 1 thread 0x1476422617c0 affinity 84
level 1 thread 0x147634354700 affinity 85
level 1 thread 0x1475f9c84700 affinity 86
level 1 thread 0x1475f9a83700 affinity 87
level 1 thread 0x1475f9882700 affinity 88
level 1 thread 0x1475f9681700 affinity 89
level 1 thread 0x1475f9480700 affinity 90
level 1 thread 0x1475f927f700 affinity 91
level 1 thread 0x1475f907e700 affinity 92
level 1 thread 0x1475f8e7d700 affinity 93
level 1 thread 0x1475f8c7c700 affinity 94
level 1 thread 0x1475f8a7b700 affinity 95
level 1 thread 0x1475f887a700 affinity 96
level 1 thread 0x1475f8679700 affinity 97
level 1 thread 0x14624ceb87c0 affinity 42
level 1 thread 0x146204c31700 affinity 43
level 1 thread 0x146204a30700 affinity 44
level 1 thread 0x14620482f700 affinity 45
level 1 thread 0x14620462e700 affinity 46
level 1 thread 0x14620442d700 affinity 47
level 1 thread 0x14620422c700 affinity 48
level 1 thread 0x14620402b700 affinity 49
level 1 thread 0x146203e2a700 affinity 50
level 1 thread 0x146203c29700 affinity 51
level 1 thread 0x146203a28700 affinity 52
level 1 thread 0x146203827700 affinity 53
level 1 thread 0x146203626700 affinity 54
level 1 thread 0x146203425700 affinity 55
level 1 thread 0x14f3461077c0 affinity 98
level 1 thread 0x14f338214700 affinity 99
level 1 thread 0x14f2fe09d700 affinity 100
level 1 thread 0x14f2fde9c700 affinity 101
level 1 thread 0x14f2fdc9b700 affinity 102
level 1 thread 0x14f2fda9a700 affinity 103
level 1 thread 0x14f2fd899700 affinity 104
level 1 thread 0x14f2fd698700 affinity 105
level 1 thread 0x14f2fd497700 affinity 106
level 1 thread 0x14f2fd296700 affinity 107
level 1 thread 0x14f2fd095700 affinity 108
level 1 thread 0x14f2fce94700 affinity 109
level 1 thread 0x14f2fcc93700 affinity 110
level 1 thread 0x14f2fca92700 affinity 111
level 1 thread 0x15027a5e0700 affinity 81
level 1 thread 0x15027a3df700 affinity 82
level 1 thread 0x15027a1de700 affinity 83
level 1 thread 0x14e2afccd7c0 affinity 56
level 1 thread 0x14e267a4f700 affinity 57
level 1 thread 0x14e26784e700 affinity 58
level 1 thread 0x14e26764d700 affinity 59
level 1 thread 0x14e26744c700 affinity 60
level 1 thread 0x14e26724b700 affinity 61
level 1 thread 0x14e26704a700 affinity 62
level 1 thread 0x14e266e49700 affinity 63
level 1 thread 0x14e266c48700 affinity 64
level 1 thread 0x14e266a47700 affinity 65
level 1 thread 0x14e266846700 affinity 66
level 1 thread 0x14e266645700 affinity 67
level 1 thread 0x14e266444700 affinity 68
level 1 thread 0x14e266243700 affinity 69
level 1 thread 0x14a2df7517c0 affinity 84
level 1 thread 0x14a2974d4700 affinity 85
level 1 thread 0x14a2972d3700 affinity 86
level 1 thread 0x14a2970d2700 affinity 87
level 1 thread 0x14a296ed1700 affinity 88
level 1 thread 0x14a296cd0700 affinity 89
level 1 thread 0x14a296acf700 affinity 90
level 1 thread 0x14a2968ce700 affinity 91
level 1 thread 0x14a2966cd700 affinity 92
level 1 thread 0x14a2964cc700 affinity 93
level 1 thread 0x14a2962cb700 affinity 94
level 1 thread 0x14a2960ca700 affinity 95
level 1 thread 0x14a295ec9700 affinity 96
level 1 thread 0x14a295cc8700 affinity 97
level 1 thread 0x1461dbc4c7c0 affinity 42
level 1 thread 0x1461939cf700 affinity 43
level 1 thread 0x1461937ce700 affinity 44
level 1 thread 0x1461935cd700 affinity 45
level 1 thread 0x1461933cc700 affinity 46
level 1 thread 0x1461931cb700 affinity 47
level 1 thread 0x146192fca700 affinity 48
level 1 thread 0x146192dc9700 affinity 49
level 1 thread 0x146192bc8700 affinity 50
level 1 thread 0x1461929c7700 affinity 51
level 1 thread 0x1461927c6700 affinity 52
level 1 thread 0x1461925c5700 affinity 53
level 1 thread 0x1461923c4700 affinity 54
level 1 thread 0x1461921c3700 affinity 55
level 1 thread 0x147ae7c207c0 affinity 98
level 1 thread 0x147a9fdbf700 affinity 99
level 1 thread 0x147a9fbbe700 affinity 100
level 1 thread 0x147a9f9bd700 affinity 101
level 1 thread 0x147a9f7bc700 affinity 102
level 1 thread 0x147a9f5bb700 affinity 103
level 1 thread 0x147a9f3ba700 affinity 104
level 1 thread 0x147a9f1b9700 affinity 105
level 1 thread 0x147a9efb8700 affinity 106
level 1 thread 0x147a9edb7700 affinity 107
level 1 thread 0x147a9ebb6700 affinity 108
level 1 thread 0x147a9e9b5700 affinity 109
level 1 thread 0x147a9e7b4700 affinity 110
level 1 thread 0x147a9e5b3700 affinity 111
level 1 thread 0x14774fd117c0 affinity 70
level 1 thread 0x147707a8e700 affinity 71
level 1 thread 0x14770788d700 affinity 72
level 1 thread 0x14770768c700 affinity 73
level 1 thread 0x14770748b700 affinity 74
level 1 thread 0x14770728a700 affinity 75
level 1 thread 0x147707089700 affinity 76
level 1 thread 0x147706e88700 affinity 77
level 1 thread 0x147706c87700 affinity 78
level 1 thread 0x147706a86700 affinity 79
level 1 thread 0x147706885700 affinity 80
level 1 thread 0x147706684700 affinity 81
level 1 thread 0x147706483700 affinity 82
level 1 thread 0x147706282700 affinity 83
level 1 thread 0x14f10c8b37c0 affinity 0
level 1 thread 0x14f0c4a5c700 affinity 1
level 1 thread 0x14f0c485b700 affinity 2
level 1 thread 0x14f0c465a700 affinity 3
level 1 thread 0x14f0c4459700 affinity 4
level 1 thread 0x14f0c4258700 affinity 5
level 1 thread 0x14f0c4057700 affinity 6
level 1 thread 0x14f0c3e56700 affinity 7
level 1 thread 0x14f0c3c55700 affinity 8
level 1 thread 0x14f0c3a54700 affinity 9
level 1 thread 0x14f0c3853700 affinity 10
level 1 thread 0x14f0c3652700 affinity 11
level 1 thread 0x14f0c3451700 affinity 12
level 1 thread 0x14f0c3250700 affinity 13
level 1 thread 0x153d718e57c0 affinity 28
level 1 thread 0x153d64206700 affinity 29
level 1 thread 0x153d29463700 affinity 30
level 1 thread 0x153d29262700 affinity 31
level 1 thread 0x153d29061700 affinity 32
level 1 thread 0x153d28e60700 affinity 33
level 1 thread 0x153d28c5f700 affinity 34
level 1 thread 0x153d28a5e700 affinity 35
level 1 thread 0x153d2885d700 affinity 36
level 1 thread 0x153d2865c700 affinity 37
level 1 thread 0x153d2845b700 affinity 38
level 1 thread 0x153d2825a700 affinity 39
level 1 thread 0x153d28059700 affinity 40
level 1 thread 0x153d27e58700 affinity 41
level 1 thread 0x148a30b647c0 affinity 56
level 1 thread 0x1489e88dd700 affinity 57
level 1 thread 0x1489e86dc700 affinity 58
level 1 thread 0x1489e84db700 affinity 59
level 1 thread 0x1489e82da700 affinity 60
level 1 thread 0x1489e80d9700 affinity 61
level 1 thread 0x1489e7ed8700 affinity 62
level 1 thread 0x1489e7cd7700 affinity 63
level 1 thread 0x1489e7ad6700 affinity 64
level 1 thread 0x1489e78d5700 affinity 65
level 1 thread 0x1489e76d4700 affinity 66
level 1 thread 0x1489e74d3700 affinity 67
level 1 thread 0x1489e72d2700 affinity 68
level 1 thread 0x1489e70d1700 affinity 69
level 1 thread 0x14b5412277c0 affinity 42
level 1 thread 0x14b52cb03700 affinity 43
level 1 thread 0x14b52c902700 affinity 44
level 1 thread 0x14b52c701700 affinity 45
level 1 thread 0x14b52c500700 affinity 46
level 1 thread 0x14b52c2ff700 affinity 47
level 1 thread 0x14b4f84a3700 affinity 48
level 1 thread 0x14b4f82a2700 affinity 49
level 1 thread 0x14b4f80a1700 affinity 50
level 1 thread 0x14b4f7ea0700 affinity 51
level 1 thread 0x14b4f7c9f700 affinity 52
level 1 thread 0x14b4f7a9e700 affinity 53
level 1 thread 0x14b4f789d700 affinity 54
level 1 thread 0x14b4f769c700 affinity 55
level 1 thread 0x152049899700 affinity 90
level 1 thread 0x152049698700 affinity 91
level 1 thread 0x152049497700 affinity 92
level 1 thread 0x152049296700 affinity 93
level 1 thread 0x152049095700 affinity 94
level 1 thread 0x152048e94700 affinity 95
level 1 thread 0x152048c93700 affinity 96
level 1 thread 0x152048a92700 affinity 97
level 1 thread 0x14eba4a7e7c0 affinity 56
level 1 thread 0x14eb5c7ff700 affinity 57
level 1 thread 0x14eb5c5fe700 affinity 58
level 1 thread 0x14eb5c3fd700 affinity 59
level 1 thread 0x14eb5c1fc700 affinity 60
level 1 thread 0x14eb5bffb700 affinity 61
level 1 thread 0x14eb5bdfa700 affinity 62
level 1 thread 0x14eb5bbf9700 affinity 63
level 1 thread 0x14eb5b9f8700 affinity 64
level 1 thread 0x14eb5b7f7700 affinity 65
level 1 thread 0x14eb5b5f6700 affinity 66
level 1 thread 0x14eb5b3f5700 affinity 67
level 1 thread 0x14eb5b1f4700 affinity 68
level 1 thread 0x14eb5aff3700 affinity 69
level 1 thread 0x14d7344bd7c0 affinity 84
level 1 thread 0x14d6ec238700 affinity 85
level 1 thread 0x14d6ec037700 affinity 86
level 1 thread 0x14d6ebe36700 affinity 87
level 1 thread 0x14d6ebc35700 affinity 88
level 1 thread 0x14d6eba34700 affinity 89
level 1 thread 0x14d6eb833700 affinity 90
level 1 thread 0x14d6eb632700 affinity 91
level 1 thread 0x14d6eb431700 affinity 92
level 1 thread 0x14d6eb230700 affinity 93
level 1 thread 0x14d6eb02f700 affinity 94
level 1 thread 0x14d6eae2e700 affinity 95
level 1 thread 0x14d6eac2d700 affinity 96
level 1 thread 0x14d6eaa2c700 affinity 97
level 1 thread 0x150a46cb77c0 affinity 70
level 1 thread 0x150a38995700 affinity 71
level 1 thread 0x150a38794700 affinity 72
level 1 thread 0x150a38593700 affinity 73
level 1 thread 0x150a38392700 affinity 74
level 1 thread 0x1509fe09d700 affinity 75
level 1 thread 0x1509fde9c700 affinity 76
level 1 thread 0x1509fdc9b700 affinity 77
level 1 thread 0x1509fda9a700 affinity 78
level 1 thread 0x1509fd899700 affinity 79
level 1 thread 0x1509fd698700 affinity 80
level 1 thread 0x1509fd497700 affinity 81
level 1 thread 0x1509fd296700 affinity 82
level 1 thread 0x1509fd095700 affinity 83
level 1 thread 0x147238d1a7c0 affinity 28
level 1 thread 0x1471f0a9a700 affinity 29
level 1 thread 0x1471f0899700 affinity 30
level 1 thread 0x1471f0698700 affinity 31
level 1 thread 0x1471f0497700 affinity 32
level 1 thread 0x1471f0296700 affinity 33
level 1 thread 0x148b9726b7c0 affinity 0
level 1 thread 0x148b4f406700 affinity 1
level 1 thread 0x148b4f205700 affinity 2
level 1 thread 0x148b4f004700 affinity 3
level 1 thread 0x148b4ee03700 affinity 4
level 1 thread 0x148b4ec02700 affinity 5
level 1 thread 0x148b4ea01700 affinity 6
level 1 thread 0x148b4e800700 affinity 7
level 1 thread 0x148b4e5ff700 affinity 8
level 1 thread 0x148b4e3fe700 affinity 9
level 1 thread 0x148b4e1fd700 affinity 10
level 1 thread 0x148b4dffc700 affinity 11
level 1 thread 0x148b4ddfb700 affinity 12
level 1 thread 0x148b4dbfa700 affinity 13
level 1 thread 0x1471f0095700 affinity 34
level 1 thread 0x1471efe94700 affinity 35
level 1 thread 0x1471efc93700 affinity 36
level 1 thread 0x1471efa92700 affinity 37
level 1 thread 0x1471ef891700 affinity 38
level 1 thread 0x1471ef690700 affinity 39
level 1 thread 0x1471ef48f700 affinity 40
level 1 thread 0x1471ef28e700 affinity 41
level 1 thread 0x155493cd87c0 affinity 42
level 1 thread 0x15544ba5d700 affinity 43
level 1 thread 0x15544b85c700 affinity 44
level 1 thread 0x15544b65b700 affinity 45
level 1 thread 0x15544b45a700 affinity 46
level 1 thread 0x15544b259700 affinity 47
level 1 thread 0x15544b058700 affinity 48
level 1 thread 0x15544ae57700 affinity 49
level 1 thread 0x15544ac56700 affinity 50
level 1 thread 0x15544aa55700 affinity 51
level 1 thread 0x15544a854700 affinity 52
level 1 thread 0x15544a653700 affinity 53
level 1 thread 0x15544a452700 affinity 54
level 1 thread 0x15544a251700 affinity 55
Done. Logs in outputs/, summary in outputs_weak_scale_leo/results_8Node_64Tasks_14Threads.csv
