Loading openmpi/4.1.6--gcc--12.2.0
  Loading requirement: gcc/12.2.0-binut2.41
Running with  threads
level 1 thread 0x153e6bfa47c0 affinity 42
level 1 thread 0x153e2a9c1700 affinity 43
level 1 thread 0x153e2a7c0700 affinity 44
level 1 thread 0x153e2a5bf700 affinity 45
level 1 thread 0x153e2a3be700 affinity 46
level 1 thread 0x153e2a1bd700 affinity 47
level 1 thread 0x153e29fbc700 affinity 48
level 1 thread 0x153e29dbb700 affinity 49
level 1 thread 0x153e29bba700 affinity 50
level 1 thread 0x153e299b9700 affinity 51
level 1 thread 0x153e297b8700 affinity 52
level 1 thread 0x153e295b7700 affinity 53
level 1 thread 0x153e293b6700 affinity 54
level 1 thread 0x153e291b5700 affinity 55
level 1 thread 0x153717cdb7c0 affinity 98
level 1 thread 0x1536d6703700 affinity 99
level 1 thread 0x1536d6502700 affinity 100
level 1 thread 0x1536d6301700 affinity 101
level 1 thread 0x1536d6100700 affinity 102
level 1 thread 0x1536d5eff700 affinity 103
level 1 thread 0x1536d5cfe700 affinity 104
level 1 thread 0x1536d5afd700 affinity 105
level 1 thread 0x1536d58fc700 affinity 106
level 1 thread 0x1536d56fb700 affinity 107
level 1 thread 0x1536d54fa700 affinity 108
level 1 thread 0x1536d52f9700 affinity 109
level 1 thread 0x1536d50f8700 affinity 110
level 1 thread 0x1536d4ef7700 affinity 111
level 1 thread 0x153e579867c0 affinity 28
level 1 thread 0x153e15f88700 affinity 29
level 1 thread 0x153e15d87700 affinity 30
level 1 thread 0x153e15b86700 affinity 31
level 1 thread 0x153e15985700 affinity 32
level 1 thread 0x153e15784700 affinity 33
level 1 thread 0x153e15583700 affinity 34
level 1 thread 0x153e15382700 affinity 35
level 1 thread 0x153e15181700 affinity 36
level 1 thread 0x153e14f80700 affinity 37
level 1 thread 0x153e14d7f700 affinity 38
level 1 thread 0x153e14b7e700 affinity 39
level 1 thread 0x153e1497d700 affinity 40
level 1 thread 0x153e1477c700 affinity 41
level 1 thread 0x14e0c11517c0 affinity 84
level 1 thread 0x14e07f738700 affinity 85
level 1 thread 0x14e07f537700 affinity 86
level 1 thread 0x14e07f336700 affinity 87
level 1 thread 0x14e07f135700 affinity 88
level 1 thread 0x14e07ef34700 affinity 89
level 1 thread 0x14e07ed33700 affinity 90
level 1 thread 0x14e07eb32700 affinity 91
level 1 thread 0x14e07e931700 affinity 92
level 1 thread 0x14e07e730700 affinity 93
level 1 thread 0x14e07e52f700 affinity 94
level 1 thread 0x14e07e32e700 affinity 95
level 1 thread 0x14e07e12d700 affinity 96
level 1 thread 0x14e07df2c700 affinity 97
level 1 thread 0x153080ea37c0 affinity 70
level 1 thread 0x15303f49e700 affinity 71
level 1 thread 0x15303f29d700 affinity 72
level 1 thread 0x15303f09c700 affinity 73
level 1 thread 0x15303ee9b700 affinity 74
level 1 thread 0x15303ec9a700 affinity 75
level 1 thread 0x15303ea99700 affinity 76
level 1 thread 0x15303e898700 affinity 77
level 1 thread 0x15303e697700 affinity 78
level 1 thread 0x15303e496700 affinity 79
level 1 thread 0x15303e295700 affinity 80
level 1 thread 0x15303e094700 affinity 81
level 1 thread 0x15303de93700 affinity 82
level 1 thread 0x15303dc92700 affinity 83
level 1 thread 0x15122bdba7c0 affinity 0
level 1 thread 0x1511e9fb0700 affinity 1
level 1 thread 0x1511e9daf700 affinity 2
level 1 thread 0x1511e9bae700 affinity 3
level 1 thread 0x1511e99ad700 affinity 4
level 1 thread 0x1511e97ac700 affinity 5
level 1 thread 0x1511e95ab700 affinity 6
level 1 thread 0x1511e93aa700 affinity 7
level 1 thread 0x1511e91a9700 affinity 8
level 1 thread 0x1511e8fa8700 affinity 9
level 1 thread 0x1511e8da7700 affinity 10
level 1 thread 0x1511e8ba6700 affinity 11
level 1 thread 0x1511e89a5700 affinity 12
level 1 thread 0x1511e87a4700 affinity 13
level 1 thread 0x1475db72c7c0 affinity 56
level 1 thread 0x14759a141700 affinity 57
level 1 thread 0x147599f40700 affinity 58
level 1 thread 0x147599d3f700 affinity 59
level 1 thread 0x147599b3e700 affinity 60
level 1 thread 0x14759993d700 affinity 61
level 1 thread 0x14759973c700 affinity 62
level 1 thread 0x14759953b700 affinity 63
level 1 thread 0x14759933a700 affinity 64
level 1 thread 0x147599139700 affinity 65
level 1 thread 0x147598f38700 affinity 66
level 1 thread 0x147598d37700 affinity 67
level 1 thread 0x147598b36700 affinity 68
level 1 thread 0x147598935700 affinity 69
level 1 thread 0x1543f98f97c0 affinity 14
level 1 thread 0x1543ec205700 affinity 15
level 1 thread 0x1543b7cf2700 affinity 16
level 1 thread 0x1543b7af1700 affinity 17
level 1 thread 0x1543b78f0700 affinity 18
level 1 thread 0x1543b76ef700 affinity 19
level 1 thread 0x1543b74ee700 affinity 20
level 1 thread 0x1543b72ed700 affinity 21
level 1 thread 0x1543b70ec700 affinity 22
level 1 thread 0x1543b6eeb700 affinity 23
level 1 thread 0x1543b6cea700 affinity 24
level 1 thread 0x1543b6ae9700 affinity 25
level 1 thread 0x1543b68e8700 affinity 26
level 1 thread 0x1543b66e7700 affinity 27
level 1 thread 0x147f40ca47c0 affinity 84
level 1 thread 0x147effac3700 affinity 85
level 1 thread 0x147eff8c2700 affinity 86
level 1 thread 0x147eff6c1700 affinity 87
level 1 thread 0x147eff4c0700 affinity 88
level 1 thread 0x147eff2bf700 affinity 89
level 1 thread 0x147eff0be700 affinity 90
level 1 thread 0x147efeebd700 affinity 91
level 1 thread 0x147efecbc700 affinity 92
level 1 thread 0x147efeabb700 affinity 93
level 1 thread 0x147efe8ba700 affinity 94
level 1 thread 0x147efe6b9700 affinity 95
level 1 thread 0x147efe4b8700 affinity 96
level 1 thread 0x147efe2b7700 affinity 97
level 1 thread 0x14ca3b2b37c0 affinity 42
level 1 thread 0x14c9f9cca700 affinity 43
level 1 thread 0x14c9f9ac9700 affinity 44
level 1 thread 0x14c9f98c8700 affinity 45
level 1 thread 0x14c9f96c7700 affinity 46
level 1 thread 0x14c9f94c6700 affinity 47
level 1 thread 0x14c9f92c5700 affinity 48
level 1 thread 0x14c9f90c4700 affinity 49
level 1 thread 0x14c9f8ec3700 affinity 50
level 1 thread 0x14c9f8cc2700 affinity 51
level 1 thread 0x14c9f8ac1700 affinity 52
level 1 thread 0x14c9f88c0700 affinity 53
level 1 thread 0x14c9f86bf700 affinity 54
level 1 thread 0x14c9f84be700 affinity 55
level 1 thread 0x147751af07c0 affinity 28
level 1 thread 0x1477100e6700 affinity 29
level 1 thread 0x14770fee5700 affinity 30
level 1 thread 0x14770fce4700 affinity 31
level 1 thread 0x14770fae3700 affinity 32
level 1 thread 0x14770f8e2700 affinity 33
level 1 thread 0x14770f6e1700 affinity 34
level 1 thread 0x14770f4e0700 affinity 35
level 1 thread 0x14770f2df700 affinity 36
level 1 thread 0x14770f0de700 affinity 37
level 1 thread 0x14770eedd700 affinity 38
level 1 thread 0x14770ecdc700 affinity 39
level 1 thread 0x14770eadb700 affinity 40
level 1 thread 0x14770e8da700 affinity 41
level 1 thread 0x1553d10d87c0 affinity 70
level 1 thread 0x1553c421a700 affinity 71
level 1 thread 0x15538fb40700 affinity 72
level 1 thread 0x15538f93f700 affinity 73
level 1 thread 0x15538f73e700 affinity 74
level 1 thread 0x15538f53d700 affinity 75
level 1 thread 0x15538f33c700 affinity 76
level 1 thread 0x15538f13b700 affinity 77
level 1 thread 0x15538ef3a700 affinity 78
level 1 thread 0x15538ed39700 affinity 79
level 1 thread 0x15538eb38700 affinity 80
level 1 thread 0x15538e937700 affinity 81
level 1 thread 0x15538e736700 affinity 82
level 1 thread 0x15538e535700 affinity 83
level 1 thread 0x14730e8147c0 affinity 98
level 1 thread 0x1473008fc700 affinity 99
level 1 thread 0x1473006fb700 affinity 100
level 1 thread 0x1473004fa700 affinity 101
level 1 thread 0x1473002f9700 affinity 102
level 1 thread 0x1472cd15e700 affinity 103
level 1 thread 0x1472ccf5d700 affinity 104
level 1 thread 0x1472ccd5c700 affinity 105
level 1 thread 0x1472ccb5b700 affinity 106
level 1 thread 0x1472cc95a700 affinity 107
level 1 thread 0x1472cc759700 affinity 108
level 1 thread 0x1472cc558700 affinity 109
level 1 thread 0x1472cc357700 affinity 110
level 1 thread 0x1472cc156700 affinity 111
level 1 thread 0x146225d387c0 affinity 0
level 1 thread 0x14621823c700 affinity 1
level 1 thread 0x1461e3cf2700 affinity 2
level 1 thread 0x1461e3af1700 affinity 3
level 1 thread 0x1461e38f0700 affinity 4
level 1 thread 0x1461e36ef700 affinity 5
level 1 thread 0x1461e34ee700 affinity 6
level 1 thread 0x1461e32ed700 affinity 7
level 1 thread 0x1461e30ec700 affinity 8
level 1 thread 0x1461e2eeb700 affinity 9
level 1 thread 0x1461e2cea700 affinity 10
level 1 thread 0x1461e2ae9700 affinity 11
level 1 thread 0x1461e28e8700 affinity 12
level 1 thread 0x1461e26e7700 affinity 13
level 1 thread 0x14a0348537c0 affinity 56
level 1 thread 0x149ff2a43700 affinity 57
level 1 thread 0x149ff2842700 affinity 58
level 1 thread 0x149ff2641700 affinity 59
level 1 thread 0x149ff2440700 affinity 60
level 1 thread 0x149ff223f700 affinity 61
level 1 thread 0x149ff203e700 affinity 62
level 1 thread 0x149ff1e3d700 affinity 63
level 1 thread 0x149ff1c3c700 affinity 64
level 1 thread 0x149ff1a3b700 affinity 65
level 1 thread 0x149ff183a700 affinity 66
level 1 thread 0x149ff1639700 affinity 67
level 1 thread 0x149ff1438700 affinity 68
level 1 thread 0x149ff1237700 affinity 69
level 1 thread 0x1485c68507c0 affinity 14
level 1 thread 0x148584d45700 affinity 15
level 1 thread 0x148584b44700 affinity 16
level 1 thread 0x148584943700 affinity 17
level 1 thread 0x148584742700 affinity 18
level 1 thread 0x148584541700 affinity 19
level 1 thread 0x148584340700 affinity 20
level 1 thread 0x14858413f700 affinity 21
level 1 thread 0x148583f3e700 affinity 22
level 1 thread 0x148583d3d700 affinity 23
level 1 thread 0x148583b3c700 affinity 24
level 1 thread 0x14858393b700 affinity 25
level 1 thread 0x14858373a700 affinity 26
level 1 thread 0x148583539700 affinity 27
Done. Logs in outputs_leonardo/, summary in outputs_leonardo/results_2Node_16Tasks_14Threads.csv
