Loading openmpi/4.1.6--gcc--12.2.0
  Loading requirement: gcc/12.2.0-binut2.41
Running with  threads
level 1 thread 0x147dc41897c0 affinity 42
level 1 thread 0x147d9a95a700 affinity 43
level 1 thread 0x147d9a759700 affinity 44
level 1 thread 0x147d9a558700 affinity 45
level 1 thread 0x147d9a357700 affinity 46
level 1 thread 0x147d9a156700 affinity 47
level 1 thread 0x147d99f55700 affinity 48
level 1 thread 0x147d99d54700 affinity 49
level 1 thread 0x147d99b53700 affinity 50
level 1 thread 0x147d99952700 affinity 51
level 1 thread 0x147d99751700 affinity 52
level 1 thread 0x147d99550700 affinity 53
level 1 thread 0x147d9934f700 affinity 54
level 1 thread 0x147d9914e700 affinity 55
level 1 thread 0x154dee4457c0 affinity 28
level 1 thread 0x154dc46ca700 affinity 29
level 1 thread 0x154dc44c9700 affinity 30
level 1 thread 0x154dc42c8700 affinity 31
level 1 thread 0x154dc40c7700 affinity 32
level 1 thread 0x154dc3ec6700 affinity 33
level 1 thread 0x154dc3cc5700 affinity 34
level 1 thread 0x154dc3ac4700 affinity 35
level 1 thread 0x154dc38c3700 affinity 36
level 1 thread 0x154dc36c2700 affinity 37
level 1 thread 0x154dc34c1700 affinity 38
level 1 thread 0x154dc32c0700 affinity 39
level 1 thread 0x154dc30bf700 affinity 40
level 1 thread 0x154dc2ebe700 affinity 41
level 1 thread 0x14ff77c8e7c0 affinity 70
level 1 thread 0x14ff4e03a700 affinity 71
level 1 thread 0x14ff4de39700 affinity 72
level 1 thread 0x14ff4dc38700 affinity 73
level 1 thread 0x14ff4da37700 affinity 74
level 1 thread 0x14ff4d836700 affinity 75
level 1 thread 0x14ff4d635700 affinity 76
level 1 thread 0x14ff4d434700 affinity 77
level 1 thread 0x14ff4d233700 affinity 78
level 1 thread 0x14ff4d032700 affinity 79
level 1 thread 0x14ff4ce31700 affinity 80
level 1 thread 0x14ff4cc30700 affinity 81
level 1 thread 0x14ff4ca2f700 affinity 82
level 1 thread 0x14ff4c82e700 affinity 83
level 1 thread 0x146084e0e7c0 affinity 84
level 1 thread 0x14605b1ba700 affinity 85
level 1 thread 0x14605afb9700 affinity 86
level 1 thread 0x14605adb8700 affinity 87
level 1 thread 0x14605abb7700 affinity 88
level 1 thread 0x14605a9b6700 affinity 89
level 1 thread 0x14605a7b5700 affinity 90
level 1 thread 0x14605a5b4700 affinity 91
level 1 thread 0x14605a3b3700 affinity 92
level 1 thread 0x14605a1b2700 affinity 93
level 1 thread 0x146059fb1700 affinity 94
level 1 thread 0x146059db0700 affinity 95
level 1 thread 0x146059baf700 affinity 96
level 1 thread 0x1460599ae700 affinity 97
level 1 thread 0x14ed59c567c0 affinity 98
level 1 thread 0x14ed302c2700 affinity 99
level 1 thread 0x14ed300c1700 affinity 100
level 1 thread 0x14ed2fec0700 affinity 101
level 1 thread 0x14ed2fcbf700 affinity 102
level 1 thread 0x14ed2fabe700 affinity 103
level 1 thread 0x14ed2f8bd700 affinity 104
level 1 thread 0x14ed2f6bc700 affinity 105
level 1 thread 0x14ed2f4bb700 affinity 106
level 1 thread 0x14ed2f2ba700 affinity 107
level 1 thread 0x14ed2f0b9700 affinity 108
level 1 thread 0x14ed2eeb8700 affinity 109
level 1 thread 0x14ed2ecb7700 affinity 110
level 1 thread 0x14ed2eab6700 affinity 111
level 1 thread 0x14789a26b7c0 affinity 0
level 1 thread 0x14788c36a700 affinity 1
level 1 thread 0x14786fe98700 affinity 2
level 1 thread 0x14786fc97700 affinity 3
level 1 thread 0x14786fa96700 affinity 4
level 1 thread 0x14786f895700 affinity 5
level 1 thread 0x14786f694700 affinity 6
level 1 thread 0x14786f493700 affinity 7
level 1 thread 0x14786f292700 affinity 8
level 1 thread 0x14786f091700 affinity 9
level 1 thread 0x14786ee90700 affinity 10
level 1 thread 0x14786ec8f700 affinity 11
level 1 thread 0x14786ea8e700 affinity 12
level 1 thread 0x14786e88d700 affinity 13
level 1 thread 0x153c3da9e7c0 affinity 42
level 1 thread 0x153c303c3700 affinity 43
level 1 thread 0x153c13ea9700 affinity 44
level 1 thread 0x153c13ca8700 affinity 45
level 1 thread 0x153c13aa7700 affinity 46
level 1 thread 0x153c138a6700 affinity 47
level 1 thread 0x153c136a5700 affinity 48
level 1 thread 0x153c134a4700 affinity 49
level 1 thread 0x153c132a3700 affinity 50
level 1 thread 0x153c130a2700 affinity 51
level 1 thread 0x153c12ea1700 affinity 52
level 1 thread 0x153c12ca0700 affinity 53
level 1 thread 0x153c12a9f700 affinity 54
level 1 thread 0x153c1289e700 affinity 55
level 1 thread 0x14d54a2e27c0 affinity 14
level 1 thread 0x14d53c3ca700 affinity 15
level 1 thread 0x14d5202c2700 affinity 16
level 1 thread 0x14d5200c1700 affinity 17
level 1 thread 0x14d51fec0700 affinity 18
level 1 thread 0x14d51fcbf700 affinity 19
level 1 thread 0x14d51fabe700 affinity 20
level 1 thread 0x14d51f8bd700 affinity 21
level 1 thread 0x14d51f6bc700 affinity 22
level 1 thread 0x14d51f4bb700 affinity 23
level 1 thread 0x14d51f2ba700 affinity 24
level 1 thread 0x14d51f0b9700 affinity 25
level 1 thread 0x14d51eeb8700 affinity 26
level 1 thread 0x14d51ecb7700 affinity 27
level 1 thread 0x14c3a4dd07c0 affinity 56
level 1 thread 0x14c37ad5f700 affinity 57
level 1 thread 0x14c37ab5e700 affinity 58
level 1 thread 0x14c37a95d700 affinity 59
level 1 thread 0x14c37a75c700 affinity 60
level 1 thread 0x14c37a55b700 affinity 61
level 1 thread 0x14c37a35a700 affinity 62
level 1 thread 0x14c37a159700 affinity 63
level 1 thread 0x14c379f58700 affinity 64
level 1 thread 0x14c379d57700 affinity 65
level 1 thread 0x14c379b56700 affinity 66
level 1 thread 0x14c379955700 affinity 67
level 1 thread 0x14c379754700 affinity 68
level 1 thread 0x14c379553700 affinity 69
level 1 thread 0x14b1f93007c0 affinity 0
level 1 thread 0x14b1cf0bd700 affinity 1
level 1 thread 0x14b1ceebc700 affinity 2
level 1 thread 0x14b1cecbb700 affinity 3
level 1 thread 0x14b1ceaba700 affinity 4
level 1 thread 0x14b1ce8b9700 affinity 5
level 1 thread 0x14b1ce6b8700 affinity 6
level 1 thread 0x14b1ce4b7700 affinity 7
level 1 thread 0x14b1ce2b6700 affinity 8
level 1 thread 0x14b1ce0b5700 affinity 9
level 1 thread 0x14b1cdeb4700 affinity 10
level 1 thread 0x14b1cdcb3700 affinity 11
level 1 thread 0x14b1cdab2700 affinity 12
level 1 thread 0x14b1cd8b1700 affinity 13
level 1 thread 0x14c2ded887c0 affinity 14
level 1 thread 0x14c2b5131700 affinity 15
level 1 thread 0x14c2b4f30700 affinity 16
level 1 thread 0x14c2b4d2f700 affinity 17
level 1 thread 0x14c2b4b2e700 affinity 18
level 1 thread 0x14c2b492d700 affinity 19
level 1 thread 0x14c2b472c700 affinity 20
level 1 thread 0x14c2b452b700 affinity 21
level 1 thread 0x14c2b432a700 affinity 22
level 1 thread 0x14c2b4129700 affinity 23
level 1 thread 0x14c2b3f28700 affinity 24
level 1 thread 0x14c2b3d27700 affinity 25
level 1 thread 0x14c2b3b26700 affinity 26
level 1 thread 0x14c2b3925700 affinity 27
level 1 thread 0x15318a9387c0 affinity 28
level 1 thread 0x153160cb7700 affinity 29
level 1 thread 0x153160ab6700 affinity 30
level 1 thread 0x1531608b5700 affinity 31
level 1 thread 0x1531606b4700 affinity 32
level 1 thread 0x1531604b3700 affinity 33
level 1 thread 0x1531602b2700 affinity 34
level 1 thread 0x1531600b1700 affinity 35
level 1 thread 0x15315feb0700 affinity 36
level 1 thread 0x15315fcaf700 affinity 37
level 1 thread 0x15315faae700 affinity 38
level 1 thread 0x15315f8ad700 affinity 39
level 1 thread 0x15315f6ac700 affinity 40
level 1 thread 0x15315f4ab700 affinity 41
level 1 thread 0x148a812ba7c0 affinity 56
level 1 thread 0x148a578de700 affinity 57
level 1 thread 0x148a576dd700 affinity 58
level 1 thread 0x148a574dc700 affinity 59
level 1 thread 0x148a572db700 affinity 60
level 1 thread 0x148a570da700 affinity 61
level 1 thread 0x148a56ed9700 affinity 62
level 1 thread 0x148a56cd8700 affinity 63
level 1 thread 0x148a56ad7700 affinity 64
level 1 thread 0x148a568d6700 affinity 65
level 1 thread 0x148a566d5700 affinity 66
level 1 thread 0x148a564d4700 affinity 67
level 1 thread 0x148a562d3700 affinity 68
level 1 thread 0x148a560d2700 affinity 69
level 1 thread 0x146466d4e7c0 affinity 70
level 1 thread 0x14643d918700 affinity 71
level 1 thread 0x14643d717700 affinity 72
level 1 thread 0x14643d516700 affinity 73
level 1 thread 0x14643d315700 affinity 74
level 1 thread 0x14643d114700 affinity 75
level 1 thread 0x14643cf13700 affinity 76
level 1 thread 0x14643cd12700 affinity 77
level 1 thread 0x14643cb11700 affinity 78
level 1 thread 0x14643c910700 affinity 79
level 1 thread 0x14643c70f700 affinity 80
level 1 thread 0x14643c50e700 affinity 81
level 1 thread 0x14643c30d700 affinity 82
level 1 thread 0x14643c10c700 affinity 83
level 1 thread 0x1465e08777c0 affinity 84
level 1 thread 0x1465b7446700 affinity 85
level 1 thread 0x1465b7245700 affinity 86
level 1 thread 0x1465b7044700 affinity 87
level 1 thread 0x1465b6e43700 affinity 88
level 1 thread 0x1465b6c42700 affinity 89
level 1 thread 0x1465b6a41700 affinity 90
level 1 thread 0x1465b6840700 affinity 91
level 1 thread 0x1465b663f700 affinity 92
level 1 thread 0x1465b643e700 affinity 93
level 1 thread 0x1465b623d700 affinity 94
level 1 thread 0x1465b603c700 affinity 95
level 1 thread 0x1465b5e3b700 affinity 96
level 1 thread 0x1465b5c3a700 affinity 97
level 1 thread 0x14b3cf9b17c0 affinity 98
level 1 thread 0x14b3a69a1700 affinity 99
level 1 thread 0x14b3a67a0700 affinity 100
level 1 thread 0x14b3a659f700 affinity 101
level 1 thread 0x14b3a639e700 affinity 102
level 1 thread 0x14b3a619d700 affinity 103
level 1 thread 0x14b3a5f9c700 affinity 104
level 1 thread 0x14b3a5d9b700 affinity 105
level 1 thread 0x14b3a5b9a700 affinity 106
level 1 thread 0x14b3a5999700 affinity 107
level 1 thread 0x14b3a5798700 affinity 108
level 1 thread 0x14b3a5597700 affinity 109
level 1 thread 0x14b3a5396700 affinity 110
level 1 thread 0x14b3a5195700 affinity 111
Done. Logs in outputs_leonardo/, summary in outputs_leonardo/results_2Node_16Tasks_14Threads.csv
