Loading openmpi/4.1.6--gcc--12.2.0
  Loading requirement: gcc/12.2.0-binut2.41
Running with  threads
level 1 thread 0x1490a63767c0 affinity 0
level 1 thread 0x149098463700 affinity 1
level 1 thread 0x149098262700 affinity 2
level 1 thread 0x149083ea4700 affinity 3
level 1 thread 0x149083ca3700 affinity 4
level 1 thread 0x149083aa2700 affinity 5
level 1 thread 0x1490838a1700 affinity 6
level 1 thread 0x1490836a0700 affinity 7
level 1 thread 0x14908349f700 affinity 8
level 1 thread 0x14908329e700 affinity 9
level 1 thread 0x14908309d700 affinity 10
level 1 thread 0x149082e9c700 affinity 11
level 1 thread 0x149082c9b700 affinity 12
level 1 thread 0x149082a9a700 affinity 13
level 1 thread 0x15162b5797c0 affinity 98
level 1 thread 0x151609d4c700 affinity 99
level 1 thread 0x151609b4b700 affinity 100
level 1 thread 0x15160994a700 affinity 101
level 1 thread 0x151609749700 affinity 102
level 1 thread 0x151609548700 affinity 103
level 1 thread 0x151609347700 affinity 104
level 1 thread 0x151609146700 affinity 105
level 1 thread 0x151608f45700 affinity 106
level 1 thread 0x151608d44700 affinity 107
level 1 thread 0x151608b43700 affinity 108
level 1 thread 0x151608942700 affinity 109
level 1 thread 0x151608741700 affinity 110
level 1 thread 0x151608540700 affinity 111
level 1 thread 0x15158d33f7c0 affinity 56
level 1 thread 0x151578374700 affinity 57
level 1 thread 0x15156aacb700 affinity 58
level 1 thread 0x15156a8ca700 affinity 59
level 1 thread 0x15156a6c9700 affinity 60
level 1 thread 0x15156a4c8700 affinity 61
level 1 thread 0x15156a2c7700 affinity 62
level 1 thread 0x15156a0c6700 affinity 63
level 1 thread 0x151569ec5700 affinity 64
level 1 thread 0x151569cc4700 affinity 65
level 1 thread 0x151569ac3700 affinity 66
level 1 thread 0x1515698c2700 affinity 67
level 1 thread 0x1515696c1700 affinity 68
level 1 thread 0x1515694c0700 affinity 69
level 1 thread 0x1491bf44d7c0 affinity 70
level 1 thread 0x14919d65f700 affinity 71
level 1 thread 0x14919d45e700 affinity 72
level 1 thread 0x14919d25d700 affinity 73
level 1 thread 0x14919d05c700 affinity 74
level 1 thread 0x14919ce5b700 affinity 75
level 1 thread 0x14919cc5a700 affinity 76
level 1 thread 0x14919ca59700 affinity 77
level 1 thread 0x14919c858700 affinity 78
level 1 thread 0x14919c657700 affinity 79
level 1 thread 0x14919c456700 affinity 80
level 1 thread 0x14919c255700 affinity 81
level 1 thread 0x14919c054700 affinity 82
level 1 thread 0x14919be53700 affinity 83
level 1 thread 0x14bac50957c0 affinity 84
level 1 thread 0x14bab078d700 affinity 85
level 1 thread 0x14bab058c700 affinity 86
level 1 thread 0x14bab038b700 affinity 87
level 1 thread 0x14baa2acb700 affinity 88
level 1 thread 0x14baa28ca700 affinity 89
level 1 thread 0x14baa26c9700 affinity 90
level 1 thread 0x14baa24c8700 affinity 91
level 1 thread 0x14baa22c7700 affinity 92
level 1 thread 0x14baa20c6700 affinity 93
level 1 thread 0x14baa1ec5700 affinity 94
level 1 thread 0x14baa1cc4700 affinity 95
level 1 thread 0x14baa1ac3700 affinity 96
level 1 thread 0x14baa18c2700 affinity 97
level 1 thread 0x15115ef977c0 affinity 0
level 1 thread 0x15113caf7700 affinity 1
level 1 thread 0x15113c8f6700 affinity 2
level 1 thread 0x15113c6f5700 affinity 3
level 1 thread 0x15113c4f4700 affinity 4
level 1 thread 0x15113c2f3700 affinity 5
level 1 thread 0x15113c0f2700 affinity 6
level 1 thread 0x15113bef1700 affinity 7
level 1 thread 0x15113bcf0700 affinity 8
level 1 thread 0x15113baef700 affinity 9
level 1 thread 0x15113b8ee700 affinity 10
level 1 thread 0x15113b6ed700 affinity 11
level 1 thread 0x15113b4ec700 affinity 12
level 1 thread 0x15113b2eb700 affinity 13
level 1 thread 0x152dfe6267c0 affinity 70
level 1 thread 0x152df031b700 affinity 71
level 1 thread 0x152ddc6c5700 affinity 72
level 1 thread 0x152ddc4c4700 affinity 73
level 1 thread 0x152ddc2c3700 affinity 74
level 1 thread 0x152ddc0c2700 affinity 75
level 1 thread 0x152ddbec1700 affinity 76
level 1 thread 0x152ddbcc0700 affinity 77
level 1 thread 0x152ddbabf700 affinity 78
level 1 thread 0x152ddb8be700 affinity 79
level 1 thread 0x152ddb6bd700 affinity 80
level 1 thread 0x152ddb4bc700 affinity 81
level 1 thread 0x152ddb2bb700 affinity 82
level 1 thread 0x152ddb0ba700 affinity 83
level 1 thread 0x154fcd2247c0 affinity 84
level 1 thread 0x154fb8b12700 affinity 85
level 1 thread 0x154fb8911700 affinity 86
level 1 thread 0x154fb8710700 affinity 87
level 1 thread 0x154fb850f700 affinity 88
level 1 thread 0x154fb830e700 affinity 89
level 1 thread 0x154faaacb700 affinity 90
level 1 thread 0x154faa8ca700 affinity 91
level 1 thread 0x154faa6c9700 affinity 92
level 1 thread 0x154faa4c8700 affinity 93
level 1 thread 0x154faa2c7700 affinity 94
level 1 thread 0x154faa0c6700 affinity 95
level 1 thread 0x154fa9ec5700 affinity 96
level 1 thread 0x154fa9cc4700 affinity 97
level 1 thread 0x15045a4bc7c0 affinity 42
level 1 thread 0x1504386c5700 affinity 43
level 1 thread 0x1504384c4700 affinity 44
level 1 thread 0x1504382c3700 affinity 45
level 1 thread 0x1504380c2700 affinity 46
level 1 thread 0x150437ec1700 affinity 47
level 1 thread 0x150437cc0700 affinity 48
level 1 thread 0x150437abf700 affinity 49
level 1 thread 0x1504378be700 affinity 50
level 1 thread 0x1504376bd700 affinity 51
level 1 thread 0x1504374bc700 affinity 52
level 1 thread 0x1504372bb700 affinity 53
level 1 thread 0x1504370ba700 affinity 54
level 1 thread 0x150436eb9700 affinity 55
level 1 thread 0x14c3fff1e7c0 affinity 98
level 1 thread 0x14c3de6f7700 affinity 99
level 1 thread 0x14c3de4f6700 affinity 100
level 1 thread 0x14c3de2f5700 affinity 101
level 1 thread 0x14c3de0f4700 affinity 102
level 1 thread 0x14c3ddef3700 affinity 103
level 1 thread 0x14c3ddcf2700 affinity 104
level 1 thread 0x14c3ddaf1700 affinity 105
level 1 thread 0x14c3dd8f0700 affinity 106
level 1 thread 0x14c3dd6ef700 affinity 107
level 1 thread 0x14c3dd4ee700 affinity 108
level 1 thread 0x14c3dd2ed700 affinity 109
level 1 thread 0x14c3dd0ec700 affinity 110
level 1 thread 0x14c3dceeb700 affinity 111
level 1 thread 0x150892b2a7c0 affinity 28
level 1 thread 0x15088481d700 affinity 29
level 1 thread 0x15088461c700 affinity 30
level 1 thread 0x15088441b700 affinity 31
level 1 thread 0x15088421a700 affinity 32
level 1 thread 0x1508706c5700 affinity 33
level 1 thread 0x1508704c4700 affinity 34
level 1 thread 0x1508702c3700 affinity 35
level 1 thread 0x1508700c2700 affinity 36
level 1 thread 0x15086fec1700 affinity 37
level 1 thread 0x15086fcc0700 affinity 38
level 1 thread 0x15086fabf700 affinity 39
level 1 thread 0x15086f8be700 affinity 40
level 1 thread 0x15086f6bd700 affinity 41
level 1 thread 0x154ef2b9f7c0 affinity 84
level 1 thread 0x154ee488b700 affinity 85
level 1 thread 0x154ee468a700 affinity 86
level 1 thread 0x154ee4489700 affinity 87
level 1 thread 0x154ee4288700 affinity 88
level 1 thread 0x154ed06c5700 affinity 89
level 1 thread 0x154ed04c4700 affinity 90
level 1 thread 0x154ed02c3700 affinity 91
level 1 thread 0x154ed00c2700 affinity 92
level 1 thread 0x154ecfec1700 affinity 93
level 1 thread 0x154ecfcc0700 affinity 94
level 1 thread 0x154ecfabf700 affinity 95
level 1 thread 0x154ecf8be700 affinity 96
level 1 thread 0x154ecf6bd700 affinity 97
level 1 thread 0x14ed8720d7c0 affinity 56
level 1 thread 0x14ed64d92700 affinity 57
level 1 thread 0x14ed64b91700 affinity 58
level 1 thread 0x14ed64990700 affinity 59
level 1 thread 0x14ed6478f700 affinity 60
level 1 thread 0x14ed6458e700 affinity 61
level 1 thread 0x14ed6438d700 affinity 62
level 1 thread 0x14ed6418c700 affinity 63
level 1 thread 0x14ed63f8b700 affinity 64
level 1 thread 0x14ed63d8a700 affinity 65
level 1 thread 0x14ed63b89700 affinity 66
level 1 thread 0x14ed63988700 affinity 67
level 1 thread 0x14ed63787700 affinity 68
level 1 thread 0x14ed63586700 affinity 69
level 1 thread 0x14cb9b2567c0 affinity 0
level 1 thread 0x14cb791fc700 affinity 1
level 1 thread 0x14cb78ffb700 affinity 2
level 1 thread 0x14cb78dfa700 affinity 3
level 1 thread 0x14cb78bf9700 affinity 4
level 1 thread 0x14cb789f8700 affinity 5
level 1 thread 0x14cb787f7700 affinity 6
level 1 thread 0x14cb785f6700 affinity 7
level 1 thread 0x14cb783f5700 affinity 8
level 1 thread 0x14cb781f4700 affinity 9
level 1 thread 0x14cb77ff3700 affinity 10
level 1 thread 0x14cb77df2700 affinity 11
level 1 thread 0x14cb77bf1700 affinity 12
level 1 thread 0x14cb779f0700 affinity 13
level 1 thread 0x1527533e27c0 affinity 28
level 1 thread 0x15273165f700 affinity 29
level 1 thread 0x15273145e700 affinity 30
level 1 thread 0x15273125d700 affinity 31
level 1 thread 0x15273105c700 affinity 32
level 1 thread 0x152730e5b700 affinity 33
level 1 thread 0x152730c5a700 affinity 34
level 1 thread 0x152730a59700 affinity 35
level 1 thread 0x152730858700 affinity 36
level 1 thread 0x152730657700 affinity 37
level 1 thread 0x152730456700 affinity 38
level 1 thread 0x152730255700 affinity 39
level 1 thread 0x152730054700 affinity 40
level 1 thread 0x15272fe53700 affinity 41
level 1 thread 0x14c705dce7c0 affinity 56
level 1 thread 0x14c6f82db700 affinity 57
level 1 thread 0x14c6e3672700 affinity 58
level 1 thread 0x14c6e3471700 affinity 59
level 1 thread 0x14c6e3270700 affinity 60
level 1 thread 0x14c6e306f700 affinity 61
level 1 thread 0x14c6e2e6e700 affinity 62
level 1 thread 0x14c6e2c6d700 affinity 63
level 1 thread 0x14c6e2a6c700 affinity 64
level 1 thread 0x14c6e286b700 affinity 65
level 1 thread 0x14c6e266a700 affinity 66
level 1 thread 0x14c6e2469700 affinity 67
level 1 thread 0x14c6e2268700 affinity 68
level 1 thread 0x14c6e2067700 affinity 69
level 1 thread 0x14cec55f97c0 affinity 70
level 1 thread 0x14ceb8342700 affinity 71
level 1 thread 0x14ceb0ba6700 affinity 72
level 1 thread 0x14ceb09a5700 affinity 73
level 1 thread 0x14ceb07a4700 affinity 74
level 1 thread 0x14ceb05a3700 affinity 75
level 1 thread 0x14ceb03a2700 affinity 76
level 1 thread 0x14cea2acb700 affinity 77
level 1 thread 0x14cea28ca700 affinity 78
level 1 thread 0x14cea26c9700 affinity 79
level 1 thread 0x14cea24c8700 affinity 80
level 1 thread 0x14cea22c7700 affinity 81
level 1 thread 0x14cea20c6700 affinity 82
level 1 thread 0x14cea1ec5700 affinity 83
level 1 thread 0x145f4b20f7c0 affinity 14
level 1 thread 0x145f295cb700 affinity 15
level 1 thread 0x145f293ca700 affinity 16
level 1 thread 0x145f291c9700 affinity 17
level 1 thread 0x145f28fc8700 affinity 18
level 1 thread 0x145f28dc7700 affinity 19
level 1 thread 0x145f28bc6700 affinity 20
level 1 thread 0x145f289c5700 affinity 21
level 1 thread 0x145f287c4700 affinity 22
level 1 thread 0x145f285c3700 affinity 23
level 1 thread 0x145f283c2700 affinity 24
level 1 thread 0x145f281c1700 affinity 25
level 1 thread 0x145f27fc0700 affinity 26
level 1 thread 0x145f27dbf700 affinity 27
level 1 thread 0x14cb00e577c0 affinity 42
level 1 thread 0x14cadf20f700 affinity 43
level 1 thread 0x14cadf00e700 affinity 44
level 1 thread 0x14cadee0d700 affinity 45
level 1 thread 0x14cadec0c700 affinity 46
level 1 thread 0x14cadea0b700 affinity 47
level 1 thread 0x14cade80a700 affinity 48
level 1 thread 0x14cade609700 affinity 49
level 1 thread 0x14cade408700 affinity 50
level 1 thread 0x14cade207700 affinity 51
level 1 thread 0x14cade006700 affinity 52
level 1 thread 0x145ee81c27c0 affinity 0
level 1 thread 0x145ec5d37700 affinity 1
level 1 thread 0x145ec5b36700 affinity 2
level 1 thread 0x145ec5935700 affinity 3
level 1 thread 0x145ec5734700 affinity 4
level 1 thread 0x145ec5533700 affinity 5
level 1 thread 0x145ec5332700 affinity 6
level 1 thread 0x145ec5131700 affinity 7
level 1 thread 0x145ec4f30700 affinity 8
level 1 thread 0x145ec4d2f700 affinity 9
level 1 thread 0x145ec4b2e700 affinity 10
level 1 thread 0x145ec492d700 affinity 11
level 1 thread 0x145ec472c700 affinity 12
level 1 thread 0x145ec452b700 affinity 13
level 1 thread 0x14c0c7d5a7c0 affinity 98
level 1 thread 0x14c0a6521700 affinity 99
level 1 thread 0x14c0a6320700 affinity 100
level 1 thread 0x14c0a611f700 affinity 101
level 1 thread 0x14c0a5f1e700 affinity 102
level 1 thread 0x14c0a5d1d700 affinity 103
level 1 thread 0x14c0a5b1c700 affinity 104
level 1 thread 0x14c0a591b700 affinity 105
level 1 thread 0x14c0a571a700 affinity 106
level 1 thread 0x14c0a5519700 affinity 107
level 1 thread 0x14c0a5318700 affinity 108
level 1 thread 0x14c0a5117700 affinity 109
level 1 thread 0x14c0a4f16700 affinity 110
level 1 thread 0x14c0a4d15700 affinity 111
level 1 thread 0x14ee39d557c0 affinity 0
level 1 thread 0x14ee2c274700 affinity 1
level 1 thread 0x14ee17a8b700 affinity 2
level 1 thread 0x14ee1788a700 affinity 3
level 1 thread 0x14ee17689700 affinity 4
level 1 thread 0x14ee17488700 affinity 5
level 1 thread 0x14ee17287700 affinity 6
level 1 thread 0x14ee17086700 affinity 7
level 1 thread 0x14ee16e85700 affinity 8
level 1 thread 0x14ee16c84700 affinity 9
level 1 thread 0x14ee16a83700 affinity 10
level 1 thread 0x14ee16882700 affinity 11
level 1 thread 0x14ee16681700 affinity 12
level 1 thread 0x14ee16480700 affinity 13
level 1 thread 0x14eb18d5a7c0 affinity 0
level 1 thread 0x14eaf6cfb700 affinity 1
level 1 thread 0x14eaf6afa700 affinity 2
level 1 thread 0x14eaf68f9700 affinity 3
level 1 thread 0x14eaf66f8700 affinity 4
level 1 thread 0x14eaf64f7700 affinity 5
level 1 thread 0x14eaf62f6700 affinity 6
level 1 thread 0x14eaf60f5700 affinity 7
level 1 thread 0x14eaf5ef4700 affinity 8
level 1 thread 0x14eaf5cf3700 affinity 9
level 1 thread 0x14eaf5af2700 affinity 10
level 1 thread 0x14eaf58f1700 affinity 11
level 1 thread 0x14eaf56f0700 affinity 12
level 1 thread 0x14eaf54ef700 affinity 13
level 1 thread 0x1483f001e7c0 affinity 98
level 1 thread 0x1483ce7f7700 affinity 99
level 1 thread 0x1483ce5f6700 affinity 100
level 1 thread 0x1483ce3f5700 affinity 101
level 1 thread 0x1483ce1f4700 affinity 102
level 1 thread 0x1483cdff3700 affinity 103
level 1 thread 0x1483cddf2700 affinity 104
level 1 thread 0x1483cdbf1700 affinity 105
level 1 thread 0x1483cd9f0700 affinity 106
level 1 thread 0x1483cd7ef700 affinity 107
level 1 thread 0x1483cd5ee700 affinity 108
level 1 thread 0x1483cd3ed700 affinity 109
level 1 thread 0x1483cd1ec700 affinity 110
level 1 thread 0x1483ccfeb700 affinity 111
level 1 thread 0x14a6b99167c0 affinity 14
level 1 thread 0x14a6ac244700 affinity 15
level 1 thread 0x14a697a8b700 affinity 16
level 1 thread 0x14a69788a700 affinity 17
level 1 thread 0x14a697689700 affinity 18
level 1 thread 0x14a697488700 affinity 19
level 1 thread 0x14a697287700 affinity 20
level 1 thread 0x14a697086700 affinity 21
level 1 thread 0x14a696e85700 affinity 22
level 1 thread 0x14a696c84700 affinity 23
level 1 thread 0x14a696a83700 affinity 24
level 1 thread 0x14a696882700 affinity 25
level 1 thread 0x14a696681700 affinity 26
level 1 thread 0x14a696480700 affinity 27
level 1 thread 0x14b35c71d7c0 affinity 14
level 1 thread 0x14b33aac8700 affinity 15
level 1 thread 0x14b33a8c7700 affinity 16
level 1 thread 0x14b33a6c6700 affinity 17
level 1 thread 0x14b33a4c5700 affinity 18
level 1 thread 0x14b33a2c4700 affinity 19
level 1 thread 0x14b33a0c3700 affinity 20
level 1 thread 0x14b339ec2700 affinity 21
level 1 thread 0x14b339cc1700 affinity 22
level 1 thread 0x14b339ac0700 affinity 23
level 1 thread 0x14b3398bf700 affinity 24
level 1 thread 0x14b3396be700 affinity 25
level 1 thread 0x14b3394bd700 affinity 26
level 1 thread 0x14b3392bc700 affinity 27
level 1 thread 0x1539483247c0 affinity 84
level 1 thread 0x1539266e0700 affinity 85
level 1 thread 0x1539264df700 affinity 86
level 1 thread 0x1539262de700 affinity 87
level 1 thread 0x1539260dd700 affinity 88
level 1 thread 0x153925edc700 affinity 89
level 1 thread 0x153925cdb700 affinity 90
level 1 thread 0x153925ada700 affinity 91
level 1 thread 0x1539258d9700 affinity 92
level 1 thread 0x1539256d8700 affinity 93
level 1 thread 0x1539254d7700 affinity 94
level 1 thread 0x1539252d6700 affinity 95
level 1 thread 0x1539250d5700 affinity 96
level 1 thread 0x153924ed4700 affinity 97
level 1 thread 0x14a3de7797c0 affinity 70
level 1 thread 0x14a3d0465700 affinity 71
level 1 thread 0x14a3d0264700 affinity 72
level 1 thread 0x14a3bc6c5700 affinity 73
level 1 thread 0x14a3bc4c4700 affinity 74
level 1 thread 0x14a3bc2c3700 affinity 75
level 1 thread 0x14a3bc0c2700 affinity 76
level 1 thread 0x14a3bbec1700 affinity 77
level 1 thread 0x14a3bbcc0700 affinity 78
level 1 thread 0x14ef098ee7c0 affinity 0
level 1 thread 0x14eefc220700 affinity 1
level 1 thread 0x14eee7259700 affinity 2
level 1 thread 0x14eee7058700 affinity 3
level 1 thread 0x14eee6e57700 affinity 4
level 1 thread 0x14eee6c56700 affinity 5
level 1 thread 0x14eee6a55700 affinity 6
level 1 thread 0x14eee6854700 affinity 7
level 1 thread 0x14eee6653700 affinity 8
level 1 thread 0x14eee6452700 affinity 9
level 1 thread 0x14eee6251700 affinity 10
level 1 thread 0x14eee6050700 affinity 11
level 1 thread 0x14eee5e4f700 affinity 12
level 1 thread 0x14eee5c4e700 affinity 13
level 1 thread 0x1466414087c0 affinity 56
level 1 thread 0x14662c374700 affinity 57
level 1 thread 0x14661eacb700 affinity 58
level 1 thread 0x14661e8ca700 affinity 59
level 1 thread 0x14661e6c9700 affinity 60
level 1 thread 0x14661e4c8700 affinity 61
level 1 thread 0x14661e2c7700 affinity 62
level 1 thread 0x14661e0c6700 affinity 63
level 1 thread 0x14661dec5700 affinity 64
level 1 thread 0x14661dcc4700 affinity 65
level 1 thread 0x14661dac3700 affinity 66
level 1 thread 0x14661d8c2700 affinity 67
level 1 thread 0x14661d6c1700 affinity 68
level 1 thread 0x14661d4c0700 affinity 69
level 1 thread 0x149f94f197c0 affinity 14
level 1 thread 0x149f73259700 affinity 15
level 1 thread 0x149f73058700 affinity 16
level 1 thread 0x149f72e57700 affinity 17
level 1 thread 0x149f72c56700 affinity 18
level 1 thread 0x149f72a55700 affinity 19
level 1 thread 0x149f72854700 affinity 20
level 1 thread 0x149f72653700 affinity 21
level 1 thread 0x149f72452700 affinity 22
level 1 thread 0x149f72251700 affinity 23
level 1 thread 0x149f72050700 affinity 24
level 1 thread 0x149f71e4f700 affinity 25
level 1 thread 0x149f71c4e700 affinity 26
level 1 thread 0x149f71a4d700 affinity 27
level 1 thread 0x14a3bbabf700 affinity 79
level 1 thread 0x14a3bb8be700 affinity 80
level 1 thread 0x14a3bb6bd700 affinity 81
level 1 thread 0x14a3bb4bc700 affinity 82
level 1 thread 0x14a3bb2bb700 affinity 83
level 1 thread 0x151455a727c0 affinity 56
level 1 thread 0x1514483a1700 affinity 57
level 1 thread 0x151433259700 affinity 58
level 1 thread 0x151433058700 affinity 59
level 1 thread 0x151432e57700 affinity 60
level 1 thread 0x151432c56700 affinity 61
level 1 thread 0x151432a55700 affinity 62
level 1 thread 0x151432854700 affinity 63
level 1 thread 0x151432653700 affinity 64
level 1 thread 0x151432452700 affinity 65
level 1 thread 0x151432251700 affinity 66
level 1 thread 0x151432050700 affinity 67
level 1 thread 0x151431e4f700 affinity 68
level 1 thread 0x151431c4e700 affinity 69
level 1 thread 0x14efeb4877c0 affinity 42
level 1 thread 0x14efc965f700 affinity 43
level 1 thread 0x14efc945e700 affinity 44
level 1 thread 0x14efc925d700 affinity 45
level 1 thread 0x14efc905c700 affinity 46
level 1 thread 0x14efc8e5b700 affinity 47
level 1 thread 0x14efc8c5a700 affinity 48
level 1 thread 0x14efc8a59700 affinity 49
level 1 thread 0x14efc8858700 affinity 50
level 1 thread 0x14efc8657700 affinity 51
level 1 thread 0x14efc8456700 affinity 52
level 1 thread 0x14efc8255700 affinity 53
level 1 thread 0x14efc8054700 affinity 54
level 1 thread 0x14efc7e53700 affinity 55
level 1 thread 0x14ff4da9e7c0 affinity 28
level 1 thread 0x14ff403cc700 affinity 29
level 1 thread 0x14ff2ba8b700 affinity 30
level 1 thread 0x14ff2b88a700 affinity 31
level 1 thread 0x14ff2b689700 affinity 32
level 1 thread 0x14ff2b488700 affinity 33
level 1 thread 0x14ff2b287700 affinity 34
level 1 thread 0x14ff2b086700 affinity 35
level 1 thread 0x14ff2ae85700 affinity 36
level 1 thread 0x14ff2ac84700 affinity 37
level 1 thread 0x14ff2aa83700 affinity 38
level 1 thread 0x14ff2a882700 affinity 39
level 1 thread 0x14ff2a681700 affinity 40
level 1 thread 0x14ff2a480700 affinity 41
level 1 thread 0x14c5276e07c0 affinity 84
level 1 thread 0x14c505a78700 affinity 85
level 1 thread 0x14c505877700 affinity 86
level 1 thread 0x14c505676700 affinity 87
level 1 thread 0x14c505475700 affinity 88
level 1 thread 0x14c505274700 affinity 89
level 1 thread 0x14c505073700 affinity 90
level 1 thread 0x14c504e72700 affinity 91
level 1 thread 0x14c504c71700 affinity 92
level 1 thread 0x14c504a70700 affinity 93
level 1 thread 0x14c50486f700 affinity 94
level 1 thread 0x14c50466e700 affinity 95
level 1 thread 0x14c50446d700 affinity 96
level 1 thread 0x14c50426c700 affinity 97
level 1 thread 0x14babb3787c0 affinity 70
level 1 thread 0x14ba9965f700 affinity 71
level 1 thread 0x14ba9945e700 affinity 72
level 1 thread 0x14ba9925d700 affinity 73
level 1 thread 0x14ba9905c700 affinity 74
level 1 thread 0x14ba98e5b700 affinity 75
level 1 thread 0x14ba98c5a700 affinity 76
level 1 thread 0x14ba98a59700 affinity 77
level 1 thread 0x14ba98858700 affinity 78
level 1 thread 0x14ba98657700 affinity 79
level 1 thread 0x14ba98456700 affinity 80
level 1 thread 0x14ba98255700 affinity 81
level 1 thread 0x14ba98054700 affinity 82
level 1 thread 0x14ba97e53700 affinity 83
level 1 thread 0x14941cac07c0 affinity 56
level 1 thread 0x1493fa64b700 affinity 57
level 1 thread 0x1493fa44a700 affinity 58
level 1 thread 0x1493fa249700 affinity 59
level 1 thread 0x1493fa048700 affinity 60
level 1 thread 0x1493f9e47700 affinity 61
level 1 thread 0x1493f9c46700 affinity 62
level 1 thread 0x1493f9a45700 affinity 63
level 1 thread 0x1493f9844700 affinity 64
level 1 thread 0x1493f9643700 affinity 65
level 1 thread 0x1493f9442700 affinity 66
level 1 thread 0x1493f9241700 affinity 67
level 1 thread 0x1493f9040700 affinity 68
level 1 thread 0x1493f8e3f700 affinity 69
level 1 thread 0x1507e85887c0 affinity 42
level 1 thread 0x1507c6940700 affinity 43
level 1 thread 0x1507c673f700 affinity 44
level 1 thread 0x1507c653e700 affinity 45
level 1 thread 0x1507c633d700 affinity 46
level 1 thread 0x1507c613c700 affinity 47
level 1 thread 0x1507c5f3b700 affinity 48
level 1 thread 0x1507c5d3a700 affinity 49
level 1 thread 0x1507c5b39700 affinity 50
level 1 thread 0x1507c5938700 affinity 51
level 1 thread 0x1507c5737700 affinity 52
level 1 thread 0x1507c5536700 affinity 53
level 1 thread 0x1507c5335700 affinity 54
level 1 thread 0x1507c5134700 affinity 55
level 1 thread 0x151d832567c0 affinity 84
level 1 thread 0x151d6160e700 affinity 85
level 1 thread 0x151d6140d700 affinity 86
level 1 thread 0x151d6120c700 affinity 87
level 1 thread 0x151d6100b700 affinity 88
level 1 thread 0x151d60e0a700 affinity 89
level 1 thread 0x151d60c09700 affinity 90
level 1 thread 0x151d60a08700 affinity 91
level 1 thread 0x151d60807700 affinity 92
level 1 thread 0x151d60606700 affinity 93
level 1 thread 0x151d60405700 affinity 94
level 1 thread 0x151d60204700 affinity 95
level 1 thread 0x151d60003700 affinity 96
level 1 thread 0x151d5fe02700 affinity 97
level 1 thread 0x148008b687c0 affinity 84
level 1 thread 0x147fe6f23700 affinity 85
level 1 thread 0x147fe6d22700 affinity 86
level 1 thread 0x147fe6b21700 affinity 87
level 1 thread 0x147fe6920700 affinity 88
level 1 thread 0x147fe671f700 affinity 89
level 1 thread 0x147fe651e700 affinity 90
level 1 thread 0x147fe631d700 affinity 91
level 1 thread 0x147fe611c700 affinity 92
level 1 thread 0x147fe5f1b700 affinity 93
level 1 thread 0x147fe5d1a700 affinity 94
level 1 thread 0x147fe5b19700 affinity 95
level 1 thread 0x147fe5918700 affinity 96
level 1 thread 0x147fe5717700 affinity 97
level 1 thread 0x14c0d84e57c0 affinity 70
level 1 thread 0x14c0b6899700 affinity 71
level 1 thread 0x14c0b6698700 affinity 72
level 1 thread 0x14c0b6497700 affinity 73
level 1 thread 0x14c0b6296700 affinity 74
level 1 thread 0x14c0b6095700 affinity 75
level 1 thread 0x14c0b5e94700 affinity 76
level 1 thread 0x14c0b5c93700 affinity 77
level 1 thread 0x14c0b5a92700 affinity 78
level 1 thread 0x14c0b5891700 affinity 79
level 1 thread 0x14c0b5690700 affinity 80
level 1 thread 0x14c0b548f700 affinity 81
level 1 thread 0x14c0b528e700 affinity 82
level 1 thread 0x14c0b508d700 affinity 83
level 1 thread 0x1486e98d57c0 affinity 98
level 1 thread 0x1486dc202700 affinity 99
level 1 thread 0x1486c7ea4700 affinity 100
level 1 thread 0x1486c7ca3700 affinity 101
level 1 thread 0x1486c7aa2700 affinity 102
level 1 thread 0x1486c78a1700 affinity 103
level 1 thread 0x1486c76a0700 affinity 104
level 1 thread 0x1486c749f700 affinity 105
level 1 thread 0x1486c729e700 affinity 106
level 1 thread 0x1486c709d700 affinity 107
level 1 thread 0x1486c6e9c700 affinity 108
level 1 thread 0x1486c6c9b700 affinity 109
level 1 thread 0x1486c6a9a700 affinity 110
level 1 thread 0x1486c6899700 affinity 111
level 1 thread 0x14559197b7c0 affinity 14
level 1 thread 0x1455842a9700 affinity 15
level 1 thread 0x14556fa8b700 affinity 16
level 1 thread 0x14556f88a700 affinity 17
level 1 thread 0x14556f689700 affinity 18
level 1 thread 0x14556f488700 affinity 19
level 1 thread 0x14556f287700 affinity 20
level 1 thread 0x14556f086700 affinity 21
level 1 thread 0x14556ee85700 affinity 22
level 1 thread 0x14556ec84700 affinity 23
level 1 thread 0x14556ea83700 affinity 24
level 1 thread 0x14556e882700 affinity 25
level 1 thread 0x14556e681700 affinity 26
level 1 thread 0x14556e480700 affinity 27
level 1 thread 0x14eb81d6b7c0 affinity 28
level 1 thread 0x14eb7428f700 affinity 29
level 1 thread 0x14eb5fe93700 affinity 30
level 1 thread 0x14eb5fc92700 affinity 31
level 1 thread 0x14eb5fa91700 affinity 32
level 1 thread 0x14eb5f890700 affinity 33
level 1 thread 0x14eb5f68f700 affinity 34
level 1 thread 0x14eb5f48e700 affinity 35
level 1 thread 0x14eb5f28d700 affinity 36
level 1 thread 0x14eb5f08c700 affinity 37
level 1 thread 0x14eb5ee8b700 affinity 38
level 1 thread 0x14eb5ec8a700 affinity 39
level 1 thread 0x14eb5ea89700 affinity 40
level 1 thread 0x14eb5e888700 affinity 41
level 1 thread 0x153f698217c0 affinity 98
level 1 thread 0x153f47ea4700 affinity 99
level 1 thread 0x153f47ca3700 affinity 100
level 1 thread 0x153f47aa2700 affinity 101
level 1 thread 0x153f478a1700 affinity 102
level 1 thread 0x153f476a0700 affinity 103
level 1 thread 0x153f4749f700 affinity 104
level 1 thread 0x153f4729e700 affinity 105
level 1 thread 0x153f4709d700 affinity 106
level 1 thread 0x153f46e9c700 affinity 107
level 1 thread 0x153f46c9b700 affinity 108
level 1 thread 0x153f46a9a700 affinity 109
level 1 thread 0x153f46899700 affinity 110
level 1 thread 0x153f46698700 affinity 111
level 1 thread 0x147c1b4657c0 affinity 56
level 1 thread 0x147bf8e2d700 affinity 57
level 1 thread 0x147bf8c2c700 affinity 58
level 1 thread 0x147bf8a2b700 affinity 59
level 1 thread 0x147bf882a700 affinity 60
level 1 thread 0x147bf8629700 affinity 61
level 1 thread 0x147bf8428700 affinity 62
level 1 thread 0x147bf8227700 affinity 63
level 1 thread 0x147bf8026700 affinity 64
level 1 thread 0x147bf7e25700 affinity 65
level 1 thread 0x147bf7c24700 affinity 66
level 1 thread 0x147bf7a23700 affinity 67
level 1 thread 0x147bf7822700 affinity 68
level 1 thread 0x147bf7621700 affinity 69
level 1 thread 0x151ff354a7c0 affinity 28
level 1 thread 0x151fd1900700 affinity 29
level 1 thread 0x151fd16ff700 affinity 30
level 1 thread 0x151fd14fe700 affinity 31
level 1 thread 0x151fd12fd700 affinity 32
level 1 thread 0x151fd10fc700 affinity 33
level 1 thread 0x151fd0efb700 affinity 34
level 1 thread 0x151fd0cfa700 affinity 35
level 1 thread 0x151fd0af9700 affinity 36
level 1 thread 0x151fd08f8700 affinity 37
level 1 thread 0x151fd06f7700 affinity 38
level 1 thread 0x151fd04f6700 affinity 39
level 1 thread 0x151fd02f5700 affinity 40
level 1 thread 0x151fd00f4700 affinity 41
level 1 thread 0x14b9c6ff57c0 affinity 42
level 1 thread 0x14b9a53ab700 affinity 43
level 1 thread 0x14b9a51aa700 affinity 44
level 1 thread 0x14b9a4fa9700 affinity 45
level 1 thread 0x14b9a4da8700 affinity 46
level 1 thread 0x14b9a4ba7700 affinity 47
level 1 thread 0x14b9a49a6700 affinity 48
level 1 thread 0x14b9a47a5700 affinity 49
level 1 thread 0x14b9a45a4700 affinity 50
level 1 thread 0x14b9a43a3700 affinity 51
level 1 thread 0x14b9a41a2700 affinity 52
level 1 thread 0x14b9a3fa1700 affinity 53
level 1 thread 0x14b9a3da0700 affinity 54
level 1 thread 0x14b9a3b9f700 affinity 55
level 1 thread 0x153866a7d7c0 affinity 70
level 1 thread 0x153858771700 affinity 71
level 1 thread 0x153858570700 affinity 72
level 1 thread 0x15385836f700 affinity 73
level 1 thread 0x1538446c5700 affinity 74
level 1 thread 0x1538444c4700 affinity 75
level 1 thread 0x1538442c3700 affinity 76
level 1 thread 0x1538440c2700 affinity 77
level 1 thread 0x153843ec1700 affinity 78
level 1 thread 0x153843cc0700 affinity 79
level 1 thread 0x153843abf700 affinity 80
level 1 thread 0x1538438be700 affinity 81
level 1 thread 0x1538436bd700 affinity 82
level 1 thread 0x1538434bc700 affinity 83
level 1 thread 0x14f16493f7c0 affinity 0
level 1 thread 0x14f1424ca700 affinity 1
level 1 thread 0x14f1422c9700 affinity 2
level 1 thread 0x14f1420c8700 affinity 3
level 1 thread 0x14f141ec7700 affinity 4
level 1 thread 0x14f141cc6700 affinity 5
level 1 thread 0x14f141ac5700 affinity 6
level 1 thread 0x14f1418c4700 affinity 7
level 1 thread 0x14f1416c3700 affinity 8
level 1 thread 0x14f1414c2700 affinity 9
level 1 thread 0x14f1412c1700 affinity 10
level 1 thread 0x14f1410c0700 affinity 11
level 1 thread 0x14f140ebf700 affinity 12
level 1 thread 0x14f140cbe700 affinity 13
level 1 thread 0x14ade99d07c0 affinity 70
level 1 thread 0x14addc2fd700 affinity 71
level 1 thread 0x14adc7a8b700 affinity 72
level 1 thread 0x14adc788a700 affinity 73
level 1 thread 0x14adc7689700 affinity 74
level 1 thread 0x14adc7488700 affinity 75
level 1 thread 0x14adc7287700 affinity 76
level 1 thread 0x14adc7086700 affinity 77
level 1 thread 0x14adc6e85700 affinity 78
level 1 thread 0x14adc6c84700 affinity 79
level 1 thread 0x14adc6a83700 affinity 80
level 1 thread 0x14adc6882700 affinity 81
level 1 thread 0x14adc6681700 affinity 82
level 1 thread 0x14adc6480700 affinity 83
level 1 thread 0x14fd97e897c0 affinity 14
level 1 thread 0x14fd76245700 affinity 15
level 1 thread 0x14fd76044700 affinity 16
level 1 thread 0x14fd75e43700 affinity 17
level 1 thread 0x14fd75c42700 affinity 18
level 1 thread 0x14fd75a41700 affinity 19
level 1 thread 0x14fd75840700 affinity 20
level 1 thread 0x14fd7563f700 affinity 21
level 1 thread 0x14fd7543e700 affinity 22
level 1 thread 0x14fd7523d700 affinity 23
level 1 thread 0x14fd7503c700 affinity 24
level 1 thread 0x14fd74e3b700 affinity 25
level 1 thread 0x14fd74c3a700 affinity 26
level 1 thread 0x14fd74a39700 affinity 27
level 1 thread 0x150c676107c0 affinity 98
level 1 thread 0x150c45dd8700 affinity 99
level 1 thread 0x150c45bd7700 affinity 100
level 1 thread 0x150c459d6700 affinity 101
level 1 thread 0x150c457d5700 affinity 102
level 1 thread 0x150c455d4700 affinity 103
level 1 thread 0x150c453d3700 affinity 104
level 1 thread 0x150c451d2700 affinity 105
level 1 thread 0x150c44fd1700 affinity 106
level 1 thread 0x150c44dd0700 affinity 107
level 1 thread 0x150c44bcf700 affinity 108
level 1 thread 0x150c449ce700 affinity 109
level 1 thread 0x150c447cd700 affinity 110
level 1 thread 0x150c445cc700 affinity 111
level 1 thread 0x147f79ad27c0 affinity 84
level 1 thread 0x147f57e6e700 affinity 85
level 1 thread 0x147f57c6d700 affinity 86
level 1 thread 0x147f57a6c700 affinity 87
level 1 thread 0x147f5786b700 affinity 88
level 1 thread 0x147f5766a700 affinity 89
level 1 thread 0x147f57469700 affinity 90
level 1 thread 0x147f57268700 affinity 91
level 1 thread 0x147f57067700 affinity 92
level 1 thread 0x147f56e66700 affinity 93
level 1 thread 0x147f56c65700 affinity 94
level 1 thread 0x147f56a64700 affinity 95
level 1 thread 0x147f56863700 affinity 96
level 1 thread 0x147f56662700 affinity 97
level 1 thread 0x1535a6a6e7c0 affinity 56
level 1 thread 0x153598341700 affinity 57
level 1 thread 0x1535842ac700 affinity 58
level 1 thread 0x1535840ab700 affinity 59
level 1 thread 0x153583eaa700 affinity 60
level 1 thread 0x153583ca9700 affinity 61
level 1 thread 0x153583aa8700 affinity 62
level 1 thread 0x1535838a7700 affinity 63
level 1 thread 0x1535836a6700 affinity 64
level 1 thread 0x1535834a5700 affinity 65
level 1 thread 0x1535832a4700 affinity 66
level 1 thread 0x1535830a3700 affinity 67
level 1 thread 0x153582ea2700 affinity 68
level 1 thread 0x153582ca1700 affinity 69
level 1 thread 0x148390b0a7c0 affinity 42
level 1 thread 0x14836eec6700 affinity 43
level 1 thread 0x14836ecc5700 affinity 44
level 1 thread 0x14836eac4700 affinity 45
level 1 thread 0x14836e8c3700 affinity 46
level 1 thread 0x14836e6c2700 affinity 47
level 1 thread 0x14836e4c1700 affinity 48
level 1 thread 0x14836e2c0700 affinity 49
level 1 thread 0x14836e0bf700 affinity 50
level 1 thread 0x14836debe700 affinity 51
level 1 thread 0x14836dcbd700 affinity 52
level 1 thread 0x14836dabc700 affinity 53
level 1 thread 0x14836d8bb700 affinity 54
level 1 thread 0x14836d6ba700 affinity 55
level 1 thread 0x151be3afc7c0 affinity 28
level 1 thread 0x151bc1eb6700 affinity 29
level 1 thread 0x151bc1cb5700 affinity 30
level 1 thread 0x151bc1ab4700 affinity 31
level 1 thread 0x151bc18b3700 affinity 32
level 1 thread 0x151bc16b2700 affinity 33
level 1 thread 0x151bc14b1700 affinity 34
level 1 thread 0x151bc12b0700 affinity 35
level 1 thread 0x151bc10af700 affinity 36
level 1 thread 0x151bc0eae700 affinity 37
level 1 thread 0x151bc0cad700 affinity 38
level 1 thread 0x151bc0aac700 affinity 39
level 1 thread 0x151bc08ab700 affinity 40
level 1 thread 0x151bc06aa700 affinity 41
level 1 thread 0x14fea99cd7c0 affinity 14
level 1 thread 0x14fe9c2fd700 affinity 15
level 1 thread 0x14fe87a8b700 affinity 16
level 1 thread 0x14fe8788a700 affinity 17
level 1 thread 0x14fe87689700 affinity 18
level 1 thread 0x14fe87488700 affinity 19
level 1 thread 0x14fe87287700 affinity 20
level 1 thread 0x14fe87086700 affinity 21
level 1 thread 0x14fe86e85700 affinity 22
level 1 thread 0x14fe86c84700 affinity 23
level 1 thread 0x14fe86a83700 affinity 24
level 1 thread 0x14fe86882700 affinity 25
level 1 thread 0x14fe86681700 affinity 26
level 1 thread 0x14fe86480700 affinity 27
level 1 thread 0x14cadde05700 affinity 53
level 1 thread 0x14caddc04700 affinity 54
level 1 thread 0x14cadda03700 affinity 55
level 1 thread 0x151e0950d7c0 affinity 98
level 1 thread 0x151dfc25d700 affinity 99
level 1 thread 0x151df4fbf700 affinity 100
level 1 thread 0x151df4dbe700 affinity 101
level 1 thread 0x151df4bbd700 affinity 102
level 1 thread 0x151df49bc700 affinity 103
level 1 thread 0x151df47bb700 affinity 104
level 1 thread 0x153d388b47c0 affinity 28
level 1 thread 0x153d16c6c700 affinity 29
level 1 thread 0x153d16a6b700 affinity 30
level 1 thread 0x153d1686a700 affinity 31
level 1 thread 0x153d16669700 affinity 32
level 1 thread 0x153d16468700 affinity 33
level 1 thread 0x153d16267700 affinity 34
level 1 thread 0x153d16066700 affinity 35
level 1 thread 0x153d15e65700 affinity 36
level 1 thread 0x153d15c64700 affinity 37
level 1 thread 0x153d15a63700 affinity 38
level 1 thread 0x153d15862700 affinity 39
level 1 thread 0x153d15661700 affinity 40
level 1 thread 0x153d15460700 affinity 41
level 1 thread 0x151df45ba700 affinity 105
level 1 thread 0x151df43b9700 affinity 106
level 1 thread 0x151de6acb700 affinity 107
level 1 thread 0x151de68ca700 affinity 108
level 1 thread 0x151de66c9700 affinity 109
level 1 thread 0x151de64c8700 affinity 110
level 1 thread 0x151de62c7700 affinity 111
level 1 thread 0x146b8af237c0 affinity 28
level 1 thread 0x146b692e0700 affinity 29
level 1 thread 0x146b690df700 affinity 30
level 1 thread 0x146b68ede700 affinity 31
level 1 thread 0x146b68cdd700 affinity 32
level 1 thread 0x146b68adc700 affinity 33
level 1 thread 0x146b688db700 affinity 34
level 1 thread 0x146b686da700 affinity 35
level 1 thread 0x146b684d9700 affinity 36
level 1 thread 0x146b682d8700 affinity 37
level 1 thread 0x146b680d7700 affinity 38
level 1 thread 0x146b67ed6700 affinity 39
level 1 thread 0x146b67cd5700 affinity 40
level 1 thread 0x146b67ad4700 affinity 41
level 1 thread 0x153c75d047c0 affinity 42
level 1 thread 0x153c6822d700 affinity 43
level 1 thread 0x153c53e93700 affinity 44
level 1 thread 0x153c53c92700 affinity 45
level 1 thread 0x153c53a91700 affinity 46
level 1 thread 0x153c53890700 affinity 47
level 1 thread 0x153c5368f700 affinity 48
level 1 thread 0x153c5348e700 affinity 49
level 1 thread 0x153c5328d700 affinity 50
level 1 thread 0x153c5308c700 affinity 51
level 1 thread 0x153c52e8b700 affinity 52
level 1 thread 0x153c52c8a700 affinity 53
level 1 thread 0x153c52a89700 affinity 54
level 1 thread 0x153c52888700 affinity 55
level 1 thread 0x1509f0e7c7c0 affinity 14
level 1 thread 0x1509cf234700 affinity 15
level 1 thread 0x1509cf033700 affinity 16
level 1 thread 0x1509cee32700 affinity 17
level 1 thread 0x1509cec31700 affinity 18
level 1 thread 0x1509cea30700 affinity 19
level 1 thread 0x1509ce82f700 affinity 20
level 1 thread 0x1509ce62e700 affinity 21
level 1 thread 0x1509ce42d700 affinity 22
level 1 thread 0x1509ce22c700 affinity 23
level 1 thread 0x1509ce02b700 affinity 24
level 1 thread 0x1509cde2a700 affinity 25
level 1 thread 0x1509cdc29700 affinity 26
level 1 thread 0x1509cda28700 affinity 27
level 1 thread 0x14dde5bb97c0 affinity 42
level 1 thread 0x14ddc3e93700 affinity 43
level 1 thread 0x14ddc3c92700 affinity 44
level 1 thread 0x14ddc3a91700 affinity 45
level 1 thread 0x14ddc3890700 affinity 46
level 1 thread 0x14ddc368f700 affinity 47
level 1 thread 0x14ddc348e700 affinity 48
level 1 thread 0x14ddc328d700 affinity 49
level 1 thread 0x14ddc308c700 affinity 50
level 1 thread 0x14ddc2e8b700 affinity 51
level 1 thread 0x14ddc2c8a700 affinity 52
level 1 thread 0x14ddc2a89700 affinity 53
level 1 thread 0x14ddc2888700 affinity 54
level 1 thread 0x14ddc2687700 affinity 55
Done. Logs in outputs_leonardo/, summary in outputs_leonardo/results_8Node_64Tasks_14Threads.csv
