Loading openmpi/4.1.6--gcc--12.2.0
  Loading requirement: gcc/12.2.0-binut2.41
Running with  threads
level 1 thread 0x14fb51f2a7c0 affinity 56
level 1 thread 0x14faeef34700 affinity 57
level 1 thread 0x14faeed33700 affinity 58
level 1 thread 0x14faeeb32700 affinity 59
level 1 thread 0x14faee931700 affinity 60
level 1 thread 0x14faee730700 affinity 61
level 1 thread 0x14faee52f700 affinity 62
level 1 thread 0x14faee32e700 affinity 63
level 1 thread 0x14faee12d700 affinity 64
level 1 thread 0x14faedf2c700 affinity 65
level 1 thread 0x14faedd2b700 affinity 66
level 1 thread 0x14faedb2a700 affinity 67
level 1 thread 0x14faed929700 affinity 68
level 1 thread 0x14faed728700 affinity 69
level 1 thread 0x145d384b47c0 affinity 28
level 1 thread 0x145cd58cd700 affinity 29
level 1 thread 0x145cd56cc700 affinity 30
level 1 thread 0x145cd54cb700 affinity 31
level 1 thread 0x145cd52ca700 affinity 32
level 1 thread 0x145cd50c9700 affinity 33
level 1 thread 0x145cd4ec8700 affinity 34
level 1 thread 0x145cd4cc7700 affinity 35
level 1 thread 0x145cd4ac6700 affinity 36
level 1 thread 0x145cd48c5700 affinity 37
level 1 thread 0x145cd46c4700 affinity 38
level 1 thread 0x145cd44c3700 affinity 39
level 1 thread 0x145cd42c2700 affinity 40
level 1 thread 0x145cd40c1700 affinity 41
level 1 thread 0x1499f93c07c0 affinity 0
level 1 thread 0x1499e4b95700 affinity 1
level 1 thread 0x1499e4994700 affinity 2
level 1 thread 0x1499e4793700 affinity 3
level 1 thread 0x1499e4592700 affinity 4
level 1 thread 0x1499e4391700 affinity 5
level 1 thread 0x149995753700 affinity 6
level 1 thread 0x149995552700 affinity 7
level 1 thread 0x149995351700 affinity 8
level 1 thread 0x149995150700 affinity 9
level 1 thread 0x149994f4f700 affinity 10
level 1 thread 0x149994d4e700 affinity 11
level 1 thread 0x149994b4d700 affinity 12
level 1 thread 0x14999494c700 affinity 13
level 1 thread 0x1515a159c7c0 affinity 98
level 1 thread 0x1515942cb700 affinity 99
level 1 thread 0x15158d3c7700 affinity 100
level 1 thread 0x15158d1c6700 affinity 101
level 1 thread 0x15158cfc5700 affinity 102
level 1 thread 0x15158cdc4700 affinity 103
level 1 thread 0x15158cbc3700 affinity 104
level 1 thread 0x15158c9c2700 affinity 105
level 1 thread 0x15158c7c1700 affinity 106
level 1 thread 0x15158c5c0700 affinity 107
level 1 thread 0x15158c3bf700 affinity 108
level 1 thread 0x15153d753700 affinity 109
level 1 thread 0x15153d552700 affinity 110
level 1 thread 0x15153d351700 affinity 111
level 1 thread 0x153daa37d7c0 affinity 42
level 1 thread 0x153d9c87a700 affinity 43
level 1 thread 0x153d9c679700 affinity 44
level 1 thread 0x153d9c478700 affinity 45
level 1 thread 0x153d9c277700 affinity 46
level 1 thread 0x153d4734d700 affinity 47
level 1 thread 0x153d4714c700 affinity 48
level 1 thread 0x153d46f4b700 affinity 49
level 1 thread 0x153d46d4a700 affinity 50
level 1 thread 0x153d46b49700 affinity 51
level 1 thread 0x153d46948700 affinity 52
level 1 thread 0x153d46747700 affinity 53
level 1 thread 0x153d46546700 affinity 54
level 1 thread 0x153d46345700 affinity 55
level 1 thread 0x14f7f64127c0 affinity 84
level 1 thread 0x14f7e84dd700 affinity 85
level 1 thread 0x14f7e82dc700 affinity 86
level 1 thread 0x14f79334d700 affinity 87
level 1 thread 0x14f79314c700 affinity 88
level 1 thread 0x14f792f4b700 affinity 89
level 1 thread 0x14f792d4a700 affinity 90
level 1 thread 0x14f792b49700 affinity 91
level 1 thread 0x14f792948700 affinity 92
level 1 thread 0x14f792747700 affinity 93
level 1 thread 0x14f792546700 affinity 94
level 1 thread 0x14f792345700 affinity 95
level 1 thread 0x14f792144700 affinity 96
level 1 thread 0x14f791f43700 affinity 97
level 1 thread 0x153ae90487c0 affinity 14
level 1 thread 0x153ad4b95700 affinity 15
level 1 thread 0x153ad4994700 affinity 16
level 1 thread 0x153ad4793700 affinity 17
level 1 thread 0x153ad4592700 affinity 18
level 1 thread 0x153ad4391700 affinity 19
level 1 thread 0x153a85753700 affinity 20
level 1 thread 0x153a85552700 affinity 21
level 1 thread 0x153a85351700 affinity 22
level 1 thread 0x153a85150700 affinity 23
level 1 thread 0x153a84f4f700 affinity 24
level 1 thread 0x153a84d4e700 affinity 25
level 1 thread 0x153a84b4d700 affinity 26
level 1 thread 0x153a8494c700 affinity 27
level 1 thread 0x1539e42b47c0 affinity 70
level 1 thread 0x1539816cd700 affinity 71
level 1 thread 0x1539814cc700 affinity 72
level 1 thread 0x1539812cb700 affinity 73
level 1 thread 0x1539810ca700 affinity 74
level 1 thread 0x153980ec9700 affinity 75
level 1 thread 0x153980cc8700 affinity 76
level 1 thread 0x153980ac7700 affinity 77
level 1 thread 0x1539808c6700 affinity 78
level 1 thread 0x1539806c5700 affinity 79
level 1 thread 0x1539804c4700 affinity 80
level 1 thread 0x1539802c3700 affinity 81
level 1 thread 0x1539800c2700 affinity 82
level 1 thread 0x15397fec1700 affinity 83
Done. Logs in outputs_leonardo/, summary in outputs_leonardo/results_1Node_8Tasks_14Threads.csv
