Loading openmpi/4.1.6--gcc--12.2.0
  Loading requirement: gcc/12.2.0-binut2.41
Running with  threads
level 1 thread 0x14eca90207c0 affinity 14
level 1 thread 0x14ec9478d700 affinity 15
level 1 thread 0x14ec9458c700 affinity 16
level 1 thread 0x14ec9438b700 affinity 17
level 1 thread 0x14ec8b551700 affinity 18
level 1 thread 0x14ec8b350700 affinity 19
level 1 thread 0x14ec8b14f700 affinity 20
level 1 thread 0x14ec8af4e700 affinity 21
level 1 thread 0x14ec8ad4d700 affinity 22
level 1 thread 0x14ec8ab4c700 affinity 23
level 1 thread 0x14ec8a94b700 affinity 24
level 1 thread 0x14ec8a74a700 affinity 25
level 1 thread 0x14ec8a549700 affinity 26
level 1 thread 0x14ec8a348700 affinity 27
level 1 thread 0x1485029ac7c0 affinity 28
level 1 thread 0x1484f46a2700 affinity 29
level 1 thread 0x1484f44a1700 affinity 30
level 1 thread 0x1484f42a0700 affinity 31
level 1 thread 0x1484e514b700 affinity 32
level 1 thread 0x1484e4f4a700 affinity 33
level 1 thread 0x1484e4d49700 affinity 34
level 1 thread 0x1484e4b48700 affinity 35
level 1 thread 0x1484e4947700 affinity 36
level 1 thread 0x1484e4746700 affinity 37
level 1 thread 0x1484e4545700 affinity 38
level 1 thread 0x1484e4344700 affinity 39
level 1 thread 0x1484e4143700 affinity 40
level 1 thread 0x1484e3f42700 affinity 41
level 1 thread 0x15089c5cc7c0 affinity 0
level 1 thread 0x15087f821700 affinity 1
level 1 thread 0x15087f620700 affinity 2
level 1 thread 0x15087f41f700 affinity 3
level 1 thread 0x15087f21e700 affinity 4
level 1 thread 0x15087f01d700 affinity 5
level 1 thread 0x15087ee1c700 affinity 6
level 1 thread 0x15087ec1b700 affinity 7
level 1 thread 0x15087ea1a700 affinity 8
level 1 thread 0x15087e819700 affinity 9
level 1 thread 0x15087e618700 affinity 10
level 1 thread 0x15087e417700 affinity 11
level 1 thread 0x15087e216700 affinity 12
level 1 thread 0x15087e015700 affinity 13
level 1 thread 0x14e9a85b67c0 affinity 84
level 1 thread 0x14e98b3f7700 affinity 85
level 1 thread 0x14e98b1f6700 affinity 86
level 1 thread 0x14e98aff5700 affinity 87
level 1 thread 0x14e98adf4700 affinity 88
level 1 thread 0x14e98abf3700 affinity 89
level 1 thread 0x14e98a9f2700 affinity 90
level 1 thread 0x14e98a7f1700 affinity 91
level 1 thread 0x14e98a5f0700 affinity 92
level 1 thread 0x14e98a3ef700 affinity 93
level 1 thread 0x14e98a1ee700 affinity 94
level 1 thread 0x14e989fed700 affinity 95
level 1 thread 0x14e989dec700 affinity 96
level 1 thread 0x14e989beb700 affinity 97
level 1 thread 0x14798afea7c0 affinity 56
level 1 thread 0x14796de29700 affinity 57
level 1 thread 0x14796dc28700 affinity 58
level 1 thread 0x14796da27700 affinity 59
level 1 thread 0x14796d826700 affinity 60
level 1 thread 0x14796d625700 affinity 61
level 1 thread 0x14796d424700 affinity 62
level 1 thread 0x14796d223700 affinity 63
level 1 thread 0x14796d022700 affinity 64
level 1 thread 0x14796ce21700 affinity 65
level 1 thread 0x14796cc20700 affinity 66
level 1 thread 0x14796ca1f700 affinity 67
level 1 thread 0x14796c81e700 affinity 68
level 1 thread 0x14796c61d700 affinity 69
level 1 thread 0x14dc0275d7c0 affinity 0
level 1 thread 0x14dbf4874700 affinity 1
level 1 thread 0x14dbf4673700 affinity 2
level 1 thread 0x14dbf4472700 affinity 3
level 1 thread 0x14dbf4271700 affinity 4
level 1 thread 0x14dbe514b700 affinity 5
level 1 thread 0x14dbe4f4a700 affinity 6
level 1 thread 0x14dbe4d49700 affinity 7
level 1 thread 0x14dbe4b48700 affinity 8
level 1 thread 0x14dbe4947700 affinity 9
level 1 thread 0x14dbe4746700 affinity 10
level 1 thread 0x14dbe4545700 affinity 11
level 1 thread 0x14dbe4344700 affinity 12
level 1 thread 0x14dbe4143700 affinity 13
level 1 thread 0x145e268d27c0 affinity 70
level 1 thread 0x145e185c5700 affinity 71
level 1 thread 0x145e183c4700 affinity 72
level 1 thread 0x145e0914b700 affinity 73
level 1 thread 0x145e08f4a700 affinity 74
level 1 thread 0x145e08d49700 affinity 75
level 1 thread 0x145e08b48700 affinity 76
level 1 thread 0x145e08947700 affinity 77
level 1 thread 0x145e08746700 affinity 78
level 1 thread 0x145e08545700 affinity 79
level 1 thread 0x145e08344700 affinity 80
level 1 thread 0x145e08143700 affinity 81
level 1 thread 0x145e07f42700 affinity 82
level 1 thread 0x145e07d41700 affinity 83
level 1 thread 0x150e43cad7c0 affinity 14
level 1 thread 0x150e26af1700 affinity 15
level 1 thread 0x150e268f0700 affinity 16
level 1 thread 0x150e266ef700 affinity 17
level 1 thread 0x150e264ee700 affinity 18
level 1 thread 0x150e262ed700 affinity 19
level 1 thread 0x150e260ec700 affinity 20
level 1 thread 0x150e25eeb700 affinity 21
level 1 thread 0x150e25cea700 affinity 22
level 1 thread 0x150e25ae9700 affinity 23
level 1 thread 0x150e258e8700 affinity 24
level 1 thread 0x150e256e7700 affinity 25
level 1 thread 0x150e254e6700 affinity 26
level 1 thread 0x150e252e5700 affinity 27
level 1 thread 0x14cda5e667c0 affinity 42
level 1 thread 0x14cd9838b700 affinity 43
level 1 thread 0x14cd88919700 affinity 44
level 1 thread 0x14cd88718700 affinity 45
level 1 thread 0x14cd88517700 affinity 46
level 1 thread 0x14cd88316700 affinity 47
level 1 thread 0x14cd88115700 affinity 48
level 1 thread 0x14cd87f14700 affinity 49
level 1 thread 0x14cd87d13700 affinity 50
level 1 thread 0x14cd87b12700 affinity 51
level 1 thread 0x14cd87911700 affinity 52
level 1 thread 0x14cd87710700 affinity 53
level 1 thread 0x14cd8750f700 affinity 54
level 1 thread 0x14cd8730e700 affinity 55
level 1 thread 0x154fdcacd7c0 affinity 0
level 1 thread 0x154fbfd23700 affinity 1
level 1 thread 0x154fbfb22700 affinity 2
level 1 thread 0x154fbf921700 affinity 3
level 1 thread 0x154fbf720700 affinity 4
level 1 thread 0x154fbf51f700 affinity 5
level 1 thread 0x154fbf31e700 affinity 6
level 1 thread 0x154fbf11d700 affinity 7
level 1 thread 0x154fbef1c700 affinity 8
level 1 thread 0x154fbed1b700 affinity 9
level 1 thread 0x154fbeb1a700 affinity 10
level 1 thread 0x154fbe919700 affinity 11
level 1 thread 0x154fbe718700 affinity 12
level 1 thread 0x154fbe517700 affinity 13
level 1 thread 0x14735bab57c0 affinity 28
level 1 thread 0x14733e8f2700 affinity 29
level 1 thread 0x14733e6f1700 affinity 30
level 1 thread 0x14733e4f0700 affinity 31
level 1 thread 0x14733e2ef700 affinity 32
level 1 thread 0x14733e0ee700 affinity 33
level 1 thread 0x14733deed700 affinity 34
level 1 thread 0x14733dcec700 affinity 35
level 1 thread 0x14733daeb700 affinity 36
level 1 thread 0x14733d8ea700 affinity 37
level 1 thread 0x14733d6e9700 affinity 38
level 1 thread 0x14733d4e8700 affinity 39
level 1 thread 0x14733d2e7700 affinity 40
level 1 thread 0x14733d0e6700 affinity 41
level 1 thread 0x14a5c653a7c0 affinity 0
level 1 thread 0x14a5b8644700 affinity 1
level 1 thread 0x14a5b8443700 affinity 2
level 1 thread 0x14a5b8242700 affinity 3
level 1 thread 0x14a5a9157700 affinity 4
level 1 thread 0x14a5a8f56700 affinity 5
level 1 thread 0x14a5a8d55700 affinity 6
level 1 thread 0x14a5a8b54700 affinity 7
level 1 thread 0x14a5a8953700 affinity 8
level 1 thread 0x14a5a8752700 affinity 9
level 1 thread 0x14a5a8551700 affinity 10
level 1 thread 0x14a5a8350700 affinity 11
level 1 thread 0x14a5a814f700 affinity 12
level 1 thread 0x14a5a7f4e700 affinity 13
level 1 thread 0x15212d7fa7c0 affinity 42
level 1 thread 0x152118fbf700 affinity 43
level 1 thread 0x152118dbe700 affinity 44
level 1 thread 0x152118bbd700 affinity 45
level 1 thread 0x1521189bc700 affinity 46
level 1 thread 0x1521187bb700 affinity 47
level 1 thread 0x1521185ba700 affinity 48
level 1 thread 0x1521183b9700 affinity 49
level 1 thread 0x15210f551700 affinity 50
level 1 thread 0x15210f350700 affinity 51
level 1 thread 0x15210f14f700 affinity 52
level 1 thread 0x15210ef4e700 affinity 53
level 1 thread 0x15210ed4d700 affinity 54
level 1 thread 0x15210eb4c700 affinity 55
level 1 thread 0x14f9ab5387c0 affinity 42
level 1 thread 0x14f99c28f700 affinity 43
level 1 thread 0x14f98e0e5700 affinity 44
level 1 thread 0x14f98dee4700 affinity 45
level 1 thread 0x14f98dce3700 affinity 46
level 1 thread 0x14f98dae2700 affinity 47
level 1 thread 0x14f98d8e1700 affinity 48
level 1 thread 0x14f98d6e0700 affinity 49
level 1 thread 0x14f98d4df700 affinity 50
level 1 thread 0x14f98d2de700 affinity 51
level 1 thread 0x14f98d0dd700 affinity 52
level 1 thread 0x1534fc7e67c0 affinity 28
level 1 thread 0x1534df634700 affinity 29
level 1 thread 0x1534df433700 affinity 30
level 1 thread 0x1534df232700 affinity 31
level 1 thread 0x1534df031700 affinity 32
level 1 thread 0x1534dee30700 affinity 33
level 1 thread 0x1534dec2f700 affinity 34
level 1 thread 0x1534dea2e700 affinity 35
level 1 thread 0x1534de82d700 affinity 36
level 1 thread 0x1534de62c700 affinity 37
level 1 thread 0x1534de42b700 affinity 38
level 1 thread 0x1534de22a700 affinity 39
level 1 thread 0x1534de029700 affinity 40
level 1 thread 0x1534dde28700 affinity 41
level 1 thread 0x14996b39e7c0 affinity 14
level 1 thread 0x14994e0e5700 affinity 15
level 1 thread 0x14994dee4700 affinity 16
level 1 thread 0x14994dce3700 affinity 17
level 1 thread 0x14994dae2700 affinity 18
level 1 thread 0x14994d8e1700 affinity 19
level 1 thread 0x14994d6e0700 affinity 20
level 1 thread 0x14994d4df700 affinity 21
level 1 thread 0x14994d2de700 affinity 22
level 1 thread 0x14994d0dd700 affinity 23
level 1 thread 0x14994cedc700 affinity 24
level 1 thread 0x14994ccdb700 affinity 25
level 1 thread 0x14994cada700 affinity 26
level 1 thread 0x14994c8d9700 affinity 27
level 1 thread 0x14f98cedc700 affinity 53
level 1 thread 0x14f98ccdb700 affinity 54
level 1 thread 0x14f98cada700 affinity 55
level 1 thread 0x14adf08cd7c0 affinity 28
level 1 thread 0x14add370e700 affinity 29
level 1 thread 0x14add350d700 affinity 30
level 1 thread 0x14add330c700 affinity 31
level 1 thread 0x14add310b700 affinity 32
level 1 thread 0x14add2f0a700 affinity 33
level 1 thread 0x14add2d09700 affinity 34
level 1 thread 0x14add2b08700 affinity 35
level 1 thread 0x14add2907700 affinity 36
level 1 thread 0x14add2706700 affinity 37
level 1 thread 0x14add2505700 affinity 38
level 1 thread 0x14add2304700 affinity 39
level 1 thread 0x14add2103700 affinity 40
level 1 thread 0x14add1f02700 affinity 41
level 1 thread 0x14cbac8687c0 affinity 14
level 1 thread 0x14cb8f6a8700 affinity 15
level 1 thread 0x14cb8f4a7700 affinity 16
level 1 thread 0x14cb8f2a6700 affinity 17
level 1 thread 0x14cb8f0a5700 affinity 18
level 1 thread 0x14cb8eea4700 affinity 19
level 1 thread 0x14cb8eca3700 affinity 20
level 1 thread 0x14cb8eaa2700 affinity 21
level 1 thread 0x14cb8e8a1700 affinity 22
level 1 thread 0x14cb8e6a0700 affinity 23
level 1 thread 0x14cb8e49f700 affinity 24
level 1 thread 0x14cb8e29e700 affinity 25
level 1 thread 0x14cb8e09d700 affinity 26
level 1 thread 0x14cb8de9c700 affinity 27
level 1 thread 0x1482ed0a87c0 affinity 0
level 1 thread 0x1482e020f700 affinity 1
level 1 thread 0x1482d8ba6700 affinity 2
level 1 thread 0x1482d89a5700 affinity 3
level 1 thread 0x1482d87a4700 affinity 4
level 1 thread 0x1482d85a3700 affinity 5
level 1 thread 0x1482d83a2700 affinity 6
level 1 thread 0x1482cf55d700 affinity 7
level 1 thread 0x1482cf35c700 affinity 8
level 1 thread 0x1482cf15b700 affinity 9
level 1 thread 0x1482cef5a700 affinity 10
level 1 thread 0x1482ced59700 affinity 11
level 1 thread 0x1482ceb58700 affinity 12
level 1 thread 0x1482ce957700 affinity 13
level 1 thread 0x148c0bf7d7c0 affinity 14
level 1 thread 0x148beedc9700 affinity 15
level 1 thread 0x148beebc8700 affinity 16
level 1 thread 0x148bee9c7700 affinity 17
level 1 thread 0x148bee7c6700 affinity 18
level 1 thread 0x148bee5c5700 affinity 19
level 1 thread 0x148bee3c4700 affinity 20
level 1 thread 0x148bee1c3700 affinity 21
level 1 thread 0x148bedfc2700 affinity 22
level 1 thread 0x148beddc1700 affinity 23
level 1 thread 0x148bedbc0700 affinity 24
level 1 thread 0x148bed9bf700 affinity 25
level 1 thread 0x148bed7be700 affinity 26
level 1 thread 0x148bed5bd700 affinity 27
level 1 thread 0x14600f5bd7c0 affinity 28
level 1 thread 0x145ff2407700 affinity 29
level 1 thread 0x145ff2206700 affinity 30
level 1 thread 0x145ff2005700 affinity 31
level 1 thread 0x145ff1e04700 affinity 32
level 1 thread 0x145ff1c03700 affinity 33
level 1 thread 0x145ff1a02700 affinity 34
level 1 thread 0x145ff1801700 affinity 35
level 1 thread 0x145ff1600700 affinity 36
level 1 thread 0x145ff13ff700 affinity 37
level 1 thread 0x145ff11fe700 affinity 38
level 1 thread 0x145ff0ffd700 affinity 39
level 1 thread 0x145ff0dfc700 affinity 40
level 1 thread 0x145ff0bfb700 affinity 41
level 1 thread 0x154d45cf77c0 affinity 98
level 1 thread 0x154d38227700 affinity 99
level 1 thread 0x154d28d3e700 affinity 100
level 1 thread 0x154d28b3d700 affinity 101
level 1 thread 0x154d2893c700 affinity 102
level 1 thread 0x154d2873b700 affinity 103
level 1 thread 0x154d2853a700 affinity 104
level 1 thread 0x154d28339700 affinity 105
level 1 thread 0x154d28138700 affinity 106
level 1 thread 0x154d27f37700 affinity 107
level 1 thread 0x154d27d36700 affinity 108
level 1 thread 0x154d27b35700 affinity 109
level 1 thread 0x154d27934700 affinity 110
level 1 thread 0x154d27733700 affinity 111
level 1 thread 0x154fcbecc7c0 affinity 14
level 1 thread 0x154faed0d700 affinity 15
level 1 thread 0x154faeb0c700 affinity 16
level 1 thread 0x154fae90b700 affinity 17
level 1 thread 0x154fae70a700 affinity 18
level 1 thread 0x154fae509700 affinity 19
level 1 thread 0x154fae308700 affinity 20
level 1 thread 0x154fae107700 affinity 21
level 1 thread 0x154fadf06700 affinity 22
level 1 thread 0x154fadd05700 affinity 23
level 1 thread 0x154fadb04700 affinity 24
level 1 thread 0x154fad903700 affinity 25
level 1 thread 0x154fad702700 affinity 26
level 1 thread 0x154fad501700 affinity 27
level 1 thread 0x152e9a9c37c0 affinity 0
level 1 thread 0x152e8cad8700 affinity 1
level 1 thread 0x152e8c8d7700 affinity 2
level 1 thread 0x152e8c6d6700 affinity 3
level 1 thread 0x152e8c4d5700 affinity 4
level 1 thread 0x152e8c2d4700 affinity 5
level 1 thread 0x152e7d14b700 affinity 6
level 1 thread 0x152e7cf4a700 affinity 7
level 1 thread 0x152e7cd49700 affinity 8
level 1 thread 0x152e7cb48700 affinity 9
level 1 thread 0x152e7c947700 affinity 10
level 1 thread 0x152e7c746700 affinity 11
level 1 thread 0x152e7c545700 affinity 12
level 1 thread 0x152e7c344700 affinity 13
level 1 thread 0x14a81000d7c0 affinity 98
level 1 thread 0x14a7f3273700 affinity 99
level 1 thread 0x14a7f3072700 affinity 100
level 1 thread 0x14a7f2e71700 affinity 101
level 1 thread 0x14a7f2c70700 affinity 102
level 1 thread 0x14a7f2a6f700 affinity 103
level 1 thread 0x14a7f286e700 affinity 104
level 1 thread 0x14a7f266d700 affinity 105
level 1 thread 0x14a7f246c700 affinity 106
level 1 thread 0x14a7f226b700 affinity 107
level 1 thread 0x14a7f206a700 affinity 108
level 1 thread 0x14a7f1e69700 affinity 109
level 1 thread 0x14a7f1c68700 affinity 110
level 1 thread 0x14a7f1a67700 affinity 111
level 1 thread 0x14b2cc7537c0 affinity 28
level 1 thread 0x14b2af590700 affinity 29
level 1 thread 0x14b2af38f700 affinity 30
level 1 thread 0x14b2af18e700 affinity 31
level 1 thread 0x14b2aef8d700 affinity 32
level 1 thread 0x14b2aed8c700 affinity 33
level 1 thread 0x14b2aeb8b700 affinity 34
level 1 thread 0x14b2ae98a700 affinity 35
level 1 thread 0x14b2ae789700 affinity 36
level 1 thread 0x14b2ae588700 affinity 37
level 1 thread 0x14b2ae387700 affinity 38
level 1 thread 0x14b2ae186700 affinity 39
level 1 thread 0x14b2adf85700 affinity 40
level 1 thread 0x14b2add84700 affinity 41
level 1 thread 0x14725505f7c0 affinity 0
level 1 thread 0x147240ba6700 affinity 1
level 1 thread 0x1472409a5700 affinity 2
level 1 thread 0x1472407a4700 affinity 3
level 1 thread 0x1472405a3700 affinity 4
level 1 thread 0x1472403a2700 affinity 5
level 1 thread 0x147237551700 affinity 6
level 1 thread 0x147237350700 affinity 7
level 1 thread 0x14723714f700 affinity 8
level 1 thread 0x147236f4e700 affinity 9
level 1 thread 0x147236d4d700 affinity 10
level 1 thread 0x147236b4c700 affinity 11
level 1 thread 0x14723694b700 affinity 12
level 1 thread 0x14723674a700 affinity 13
level 1 thread 0x1532521897c0 affinity 70
level 1 thread 0x153244297700 affinity 71
level 1 thread 0x153234d3e700 affinity 72
level 1 thread 0x153234b3d700 affinity 73
level 1 thread 0x15323493c700 affinity 74
level 1 thread 0x15323473b700 affinity 75
level 1 thread 0x15323453a700 affinity 76
level 1 thread 0x153234339700 affinity 77
level 1 thread 0x153234138700 affinity 78
level 1 thread 0x153233f37700 affinity 79
level 1 thread 0x153233d36700 affinity 80
level 1 thread 0x153233b35700 affinity 81
level 1 thread 0x153233934700 affinity 82
level 1 thread 0x153233733700 affinity 83
level 1 thread 0x14f20040a7c0 affinity 56
level 1 thread 0x14f1e3242700 affinity 57
level 1 thread 0x14f1e3041700 affinity 58
level 1 thread 0x14f1e2e40700 affinity 59
level 1 thread 0x14f1e2c3f700 affinity 60
level 1 thread 0x14f1e2a3e700 affinity 61
level 1 thread 0x14f1e283d700 affinity 62
level 1 thread 0x14f1e263c700 affinity 63
level 1 thread 0x14f1e243b700 affinity 64
level 1 thread 0x14f1e223a700 affinity 65
level 1 thread 0x14f1e2039700 affinity 66
level 1 thread 0x14f1e1e38700 affinity 67
level 1 thread 0x14f1e1c37700 affinity 68
level 1 thread 0x14f1e1a36700 affinity 69
level 1 thread 0x153cf404b7c0 affinity 42
level 1 thread 0x153cd6e84700 affinity 43
level 1 thread 0x153cd6c83700 affinity 44
level 1 thread 0x153cd6a82700 affinity 45
level 1 thread 0x153cd6881700 affinity 46
level 1 thread 0x153cd6680700 affinity 47
level 1 thread 0x153cd647f700 affinity 48
level 1 thread 0x153cd627e700 affinity 49
level 1 thread 0x153cd607d700 affinity 50
level 1 thread 0x153cd5e7c700 affinity 51
level 1 thread 0x153cd5c7b700 affinity 52
level 1 thread 0x153cd5a7a700 affinity 53
level 1 thread 0x153cd5879700 affinity 54
level 1 thread 0x153cd5678700 affinity 55
level 1 thread 0x14c1aefc27c0 affinity 42
level 1 thread 0x14c191dfb700 affinity 43
level 1 thread 0x14c191bfa700 affinity 44
level 1 thread 0x14c1919f9700 affinity 45
level 1 thread 0x14c1917f8700 affinity 46
level 1 thread 0x14c1915f7700 affinity 47
level 1 thread 0x14c1913f6700 affinity 48
level 1 thread 0x14c1911f5700 affinity 49
level 1 thread 0x14c190ff4700 affinity 50
level 1 thread 0x14c190df3700 affinity 51
level 1 thread 0x14c190bf2700 affinity 52
level 1 thread 0x14c1909f1700 affinity 53
level 1 thread 0x14c1907f0700 affinity 54
level 1 thread 0x14c1905ef700 affinity 55
level 1 thread 0x1531f19967c0 affinity 56
level 1 thread 0x1531e42c6700 affinity 57
level 1 thread 0x1531d4511700 affinity 58
level 1 thread 0x1531d4310700 affinity 59
level 1 thread 0x1531d410f700 affinity 60
level 1 thread 0x1531d3f0e700 affinity 61
level 1 thread 0x1531d3d0d700 affinity 62
level 1 thread 0x1531d3b0c700 affinity 63
level 1 thread 0x1531d390b700 affinity 64
level 1 thread 0x1531d370a700 affinity 65
level 1 thread 0x1531d3509700 affinity 66
level 1 thread 0x1531d3308700 affinity 67
level 1 thread 0x1531d3107700 affinity 68
level 1 thread 0x1531d2f06700 affinity 69
level 1 thread 0x149dfba487c0 affinity 28
level 1 thread 0x149dde889700 affinity 29
level 1 thread 0x149dde688700 affinity 30
level 1 thread 0x149dde487700 affinity 31
level 1 thread 0x149dde286700 affinity 32
level 1 thread 0x149dde085700 affinity 33
level 1 thread 0x149ddde84700 affinity 34
level 1 thread 0x149dddc83700 affinity 35
level 1 thread 0x149ddda82700 affinity 36
level 1 thread 0x149ddd881700 affinity 37
level 1 thread 0x149ddd680700 affinity 38
level 1 thread 0x149ddd47f700 affinity 39
level 1 thread 0x149ddd27e700 affinity 40
level 1 thread 0x149ddd07d700 affinity 41
level 1 thread 0x14c50a6e87c0 affinity 42
level 1 thread 0x14c4fc3dc700 affinity 43
level 1 thread 0x14c4ed157700 affinity 44
level 1 thread 0x14c4ecf56700 affinity 45
level 1 thread 0x14c4ecd55700 affinity 46
level 1 thread 0x14c4ecb54700 affinity 47
level 1 thread 0x14c4ec953700 affinity 48
level 1 thread 0x14c4ec752700 affinity 49
level 1 thread 0x14c4ec551700 affinity 50
level 1 thread 0x14c4ec350700 affinity 51
level 1 thread 0x14c4ec14f700 affinity 52
level 1 thread 0x14c4ebf4e700 affinity 53
level 1 thread 0x14c4ebd4d700 affinity 54
level 1 thread 0x14c4ebb4c700 affinity 55
level 1 thread 0x14ff88f047c0 affinity 70
level 1 thread 0x14ff6bcdf700 affinity 71
level 1 thread 0x14ff6bade700 affinity 72
level 1 thread 0x14ff6b8dd700 affinity 73
level 1 thread 0x14ff6b6dc700 affinity 74
level 1 thread 0x14ff6b4db700 affinity 75
level 1 thread 0x14ff6b2da700 affinity 76
level 1 thread 0x14ff6b0d9700 affinity 77
level 1 thread 0x14ff6aed8700 affinity 78
level 1 thread 0x14ff6acd7700 affinity 79
level 1 thread 0x14ff6aad6700 affinity 80
level 1 thread 0x14ff6a8d5700 affinity 81
level 1 thread 0x14ff6a6d4700 affinity 82
level 1 thread 0x14ff6a4d3700 affinity 83
level 1 thread 0x14dc158027c0 affinity 70
level 1 thread 0x14dc00fbf700 affinity 71
level 1 thread 0x14dc00dbe700 affinity 72
level 1 thread 0x14dc00bbd700 affinity 73
level 1 thread 0x14dc009bc700 affinity 74
level 1 thread 0x14dc007bb700 affinity 75
level 1 thread 0x14dc005ba700 affinity 76
level 1 thread 0x14dc003b9700 affinity 77
level 1 thread 0x14dbf7551700 affinity 78
level 1 thread 0x14dbf7350700 affinity 79
level 1 thread 0x14dbf714f700 affinity 80
level 1 thread 0x14dbf6f4e700 affinity 81
level 1 thread 0x14dbf6d4d700 affinity 82
level 1 thread 0x14dbf6b4c700 affinity 83
level 1 thread 0x14ebb3b587c0 affinity 14
level 1 thread 0x14eb969a5700 affinity 15
level 1 thread 0x14eb967a4700 affinity 16
level 1 thread 0x14eb965a3700 affinity 17
level 1 thread 0x14eb963a2700 affinity 18
level 1 thread 0x14eb961a1700 affinity 19
level 1 thread 0x14eb95fa0700 affinity 20
level 1 thread 0x14eb95d9f700 affinity 21
level 1 thread 0x14eb95b9e700 affinity 22
level 1 thread 0x14eb9599d700 affinity 23
level 1 thread 0x14eb9579c700 affinity 24
level 1 thread 0x14eb9559b700 affinity 25
level 1 thread 0x14eb9539a700 affinity 26
level 1 thread 0x14eb95199700 affinity 27
level 1 thread 0x14d9af0297c0 affinity 70
level 1 thread 0x14d991e65700 affinity 71
level 1 thread 0x14d991c64700 affinity 72
level 1 thread 0x14d991a63700 affinity 73
level 1 thread 0x14d991862700 affinity 74
level 1 thread 0x14d991661700 affinity 75
level 1 thread 0x14d991460700 affinity 76
level 1 thread 0x14d99125f700 affinity 77
level 1 thread 0x14d99105e700 affinity 78
level 1 thread 0x14d990e5d700 affinity 79
level 1 thread 0x14d990c5c700 affinity 80
level 1 thread 0x14d990a5b700 affinity 81
level 1 thread 0x14d99085a700 affinity 82
level 1 thread 0x14d990659700 affinity 83
level 1 thread 0x1465a16f27c0 affinity 84
level 1 thread 0x14658cfbf700 affinity 85
level 1 thread 0x14658cdbe700 affinity 86
level 1 thread 0x14658cbbd700 affinity 87
level 1 thread 0x14658c9bc700 affinity 88
level 1 thread 0x14658c7bb700 affinity 89
level 1 thread 0x14658c5ba700 affinity 90
level 1 thread 0x14658c3b9700 affinity 91
level 1 thread 0x146583551700 affinity 92
level 1 thread 0x146583350700 affinity 93
level 1 thread 0x14658314f700 affinity 94
level 1 thread 0x146582f4e700 affinity 95
level 1 thread 0x146582d4d700 affinity 96
level 1 thread 0x146582b4c700 affinity 97
level 1 thread 0x15076a6697c0 affinity 56
level 1 thread 0x15075c35d700 affinity 57
level 1 thread 0x15074d157700 affinity 58
level 1 thread 0x15074cf56700 affinity 59
level 1 thread 0x15074cd55700 affinity 60
level 1 thread 0x15074cb54700 affinity 61
level 1 thread 0x15074c953700 affinity 62
level 1 thread 0x15074c752700 affinity 63
level 1 thread 0x15074c551700 affinity 64
level 1 thread 0x15074c350700 affinity 65
level 1 thread 0x15074c14f700 affinity 66
level 1 thread 0x15074bf4e700 affinity 67
level 1 thread 0x15074bd4d700 affinity 68
level 1 thread 0x15074bb4c700 affinity 69
level 1 thread 0x14641a61e7c0 affinity 84
level 1 thread 0x14640c310700 affinity 85
level 1 thread 0x1463fd14b700 affinity 86
level 1 thread 0x1463fcf4a700 affinity 87
level 1 thread 0x1463fcd49700 affinity 88
level 1 thread 0x1463fcb48700 affinity 89
level 1 thread 0x1463fc947700 affinity 90
level 1 thread 0x1463fc746700 affinity 91
level 1 thread 0x1463fc545700 affinity 92
level 1 thread 0x1463fc344700 affinity 93
level 1 thread 0x1463fc143700 affinity 94
level 1 thread 0x1463fbf42700 affinity 95
level 1 thread 0x1463fbd41700 affinity 96
level 1 thread 0x1463fbb40700 affinity 97
level 1 thread 0x151faa2827c0 affinity 98
level 1 thread 0x151f9c397700 affinity 99
level 1 thread 0x151f8d14b700 affinity 100
level 1 thread 0x151f8cf4a700 affinity 101
level 1 thread 0x151f8cd49700 affinity 102
level 1 thread 0x151f8cb48700 affinity 103
level 1 thread 0x151f8c947700 affinity 104
level 1 thread 0x151f8c746700 affinity 105
level 1 thread 0x151f8c545700 affinity 106
level 1 thread 0x151f8c344700 affinity 107
level 1 thread 0x151f8c143700 affinity 108
level 1 thread 0x151f8bf42700 affinity 109
level 1 thread 0x151f8bd41700 affinity 110
level 1 thread 0x151f8bb40700 affinity 111
level 1 thread 0x14bf755cf7c0 affinity 84
level 1 thread 0x14bf68316700 affinity 85
level 1 thread 0x14bf60ba6700 affinity 86
level 1 thread 0x14bf609a5700 affinity 87
level 1 thread 0x14bf607a4700 affinity 88
level 1 thread 0x14bf605a3700 affinity 89
level 1 thread 0x14bf603a2700 affinity 90
level 1 thread 0x14bf5755d700 affinity 91
level 1 thread 0x14bf5735c700 affinity 92
level 1 thread 0x14bf5715b700 affinity 93
level 1 thread 0x14bf56f5a700 affinity 94
level 1 thread 0x14bf56d59700 affinity 95
level 1 thread 0x14bf56b58700 affinity 96
level 1 thread 0x14bf56957700 affinity 97
level 1 thread 0x15078a2d17c0 affinity 84
level 1 thread 0x15077c3e0700 affinity 85
level 1 thread 0x15076cd32700 affinity 86
level 1 thread 0x15076cb31700 affinity 87
level 1 thread 0x15076c930700 affinity 88
level 1 thread 0x15076c72f700 affinity 89
level 1 thread 0x15076c52e700 affinity 90
level 1 thread 0x15076c32d700 affinity 91
level 1 thread 0x15076c12c700 affinity 92
level 1 thread 0x15076bf2b700 affinity 93
level 1 thread 0x15076bd2a700 affinity 94
level 1 thread 0x15076bb29700 affinity 95
level 1 thread 0x15076b928700 affinity 96
level 1 thread 0x15076b727700 affinity 97
level 1 thread 0x14e1f00657c0 affinity 56
level 1 thread 0x14e1d2ea2700 affinity 57
level 1 thread 0x14e1d2ca1700 affinity 58
level 1 thread 0x14e1d2aa0700 affinity 59
level 1 thread 0x14e1d289f700 affinity 60
level 1 thread 0x14e1d269e700 affinity 61
level 1 thread 0x14e1d249d700 affinity 62
level 1 thread 0x14e1d229c700 affinity 63
level 1 thread 0x147599f6e7c0 affinity 98
level 1 thread 0x14757d14b700 affinity 99
level 1 thread 0x14757cf4a700 affinity 100
level 1 thread 0x14757cd49700 affinity 101
level 1 thread 0x14757cb48700 affinity 102
level 1 thread 0x14757c947700 affinity 103
level 1 thread 0x14757c746700 affinity 104
level 1 thread 0x14757c545700 affinity 105
level 1 thread 0x14757c344700 affinity 106
level 1 thread 0x14757c143700 affinity 107
level 1 thread 0x14757bf42700 affinity 108
level 1 thread 0x14757bd41700 affinity 109
level 1 thread 0x14757bb40700 affinity 110
level 1 thread 0x14757b93f700 affinity 111
level 1 thread 0x14e6e550b7c0 affinity 84
level 1 thread 0x14e6d824e700 affinity 85
level 1 thread 0x14e6d0ba6700 affinity 86
level 1 thread 0x14e6d09a5700 affinity 87
level 1 thread 0x14e6d07a4700 affinity 88
level 1 thread 0x14e6d05a3700 affinity 89
level 1 thread 0x14e6d03a2700 affinity 90
level 1 thread 0x14e6c7551700 affinity 91
level 1 thread 0x14e6c7350700 affinity 92
level 1 thread 0x14e6c714f700 affinity 93
level 1 thread 0x14e6c6f4e700 affinity 94
level 1 thread 0x14e6c6d4d700 affinity 95
level 1 thread 0x14e6c6b4c700 affinity 96
level 1 thread 0x14e6c694b700 affinity 97
level 1 thread 0x146770e367c0 affinity 98
level 1 thread 0x146754089700 affinity 99
level 1 thread 0x146753e88700 affinity 100
level 1 thread 0x146753c87700 affinity 101
level 1 thread 0x146753a86700 affinity 102
level 1 thread 0x146753885700 affinity 103
level 1 thread 0x146753684700 affinity 104
level 1 thread 0x146753483700 affinity 105
level 1 thread 0x146753282700 affinity 106
level 1 thread 0x146753081700 affinity 107
level 1 thread 0x146752e80700 affinity 108
level 1 thread 0x146752c7f700 affinity 109
level 1 thread 0x146752a7e700 affinity 110
level 1 thread 0x14675287d700 affinity 111
level 1 thread 0x14e1d209b700 affinity 64
level 1 thread 0x14e1d1e9a700 affinity 65
level 1 thread 0x14e1d1c99700 affinity 66
level 1 thread 0x14e1d1a98700 affinity 67
level 1 thread 0x14e1d1897700 affinity 68
level 1 thread 0x14e1d1696700 affinity 69
level 1 thread 0x145eda5ec7c0 affinity 0
level 1 thread 0x145ecc6fd700 affinity 1
level 1 thread 0x145ecc4fc700 affinity 2
level 1 thread 0x145ecc2fb700 affinity 3
level 1 thread 0x145ebd157700 affinity 4
level 1 thread 0x145ebcf56700 affinity 5
level 1 thread 0x145ebcd55700 affinity 6
level 1 thread 0x145ebcb54700 affinity 7
level 1 thread 0x145ebc953700 affinity 8
level 1 thread 0x145ebc752700 affinity 9
level 1 thread 0x145ebc551700 affinity 10
level 1 thread 0x145ebc350700 affinity 11
level 1 thread 0x145ebc14f700 affinity 12
level 1 thread 0x145ebbf4e700 affinity 13
level 1 thread 0x14afddaa37c0 affinity 14
level 1 thread 0x14afd03d0700 affinity 15
level 1 thread 0x14afc0511700 affinity 16
level 1 thread 0x14afc0310700 affinity 17
level 1 thread 0x14afc010f700 affinity 18
level 1 thread 0x14afbff0e700 affinity 19
level 1 thread 0x14afbfd0d700 affinity 20
level 1 thread 0x14afbfb0c700 affinity 21
level 1 thread 0x14afbf90b700 affinity 22
level 1 thread 0x14afbf70a700 affinity 23
level 1 thread 0x14afbf509700 affinity 24
level 1 thread 0x14afbf308700 affinity 25
level 1 thread 0x14afbf107700 affinity 26
level 1 thread 0x14afbef06700 affinity 27
level 1 thread 0x154e44e367c0 affinity 0
level 1 thread 0x154e28095700 affinity 1
level 1 thread 0x154e27e94700 affinity 2
level 1 thread 0x154e27c93700 affinity 3
level 1 thread 0x154e27a92700 affinity 4
level 1 thread 0x154e27891700 affinity 5
level 1 thread 0x154e27690700 affinity 6
level 1 thread 0x154e2748f700 affinity 7
level 1 thread 0x154e2728e700 affinity 8
level 1 thread 0x154e2708d700 affinity 9
level 1 thread 0x154e26e8c700 affinity 10
level 1 thread 0x154e26c8b700 affinity 11
level 1 thread 0x154e26a8a700 affinity 12
level 1 thread 0x154e26889700 affinity 13
level 1 thread 0x145d4d22d7c0 affinity 98
level 1 thread 0x145d38f2b700 affinity 99
level 1 thread 0x145d38d2a700 affinity 100
level 1 thread 0x145d38b29700 affinity 101
level 1 thread 0x145d38928700 affinity 102
level 1 thread 0x145d38727700 affinity 103
level 1 thread 0x145d38526700 affinity 104
level 1 thread 0x145d38325700 affinity 105
level 1 thread 0x145d2f55d700 affinity 106
level 1 thread 0x145d2f35c700 affinity 107
level 1 thread 0x145d2f15b700 affinity 108
level 1 thread 0x145d2ef5a700 affinity 109
level 1 thread 0x145d2ed59700 affinity 110
level 1 thread 0x145d2eb58700 affinity 111
level 1 thread 0x14b29550e7c0 affinity 0
level 1 thread 0x14b28825d700 affinity 1
level 1 thread 0x14b280fbf700 affinity 2
level 1 thread 0x14b280dbe700 affinity 3
level 1 thread 0x14b280bbd700 affinity 4
level 1 thread 0x14b2809bc700 affinity 5
level 1 thread 0x14b2807bb700 affinity 6
level 1 thread 0x14b2805ba700 affinity 7
level 1 thread 0x14b2803b9700 affinity 8
level 1 thread 0x14b27755d700 affinity 9
level 1 thread 0x14b27735c700 affinity 10
level 1 thread 0x14b27715b700 affinity 11
level 1 thread 0x14b276f5a700 affinity 12
level 1 thread 0x14b276d59700 affinity 13
level 1 thread 0x14db74bcd7c0 affinity 0
level 1 thread 0x14db57e33700 affinity 1
level 1 thread 0x14db57c32700 affinity 2
level 1 thread 0x14db57a31700 affinity 3
level 1 thread 0x14db57830700 affinity 4
level 1 thread 0x14db5762f700 affinity 5
level 1 thread 0x14db5742e700 affinity 6
level 1 thread 0x14db5722d700 affinity 7
level 1 thread 0x14db5702c700 affinity 8
level 1 thread 0x14db56e2b700 affinity 9
level 1 thread 0x14db56c2a700 affinity 10
level 1 thread 0x14db56a29700 affinity 11
level 1 thread 0x14db56828700 affinity 12
level 1 thread 0x14db56627700 affinity 13
level 1 thread 0x15173ae9e7c0 affinity 14
level 1 thread 0x15171dcdd700 affinity 15
level 1 thread 0x15171dadc700 affinity 16
level 1 thread 0x15171d8db700 affinity 17
level 1 thread 0x15171d6da700 affinity 18
level 1 thread 0x15171d4d9700 affinity 19
level 1 thread 0x15171d2d8700 affinity 20
level 1 thread 0x15171d0d7700 affinity 21
level 1 thread 0x15171ced6700 affinity 22
level 1 thread 0x15171ccd5700 affinity 23
level 1 thread 0x15171cad4700 affinity 24
level 1 thread 0x15171c8d3700 affinity 25
level 1 thread 0x15171c6d2700 affinity 26
level 1 thread 0x15171c4d1700 affinity 27
level 1 thread 0x14951b3517c0 affinity 14
level 1 thread 0x1494fe0f1700 affinity 15
level 1 thread 0x1494fdef0700 affinity 16
level 1 thread 0x1494fdcef700 affinity 17
level 1 thread 0x1494fdaee700 affinity 18
level 1 thread 0x1494fd8ed700 affinity 19
level 1 thread 0x1494fd6ec700 affinity 20
level 1 thread 0x1494fd4eb700 affinity 21
level 1 thread 0x1494fd2ea700 affinity 22
level 1 thread 0x1494fd0e9700 affinity 23
level 1 thread 0x1494fcee8700 affinity 24
level 1 thread 0x1494fcce7700 affinity 25
level 1 thread 0x1494fcae6700 affinity 26
level 1 thread 0x1494fc8e5700 affinity 27
level 1 thread 0x148691e6c7c0 affinity 14
level 1 thread 0x148684393700 affinity 15
level 1 thread 0x148674925700 affinity 16
level 1 thread 0x148674724700 affinity 17
level 1 thread 0x148674523700 affinity 18
level 1 thread 0x148674322700 affinity 19
level 1 thread 0x148674121700 affinity 20
level 1 thread 0x148673f20700 affinity 21
level 1 thread 0x148673d1f700 affinity 22
level 1 thread 0x148673b1e700 affinity 23
level 1 thread 0x14867391d700 affinity 24
level 1 thread 0x14867371c700 affinity 25
level 1 thread 0x14867351b700 affinity 26
level 1 thread 0x14867331a700 affinity 27
level 1 thread 0x1531ac0c97c0 affinity 0
level 1 thread 0x15318f31f700 affinity 1
level 1 thread 0x15318f11e700 affinity 2
level 1 thread 0x15318ef1d700 affinity 3
level 1 thread 0x15318ed1c700 affinity 4
level 1 thread 0x15318eb1b700 affinity 5
level 1 thread 0x15318e91a700 affinity 6
level 1 thread 0x15318e719700 affinity 7
level 1 thread 0x15318e518700 affinity 8
level 1 thread 0x1513ab72a7c0 affinity 14
level 1 thread 0x15138e578700 affinity 15
level 1 thread 0x15138e377700 affinity 16
level 1 thread 0x15138e176700 affinity 17
level 1 thread 0x15138df75700 affinity 18
level 1 thread 0x15138dd74700 affinity 19
level 1 thread 0x15138db73700 affinity 20
level 1 thread 0x15138d972700 affinity 21
level 1 thread 0x15138d771700 affinity 22
level 1 thread 0x15138d570700 affinity 23
level 1 thread 0x15138d36f700 affinity 24
level 1 thread 0x15138d16e700 affinity 25
level 1 thread 0x15138cf6d700 affinity 26
level 1 thread 0x15138cd6c700 affinity 27
level 1 thread 0x14caa85f37c0 affinity 0
level 1 thread 0x14ca8b862700 affinity 1
level 1 thread 0x14ca8b661700 affinity 2
level 1 thread 0x14ca8b460700 affinity 3
level 1 thread 0x14ca8b25f700 affinity 4
level 1 thread 0x14ca8b05e700 affinity 5
level 1 thread 0x14ca8ae5d700 affinity 6
level 1 thread 0x14ca8ac5c700 affinity 7
level 1 thread 0x14ca8aa5b700 affinity 8
level 1 thread 0x14ca8a85a700 affinity 9
level 1 thread 0x14ca8a659700 affinity 10
level 1 thread 0x14ca8a458700 affinity 11
level 1 thread 0x14ca8a257700 affinity 12
level 1 thread 0x14ca8a056700 affinity 13
level 1 thread 0x1501b94ec7c0 affinity 14
level 1 thread 0x1501ac232700 affinity 15
level 1 thread 0x1501a4ba6700 affinity 16
level 1 thread 0x1501a49a5700 affinity 17
level 1 thread 0x1501a47a4700 affinity 18
level 1 thread 0x1501a45a3700 affinity 19
level 1 thread 0x1501a43a2700 affinity 20
level 1 thread 0x15019b55d700 affinity 21
level 1 thread 0x15019b35c700 affinity 22
level 1 thread 0x15019b15b700 affinity 23
level 1 thread 0x15019af5a700 affinity 24
level 1 thread 0x15019ad59700 affinity 25
level 1 thread 0x15019ab58700 affinity 26
level 1 thread 0x15019a957700 affinity 27
level 1 thread 0x14719e3427c0 affinity 28
level 1 thread 0x147181157700 affinity 29
level 1 thread 0x147180f56700 affinity 30
level 1 thread 0x147180d55700 affinity 31
level 1 thread 0x147180b54700 affinity 32
level 1 thread 0x147180953700 affinity 33
level 1 thread 0x147180752700 affinity 34
level 1 thread 0x147180551700 affinity 35
level 1 thread 0x147180350700 affinity 36
level 1 thread 0x14718014f700 affinity 37
level 1 thread 0x14717ff4e700 affinity 38
level 1 thread 0x14717fd4d700 affinity 39
level 1 thread 0x14717fb4c700 affinity 40
level 1 thread 0x14717f94b700 affinity 41
level 1 thread 0x14e2d2e2e7c0 affinity 0
level 1 thread 0x14e2b6082700 affinity 1
level 1 thread 0x14e2b5e81700 affinity 2
level 1 thread 0x14e2b5c80700 affinity 3
level 1 thread 0x14e2b5a7f700 affinity 4
level 1 thread 0x14e2b587e700 affinity 5
level 1 thread 0x14e2b567d700 affinity 6
level 1 thread 0x14e2b547c700 affinity 7
level 1 thread 0x14e2b527b700 affinity 8
level 1 thread 0x14e2b507a700 affinity 9
level 1 thread 0x14e2b4e79700 affinity 10
level 1 thread 0x14e2b4c78700 affinity 11
level 1 thread 0x14e2b4a77700 affinity 12
level 1 thread 0x14e2b4876700 affinity 13
level 1 thread 0x1504c214b7c0 affinity 28
level 1 thread 0x1504b4256700 affinity 29
level 1 thread 0x1504a4d3e700 affinity 30
level 1 thread 0x1504a4b3d700 affinity 31
level 1 thread 0x1504a493c700 affinity 32
level 1 thread 0x1504a473b700 affinity 33
level 1 thread 0x1504a453a700 affinity 34
level 1 thread 0x1504a4339700 affinity 35
level 1 thread 0x1504a4138700 affinity 36
level 1 thread 0x1504a3f37700 affinity 37
level 1 thread 0x1504a3d36700 affinity 38
level 1 thread 0x1504a3b35700 affinity 39
level 1 thread 0x1504a3934700 affinity 40
level 1 thread 0x1504a3733700 affinity 41
level 1 thread 0x1544d4e717c0 affinity 28
level 1 thread 0x1544b7cbf700 affinity 29
level 1 thread 0x1544b7abe700 affinity 30
level 1 thread 0x1544b78bd700 affinity 31
level 1 thread 0x1544b76bc700 affinity 32
level 1 thread 0x1544b74bb700 affinity 33
level 1 thread 0x1544b72ba700 affinity 34
level 1 thread 0x1544b70b9700 affinity 35
level 1 thread 0x1544b6eb8700 affinity 36
level 1 thread 0x1544b6cb7700 affinity 37
level 1 thread 0x1544b6ab6700 affinity 38
level 1 thread 0x1544b68b5700 affinity 39
level 1 thread 0x1544b66b4700 affinity 40
level 1 thread 0x1544b64b3700 affinity 41
level 1 thread 0x15318e317700 affinity 9
level 1 thread 0x15318e116700 affinity 10
level 1 thread 0x15318df15700 affinity 11
level 1 thread 0x15318dd14700 affinity 12
level 1 thread 0x15318db13700 affinity 13
level 1 thread 0x1500a09297c0 affinity 28
level 1 thread 0x150083769700 affinity 29
level 1 thread 0x150083568700 affinity 30
level 1 thread 0x150083367700 affinity 31
level 1 thread 0x150083166700 affinity 32
level 1 thread 0x150082f65700 affinity 33
level 1 thread 0x150082d64700 affinity 34
level 1 thread 0x150082b63700 affinity 35
level 1 thread 0x150082962700 affinity 36
level 1 thread 0x150082761700 affinity 37
level 1 thread 0x150082560700 affinity 38
level 1 thread 0x15008235f700 affinity 39
level 1 thread 0x15008215e700 affinity 40
level 1 thread 0x150081f5d700 affinity 41
level 1 thread 0x1492fced97c0 affinity 14
level 1 thread 0x1492dfceb700 affinity 15
level 1 thread 0x1492dfaea700 affinity 16
level 1 thread 0x1492df8e9700 affinity 17
level 1 thread 0x1492df6e8700 affinity 18
level 1 thread 0x1492df4e7700 affinity 19
level 1 thread 0x1492df2e6700 affinity 20
level 1 thread 0x1492df0e5700 affinity 21
level 1 thread 0x1492deee4700 affinity 22
level 1 thread 0x1492dece3700 affinity 23
level 1 thread 0x1492deae2700 affinity 24
level 1 thread 0x1492de8e1700 affinity 25
level 1 thread 0x1492de6e0700 affinity 26
level 1 thread 0x1492de4df700 affinity 27
level 1 thread 0x154c4417e7c0 affinity 28
level 1 thread 0x154c26fcc700 affinity 29
level 1 thread 0x154c26dcb700 affinity 30
level 1 thread 0x154c26bca700 affinity 31
level 1 thread 0x154c269c9700 affinity 32
level 1 thread 0x154c267c8700 affinity 33
level 1 thread 0x154c265c7700 affinity 34
level 1 thread 0x154c263c6700 affinity 35
level 1 thread 0x154c261c5700 affinity 36
level 1 thread 0x154c25fc4700 affinity 37
level 1 thread 0x154c25dc3700 affinity 38
level 1 thread 0x154c25bc2700 affinity 39
level 1 thread 0x154c259c1700 affinity 40
level 1 thread 0x154c257c0700 affinity 41
level 1 thread 0x152e44eee7c0 affinity 98
level 1 thread 0x152e28104700 affinity 99
level 1 thread 0x152e27f03700 affinity 100
level 1 thread 0x152e27d02700 affinity 101
level 1 thread 0x152e27b01700 affinity 102
level 1 thread 0x152e27900700 affinity 103
level 1 thread 0x152e276ff700 affinity 104
level 1 thread 0x152e274fe700 affinity 105
level 1 thread 0x152e272fd700 affinity 106
level 1 thread 0x152e270fc700 affinity 107
level 1 thread 0x152e26efb700 affinity 108
level 1 thread 0x152e26cfa700 affinity 109
level 1 thread 0x152e26af9700 affinity 110
level 1 thread 0x152e268f8700 affinity 111
level 1 thread 0x1493fd7697c0 affinity 28
level 1 thread 0x1493e8fbf700 affinity 29
level 1 thread 0x1493e8dbe700 affinity 30
level 1 thread 0x1493e8bbd700 affinity 31
level 1 thread 0x1493e89bc700 affinity 32
level 1 thread 0x1493e87bb700 affinity 33
level 1 thread 0x1493e85ba700 affinity 34
level 1 thread 0x1493e83b9700 affinity 35
level 1 thread 0x1493df551700 affinity 36
level 1 thread 0x1493df350700 affinity 37
level 1 thread 0x1493df14f700 affinity 38
level 1 thread 0x1493def4e700 affinity 39
level 1 thread 0x1493ded4d700 affinity 40
level 1 thread 0x1493deb4c700 affinity 41
level 1 thread 0x14d80b1a87c0 affinity 98
level 1 thread 0x14d7ee407700 affinity 99
level 1 thread 0x14d7ee206700 affinity 100
level 1 thread 0x14d7ee005700 affinity 101
level 1 thread 0x14d7ede04700 affinity 102
level 1 thread 0x14d7edc03700 affinity 103
level 1 thread 0x14d7eda02700 affinity 104
level 1 thread 0x14d7ed801700 affinity 105
level 1 thread 0x14d7ed600700 affinity 106
level 1 thread 0x14d7ed3ff700 affinity 107
level 1 thread 0x14d7ed1fe700 affinity 108
level 1 thread 0x14d7ecffd700 affinity 109
level 1 thread 0x14d7ecdfc700 affinity 110
level 1 thread 0x14d7ecbfb700 affinity 111
level 1 thread 0x1503169387c0 affinity 98
level 1 thread 0x150308a4c700 affinity 99
level 1 thread 0x15030884b700 affinity 100
level 1 thread 0x15030864a700 affinity 101
level 1 thread 0x150308449700 affinity 102
level 1 thread 0x150308248700 affinity 103
level 1 thread 0x1502f9157700 affinity 104
level 1 thread 0x1502f8f56700 affinity 105
level 1 thread 0x1502f8d55700 affinity 106
level 1 thread 0x1502f8b54700 affinity 107
level 1 thread 0x1502f8953700 affinity 108
level 1 thread 0x1502f8752700 affinity 109
level 1 thread 0x1502f8551700 affinity 110
level 1 thread 0x1502f8350700 affinity 111
level 1 thread 0x14aec75df7c0 affinity 42
level 1 thread 0x14aeaa419700 affinity 43
level 1 thread 0x14aeaa218700 affinity 44
level 1 thread 0x14aeaa017700 affinity 45
level 1 thread 0x14aea9e16700 affinity 46
level 1 thread 0x14aea9c15700 affinity 47
level 1 thread 0x14aea9a14700 affinity 48
level 1 thread 0x14aea9813700 affinity 49
level 1 thread 0x14aea9612700 affinity 50
level 1 thread 0x14aea9411700 affinity 51
level 1 thread 0x14aea9210700 affinity 52
level 1 thread 0x14aea900f700 affinity 53
level 1 thread 0x14aea8e0e700 affinity 54
level 1 thread 0x14aea8c0d700 affinity 55
level 1 thread 0x147b75c6f7c0 affinity 70
level 1 thread 0x147b58925700 affinity 71
level 1 thread 0x147b58724700 affinity 72
level 1 thread 0x147b58523700 affinity 73
level 1 thread 0x147b58322700 affinity 74
level 1 thread 0x147b58121700 affinity 75
level 1 thread 0x147b57f20700 affinity 76
level 1 thread 0x147b57d1f700 affinity 77
level 1 thread 0x147b57b1e700 affinity 78
level 1 thread 0x147b5791d700 affinity 79
level 1 thread 0x147b5771c700 affinity 80
level 1 thread 0x147b5751b700 affinity 81
level 1 thread 0x147b5731a700 affinity 82
level 1 thread 0x147b57119700 affinity 83
level 1 thread 0x153ebb5197c0 affinity 28
level 1 thread 0x153eac275700 affinity 29
level 1 thread 0x153e9e0f1700 affinity 30
level 1 thread 0x153e9def0700 affinity 31
level 1 thread 0x153e9dcef700 affinity 32
level 1 thread 0x153e9daee700 affinity 33
level 1 thread 0x153e9d8ed700 affinity 34
level 1 thread 0x153e9d6ec700 affinity 35
level 1 thread 0x153e9d4eb700 affinity 36
level 1 thread 0x153e9d2ea700 affinity 37
level 1 thread 0x153e9d0e9700 affinity 38
level 1 thread 0x153e9cee8700 affinity 39
level 1 thread 0x153e9cce7700 affinity 40
level 1 thread 0x153e9cae6700 affinity 41
level 1 thread 0x151ef02627c0 affinity 98
level 1 thread 0x151ed34d1700 affinity 99
level 1 thread 0x151ed32d0700 affinity 100
level 1 thread 0x151ed30cf700 affinity 101
level 1 thread 0x151ed2ece700 affinity 102
level 1 thread 0x151ed2ccd700 affinity 103
level 1 thread 0x151ed2acc700 affinity 104
level 1 thread 0x151ed28cb700 affinity 105
level 1 thread 0x151ed26ca700 affinity 106
level 1 thread 0x151ed24c9700 affinity 107
level 1 thread 0x151ed22c8700 affinity 108
level 1 thread 0x151ed20c7700 affinity 109
level 1 thread 0x151ed1ec6700 affinity 110
level 1 thread 0x151ed1cc5700 affinity 111
level 1 thread 0x150587aea7c0 affinity 42
level 1 thread 0x15056a937700 affinity 43
level 1 thread 0x15056a736700 affinity 44
level 1 thread 0x15056a535700 affinity 45
level 1 thread 0x15056a334700 affinity 46
level 1 thread 0x15056a133700 affinity 47
level 1 thread 0x150569f32700 affinity 48
level 1 thread 0x150569d31700 affinity 49
level 1 thread 0x150569b30700 affinity 50
level 1 thread 0x15056992f700 affinity 51
level 1 thread 0x15056972e700 affinity 52
level 1 thread 0x15056952d700 affinity 53
level 1 thread 0x15056932c700 affinity 54
level 1 thread 0x15056912b700 affinity 55
level 1 thread 0x15463f2697c0 affinity 56
level 1 thread 0x15462209b700 affinity 57
level 1 thread 0x154621e9a700 affinity 58
level 1 thread 0x154621c99700 affinity 59
level 1 thread 0x154621a98700 affinity 60
level 1 thread 0x154621897700 affinity 61
level 1 thread 0x154621696700 affinity 62
level 1 thread 0x154621495700 affinity 63
level 1 thread 0x154621294700 affinity 64
level 1 thread 0x154621093700 affinity 65
level 1 thread 0x154620e92700 affinity 66
level 1 thread 0x154620c91700 affinity 67
level 1 thread 0x154620a90700 affinity 68
level 1 thread 0x15462088f700 affinity 69
level 1 thread 0x1507b08067c0 affinity 0
level 1 thread 0x150793a73700 affinity 1
level 1 thread 0x150793872700 affinity 2
level 1 thread 0x150793671700 affinity 3
level 1 thread 0x150793470700 affinity 4
level 1 thread 0x15079326f700 affinity 5
level 1 thread 0x15079306e700 affinity 6
level 1 thread 0x150792e6d700 affinity 7
level 1 thread 0x150792c6c700 affinity 8
level 1 thread 0x150792a6b700 affinity 9
level 1 thread 0x15079286a700 affinity 10
level 1 thread 0x150792669700 affinity 11
level 1 thread 0x146b414257c0 affinity 56
level 1 thread 0x146b2cba6700 affinity 57
level 1 thread 0x146b2c9a5700 affinity 58
level 1 thread 0x146b2c7a4700 affinity 59
level 1 thread 0x146b2c5a3700 affinity 60
level 1 thread 0x146b2c3a2700 affinity 61
level 1 thread 0x146b2355d700 affinity 62
level 1 thread 0x146b2335c700 affinity 63
level 1 thread 0x146b2315b700 affinity 64
level 1 thread 0x146b22f5a700 affinity 65
level 1 thread 0x146b22d59700 affinity 66
level 1 thread 0x146b22b58700 affinity 67
level 1 thread 0x146b22957700 affinity 68
level 1 thread 0x146b22756700 affinity 69
level 1 thread 0x14b1489997c0 affinity 28
level 1 thread 0x14b12b7d8700 affinity 29
level 1 thread 0x14b12b5d7700 affinity 30
level 1 thread 0x14b12b3d6700 affinity 31
level 1 thread 0x14b12b1d5700 affinity 32
level 1 thread 0x14b12afd4700 affinity 33
level 1 thread 0x14b12add3700 affinity 34
level 1 thread 0x14b12abd2700 affinity 35
level 1 thread 0x14b12a9d1700 affinity 36
level 1 thread 0x14b12a7d0700 affinity 37
level 1 thread 0x14b12a5cf700 affinity 38
level 1 thread 0x14b12a3ce700 affinity 39
level 1 thread 0x14b12a1cd700 affinity 40
level 1 thread 0x14b129fcc700 affinity 41
level 1 thread 0x14a1ec5d47c0 affinity 98
level 1 thread 0x14a1cf82d700 affinity 99
level 1 thread 0x14a1cf62c700 affinity 100
level 1 thread 0x14a1cf42b700 affinity 101
level 1 thread 0x14a1cf22a700 affinity 102
level 1 thread 0x14a1cf029700 affinity 103
level 1 thread 0x14a1cee28700 affinity 104
level 1 thread 0x14a1cec27700 affinity 105
level 1 thread 0x14a1cea26700 affinity 106
level 1 thread 0x14a1ce825700 affinity 107
level 1 thread 0x14a1ce624700 affinity 108
level 1 thread 0x14a1ce423700 affinity 109
level 1 thread 0x14a1ce222700 affinity 110
level 1 thread 0x14a1ce021700 affinity 111
level 1 thread 0x145c2cf9d7c0 affinity 42
level 1 thread 0x145c0fceb700 affinity 43
level 1 thread 0x145c0faea700 affinity 44
level 1 thread 0x145c0f8e9700 affinity 45
level 1 thread 0x145c0f6e8700 affinity 46
level 1 thread 0x145c0f4e7700 affinity 47
level 1 thread 0x145c0f2e6700 affinity 48
level 1 thread 0x145c0f0e5700 affinity 49
level 1 thread 0x145c0eee4700 affinity 50
level 1 thread 0x145c0ece3700 affinity 51
level 1 thread 0x145c0eae2700 affinity 52
level 1 thread 0x145c0e8e1700 affinity 53
level 1 thread 0x145c0e6e0700 affinity 54
level 1 thread 0x145c0e4df700 affinity 55
level 1 thread 0x14efd436e7c0 affinity 70
level 1 thread 0x14efb71ba700 affinity 71
level 1 thread 0x14efb6fb9700 affinity 72
level 1 thread 0x14efb6db8700 affinity 73
level 1 thread 0x14efb6bb7700 affinity 74
level 1 thread 0x14efb69b6700 affinity 75
level 1 thread 0x14efb67b5700 affinity 76
level 1 thread 0x14efb65b4700 affinity 77
level 1 thread 0x14efb63b3700 affinity 78
level 1 thread 0x14efb61b2700 affinity 79
level 1 thread 0x14efb5fb1700 affinity 80
level 1 thread 0x14efb5db0700 affinity 81
level 1 thread 0x14efb5baf700 affinity 82
level 1 thread 0x14efb59ae700 affinity 83
level 1 thread 0x1524d1d0c7c0 affinity 14
level 1 thread 0x1524c4233700 affinity 15
level 1 thread 0x1524b4925700 affinity 16
level 1 thread 0x1524b4724700 affinity 17
level 1 thread 0x1524b4523700 affinity 18
level 1 thread 0x1524b4322700 affinity 19
level 1 thread 0x1524b4121700 affinity 20
level 1 thread 0x1524b3f20700 affinity 21
level 1 thread 0x1524b3d1f700 affinity 22
level 1 thread 0x1524b3b1e700 affinity 23
level 1 thread 0x1524b391d700 affinity 24
level 1 thread 0x1524b371c700 affinity 25
level 1 thread 0x1524b351b700 affinity 26
level 1 thread 0x1524b331a700 affinity 27
level 1 thread 0x15252a94e7c0 affinity 42
level 1 thread 0x15251c644700 affinity 43
level 1 thread 0x15251c443700 affinity 44
level 1 thread 0x15251c242700 affinity 45
level 1 thread 0x15250d14b700 affinity 46
level 1 thread 0x15250cf4a700 affinity 47
level 1 thread 0x15250cd49700 affinity 48
level 1 thread 0x15250cb48700 affinity 49
level 1 thread 0x15250c947700 affinity 50
level 1 thread 0x15250c746700 affinity 51
level 1 thread 0x15250c545700 affinity 52
level 1 thread 0x15250c344700 affinity 53
level 1 thread 0x15250c143700 affinity 54
level 1 thread 0x15250bf42700 affinity 55
level 1 thread 0x1536f7bbb7c0 affinity 42
level 1 thread 0x1536daa05700 affinity 43
level 1 thread 0x1536da804700 affinity 44
level 1 thread 0x1536da603700 affinity 45
level 1 thread 0x1536da402700 affinity 46
level 1 thread 0x1536da201700 affinity 47
level 1 thread 0x1536da000700 affinity 48
level 1 thread 0x1536d9dff700 affinity 49
level 1 thread 0x1536d9bfe700 affinity 50
level 1 thread 0x1536d99fd700 affinity 51
level 1 thread 0x1536d97fc700 affinity 52
level 1 thread 0x1536d95fb700 affinity 53
level 1 thread 0x1536d93fa700 affinity 54
level 1 thread 0x1536d91f9700 affinity 55
level 1 thread 0x1475edcc47c0 affinity 42
level 1 thread 0x1475d0925700 affinity 43
level 1 thread 0x1475d0724700 affinity 44
level 1 thread 0x1475d0523700 affinity 45
level 1 thread 0x1475d0322700 affinity 46
level 1 thread 0x1475d0121700 affinity 47
level 1 thread 0x1475cff20700 affinity 48
level 1 thread 0x1475cfd1f700 affinity 49
level 1 thread 0x1475cfb1e700 affinity 50
level 1 thread 0x1475cf91d700 affinity 51
level 1 thread 0x1475cf71c700 affinity 52
level 1 thread 0x1475cf51b700 affinity 53
level 1 thread 0x1475cf31a700 affinity 54
level 1 thread 0x1475cf119700 affinity 55
level 1 thread 0x1465798927c0 affinity 56
level 1 thread 0x14655c511700 affinity 57
level 1 thread 0x14655c310700 affinity 58
level 1 thread 0x14655c10f700 affinity 59
level 1 thread 0x14655bf0e700 affinity 60
level 1 thread 0x14655bd0d700 affinity 61
level 1 thread 0x14655bb0c700 affinity 62
level 1 thread 0x14655b90b700 affinity 63
level 1 thread 0x14655b70a700 affinity 64
level 1 thread 0x14655b509700 affinity 65
level 1 thread 0x14655b308700 affinity 66
level 1 thread 0x14655b107700 affinity 67
level 1 thread 0x14655af06700 affinity 68
level 1 thread 0x14655ad05700 affinity 69
level 1 thread 0x14a0290027c0 affinity 84
level 1 thread 0x14a00bceb700 affinity 85
level 1 thread 0x14a00baea700 affinity 86
level 1 thread 0x14a00b8e9700 affinity 87
level 1 thread 0x14a00b6e8700 affinity 88
level 1 thread 0x14a00b4e7700 affinity 89
level 1 thread 0x14a00b2e6700 affinity 90
level 1 thread 0x14a00b0e5700 affinity 91
level 1 thread 0x14a00aee4700 affinity 92
level 1 thread 0x14a00ace3700 affinity 93
level 1 thread 0x14a00aae2700 affinity 94
level 1 thread 0x14a00a8e1700 affinity 95
level 1 thread 0x14a00a6e0700 affinity 96
level 1 thread 0x14a00a4df700 affinity 97
level 1 thread 0x153de3c4d7c0 affinity 84
level 1 thread 0x153dc6a99700 affinity 85
level 1 thread 0x153dc6898700 affinity 86
level 1 thread 0x153dc6697700 affinity 87
level 1 thread 0x153dc6496700 affinity 88
level 1 thread 0x153dc6295700 affinity 89
level 1 thread 0x153dc6094700 affinity 90
level 1 thread 0x153dc5e93700 affinity 91
level 1 thread 0x153dc5c92700 affinity 92
level 1 thread 0x153dc5a91700 affinity 93
level 1 thread 0x153dc5890700 affinity 94
level 1 thread 0x153dc568f700 affinity 95
level 1 thread 0x153dc548e700 affinity 96
level 1 thread 0x153dc528d700 affinity 97
level 1 thread 0x14672d78b7c0 affinity 56
level 1 thread 0x146718fbf700 affinity 57
level 1 thread 0x146718dbe700 affinity 58
level 1 thread 0x146718bbd700 affinity 59
level 1 thread 0x1467189bc700 affinity 60
level 1 thread 0x1467187bb700 affinity 61
level 1 thread 0x1467185ba700 affinity 62
level 1 thread 0x1467183b9700 affinity 63
level 1 thread 0x14670f55d700 affinity 64
level 1 thread 0x14670f35c700 affinity 65
level 1 thread 0x14670f15b700 affinity 66
level 1 thread 0x14670ef5a700 affinity 67
level 1 thread 0x14670ed59700 affinity 68
level 1 thread 0x14670eb58700 affinity 69
level 1 thread 0x152c78a4c7c0 affinity 56
level 1 thread 0x152c5b894700 affinity 57
level 1 thread 0x152c5b693700 affinity 58
level 1 thread 0x152c5b492700 affinity 59
level 1 thread 0x152c5b291700 affinity 60
level 1 thread 0x152c5b090700 affinity 61
level 1 thread 0x152c5ae8f700 affinity 62
level 1 thread 0x152c5ac8e700 affinity 63
level 1 thread 0x152c5aa8d700 affinity 64
level 1 thread 0x152c5a88c700 affinity 65
level 1 thread 0x152c5a68b700 affinity 66
level 1 thread 0x152c5a48a700 affinity 67
level 1 thread 0x152c5a289700 affinity 68
level 1 thread 0x152c5a088700 affinity 69
level 1 thread 0x146e8f35d7c0 affinity 70
level 1 thread 0x146e720e5700 affinity 71
level 1 thread 0x146e71ee4700 affinity 72
level 1 thread 0x146e71ce3700 affinity 73
level 1 thread 0x146e71ae2700 affinity 74
level 1 thread 0x146e718e1700 affinity 75
level 1 thread 0x146e716e0700 affinity 76
level 1 thread 0x146e714df700 affinity 77
level 1 thread 0x146e712de700 affinity 78
level 1 thread 0x146e710dd700 affinity 79
level 1 thread 0x146e70edc700 affinity 80
level 1 thread 0x146e70cdb700 affinity 81
level 1 thread 0x146e70ada700 affinity 82
level 1 thread 0x146e708d9700 affinity 83
level 1 thread 0x150792468700 affinity 12
level 1 thread 0x150792267700 affinity 13
level 1 thread 0x14db26b797c0 affinity 70
level 1 thread 0x14db18866700 affinity 71
level 1 thread 0x14db18665700 affinity 72
level 1 thread 0x14db18464700 affinity 73
level 1 thread 0x14db18263700 affinity 74
level 1 thread 0x14db09157700 affinity 75
level 1 thread 0x14db08f56700 affinity 76
level 1 thread 0x14db08d55700 affinity 77
level 1 thread 0x14db08b54700 affinity 78
level 1 thread 0x14db08953700 affinity 79
level 1 thread 0x14db08752700 affinity 80
level 1 thread 0x14db08551700 affinity 81
level 1 thread 0x14db08350700 affinity 82
level 1 thread 0x14db0814f700 affinity 83
level 1 thread 0x14c6ca4937c0 affinity 70
level 1 thread 0x14c6ad14b700 affinity 71
level 1 thread 0x14c6acf4a700 affinity 72
level 1 thread 0x14c6acd49700 affinity 73
level 1 thread 0x14c6acb48700 affinity 74
level 1 thread 0x14c6ac947700 affinity 75
level 1 thread 0x14c6ac746700 affinity 76
level 1 thread 0x14c6ac545700 affinity 77
level 1 thread 0x14c6ac344700 affinity 78
level 1 thread 0x14c6ac143700 affinity 79
level 1 thread 0x14c6abf42700 affinity 80
level 1 thread 0x14c6abd41700 affinity 81
level 1 thread 0x14c6abb40700 affinity 82
level 1 thread 0x14c6ab93f700 affinity 83
level 1 thread 0x1463369047c0 affinity 56
level 1 thread 0x1463285fb700 affinity 57
level 1 thread 0x1463283fa700 affinity 58
level 1 thread 0x146319157700 affinity 59
level 1 thread 0x146318f56700 affinity 60
level 1 thread 0x146318d55700 affinity 61
level 1 thread 0x146318b54700 affinity 62
level 1 thread 0x146318953700 affinity 63
level 1 thread 0x146318752700 affinity 64
level 1 thread 0x146318551700 affinity 65
level 1 thread 0x146318350700 affinity 66
level 1 thread 0x14631814f700 affinity 67
level 1 thread 0x146317f4e700 affinity 68
level 1 thread 0x146317d4d700 affinity 69
level 1 thread 0x1461e3e2f7c0 affinity 42
level 1 thread 0x1461c6c77700 affinity 43
level 1 thread 0x1461c6a76700 affinity 44
level 1 thread 0x1461c6875700 affinity 45
level 1 thread 0x1461c6674700 affinity 46
level 1 thread 0x1461c6473700 affinity 47
level 1 thread 0x1461c6272700 affinity 48
level 1 thread 0x1461c6071700 affinity 49
level 1 thread 0x1461c5e70700 affinity 50
level 1 thread 0x1461c5c6f700 affinity 51
level 1 thread 0x1461c5a6e700 affinity 52
level 1 thread 0x1461c586d700 affinity 53
level 1 thread 0x1461c566c700 affinity 54
level 1 thread 0x1461c546b700 affinity 55
level 1 thread 0x1519724b97c0 affinity 70
level 1 thread 0x151955157700 affinity 71
level 1 thread 0x151954f56700 affinity 72
level 1 thread 0x151954d55700 affinity 73
level 1 thread 0x151954b54700 affinity 74
level 1 thread 0x151954953700 affinity 75
level 1 thread 0x151954752700 affinity 76
level 1 thread 0x151954551700 affinity 77
level 1 thread 0x151954350700 affinity 78
level 1 thread 0x15195414f700 affinity 79
level 1 thread 0x151953f4e700 affinity 80
level 1 thread 0x151953d4d700 affinity 81
level 1 thread 0x151953b4c700 affinity 82
level 1 thread 0x15195394b700 affinity 83
level 1 thread 0x1462a8ec97c0 affinity 84
level 1 thread 0x14628bceb700 affinity 85
level 1 thread 0x14628baea700 affinity 86
level 1 thread 0x14628b8e9700 affinity 87
level 1 thread 0x14628b6e8700 affinity 88
level 1 thread 0x14628b4e7700 affinity 89
level 1 thread 0x14628b2e6700 affinity 90
level 1 thread 0x14628b0e5700 affinity 91
level 1 thread 0x14628aee4700 affinity 92
level 1 thread 0x14628ace3700 affinity 93
level 1 thread 0x14628aae2700 affinity 94
level 1 thread 0x14628a8e1700 affinity 95
level 1 thread 0x14628a6e0700 affinity 96
level 1 thread 0x14628a4df700 affinity 97
level 1 thread 0x150de63d87c0 affinity 84
level 1 thread 0x150dc914b700 affinity 85
level 1 thread 0x150dc8f4a700 affinity 86
level 1 thread 0x150dc8d49700 affinity 87
level 1 thread 0x150dc8b48700 affinity 88
level 1 thread 0x150dc8947700 affinity 89
level 1 thread 0x150dc8746700 affinity 90
level 1 thread 0x150dc8545700 affinity 91
level 1 thread 0x150dc8344700 affinity 92
level 1 thread 0x150dc8143700 affinity 93
level 1 thread 0x150dc7f42700 affinity 94
level 1 thread 0x150dc7d41700 affinity 95
level 1 thread 0x150dc7b40700 affinity 96
level 1 thread 0x150dc793f700 affinity 97
level 1 thread 0x148b1d29b7c0 affinity 70
level 1 thread 0x148b08b81700 affinity 71
level 1 thread 0x148b08980700 affinity 72
level 1 thread 0x148b0877f700 affinity 73
level 1 thread 0x148b0857e700 affinity 74
level 1 thread 0x148b0837d700 affinity 75
level 1 thread 0x148aff55d700 affinity 76
level 1 thread 0x148aff35c700 affinity 77
level 1 thread 0x148aff15b700 affinity 78
level 1 thread 0x148afef5a700 affinity 79
level 1 thread 0x148afed59700 affinity 80
level 1 thread 0x148afeb58700 affinity 81
level 1 thread 0x148afe957700 affinity 82
level 1 thread 0x148afe756700 affinity 83
level 1 thread 0x15001ad777c0 affinity 56
level 1 thread 0x14fffdbb1700 affinity 57
level 1 thread 0x14fffd9b0700 affinity 58
level 1 thread 0x14fffd7af700 affinity 59
level 1 thread 0x14fffd5ae700 affinity 60
level 1 thread 0x14fffd3ad700 affinity 61
level 1 thread 0x14fffd1ac700 affinity 62
level 1 thread 0x14fffcfab700 affinity 63
level 1 thread 0x14fffcdaa700 affinity 64
level 1 thread 0x14fffcba9700 affinity 65
level 1 thread 0x14fffc9a8700 affinity 66
level 1 thread 0x14fffc7a7700 affinity 67
level 1 thread 0x14fffc5a6700 affinity 68
level 1 thread 0x14fffc3a5700 affinity 69
level 1 thread 0x147d965917c0 affinity 70
level 1 thread 0x147d88282700 affinity 71
level 1 thread 0x147d79157700 affinity 72
level 1 thread 0x147d78f56700 affinity 73
level 1 thread 0x147d78d55700 affinity 74
level 1 thread 0x147d78b54700 affinity 75
level 1 thread 0x147d78953700 affinity 76
level 1 thread 0x147d78752700 affinity 77
level 1 thread 0x147d78551700 affinity 78
level 1 thread 0x147d78350700 affinity 79
level 1 thread 0x147d7814f700 affinity 80
level 1 thread 0x147d77f4e700 affinity 81
level 1 thread 0x147d77d4d700 affinity 82
level 1 thread 0x147d77b4c700 affinity 83
level 1 thread 0x1527861527c0 affinity 0
level 1 thread 0x152778671700 affinity 1
level 1 thread 0x152778470700 affinity 2
level 1 thread 0x15277826f700 affinity 3
level 1 thread 0x15276892a700 affinity 4
level 1 thread 0x152768729700 affinity 5
level 1 thread 0x152768528700 affinity 6
level 1 thread 0x152768327700 affinity 7
level 1 thread 0x152768126700 affinity 8
level 1 thread 0x152767f25700 affinity 9
level 1 thread 0x152767d24700 affinity 10
level 1 thread 0x152767b23700 affinity 11
level 1 thread 0x152767922700 affinity 12
level 1 thread 0x152767721700 affinity 13
level 1 thread 0x1501291cf7c0 affinity 14
level 1 thread 0x150114271700 affinity 15
level 1 thread 0x15010b551700 affinity 16
level 1 thread 0x15010b350700 affinity 17
level 1 thread 0x15010b14f700 affinity 18
level 1 thread 0x15010af4e700 affinity 19
level 1 thread 0x15010ad4d700 affinity 20
level 1 thread 0x15010ab4c700 affinity 21
level 1 thread 0x15010a94b700 affinity 22
level 1 thread 0x15010a74a700 affinity 23
level 1 thread 0x15010a549700 affinity 24
level 1 thread 0x15010a348700 affinity 25
level 1 thread 0x15010a147700 affinity 26
level 1 thread 0x150109f46700 affinity 27
level 1 thread 0x1513f7f0e7c0 affinity 42
level 1 thread 0x1513da936700 affinity 43
level 1 thread 0x1513da735700 affinity 44
level 1 thread 0x1513da534700 affinity 45
level 1 thread 0x1513da333700 affinity 46
level 1 thread 0x1513da132700 affinity 47
level 1 thread 0x1513d9f31700 affinity 48
level 1 thread 0x1513d9d30700 affinity 49
level 1 thread 0x1513d9b2f700 affinity 50
level 1 thread 0x1513d992e700 affinity 51
level 1 thread 0x1513d972d700 affinity 52
level 1 thread 0x1513d952c700 affinity 53
level 1 thread 0x1513d932b700 affinity 54
level 1 thread 0x1513d912a700 affinity 55
level 1 thread 0x146eada697c0 affinity 28
level 1 thread 0x146ea0397700 affinity 29
level 1 thread 0x146e8fcdf700 affinity 30
level 1 thread 0x146e8fade700 affinity 31
level 1 thread 0x146e8f8dd700 affinity 32
level 1 thread 0x146e8f6dc700 affinity 33
level 1 thread 0x146e8f4db700 affinity 34
level 1 thread 0x146e8f2da700 affinity 35
level 1 thread 0x146e8f0d9700 affinity 36
level 1 thread 0x146e8eed8700 affinity 37
level 1 thread 0x146e8ecd7700 affinity 38
level 1 thread 0x146e8ead6700 affinity 39
level 1 thread 0x146e8e8d5700 affinity 40
level 1 thread 0x146e8e6d4700 affinity 41
level 1 thread 0x14e3b3b267c0 affinity 84
level 1 thread 0x14e396961700 affinity 85
level 1 thread 0x14e396760700 affinity 86
level 1 thread 0x14e39655f700 affinity 87
level 1 thread 0x14e39635e700 affinity 88
level 1 thread 0x14e39615d700 affinity 89
level 1 thread 0x14e395f5c700 affinity 90
level 1 thread 0x14e395d5b700 affinity 91
level 1 thread 0x14e395b5a700 affinity 92
level 1 thread 0x14e395959700 affinity 93
level 1 thread 0x14e395758700 affinity 94
level 1 thread 0x14e395557700 affinity 95
level 1 thread 0x14e395356700 affinity 96
level 1 thread 0x14e395155700 affinity 97
level 1 thread 0x14b067f157c0 affinity 70
level 1 thread 0x14b04ad56700 affinity 71
level 1 thread 0x14b04ab55700 affinity 72
level 1 thread 0x14b04a954700 affinity 73
level 1 thread 0x14b04a753700 affinity 74
level 1 thread 0x14b04a552700 affinity 75
level 1 thread 0x14b04a351700 affinity 76
level 1 thread 0x14b04a150700 affinity 77
level 1 thread 0x14b049f4f700 affinity 78
level 1 thread 0x14b049d4e700 affinity 79
level 1 thread 0x14b049b4d700 affinity 80
level 1 thread 0x14b04994c700 affinity 81
level 1 thread 0x14b04974b700 affinity 82
level 1 thread 0x14b04954a700 affinity 83
level 1 thread 0x1551a39a57c0 affinity 56
level 1 thread 0x1551867e7700 affinity 57
level 1 thread 0x1551865e6700 affinity 58
level 1 thread 0x1551863e5700 affinity 59
level 1 thread 0x1551861e4700 affinity 60
level 1 thread 0x155185fe3700 affinity 61
level 1 thread 0x155185de2700 affinity 62
level 1 thread 0x155185be1700 affinity 63
level 1 thread 0x1551859e0700 affinity 64
level 1 thread 0x1551857df700 affinity 65
level 1 thread 0x1551855de700 affinity 66
level 1 thread 0x1551853dd700 affinity 67
level 1 thread 0x1551851dc700 affinity 68
level 1 thread 0x155184fdb700 affinity 69
level 1 thread 0x1507e77d87c0 affinity 98
level 1 thread 0x1507caa3a700 affinity 99
level 1 thread 0x1507ca839700 affinity 100
level 1 thread 0x1507ca638700 affinity 101
level 1 thread 0x1507ca437700 affinity 102
level 1 thread 0x1507ca236700 affinity 103
level 1 thread 0x1507ca035700 affinity 104
level 1 thread 0x1507c9e34700 affinity 105
level 1 thread 0x1507c9c33700 affinity 106
level 1 thread 0x1507c9a32700 affinity 107
level 1 thread 0x1507c9831700 affinity 108
level 1 thread 0x1507c9630700 affinity 109
level 1 thread 0x1507c942f700 affinity 110
level 1 thread 0x1507c922e700 affinity 111
level 1 thread 0x14bf9aae77c0 affinity 98
level 1 thread 0x14bf8cbfe700 affinity 99
level 1 thread 0x14bf8c9fd700 affinity 100
level 1 thread 0x14bf8c7fc700 affinity 101
level 1 thread 0x14bf8c5fb700 affinity 102
level 1 thread 0x14bf8c3fa700 affinity 103
level 1 thread 0x14bf7d14b700 affinity 104
level 1 thread 0x14bf7cf4a700 affinity 105
level 1 thread 0x14bf7cd49700 affinity 106
level 1 thread 0x14bf7cb48700 affinity 107
level 1 thread 0x14bf7c947700 affinity 108
level 1 thread 0x14bf7c746700 affinity 109
level 1 thread 0x14bf7c545700 affinity 110
level 1 thread 0x14bf7c344700 affinity 111
level 1 thread 0x1473cb5987c0 affinity 56
level 1 thread 0x1473ae3e2700 affinity 57
level 1 thread 0x1473ae1e1700 affinity 58
level 1 thread 0x1473adfe0700 affinity 59
level 1 thread 0x1473adddf700 affinity 60
level 1 thread 0x1473adbde700 affinity 61
level 1 thread 0x1473ad9dd700 affinity 62
level 1 thread 0x1473ad7dc700 affinity 63
level 1 thread 0x1473ad5db700 affinity 64
level 1 thread 0x1473ad3da700 affinity 65
level 1 thread 0x1473ad1d9700 affinity 66
level 1 thread 0x1473acfd8700 affinity 67
level 1 thread 0x1473acdd7700 affinity 68
level 1 thread 0x1473acbd6700 affinity 69
level 1 thread 0x14d15e66e7c0 affinity 42
level 1 thread 0x14d150365700 affinity 43
level 1 thread 0x14d14114b700 affinity 44
level 1 thread 0x14d140f4a700 affinity 45
level 1 thread 0x14d140d49700 affinity 46
level 1 thread 0x14d140b48700 affinity 47
level 1 thread 0x14d140947700 affinity 48
level 1 thread 0x14d140746700 affinity 49
level 1 thread 0x14d140545700 affinity 50
level 1 thread 0x14d140344700 affinity 51
level 1 thread 0x14d140143700 affinity 52
level 1 thread 0x14d13ff42700 affinity 53
level 1 thread 0x14d13fd41700 affinity 54
level 1 thread 0x14d13fb40700 affinity 55
level 1 thread 0x1482567ce7c0 affinity 70
level 1 thread 0x1482484c5700 affinity 71
level 1 thread 0x1482482c4700 affinity 72
level 1 thread 0x14823914b700 affinity 73
level 1 thread 0x148238f4a700 affinity 74
level 1 thread 0x148238d49700 affinity 75
level 1 thread 0x148238b48700 affinity 76
level 1 thread 0x148238947700 affinity 77
level 1 thread 0x148238746700 affinity 78
level 1 thread 0x148238545700 affinity 79
level 1 thread 0x148238344700 affinity 80
level 1 thread 0x148238143700 affinity 81
level 1 thread 0x148237f42700 affinity 82
level 1 thread 0x148237d41700 affinity 83
level 1 thread 0x15514bea47c0 affinity 56
level 1 thread 0x15512ece6700 affinity 57
level 1 thread 0x15512eae5700 affinity 58
level 1 thread 0x15512e8e4700 affinity 59
level 1 thread 0x15512e6e3700 affinity 60
level 1 thread 0x15512e4e2700 affinity 61
level 1 thread 0x15512e2e1700 affinity 62
level 1 thread 0x15512e0e0700 affinity 63
level 1 thread 0x15512dedf700 affinity 64
level 1 thread 0x15512dcde700 affinity 65
level 1 thread 0x15512dadd700 affinity 66
level 1 thread 0x15512d8dc700 affinity 67
level 1 thread 0x15512d6db700 affinity 68
level 1 thread 0x15512d4da700 affinity 69
level 1 thread 0x14d4fce467c0 affinity 70
level 1 thread 0x14d4dfc93700 affinity 71
level 1 thread 0x14d4dfa92700 affinity 72
level 1 thread 0x14d4df891700 affinity 73
level 1 thread 0x14d4df690700 affinity 74
level 1 thread 0x14d4df48f700 affinity 75
level 1 thread 0x14d4df28e700 affinity 76
level 1 thread 0x14d4df08d700 affinity 77
level 1 thread 0x14d4dee8c700 affinity 78
level 1 thread 0x14d4dec8b700 affinity 79
level 1 thread 0x14d4dea8a700 affinity 80
level 1 thread 0x14d4de889700 affinity 81
level 1 thread 0x14d4de688700 affinity 82
level 1 thread 0x14d4de487700 affinity 83
level 1 thread 0x1487056d57c0 affinity 98
level 1 thread 0x1486f13d8700 affinity 99
level 1 thread 0x1486f11d7700 affinity 100
level 1 thread 0x1486f0fd6700 affinity 101
level 1 thread 0x1486f0dd5700 affinity 102
level 1 thread 0x1486f0bd4700 affinity 103
level 1 thread 0x1486f09d3700 affinity 104
level 1 thread 0x1486f07d2700 affinity 105
level 1 thread 0x1486f05d1700 affinity 106
level 1 thread 0x1486f03d0700 affinity 107
level 1 thread 0x1486e7551700 affinity 108
level 1 thread 0x1486e7350700 affinity 109
level 1 thread 0x1486e714f700 affinity 110
level 1 thread 0x1486e6f4e700 affinity 111
level 1 thread 0x154ff1aec7c0 affinity 84
level 1 thread 0x154fd4925700 affinity 85
level 1 thread 0x154fd4724700 affinity 86
level 1 thread 0x154fd4523700 affinity 87
level 1 thread 0x154fd4322700 affinity 88
level 1 thread 0x154fd4121700 affinity 89
level 1 thread 0x154fd3f20700 affinity 90
level 1 thread 0x154fd3d1f700 affinity 91
level 1 thread 0x154fd3b1e700 affinity 92
level 1 thread 0x154fd391d700 affinity 93
level 1 thread 0x154fd371c700 affinity 94
level 1 thread 0x154fd351b700 affinity 95
level 1 thread 0x154fd331a700 affinity 96
level 1 thread 0x154fd3119700 affinity 97
level 1 thread 0x151227ce97c0 affinity 98
level 1 thread 0x15120af47700 affinity 99
level 1 thread 0x15120ad46700 affinity 100
level 1 thread 0x15120ab45700 affinity 101
level 1 thread 0x15120a944700 affinity 102
level 1 thread 0x15120a743700 affinity 103
level 1 thread 0x15120a542700 affinity 104
level 1 thread 0x15120a341700 affinity 105
level 1 thread 0x15120a140700 affinity 106
level 1 thread 0x151209f3f700 affinity 107
level 1 thread 0x151209d3e700 affinity 108
level 1 thread 0x151209b3d700 affinity 109
level 1 thread 0x15120993c700 affinity 110
level 1 thread 0x15120973b700 affinity 111
level 1 thread 0x14ab273bc7c0 affinity 42
level 1 thread 0x14ab0a0f1700 affinity 43
level 1 thread 0x14ab09ef0700 affinity 44
level 1 thread 0x14ab09cef700 affinity 45
level 1 thread 0x14ab09aee700 affinity 46
level 1 thread 0x14ab098ed700 affinity 47
level 1 thread 0x14ab096ec700 affinity 48
level 1 thread 0x14ab094eb700 affinity 49
level 1 thread 0x14ab092ea700 affinity 50
level 1 thread 0x14ab090e9700 affinity 51
level 1 thread 0x14ab08ee8700 affinity 52
level 1 thread 0x14ab08ce7700 affinity 53
level 1 thread 0x14ab08ae6700 affinity 54
level 1 thread 0x14ab088e5700 affinity 55
level 1 thread 0x14f1f54707c0 affinity 84
level 1 thread 0x14f1e0ba6700 affinity 85
level 1 thread 0x14f1e09a5700 affinity 86
level 1 thread 0x14f1e07a4700 affinity 87
level 1 thread 0x14f1e05a3700 affinity 88
level 1 thread 0x14f1e03a2700 affinity 89
level 1 thread 0x14f1d755d700 affinity 90
level 1 thread 0x14f1d735c700 affinity 91
level 1 thread 0x14f1d715b700 affinity 92
level 1 thread 0x14f1d6f5a700 affinity 93
level 1 thread 0x14f1d6d59700 affinity 94
level 1 thread 0x14f1d6b58700 affinity 95
level 1 thread 0x14f1d6957700 affinity 96
level 1 thread 0x14f1d6756700 affinity 97
level 1 thread 0x150ea3e207c0 affinity 84
level 1 thread 0x150e86c69700 affinity 85
level 1 thread 0x150e86a68700 affinity 86
level 1 thread 0x150e86867700 affinity 87
level 1 thread 0x150e86666700 affinity 88
level 1 thread 0x150e86465700 affinity 89
level 1 thread 0x150e86264700 affinity 90
level 1 thread 0x150e86063700 affinity 91
level 1 thread 0x150e85e62700 affinity 92
level 1 thread 0x150e85c61700 affinity 93
level 1 thread 0x150e85a60700 affinity 94
level 1 thread 0x150e8585f700 affinity 95
level 1 thread 0x150e8565e700 affinity 96
level 1 thread 0x150e8545d700 affinity 97
level 1 thread 0x1542202c67c0 affinity 84
level 1 thread 0x154203109700 affinity 85
level 1 thread 0x154202f08700 affinity 86
level 1 thread 0x154202d07700 affinity 87
level 1 thread 0x154202b06700 affinity 88
level 1 thread 0x154202905700 affinity 89
level 1 thread 0x154202704700 affinity 90
level 1 thread 0x154202503700 affinity 91
level 1 thread 0x154202302700 affinity 92
level 1 thread 0x154202101700 affinity 93
level 1 thread 0x154201f00700 affinity 94
level 1 thread 0x154201cff700 affinity 95
level 1 thread 0x154201afe700 affinity 96
level 1 thread 0x1542018fd700 affinity 97
level 1 thread 0x14637c4ae7c0 affinity 56
level 1 thread 0x14635f2fc700 affinity 57
level 1 thread 0x14635f0fb700 affinity 58
level 1 thread 0x14635eefa700 affinity 59
level 1 thread 0x14635ecf9700 affinity 60
level 1 thread 0x14635eaf8700 affinity 61
level 1 thread 0x14635e8f7700 affinity 62
level 1 thread 0x14635e6f6700 affinity 63
level 1 thread 0x14635e4f5700 affinity 64
level 1 thread 0x14635e2f4700 affinity 65
level 1 thread 0x14635e0f3700 affinity 66
level 1 thread 0x14635def2700 affinity 67
level 1 thread 0x14635dcf1700 affinity 68
level 1 thread 0x14635daf0700 affinity 69
level 1 thread 0x14cb1360c7c0 affinity 98
level 1 thread 0x14caf685e700 affinity 99
level 1 thread 0x14caf665d700 affinity 100
level 1 thread 0x14caf645c700 affinity 101
level 1 thread 0x14caf625b700 affinity 102
level 1 thread 0x14caf605a700 affinity 103
level 1 thread 0x14caf5e59700 affinity 104
level 1 thread 0x14caf5c58700 affinity 105
level 1 thread 0x14caf5a57700 affinity 106
level 1 thread 0x14caf5856700 affinity 107
level 1 thread 0x14caf5655700 affinity 108
level 1 thread 0x14caf5454700 affinity 109
level 1 thread 0x14caf5253700 affinity 110
level 1 thread 0x14caf5052700 affinity 111
level 1 thread 0x152949fd77c0 affinity 84
level 1 thread 0x15292cd3e700 affinity 85
level 1 thread 0x15292cb3d700 affinity 86
level 1 thread 0x15292c93c700 affinity 87
level 1 thread 0x15292c73b700 affinity 88
level 1 thread 0x15292c53a700 affinity 89
level 1 thread 0x15292c339700 affinity 90
level 1 thread 0x15292c138700 affinity 91
level 1 thread 0x15292bf37700 affinity 92
level 1 thread 0x15292bd36700 affinity 93
level 1 thread 0x15292bb35700 affinity 94
level 1 thread 0x15292b934700 affinity 95
level 1 thread 0x15292b733700 affinity 96
level 1 thread 0x15292b532700 affinity 97
Done. Logs in outputs_leonardo/, summary in outputs_leonardo/results_16Node_128Tasks_14Threads.csv
