Loading openmpi/4.1.6--gcc--12.2.0
  Loading requirement: gcc/12.2.0-binut2.41
Running with 14 threads
level 1 thread 0x15500a7707c0 affinity 0
level 1 thread 0x154ffc869700 affinity 1
level 1 thread 0x154ffc668700 affinity 2
level 1 thread 0x154ffc467700 affinity 3
level 1 thread 0x154ffc266700 affinity 4
level 1 thread 0x154fc2093700 affinity 5
level 1 thread 0x154fc1e92700 affinity 6
level 1 thread 0x154fc1c91700 affinity 7
level 1 thread 0x154fc1a90700 affinity 8
level 1 thread 0x154fc188f700 affinity 9
level 1 thread 0x154fc168e700 affinity 10
level 1 thread 0x154fc148d700 affinity 11
level 1 thread 0x154fc128c700 affinity 12
level 1 thread 0x154fc108b700 affinity 13
level 1 thread 0x150e95b807c0 affinity 0
level 1 thread 0x150e4dc7a700 affinity 1
level 1 thread 0x150e4da79700 affinity 2
level 1 thread 0x150e4d878700 affinity 3
level 1 thread 0x150e4d677700 affinity 4
level 1 thread 0x150e4d476700 affinity 5
level 1 thread 0x150e4d275700 affinity 6
level 1 thread 0x150e4d074700 affinity 7
level 1 thread 0x150e4ce73700 affinity 8
level 1 thread 0x150e4cc72700 affinity 9
level 1 thread 0x150e4ca71700 affinity 10
level 1 thread 0x150e4c870700 affinity 11
level 1 thread 0x150e4c66f700 affinity 12
level 1 thread 0x150e4c46e700 affinity 13
level 1 thread 0x14b8be18a7c0 affinity 0
level 1 thread 0x14b8b0291700 affinity 1
level 1 thread 0x14b876093700 affinity 2
level 1 thread 0x14b875e92700 affinity 3
level 1 thread 0x14b875c91700 affinity 4
level 1 thread 0x14b875a90700 affinity 5
level 1 thread 0x14b87588f700 affinity 6
level 1 thread 0x14b87568e700 affinity 7
level 1 thread 0x14b87548d700 affinity 8
level 1 thread 0x14b87528c700 affinity 9
level 1 thread 0x14b87508b700 affinity 10
level 1 thread 0x14b874e8a700 affinity 11
level 1 thread 0x14b874c89700 affinity 12
level 1 thread 0x14b874a88700 affinity 13
level 1 thread 0x146ec7f377c0 affinity 0
level 1 thread 0x146e800ce700 affinity 1
level 1 thread 0x146e7fecd700 affinity 2
level 1 thread 0x146e7fccc700 affinity 3
level 1 thread 0x146e7facb700 affinity 4
level 1 thread 0x146e7f8ca700 affinity 5
level 1 thread 0x146e7f6c9700 affinity 6
level 1 thread 0x146e7f4c8700 affinity 7
level 1 thread 0x146e7f2c7700 affinity 8
level 1 thread 0x146e7f0c6700 affinity 9
level 1 thread 0x146e7eec5700 affinity 10
level 1 thread 0x146e7ecc4700 affinity 11
level 1 thread 0x146e7eac3700 affinity 12
level 1 thread 0x146e7e8c2700 affinity 13
level 1 thread 0x152b2de9b7c0 affinity 0
level 1 thread 0x152b203bd700 affinity 1
level 1 thread 0x152ae5c7a700 affinity 2
level 1 thread 0x152ae5a79700 affinity 3
level 1 thread 0x152ae5878700 affinity 4
level 1 thread 0x152ae5677700 affinity 5
level 1 thread 0x152ae5476700 affinity 6
level 1 thread 0x152ae5275700 affinity 7
level 1 thread 0x152ae5074700 affinity 8
level 1 thread 0x152ae4e73700 affinity 9
level 1 thread 0x152ae4c72700 affinity 10
level 1 thread 0x152ae4a71700 affinity 11
level 1 thread 0x152ae4870700 affinity 12
level 1 thread 0x152ae466f700 affinity 13
level 1 thread 0x14e2f4a9a7c0 affinity 70
level 1 thread 0x14e2ac803700 affinity 71
level 1 thread 0x14e2ac602700 affinity 72
level 1 thread 0x14e2ac401700 affinity 73
level 1 thread 0x14e2ac200700 affinity 74
level 1 thread 0x14e2abfff700 affinity 75
level 1 thread 0x14e2abdfe700 affinity 76
level 1 thread 0x14e2abbfd700 affinity 77
level 1 thread 0x14e2ab9fc700 affinity 78
level 1 thread 0x14e2ab7fb700 affinity 79
level 1 thread 0x14e2ab5fa700 affinity 80
level 1 thread 0x14e2ab3f9700 affinity 81
level 1 thread 0x14e2ab1f8700 affinity 82
level 1 thread 0x14e2aaff7700 affinity 83
level 1 thread 0x14577ab4b7c0 affinity 14
level 1 thread 0x14576c81f700 affinity 15
level 1 thread 0x14576c61e700 affinity 16
level 1 thread 0x14576c41d700 affinity 17
level 1 thread 0x14576c21c700 affinity 18
level 1 thread 0x145732093700 affinity 19
level 1 thread 0x145731e92700 affinity 20
level 1 thread 0x145731c91700 affinity 21
level 1 thread 0x145731a90700 affinity 22
level 1 thread 0x14573188f700 affinity 23
level 1 thread 0x14573168e700 affinity 24
level 1 thread 0x14573148d700 affinity 25
level 1 thread 0x14573128c700 affinity 26
level 1 thread 0x14573108b700 affinity 27
level 1 thread 0x14c83b09e7c0 affinity 28
level 1 thread 0x14c7f2dfe700 affinity 29
level 1 thread 0x14c7f2bfd700 affinity 30
level 1 thread 0x14c7f29fc700 affinity 31
level 1 thread 0x14c7f27fb700 affinity 32
level 1 thread 0x14c7f25fa700 affinity 33
level 1 thread 0x14c7f23f9700 affinity 34
level 1 thread 0x14c7f21f8700 affinity 35
level 1 thread 0x14c7f1ff7700 affinity 36
level 1 thread 0x14c7f1df6700 affinity 37
level 1 thread 0x14c7f1bf5700 affinity 38
level 1 thread 0x14c7f19f4700 affinity 39
level 1 thread 0x14c7f17f3700 affinity 40
level 1 thread 0x14c7f15f2700 affinity 41
level 1 thread 0x153d29ae07c0 affinity 56
level 1 thread 0x153ce1839700 affinity 57
level 1 thread 0x153ce1638700 affinity 58
level 1 thread 0x153ce1437700 affinity 59
level 1 thread 0x153ce1236700 affinity 60
level 1 thread 0x153ce1035700 affinity 61
level 1 thread 0x153ce0e34700 affinity 62
level 1 thread 0x153ce0c33700 affinity 63
level 1 thread 0x153ce0a32700 affinity 64
level 1 thread 0x153ce0831700 affinity 65
level 1 thread 0x153ce0630700 affinity 66
level 1 thread 0x153ce042f700 affinity 67
level 1 thread 0x153ce022e700 affinity 68
level 1 thread 0x153ce002d700 affinity 69
level 1 thread 0x14cb9872f7c0 affinity 98
level 1 thread 0x14cb508bf700 affinity 99
level 1 thread 0x14cb506be700 affinity 100
level 1 thread 0x14cb504bd700 affinity 101
level 1 thread 0x14cb502bc700 affinity 102
level 1 thread 0x14cb500bb700 affinity 103
level 1 thread 0x14cb4feba700 affinity 104
level 1 thread 0x14cb4fcb9700 affinity 105
level 1 thread 0x14cb4fab8700 affinity 106
level 1 thread 0x14cb4f8b7700 affinity 107
level 1 thread 0x14cb4f6b6700 affinity 108
level 1 thread 0x14cb4f4b5700 affinity 109
level 1 thread 0x14cb4f2b4700 affinity 110
level 1 thread 0x14cb4f0b3700 affinity 111
level 1 thread 0x147eab8667c0 affinity 98
level 1 thread 0x147e639f9700 affinity 99
level 1 thread 0x147e637f8700 affinity 100
level 1 thread 0x147e635f7700 affinity 101
level 1 thread 0x147e633f6700 affinity 102
level 1 thread 0x147e631f5700 affinity 103
level 1 thread 0x147e62ff4700 affinity 104
level 1 thread 0x147e62df3700 affinity 105
level 1 thread 0x147e62bf2700 affinity 106
level 1 thread 0x147e629f1700 affinity 107
level 1 thread 0x147e627f0700 affinity 108
level 1 thread 0x147e625ef700 affinity 109
level 1 thread 0x147e623ee700 affinity 110
level 1 thread 0x147e621ed700 affinity 111
level 1 thread 0x15065572d7c0 affinity 56
level 1 thread 0x150640fbf700 affinity 57
level 1 thread 0x150640dbe700 affinity 58
level 1 thread 0x150640bbd700 affinity 59
level 1 thread 0x1506409bc700 affinity 60
level 1 thread 0x1506407bb700 affinity 61
level 1 thread 0x1506405ba700 affinity 62
level 1 thread 0x1506403b9700 affinity 63
level 1 thread 0x15060c499700 affinity 64
level 1 thread 0x15060c298700 affinity 65
level 1 thread 0x15060c097700 affinity 66
level 1 thread 0x15060be96700 affinity 67
level 1 thread 0x15060bc95700 affinity 68
level 1 thread 0x15060ba94700 affinity 69
level 1 thread 0x15493fe017c0 affinity 56
level 1 thread 0x1548f7b69700 affinity 57
level 1 thread 0x1548f7968700 affinity 58
level 1 thread 0x1548f7767700 affinity 59
level 1 thread 0x1548f7566700 affinity 60
level 1 thread 0x1548f7365700 affinity 61
level 1 thread 0x1548f7164700 affinity 62
level 1 thread 0x1548f6f63700 affinity 63
level 1 thread 0x1548f6d62700 affinity 64
level 1 thread 0x1548f6b61700 affinity 65
level 1 thread 0x1548f6960700 affinity 66
level 1 thread 0x1548f675f700 affinity 67
level 1 thread 0x1548f655e700 affinity 68
level 1 thread 0x1548f635d700 affinity 69
level 1 thread 0x15290a72e7c0 affinity 84
level 1 thread 0x1528fc403700 affinity 85
level 1 thread 0x1528fc202700 affinity 86
level 1 thread 0x1528c2093700 affinity 87
level 1 thread 0x1528c1e92700 affinity 88
level 1 thread 0x1528c1c91700 affinity 89
level 1 thread 0x1528c1a90700 affinity 90
level 1 thread 0x1528c188f700 affinity 91
level 1 thread 0x1528c168e700 affinity 92
level 1 thread 0x1528c148d700 affinity 93
level 1 thread 0x1528c128c700 affinity 94
level 1 thread 0x1528c108b700 affinity 95
level 1 thread 0x1528c0e8a700 affinity 96
level 1 thread 0x1528c0c89700 affinity 97
level 1 thread 0x1510ab37e7c0 affinity 98
level 1 thread 0x151063446700 affinity 99
level 1 thread 0x151063245700 affinity 100
level 1 thread 0x151063044700 affinity 101
level 1 thread 0x151062e43700 affinity 102
level 1 thread 0x151062c42700 affinity 103
level 1 thread 0x151062a41700 affinity 104
level 1 thread 0x151062840700 affinity 105
level 1 thread 0x15106263f700 affinity 106
level 1 thread 0x15106243e700 affinity 107
level 1 thread 0x15106223d700 affinity 108
level 1 thread 0x15106203c700 affinity 109
level 1 thread 0x151061e3b700 affinity 110
level 1 thread 0x151061c3a700 affinity 111
level 1 thread 0x14a1f61ea7c0 affinity 98
level 1 thread 0x14a1e82f3700 affinity 99
level 1 thread 0x14a1ae093700 affinity 100
level 1 thread 0x14a1ade92700 affinity 101
level 1 thread 0x14a1adc91700 affinity 102
level 1 thread 0x14a1ada90700 affinity 103
level 1 thread 0x14a1ad88f700 affinity 104
level 1 thread 0x14a1ad68e700 affinity 105
level 1 thread 0x14a1ad48d700 affinity 106
level 1 thread 0x14a1ad28c700 affinity 107
level 1 thread 0x14a1ad08b700 affinity 108
level 1 thread 0x14a1ace8a700 affinity 109
level 1 thread 0x14a1acc89700 affinity 110
level 1 thread 0x14a1aca88700 affinity 111
level 1 thread 0x14c57c06a7c0 affinity 14
level 1 thread 0x14c533dc7700 affinity 15
level 1 thread 0x14c533bc6700 affinity 16
level 1 thread 0x14c5339c5700 affinity 17
level 1 thread 0x14c5337c4700 affinity 18
level 1 thread 0x14c5335c3700 affinity 19
level 1 thread 0x14c5333c2700 affinity 20
level 1 thread 0x14c5331c1700 affinity 21
level 1 thread 0x14c532fc0700 affinity 22
level 1 thread 0x14c532dbf700 affinity 23
level 1 thread 0x14c532bbe700 affinity 24
level 1 thread 0x14c5329bd700 affinity 25
level 1 thread 0x14c5327bc700 affinity 26
level 1 thread 0x14c5325bb700 affinity 27
level 1 thread 0x149cec1a77c0 affinity 98
level 1 thread 0x149ca433c700 affinity 99
level 1 thread 0x149ca413b700 affinity 100
level 1 thread 0x149ca3f3a700 affinity 101
level 1 thread 0x149ca3d39700 affinity 102
level 1 thread 0x149ca3b38700 affinity 103
level 1 thread 0x149ca3937700 affinity 104
level 1 thread 0x149ca3736700 affinity 105
level 1 thread 0x149ca3535700 affinity 106
level 1 thread 0x149ca3334700 affinity 107
level 1 thread 0x149ca3133700 affinity 108
level 1 thread 0x149ca2f32700 affinity 109
level 1 thread 0x149ca2d31700 affinity 110
level 1 thread 0x149ca2b30700 affinity 111
level 1 thread 0x153a814a67c0 affinity 14
level 1 thread 0x153a6cba6700 affinity 15
level 1 thread 0x153a6c9a5700 affinity 16
level 1 thread 0x153a6c7a4700 affinity 17
level 1 thread 0x153a6c5a3700 affinity 18
level 1 thread 0x153a6c3a2700 affinity 19
level 1 thread 0x153a38499700 affinity 20
level 1 thread 0x153a38298700 affinity 21
level 1 thread 0x153a38097700 affinity 22
level 1 thread 0x153a37e96700 affinity 23
level 1 thread 0x153a37c95700 affinity 24
level 1 thread 0x153a37a94700 affinity 25
level 1 thread 0x153a37893700 affinity 26
level 1 thread 0x153a37692700 affinity 27
level 1 thread 0x14ed1a3da7c0 affinity 28
level 1 thread 0x14ecd2093700 affinity 29
level 1 thread 0x14ecd1e92700 affinity 30
level 1 thread 0x14ecd1c91700 affinity 31
level 1 thread 0x14ecd1a90700 affinity 32
level 1 thread 0x14ecd188f700 affinity 33
level 1 thread 0x14ecd168e700 affinity 34
level 1 thread 0x14ecd148d700 affinity 35
level 1 thread 0x14ecd128c700 affinity 36
level 1 thread 0x14ecd108b700 affinity 37
level 1 thread 0x14ecd0e8a700 affinity 38
level 1 thread 0x14ecd0c89700 affinity 39
level 1 thread 0x14ecd0a88700 affinity 40
level 1 thread 0x14ecd0887700 affinity 41
level 1 thread 0x14b12d8887c0 affinity 28
level 1 thread 0x14b0e5459700 affinity 29
level 1 thread 0x14b0e5258700 affinity 30
level 1 thread 0x14b0e5057700 affinity 31
level 1 thread 0x14b0e4e56700 affinity 32
level 1 thread 0x14b0e4c55700 affinity 33
level 1 thread 0x14b0e4a54700 affinity 34
level 1 thread 0x14b0e4853700 affinity 35
level 1 thread 0x14b0e4652700 affinity 36
level 1 thread 0x14b0e4451700 affinity 37
level 1 thread 0x14b0e4250700 affinity 38
level 1 thread 0x14b0e404f700 affinity 39
level 1 thread 0x14b0e3e4e700 affinity 40
level 1 thread 0x14b0e3c4d700 affinity 41
level 1 thread 0x153593c0d7c0 affinity 70
level 1 thread 0x15354b971700 affinity 71
level 1 thread 0x15354b770700 affinity 72
level 1 thread 0x15354b56f700 affinity 73
level 1 thread 0x15354b36e700 affinity 74
level 1 thread 0x15354b16d700 affinity 75
level 1 thread 0x15354af6c700 affinity 76
level 1 thread 0x15354ad6b700 affinity 77
level 1 thread 0x15354ab6a700 affinity 78
level 1 thread 0x15354a969700 affinity 79
level 1 thread 0x15354a768700 affinity 80
level 1 thread 0x15354a567700 affinity 81
level 1 thread 0x15354a366700 affinity 82
level 1 thread 0x15354a165700 affinity 83
level 1 thread 0x14709170e7c0 affinity 14
level 1 thread 0x14707cfbf700 affinity 15
level 1 thread 0x14707cdbe700 affinity 16
level 1 thread 0x14707cbbd700 affinity 17
level 1 thread 0x14707c9bc700 affinity 18
level 1 thread 0x14707c7bb700 affinity 19
level 1 thread 0x14707c5ba700 affinity 20
level 1 thread 0x14707c3b9700 affinity 21
level 1 thread 0x147048499700 affinity 22
level 1 thread 0x147048298700 affinity 23
level 1 thread 0x147048097700 affinity 24
level 1 thread 0x147047e96700 affinity 25
level 1 thread 0x147047c95700 affinity 26
level 1 thread 0x147047a94700 affinity 27
level 1 thread 0x14f644aa67c0 affinity 56
level 1 thread 0x14f5fc804700 affinity 57
level 1 thread 0x14f5fc603700 affinity 58
level 1 thread 0x14f5fc402700 affinity 59
level 1 thread 0x14f5fc201700 affinity 60
level 1 thread 0x14f5fc000700 affinity 61
level 1 thread 0x14f5fbdff700 affinity 62
level 1 thread 0x14f5fbbfe700 affinity 63
level 1 thread 0x14f5fb9fd700 affinity 64
level 1 thread 0x14f5fb7fc700 affinity 65
level 1 thread 0x14f5fb5fb700 affinity 66
level 1 thread 0x14f5fb3fa700 affinity 67
level 1 thread 0x14f5fb1f9700 affinity 68
level 1 thread 0x14f5faff8700 affinity 69
level 1 thread 0x150d3c58e7c0 affinity 28
level 1 thread 0x150cf42f9700 affinity 29
level 1 thread 0x150cf40f8700 affinity 30
level 1 thread 0x150cf3ef7700 affinity 31
level 1 thread 0x150cf3cf6700 affinity 32
level 1 thread 0x150cf3af5700 affinity 33
level 1 thread 0x150cf38f4700 affinity 34
level 1 thread 0x150cf36f3700 affinity 35
level 1 thread 0x150cf34f2700 affinity 36
level 1 thread 0x150cf32f1700 affinity 37
level 1 thread 0x150cf30f0700 affinity 38
level 1 thread 0x150cf2eef700 affinity 39
level 1 thread 0x150cf2cee700 affinity 40
level 1 thread 0x150cf2aed700 affinity 41
level 1 thread 0x1487f62617c0 affinity 56
level 1 thread 0x1487e8349700 affinity 57
level 1 thread 0x1487adc7a700 affinity 58
level 1 thread 0x1487ada79700 affinity 59
level 1 thread 0x1487ad878700 affinity 60
level 1 thread 0x1487ad677700 affinity 61
level 1 thread 0x1487ad476700 affinity 62
level 1 thread 0x1487ad275700 affinity 63
level 1 thread 0x1487ad074700 affinity 64
level 1 thread 0x1487ace73700 affinity 65
level 1 thread 0x1487acc72700 affinity 66
level 1 thread 0x1487aca71700 affinity 67
level 1 thread 0x1487ac870700 affinity 68
level 1 thread 0x1487ac66f700 affinity 69
level 1 thread 0x14cb1f2bb7c0 affinity 42
level 1 thread 0x14cad7019700 affinity 43
level 1 thread 0x14cad6e18700 affinity 44
level 1 thread 0x14cad6c17700 affinity 45
level 1 thread 0x14cad6a16700 affinity 46
level 1 thread 0x14cad6815700 affinity 47
level 1 thread 0x14cad6614700 affinity 48
level 1 thread 0x14cad6413700 affinity 49
level 1 thread 0x14cad6212700 affinity 50
level 1 thread 0x14cad6011700 affinity 51
level 1 thread 0x14cad5e10700 affinity 52
level 1 thread 0x14cad5c0f700 affinity 53
level 1 thread 0x14cad5a0e700 affinity 54
level 1 thread 0x14cad580d700 affinity 55
level 1 thread 0x146e2ae417c0 affinity 42
level 1 thread 0x146de2b9c700 affinity 43
level 1 thread 0x146de299b700 affinity 44
level 1 thread 0x146de279a700 affinity 45
level 1 thread 0x146de2599700 affinity 46
level 1 thread 0x146de2398700 affinity 47
level 1 thread 0x146de2197700 affinity 48
level 1 thread 0x146de1f96700 affinity 49
level 1 thread 0x146de1d95700 affinity 50
level 1 thread 0x146de1b94700 affinity 51
level 1 thread 0x146de1993700 affinity 52
level 1 thread 0x146de1792700 affinity 53
level 1 thread 0x146de1591700 affinity 54
level 1 thread 0x146de1390700 affinity 55
level 1 thread 0x14ebde27b7c0 affinity 28
level 1 thread 0x14ebd036d700 affinity 29
level 1 thread 0x14eb95c7a700 affinity 30
level 1 thread 0x14eb95a79700 affinity 31
level 1 thread 0x14eb95878700 affinity 32
level 1 thread 0x14eb95677700 affinity 33
level 1 thread 0x14eb95476700 affinity 34
level 1 thread 0x14eb95275700 affinity 35
level 1 thread 0x14eb95074700 affinity 36
level 1 thread 0x14eb94e73700 affinity 37
level 1 thread 0x14eb94c72700 affinity 38
level 1 thread 0x14eb94a71700 affinity 39
level 1 thread 0x14eb94870700 affinity 40
level 1 thread 0x14eb9466f700 affinity 41
level 1 thread 0x14e4df1947c0 affinity 0
level 1 thread 0x14e49731e700 affinity 1
level 1 thread 0x14e49711d700 affinity 2
level 1 thread 0x14e496f1c700 affinity 3
level 1 thread 0x14e496d1b700 affinity 4
level 1 thread 0x14e496b1a700 affinity 5
level 1 thread 0x14e496919700 affinity 6
level 1 thread 0x14e496718700 affinity 7
level 1 thread 0x14e496517700 affinity 8
level 1 thread 0x14e496316700 affinity 9
level 1 thread 0x14e496115700 affinity 10
level 1 thread 0x14e495f14700 affinity 11
level 1 thread 0x14e495d13700 affinity 12
level 1 thread 0x14e495b12700 affinity 13
level 1 thread 0x1462f10a47c0 affinity 0
level 1 thread 0x1462dcba6700 affinity 1
level 1 thread 0x1462dc9a5700 affinity 2
level 1 thread 0x1462dc7a4700 affinity 3
level 1 thread 0x1462dc5a3700 affinity 4
level 1 thread 0x1462dc3a2700 affinity 5
level 1 thread 0x1462a8499700 affinity 6
level 1 thread 0x1462a8298700 affinity 7
level 1 thread 0x1462a8097700 affinity 8
level 1 thread 0x1462a7e96700 affinity 9
level 1 thread 0x1462a7c95700 affinity 10
level 1 thread 0x1462a7a94700 affinity 11
level 1 thread 0x1462a7893700 affinity 12
level 1 thread 0x1462a7692700 affinity 13
level 1 thread 0x14e73c1137c0 affinity 56
level 1 thread 0x14e6f3e84700 affinity 57
level 1 thread 0x14e6f3c83700 affinity 58
level 1 thread 0x14e6f3a82700 affinity 59
level 1 thread 0x14e6f3881700 affinity 60
level 1 thread 0x14e6f3680700 affinity 61
level 1 thread 0x14e6f347f700 affinity 62
level 1 thread 0x14e6f327e700 affinity 63
level 1 thread 0x14e6f307d700 affinity 64
level 1 thread 0x14e6f2e7c700 affinity 65
level 1 thread 0x14e6f2c7b700 affinity 66
level 1 thread 0x14e6f2a7a700 affinity 67
level 1 thread 0x14e6f2879700 affinity 68
level 1 thread 0x14e6f2678700 affinity 69
level 1 thread 0x14fe3bb3a7c0 affinity 84
level 1 thread 0x14fdf389d700 affinity 85
level 1 thread 0x14fdf369c700 affinity 86
level 1 thread 0x14fdf349b700 affinity 87
level 1 thread 0x14fdf329a700 affinity 88
level 1 thread 0x14fdf3099700 affinity 89
level 1 thread 0x14fdf2e98700 affinity 90
level 1 thread 0x14fdf2c97700 affinity 91
level 1 thread 0x14fdf2a96700 affinity 92
level 1 thread 0x14fdf2895700 affinity 93
level 1 thread 0x14fdf2694700 affinity 94
level 1 thread 0x14fdf2493700 affinity 95
level 1 thread 0x14fdf2292700 affinity 96
level 1 thread 0x14fdf2091700 affinity 97
level 1 thread 0x1511ffa997c0 affinity 70
level 1 thread 0x1511b77fa700 affinity 71
level 1 thread 0x1511b75f9700 affinity 72
level 1 thread 0x1511b73f8700 affinity 73
level 1 thread 0x1511b71f7700 affinity 74
level 1 thread 0x1511b6ff6700 affinity 75
level 1 thread 0x1511b6df5700 affinity 76
level 1 thread 0x1511b6bf4700 affinity 77
level 1 thread 0x1511b69f3700 affinity 78
level 1 thread 0x1511b67f2700 affinity 79
level 1 thread 0x1511b65f1700 affinity 80
level 1 thread 0x1511b63f0700 affinity 81
level 1 thread 0x1511b61ef700 affinity 82
level 1 thread 0x1511b5fee700 affinity 83
level 1 thread 0x152d482167c0 affinity 70
level 1 thread 0x152cfff75700 affinity 71
level 1 thread 0x152cffd74700 affinity 72
level 1 thread 0x152cffb73700 affinity 73
level 1 thread 0x152cff972700 affinity 74
level 1 thread 0x152cff771700 affinity 75
level 1 thread 0x152cff570700 affinity 76
level 1 thread 0x152cff36f700 affinity 77
level 1 thread 0x152cff16e700 affinity 78
level 1 thread 0x152cfef6d700 affinity 79
level 1 thread 0x152cfed6c700 affinity 80
level 1 thread 0x152cfeb6b700 affinity 81
level 1 thread 0x152cfe96a700 affinity 82
level 1 thread 0x152cfe769700 affinity 83
level 1 thread 0x14ec01bbf7c0 affinity 56
level 1 thread 0x14ebb9861700 affinity 57
level 1 thread 0x14ebb9660700 affinity 58
level 1 thread 0x14ebb945f700 affinity 59
level 1 thread 0x14ebb925e700 affinity 60
level 1 thread 0x14ebb905d700 affinity 61
level 1 thread 0x14ebb8e5c700 affinity 62
level 1 thread 0x14e6c2d387c0 affinity 84
level 1 thread 0x14e67aaa6700 affinity 85
level 1 thread 0x14e67a8a5700 affinity 86
level 1 thread 0x14e67a6a4700 affinity 87
level 1 thread 0x14e67a4a3700 affinity 88
level 1 thread 0x14e67a2a2700 affinity 89
level 1 thread 0x14e67a0a1700 affinity 90
level 1 thread 0x14e679ea0700 affinity 91
level 1 thread 0x14e679c9f700 affinity 92
level 1 thread 0x14e679a9e700 affinity 93
level 1 thread 0x14e67989d700 affinity 94
level 1 thread 0x14e67969c700 affinity 95
level 1 thread 0x14e67949b700 affinity 96
level 1 thread 0x14e67929a700 affinity 97
level 1 thread 0x150642ba97c0 affinity 98
level 1 thread 0x150634cb1700 affinity 99
level 1 thread 0x150634ab0700 affinity 100
level 1 thread 0x1506348af700 affinity 101
level 1 thread 0x1506346ae700 affinity 102
level 1 thread 0x1506344ad700 affinity 103
level 1 thread 0x1506342ac700 affinity 104
level 1 thread 0x1505fa093700 affinity 105
level 1 thread 0x1505f9e92700 affinity 106
level 1 thread 0x1505f9c91700 affinity 107
level 1 thread 0x1505f9a90700 affinity 108
level 1 thread 0x1505f988f700 affinity 109
level 1 thread 0x1505f968e700 affinity 110
level 1 thread 0x1505f948d700 affinity 111
level 1 thread 0x1489f55c37c0 affinity 98
level 1 thread 0x1489e8305700 affinity 99
level 1 thread 0x1489e0fbf700 affinity 100
level 1 thread 0x1489e0dbe700 affinity 101
level 1 thread 0x1489e0bbd700 affinity 102
level 1 thread 0x1489e09bc700 affinity 103
level 1 thread 0x1489e07bb700 affinity 104
level 1 thread 0x1489e05ba700 affinity 105
level 1 thread 0x1489e03b9700 affinity 106
level 1 thread 0x1489ac499700 affinity 107
level 1 thread 0x1489ac298700 affinity 108
level 1 thread 0x1489ac097700 affinity 109
level 1 thread 0x1489abe96700 affinity 110
level 1 thread 0x1489abc95700 affinity 111
level 1 thread 0x14ebb8c5b700 affinity 63
level 1 thread 0x14ebb8a5a700 affinity 64
level 1 thread 0x14ebb8859700 affinity 65
level 1 thread 0x14ebb8658700 affinity 66
level 1 thread 0x14ebb8457700 affinity 67
level 1 thread 0x14ebb8256700 affinity 68
level 1 thread 0x14ebb8055700 affinity 69
level 1 thread 0x15362a0f97c0 affinity 0
level 1 thread 0x1535e2093700 affinity 1
level 1 thread 0x1535e1e92700 affinity 2
level 1 thread 0x1535e1c91700 affinity 3
level 1 thread 0x1535e1a90700 affinity 4
level 1 thread 0x1535e188f700 affinity 5
level 1 thread 0x1535e168e700 affinity 6
level 1 thread 0x1535e148d700 affinity 7
level 1 thread 0x1535e128c700 affinity 8
level 1 thread 0x1535e108b700 affinity 9
level 1 thread 0x1535e0e8a700 affinity 10
level 1 thread 0x1535e0c89700 affinity 11
level 1 thread 0x1535e0a88700 affinity 12
level 1 thread 0x1535e0887700 affinity 13
level 1 thread 0x14774956c7c0 affinity 14
level 1 thread 0x14773c29a700 affinity 15
level 1 thread 0x147734ba6700 affinity 16
level 1 thread 0x1477349a5700 affinity 17
level 1 thread 0x1477347a4700 affinity 18
level 1 thread 0x1477345a3700 affinity 19
level 1 thread 0x1477343a2700 affinity 20
level 1 thread 0x147700499700 affinity 21
level 1 thread 0x147700298700 affinity 22
level 1 thread 0x147700097700 affinity 23
level 1 thread 0x1476ffe96700 affinity 24
level 1 thread 0x1476ffc95700 affinity 25
level 1 thread 0x1476ffa94700 affinity 26
level 1 thread 0x1476ff893700 affinity 27
level 1 thread 0x1508bd0037c0 affinity 14
level 1 thread 0x150874c27700 affinity 15
level 1 thread 0x150874a26700 affinity 16
level 1 thread 0x150874825700 affinity 17
level 1 thread 0x150874624700 affinity 18
level 1 thread 0x150874423700 affinity 19
level 1 thread 0x150874222700 affinity 20
level 1 thread 0x150874021700 affinity 21
level 1 thread 0x150873e20700 affinity 22
level 1 thread 0x150873c1f700 affinity 23
level 1 thread 0x150873a1e700 affinity 24
level 1 thread 0x15087381d700 affinity 25
level 1 thread 0x15087361c700 affinity 26
level 1 thread 0x15087341b700 affinity 27
level 1 thread 0x14e65e5e07c0 affinity 0
level 1 thread 0x14e6506ea700 affinity 1
level 1 thread 0x14e6504e9700 affinity 2
level 1 thread 0x14e6502e8700 affinity 3
level 1 thread 0x14e616093700 affinity 4
level 1 thread 0x14e615e92700 affinity 5
level 1 thread 0x14e615c91700 affinity 6
level 1 thread 0x14e615a90700 affinity 7
level 1 thread 0x14e61588f700 affinity 8
level 1 thread 0x14e61568e700 affinity 9
level 1 thread 0x14e61548d700 affinity 10
level 1 thread 0x14e61528c700 affinity 11
level 1 thread 0x14e61508b700 affinity 12
level 1 thread 0x14e614e8a700 affinity 13
level 1 thread 0x14e50c4307c0 affinity 84
level 1 thread 0x14e4c41a1700 affinity 85
level 1 thread 0x14e4c3fa0700 affinity 86
level 1 thread 0x14e4c3d9f700 affinity 87
level 1 thread 0x14e4c3b9e700 affinity 88
level 1 thread 0x14e4c399d700 affinity 89
level 1 thread 0x14e4c379c700 affinity 90
level 1 thread 0x14e4c359b700 affinity 91
level 1 thread 0x14e4c339a700 affinity 92
level 1 thread 0x14e4c3199700 affinity 93
level 1 thread 0x14e4c2f98700 affinity 94
level 1 thread 0x14e4c2d97700 affinity 95
level 1 thread 0x14e4c2b96700 affinity 96
level 1 thread 0x14e4c2995700 affinity 97
level 1 thread 0x146e6d5967c0 affinity 56
level 1 thread 0x146e602b7700 affinity 57
level 1 thread 0x146e58ba6700 affinity 58
level 1 thread 0x146e589a5700 affinity 59
level 1 thread 0x146e587a4700 affinity 60
level 1 thread 0x146e585a3700 affinity 61
level 1 thread 0x146e583a2700 affinity 62
level 1 thread 0x146e24499700 affinity 63
level 1 thread 0x146e24298700 affinity 64
level 1 thread 0x146e24097700 affinity 65
level 1 thread 0x146e23e96700 affinity 66
level 1 thread 0x146e23c95700 affinity 67
level 1 thread 0x146e23a94700 affinity 68
level 1 thread 0x146e23893700 affinity 69
level 1 thread 0x14fbef2a07c0 affinity 42
level 1 thread 0x14fba7008700 affinity 43
level 1 thread 0x14fba6e07700 affinity 44
level 1 thread 0x14fba6c06700 affinity 45
level 1 thread 0x14fba6a05700 affinity 46
level 1 thread 0x14fba6804700 affinity 47
level 1 thread 0x14fba6603700 affinity 48
level 1 thread 0x14fba6402700 affinity 49
level 1 thread 0x14fba6201700 affinity 50
level 1 thread 0x14fba6000700 affinity 51
level 1 thread 0x14fba5dff700 affinity 52
level 1 thread 0x14fba5bfe700 affinity 53
level 1 thread 0x14fba59fd700 affinity 54
level 1 thread 0x14fba57fc700 affinity 55
level 1 thread 0x147ad810d7c0 affinity 28
level 1 thread 0x147a8fe6f700 affinity 29
level 1 thread 0x147a8fc6e700 affinity 30
level 1 thread 0x147a8fa6d700 affinity 31
level 1 thread 0x147a8f86c700 affinity 32
level 1 thread 0x147a8f66b700 affinity 33
level 1 thread 0x147a8f46a700 affinity 34
level 1 thread 0x147a8f269700 affinity 35
level 1 thread 0x147a8f068700 affinity 36
level 1 thread 0x147a8ee67700 affinity 37
level 1 thread 0x147a8ec66700 affinity 38
level 1 thread 0x147a8ea65700 affinity 39
level 1 thread 0x147a8e864700 affinity 40
level 1 thread 0x147a8e663700 affinity 41
level 1 thread 0x1471d98e67c0 affinity 56
level 1 thread 0x147191459700 affinity 57
level 1 thread 0x147191258700 affinity 58
level 1 thread 0x147191057700 affinity 59
level 1 thread 0x147190e56700 affinity 60
level 1 thread 0x147190c55700 affinity 61
level 1 thread 0x147190a54700 affinity 62
level 1 thread 0x147190853700 affinity 63
level 1 thread 0x147190652700 affinity 64
level 1 thread 0x147190451700 affinity 65
level 1 thread 0x147190250700 affinity 66
level 1 thread 0x14719004f700 affinity 67
level 1 thread 0x14718fe4e700 affinity 68
level 1 thread 0x14718fc4d700 affinity 69
level 1 thread 0x14f12b6dd7c0 affinity 42
level 1 thread 0x14f0e3446700 affinity 43
level 1 thread 0x14f0e3245700 affinity 44
level 1 thread 0x14f0e3044700 affinity 45
level 1 thread 0x14f0e2e43700 affinity 46
level 1 thread 0x14f0e2c42700 affinity 47
level 1 thread 0x14f0e2a41700 affinity 48
level 1 thread 0x14f0e2840700 affinity 49
level 1 thread 0x14f0e263f700 affinity 50
level 1 thread 0x14f0e243e700 affinity 51
level 1 thread 0x14f0e223d700 affinity 52
level 1 thread 0x14f0e203c700 affinity 53
level 1 thread 0x14f0e1e3b700 affinity 54
level 1 thread 0x14f0e1c3a700 affinity 55
level 1 thread 0x14628bb627c0 affinity 70
level 1 thread 0x1462438cc700 affinity 71
level 1 thread 0x1462436cb700 affinity 72
level 1 thread 0x1462434ca700 affinity 73
level 1 thread 0x1462432c9700 affinity 74
level 1 thread 0x1462430c8700 affinity 75
level 1 thread 0x146242ec7700 affinity 76
level 1 thread 0x146242cc6700 affinity 77
level 1 thread 0x146242ac5700 affinity 78
level 1 thread 0x1462428c4700 affinity 79
level 1 thread 0x1462426c3700 affinity 80
level 1 thread 0x1462424c2700 affinity 81
level 1 thread 0x1462422c1700 affinity 82
level 1 thread 0x1462420c0700 affinity 83
level 1 thread 0x14a838abe7c0 affinity 14
level 1 thread 0x14a7f0829700 affinity 15
level 1 thread 0x14a7f0628700 affinity 16
level 1 thread 0x14a7f0427700 affinity 17
level 1 thread 0x14a7f0226700 affinity 18
level 1 thread 0x14a7f0025700 affinity 19
level 1 thread 0x14a7efe24700 affinity 20
level 1 thread 0x14a7efc23700 affinity 21
level 1 thread 0x14a7efa22700 affinity 22
level 1 thread 0x14a7ef821700 affinity 23
level 1 thread 0x14a7ef620700 affinity 24
level 1 thread 0x14a7ef41f700 affinity 25
level 1 thread 0x14a7ef21e700 affinity 26
level 1 thread 0x14a7ef01d700 affinity 27
level 1 thread 0x14e36932c7c0 affinity 0
level 1 thread 0x14e354fbf700 affinity 1
level 1 thread 0x14e354dbe700 affinity 2
level 1 thread 0x14e354bbd700 affinity 3
level 1 thread 0x14e3549bc700 affinity 4
level 1 thread 0x14e3547bb700 affinity 5
level 1 thread 0x14e3545ba700 affinity 6
level 1 thread 0x14e3543b9700 affinity 7
level 1 thread 0x14e320499700 affinity 8
level 1 thread 0x14e320298700 affinity 9
level 1 thread 0x14e320097700 affinity 10
level 1 thread 0x14e31fe96700 affinity 11
level 1 thread 0x14e31fc95700 affinity 12
level 1 thread 0x14e31fa94700 affinity 13
level 1 thread 0x14eacabc67c0 affinity 98
level 1 thread 0x14eabccce700 affinity 99
level 1 thread 0x14eabcacd700 affinity 100
level 1 thread 0x14eabc8cc700 affinity 101
level 1 thread 0x14eabc6cb700 affinity 102
level 1 thread 0x14eabc4ca700 affinity 103
level 1 thread 0x14eabc2c9700 affinity 104
level 1 thread 0x14ea82093700 affinity 105
level 1 thread 0x14ea81e92700 affinity 106
level 1 thread 0x14ea81c91700 affinity 107
level 1 thread 0x14ea81a90700 affinity 108
level 1 thread 0x14ea8188f700 affinity 109
level 1 thread 0x14ea8168e700 affinity 110
level 1 thread 0x14ea8148d700 affinity 111
level 1 thread 0x1544a65ff7c0 affinity 28
level 1 thread 0x1544982d7700 affinity 29
level 1 thread 0x15445e093700 affinity 30
level 1 thread 0x15445de92700 affinity 31
level 1 thread 0x15445dc91700 affinity 32
level 1 thread 0x15445da90700 affinity 33
level 1 thread 0x15445d88f700 affinity 34
level 1 thread 0x15445d68e700 affinity 35
level 1 thread 0x15445d48d700 affinity 36
level 1 thread 0x15445d28c700 affinity 37
level 1 thread 0x15445d08b700 affinity 38
level 1 thread 0x15445ce8a700 affinity 39
level 1 thread 0x15445cc89700 affinity 40
level 1 thread 0x15445ca88700 affinity 41
level 1 thread 0x14f817f527c0 affinity 70
level 1 thread 0x14f7cfcc1700 affinity 71
level 1 thread 0x14f7cfac0700 affinity 72
level 1 thread 0x14f7cf8bf700 affinity 73
level 1 thread 0x14f7cf6be700 affinity 74
level 1 thread 0x14f7cf4bd700 affinity 75
level 1 thread 0x14f7cf2bc700 affinity 76
level 1 thread 0x14f7cf0bb700 affinity 77
level 1 thread 0x14f7ceeba700 affinity 78
level 1 thread 0x14f7cecb9700 affinity 79
level 1 thread 0x14f7ceab8700 affinity 80
level 1 thread 0x14f7ce8b7700 affinity 81
level 1 thread 0x14f7ce6b6700 affinity 82
level 1 thread 0x14f7ce4b5700 affinity 83
level 1 thread 0x14b6fe6ae7c0 affinity 42
level 1 thread 0x14b6f037f700 affinity 43
level 1 thread 0x14b6b6093700 affinity 44
level 1 thread 0x14b6b5e92700 affinity 45
level 1 thread 0x14b6b5c91700 affinity 46
level 1 thread 0x14b6b5a90700 affinity 47
level 1 thread 0x14b6b588f700 affinity 48
level 1 thread 0x14b6b568e700 affinity 49
level 1 thread 0x14b6b548d700 affinity 50
level 1 thread 0x14b6b528c700 affinity 51
level 1 thread 0x14b6b508b700 affinity 52
level 1 thread 0x14b6b4e8a700 affinity 53
level 1 thread 0x14b6b4c89700 affinity 54
level 1 thread 0x14b6b4a88700 affinity 55
level 1 thread 0x1527c0b287c0 affinity 28
level 1 thread 0x152778885700 affinity 29
level 1 thread 0x152778684700 affinity 30
level 1 thread 0x152778483700 affinity 31
level 1 thread 0x152778282700 affinity 32
level 1 thread 0x152778081700 affinity 33
level 1 thread 0x152777e80700 affinity 34
level 1 thread 0x152777c7f700 affinity 35
level 1 thread 0x152777a7e700 affinity 36
level 1 thread 0x15277787d700 affinity 37
level 1 thread 0x15277767c700 affinity 38
level 1 thread 0x15277747b700 affinity 39
level 1 thread 0x15277727a700 affinity 40
level 1 thread 0x152777079700 affinity 41
level 1 thread 0x14f59e3dc7c0 affinity 14
level 1 thread 0x14f556093700 affinity 15
level 1 thread 0x14f555e92700 affinity 16
level 1 thread 0x14f555c91700 affinity 17
level 1 thread 0x14f555a90700 affinity 18
level 1 thread 0x14f55588f700 affinity 19
level 1 thread 0x14f55568e700 affinity 20
level 1 thread 0x14f55548d700 affinity 21
level 1 thread 0x14f55528c700 affinity 22
level 1 thread 0x14f55508b700 affinity 23
level 1 thread 0x14f554e8a700 affinity 24
level 1 thread 0x14f554c89700 affinity 25
level 1 thread 0x14f554a88700 affinity 26
level 1 thread 0x14f554887700 affinity 27
level 1 thread 0x14f52c1ed7c0 affinity 0
level 1 thread 0x14f4e437d700 affinity 1
level 1 thread 0x14f4e417c700 affinity 2
level 1 thread 0x14f4e3f7b700 affinity 3
level 1 thread 0x14f4e3d7a700 affinity 4
level 1 thread 0x14f4e3b79700 affinity 5
level 1 thread 0x14f4e3978700 affinity 6
level 1 thread 0x14f4e3777700 affinity 7
level 1 thread 0x14f4e3576700 affinity 8
level 1 thread 0x14f4e3375700 affinity 9
level 1 thread 0x14f4e3174700 affinity 10
level 1 thread 0x14f4e2f73700 affinity 11
level 1 thread 0x14f4e2d72700 affinity 12
level 1 thread 0x14f4e2b71700 affinity 13
level 1 thread 0x152453d727c0 affinity 28
level 1 thread 0x15240bad2700 affinity 29
level 1 thread 0x15240b8d1700 affinity 30
level 1 thread 0x15240b6d0700 affinity 31
level 1 thread 0x15240b4cf700 affinity 32
level 1 thread 0x15240b2ce700 affinity 33
level 1 thread 0x15240b0cd700 affinity 34
level 1 thread 0x15240aecc700 affinity 35
level 1 thread 0x15240accb700 affinity 36
level 1 thread 0x15240aaca700 affinity 37
level 1 thread 0x15240a8c9700 affinity 38
level 1 thread 0x15240a6c8700 affinity 39
level 1 thread 0x15240a4c7700 affinity 40
level 1 thread 0x15240a2c6700 affinity 41
level 1 thread 0x148eac6007c0 affinity 28
level 1 thread 0x148e64368700 affinity 29
level 1 thread 0x148e64167700 affinity 30
level 1 thread 0x148e63f66700 affinity 31
level 1 thread 0x148e63d65700 affinity 32
level 1 thread 0x148e63b64700 affinity 33
level 1 thread 0x148e63963700 affinity 34
level 1 thread 0x148e63762700 affinity 35
level 1 thread 0x148e63561700 affinity 36
level 1 thread 0x148e63360700 affinity 37
level 1 thread 0x148e6315f700 affinity 38
level 1 thread 0x148e62f5e700 affinity 39
level 1 thread 0x148e62d5d700 affinity 40
level 1 thread 0x148e62b5c700 affinity 41
level 1 thread 0x14b5c78d17c0 affinity 28
level 1 thread 0x14b57f63b700 affinity 29
level 1 thread 0x14b57f43a700 affinity 30
level 1 thread 0x14b57f239700 affinity 31
level 1 thread 0x14b57f038700 affinity 32
level 1 thread 0x14b57ee37700 affinity 33
level 1 thread 0x14b57ec36700 affinity 34
level 1 thread 0x14b57ea35700 affinity 35
level 1 thread 0x14b57e834700 affinity 36
level 1 thread 0x14b57e633700 affinity 37
level 1 thread 0x14b57e432700 affinity 38
level 1 thread 0x14b57e231700 affinity 39
level 1 thread 0x14b57e030700 affinity 40
level 1 thread 0x14b57de2f700 affinity 41
level 1 thread 0x1519c47cc7c0 affinity 56
level 1 thread 0x15197c539700 affinity 57
level 1 thread 0x15197c338700 affinity 58
level 1 thread 0x15197c137700 affinity 59
level 1 thread 0x15197bf36700 affinity 60
level 1 thread 0x15197bd35700 affinity 61
level 1 thread 0x15197bb34700 affinity 62
level 1 thread 0x15197b933700 affinity 63
level 1 thread 0x15197b732700 affinity 64
level 1 thread 0x15197b531700 affinity 65
level 1 thread 0x15197b330700 affinity 66
level 1 thread 0x15197b12f700 affinity 67
level 1 thread 0x15197af2e700 affinity 68
level 1 thread 0x15197ad2d700 affinity 69
level 1 thread 0x14df44ee27c0 affinity 98
level 1 thread 0x14defd040700 affinity 99
level 1 thread 0x14defce3f700 affinity 100
level 1 thread 0x14defcc3e700 affinity 101
level 1 thread 0x14defca3d700 affinity 102
level 1 thread 0x14defc83c700 affinity 103
level 1 thread 0x14defc63b700 affinity 104
level 1 thread 0x14defc43a700 affinity 105
level 1 thread 0x14defc239700 affinity 106
level 1 thread 0x14defc038700 affinity 107
level 1 thread 0x14defbe37700 affinity 108
level 1 thread 0x14defbc36700 affinity 109
level 1 thread 0x14defba35700 affinity 110
level 1 thread 0x14defb834700 affinity 111
level 1 thread 0x153bfaf857c0 affinity 98
level 1 thread 0x153bb3110700 affinity 99
level 1 thread 0x153bb2f0f700 affinity 100
level 1 thread 0x153bb2d0e700 affinity 101
level 1 thread 0x153bb2b0d700 affinity 102
level 1 thread 0x153bb290c700 affinity 103
level 1 thread 0x153bb270b700 affinity 104
level 1 thread 0x153bb250a700 affinity 105
level 1 thread 0x153bb2309700 affinity 106
level 1 thread 0x153bb2108700 affinity 107
level 1 thread 0x153bb1f07700 affinity 108
level 1 thread 0x153bb1d06700 affinity 109
level 1 thread 0x153bb1b05700 affinity 110
level 1 thread 0x153bb1904700 affinity 111
level 1 thread 0x149a4f6a67c0 affinity 84
level 1 thread 0x149a0740c700 affinity 85
level 1 thread 0x149a0720b700 affinity 86
level 1 thread 0x149a0700a700 affinity 87
level 1 thread 0x149a06e09700 affinity 88
level 1 thread 0x149a06c08700 affinity 89
level 1 thread 0x149a06a07700 affinity 90
level 1 thread 0x149a06806700 affinity 91
level 1 thread 0x149a06605700 affinity 92
level 1 thread 0x149a06404700 affinity 93
level 1 thread 0x149a06203700 affinity 94
level 1 thread 0x149a06002700 affinity 95
level 1 thread 0x149a05e01700 affinity 96
level 1 thread 0x149a05c00700 affinity 97
level 1 thread 0x1492bf3457c0 affinity 56
level 1 thread 0x14927702d700 affinity 57
level 1 thread 0x149276e2c700 affinity 58
level 1 thread 0x149276c2b700 affinity 59
level 1 thread 0x149276a2a700 affinity 60
level 1 thread 0x149276829700 affinity 61
level 1 thread 0x149276628700 affinity 62
level 1 thread 0x149276427700 affinity 63
level 1 thread 0x149276226700 affinity 64
level 1 thread 0x149276025700 affinity 65
level 1 thread 0x149275e24700 affinity 66
level 1 thread 0x149275c23700 affinity 67
level 1 thread 0x149275a22700 affinity 68
level 1 thread 0x149275821700 affinity 69
level 1 thread 0x14cce3b817c0 affinity 70
level 1 thread 0x14cc9b8dc700 affinity 71
level 1 thread 0x14cc9b6db700 affinity 72
level 1 thread 0x14cc9b4da700 affinity 73
level 1 thread 0x14cc9b2d9700 affinity 74
level 1 thread 0x14cc9b0d8700 affinity 75
level 1 thread 0x14cc9aed7700 affinity 76
level 1 thread 0x14cc9acd6700 affinity 77
level 1 thread 0x14cc9aad5700 affinity 78
level 1 thread 0x14cc9a8d4700 affinity 79
level 1 thread 0x14cc9a6d3700 affinity 80
level 1 thread 0x14cc9a4d2700 affinity 81
level 1 thread 0x14cc9a2d1700 affinity 82
level 1 thread 0x14cc9a0d0700 affinity 83
level 1 thread 0x1515618b47c0 affinity 70
level 1 thread 0x151519459700 affinity 71
level 1 thread 0x151519258700 affinity 72
level 1 thread 0x151519057700 affinity 73
level 1 thread 0x151518e56700 affinity 74
level 1 thread 0x151518c55700 affinity 75
level 1 thread 0x151518a54700 affinity 76
level 1 thread 0x151518853700 affinity 77
level 1 thread 0x151518652700 affinity 78
level 1 thread 0x151518451700 affinity 79
level 1 thread 0x151518250700 affinity 80
level 1 thread 0x15151804f700 affinity 81
level 1 thread 0x151517e4e700 affinity 82
level 1 thread 0x151517c4d700 affinity 83
level 1 thread 0x1478e047a7c0 affinity 14
level 1 thread 0x1478981e0700 affinity 15
level 1 thread 0x147897fdf700 affinity 16
level 1 thread 0x147897dde700 affinity 17
level 1 thread 0x147897bdd700 affinity 18
level 1 thread 0x1478979dc700 affinity 19
level 1 thread 0x1478977db700 affinity 20
level 1 thread 0x1478975da700 affinity 21
level 1 thread 0x1478973d9700 affinity 22
level 1 thread 0x1478971d8700 affinity 23
level 1 thread 0x147896fd7700 affinity 24
level 1 thread 0x147896dd6700 affinity 25
level 1 thread 0x147896bd5700 affinity 26
level 1 thread 0x1478969d4700 affinity 27
level 1 thread 0x149230f7d7c0 affinity 84
level 1 thread 0x1491e8c27700 affinity 85
level 1 thread 0x1491e8a26700 affinity 86
level 1 thread 0x1491e8825700 affinity 87
level 1 thread 0x1491e8624700 affinity 88
level 1 thread 0x1491e8423700 affinity 89
level 1 thread 0x1491e8222700 affinity 90
level 1 thread 0x1491e8021700 affinity 91
level 1 thread 0x1491e7e20700 affinity 92
level 1 thread 0x1491e7c1f700 affinity 93
level 1 thread 0x1491e7a1e700 affinity 94
level 1 thread 0x1491e781d700 affinity 95
level 1 thread 0x1491e761c700 affinity 96
level 1 thread 0x1491e741b700 affinity 97
level 1 thread 0x15437fdd57c0 affinity 84
level 1 thread 0x154337b44700 affinity 85
level 1 thread 0x154337943700 affinity 86
level 1 thread 0x154337742700 affinity 87
level 1 thread 0x154337541700 affinity 88
level 1 thread 0x154337340700 affinity 89
level 1 thread 0x15433713f700 affinity 90
level 1 thread 0x154336f3e700 affinity 91
level 1 thread 0x154336d3d700 affinity 92
level 1 thread 0x154336b3c700 affinity 93
level 1 thread 0x15433693b700 affinity 94
level 1 thread 0x15433673a700 affinity 95
level 1 thread 0x154336539700 affinity 96
level 1 thread 0x154336338700 affinity 97
level 1 thread 0x1548a64d17c0 affinity 28
level 1 thread 0x15485e093700 affinity 29
level 1 thread 0x15485de92700 affinity 30
level 1 thread 0x15485dc91700 affinity 31
level 1 thread 0x15485da90700 affinity 32
level 1 thread 0x15485d88f700 affinity 33
level 1 thread 0x15485d68e700 affinity 34
level 1 thread 0x15485d48d700 affinity 35
level 1 thread 0x15485d28c700 affinity 36
level 1 thread 0x15485d08b700 affinity 37
level 1 thread 0x15485ce8a700 affinity 38
level 1 thread 0x15485cc89700 affinity 39
level 1 thread 0x15485ca88700 affinity 40
level 1 thread 0x15485c887700 affinity 41
level 1 thread 0x14eb9165e7c0 affinity 14
level 1 thread 0x14eb8438b700 affinity 15
level 1 thread 0x14eb7cba6700 affinity 16
level 1 thread 0x14eb7c9a5700 affinity 17
level 1 thread 0x14eb7c7a4700 affinity 18
level 1 thread 0x14eb7c5a3700 affinity 19
level 1 thread 0x14eb7c3a2700 affinity 20
level 1 thread 0x14eb48499700 affinity 21
level 1 thread 0x14eb48298700 affinity 22
level 1 thread 0x14eb48097700 affinity 23
level 1 thread 0x14eb47e96700 affinity 24
level 1 thread 0x14eb47c95700 affinity 25
level 1 thread 0x14eb47a94700 affinity 26
level 1 thread 0x14eb47893700 affinity 27
level 1 thread 0x1503a67727c0 affinity 0
level 1 thread 0x150398869700 affinity 1
level 1 thread 0x150398668700 affinity 2
level 1 thread 0x150398467700 affinity 3
level 1 thread 0x150398266700 affinity 4
level 1 thread 0x15035e093700 affinity 5
level 1 thread 0x15035de92700 affinity 6
level 1 thread 0x15035dc91700 affinity 7
level 1 thread 0x15035da90700 affinity 8
level 1 thread 0x15035d88f700 affinity 9
level 1 thread 0x15035d68e700 affinity 10
level 1 thread 0x15035d48d700 affinity 11
level 1 thread 0x15035d28c700 affinity 12
level 1 thread 0x15035d08b700 affinity 13
level 1 thread 0x147fabe577c0 affinity 0
level 1 thread 0x147f63ff1700 affinity 1
level 1 thread 0x147f63df0700 affinity 2
level 1 thread 0x147f63bef700 affinity 3
level 1 thread 0x147f639ee700 affinity 4
level 1 thread 0x147f637ed700 affinity 5
level 1 thread 0x147f635ec700 affinity 6
level 1 thread 0x147f633eb700 affinity 7
level 1 thread 0x147f631ea700 affinity 8
level 1 thread 0x147f62fe9700 affinity 9
level 1 thread 0x147f62de8700 affinity 10
level 1 thread 0x147f62be7700 affinity 11
level 1 thread 0x147f629e6700 affinity 12
level 1 thread 0x147f627e5700 affinity 13
level 1 thread 0x1502019567c0 affinity 84
level 1 thread 0x1501f425b700 affinity 85
level 1 thread 0x1501b9459700 affinity 86
level 1 thread 0x1501b9258700 affinity 87
level 1 thread 0x1501b9057700 affinity 88
level 1 thread 0x1501b8e56700 affinity 89
level 1 thread 0x1501b8c55700 affinity 90
level 1 thread 0x1501b8a54700 affinity 91
level 1 thread 0x1501b8853700 affinity 92
level 1 thread 0x1501b8652700 affinity 93
level 1 thread 0x1501b8451700 affinity 94
level 1 thread 0x1501b8250700 affinity 95
level 1 thread 0x1501b804f700 affinity 96
level 1 thread 0x1501b7e4e700 affinity 97
level 1 thread 0x1483a7cca7c0 affinity 56
level 1 thread 0x14835fa2b700 affinity 57
level 1 thread 0x14835f82a700 affinity 58
level 1 thread 0x14835f629700 affinity 59
level 1 thread 0x14835f428700 affinity 60
level 1 thread 0x14835f227700 affinity 61
level 1 thread 0x14835f026700 affinity 62
level 1 thread 0x14835ee25700 affinity 63
level 1 thread 0x14835ec24700 affinity 64
level 1 thread 0x14835ea23700 affinity 65
level 1 thread 0x14835e822700 affinity 66
level 1 thread 0x14835e621700 affinity 67
level 1 thread 0x14835e420700 affinity 68
level 1 thread 0x14835e21f700 affinity 69
level 1 thread 0x14c4f653f7c0 affinity 42
level 1 thread 0x14c4e821a700 affinity 43
level 1 thread 0x14c4ae093700 affinity 44
level 1 thread 0x14c4ade92700 affinity 45
level 1 thread 0x14c4adc91700 affinity 46
level 1 thread 0x14c4ada90700 affinity 47
level 1 thread 0x14c4ad88f700 affinity 48
level 1 thread 0x14c4ad68e700 affinity 49
level 1 thread 0x14c4ad48d700 affinity 50
level 1 thread 0x14c4ad28c700 affinity 51
level 1 thread 0x14c4ad08b700 affinity 52
level 1 thread 0x14c4ace8a700 affinity 53
level 1 thread 0x14c4acc89700 affinity 54
level 1 thread 0x14c4aca88700 affinity 55
level 1 thread 0x151e9a5ef7c0 affinity 42
level 1 thread 0x151e8c2c2700 affinity 43
level 1 thread 0x151e52093700 affinity 44
level 1 thread 0x151e51e92700 affinity 45
level 1 thread 0x151e51c91700 affinity 46
level 1 thread 0x151e51a90700 affinity 47
level 1 thread 0x151e5188f700 affinity 48
level 1 thread 0x151e5168e700 affinity 49
level 1 thread 0x151e5148d700 affinity 50
level 1 thread 0x151e5128c700 affinity 51
level 1 thread 0x151e5108b700 affinity 52
level 1 thread 0x151e50e8a700 affinity 53
level 1 thread 0x151e50c89700 affinity 54
level 1 thread 0x151e50a88700 affinity 55
level 1 thread 0x149f33f237c0 affinity 98
level 1 thread 0x149eec0b0700 affinity 99
level 1 thread 0x149eebeaf700 affinity 100
level 1 thread 0x149eebcae700 affinity 101
level 1 thread 0x149eebaad700 affinity 102
level 1 thread 0x149eeb8ac700 affinity 103
level 1 thread 0x149eeb6ab700 affinity 104
level 1 thread 0x149eeb4aa700 affinity 105
level 1 thread 0x149eeb2a9700 affinity 106
level 1 thread 0x149eeb0a8700 affinity 107
level 1 thread 0x149eeaea7700 affinity 108
level 1 thread 0x149eeaca6700 affinity 109
level 1 thread 0x149eeaaa5700 affinity 110
level 1 thread 0x149eea8a4700 affinity 111
level 1 thread 0x147c119ca7c0 affinity 84
level 1 thread 0x147c042da700 affinity 85
level 1 thread 0x147bc9459700 affinity 86
level 1 thread 0x147bc9258700 affinity 87
level 1 thread 0x147bc9057700 affinity 88
level 1 thread 0x147bc8e56700 affinity 89
level 1 thread 0x147bc8c55700 affinity 90
level 1 thread 0x147bc8a54700 affinity 91
level 1 thread 0x147bc8853700 affinity 92
level 1 thread 0x147bc8652700 affinity 93
level 1 thread 0x147bc8451700 affinity 94
level 1 thread 0x147bc8250700 affinity 95
level 1 thread 0x147bc804f700 affinity 96
level 1 thread 0x147bc7e4e700 affinity 97
level 1 thread 0x1546a3ae87c0 affinity 14
level 1 thread 0x15465b859700 affinity 15
level 1 thread 0x15465b658700 affinity 16
level 1 thread 0x15465b457700 affinity 17
level 1 thread 0x15465b256700 affinity 18
level 1 thread 0x15465b055700 affinity 19
level 1 thread 0x15465ae54700 affinity 20
level 1 thread 0x15465ac53700 affinity 21
level 1 thread 0x15465aa52700 affinity 22
level 1 thread 0x15465a851700 affinity 23
level 1 thread 0x15465a650700 affinity 24
level 1 thread 0x15465a44f700 affinity 25
level 1 thread 0x15465a24e700 affinity 26
level 1 thread 0x15465a04d700 affinity 27
level 1 thread 0x146934c557c0 affinity 84
level 1 thread 0x1468ec9b1700 affinity 85
level 1 thread 0x1468ec7b0700 affinity 86
level 1 thread 0x1468ec5af700 affinity 87
level 1 thread 0x1468ec3ae700 affinity 88
level 1 thread 0x1468ec1ad700 affinity 89
level 1 thread 0x1468ebfac700 affinity 90
level 1 thread 0x1468ebdab700 affinity 91
level 1 thread 0x1468ebbaa700 affinity 92
level 1 thread 0x1468eb9a9700 affinity 93
level 1 thread 0x1468eb7a8700 affinity 94
level 1 thread 0x1468eb5a7700 affinity 95
level 1 thread 0x1468eb3a6700 affinity 96
level 1 thread 0x1468eb1a5700 affinity 97
level 1 thread 0x1550a35d77c0 affinity 28
level 1 thread 0x15505b340700 affinity 29
level 1 thread 0x15505b13f700 affinity 30
level 1 thread 0x15505af3e700 affinity 31
level 1 thread 0x15505ad3d700 affinity 32
level 1 thread 0x15505ab3c700 affinity 33
level 1 thread 0x15505a93b700 affinity 34
level 1 thread 0x15505a73a700 affinity 35
level 1 thread 0x15505a539700 affinity 36
level 1 thread 0x15505a338700 affinity 37
level 1 thread 0x15505a137700 affinity 38
level 1 thread 0x155059f36700 affinity 39
level 1 thread 0x155059d35700 affinity 40
level 1 thread 0x155059b34700 affinity 41
level 1 thread 0x14757de517c0 affinity 70
level 1 thread 0x147570359700 affinity 71
level 1 thread 0x147535861700 affinity 72
level 1 thread 0x147535660700 affinity 73
level 1 thread 0x14753545f700 affinity 74
level 1 thread 0x14753525e700 affinity 75
level 1 thread 0x14753505d700 affinity 76
level 1 thread 0x147534e5c700 affinity 77
level 1 thread 0x147534c5b700 affinity 78
level 1 thread 0x147534a5a700 affinity 79
level 1 thread 0x147534859700 affinity 80
level 1 thread 0x147534658700 affinity 81
level 1 thread 0x147534457700 affinity 82
level 1 thread 0x147534256700 affinity 83
level 1 thread 0x14a5548267c0 affinity 98
level 1 thread 0x14a50c9bc700 affinity 99
level 1 thread 0x14a50c7bb700 affinity 100
level 1 thread 0x14a50c5ba700 affinity 101
level 1 thread 0x14a50c3b9700 affinity 102
level 1 thread 0x14a50c1b8700 affinity 103
level 1 thread 0x14a50bfb7700 affinity 104
level 1 thread 0x14a50bdb6700 affinity 105
level 1 thread 0x14a50bbb5700 affinity 106
level 1 thread 0x14a50b9b4700 affinity 107
level 1 thread 0x14a50b7b3700 affinity 108
level 1 thread 0x14a50b5b2700 affinity 109
level 1 thread 0x14a50b3b1700 affinity 110
level 1 thread 0x14a50b1b0700 affinity 111
level 1 thread 0x1495f48f77c0 affinity 84
level 1 thread 0x1495ac656700 affinity 85
level 1 thread 0x1495ac455700 affinity 86
level 1 thread 0x1495ac254700 affinity 87
level 1 thread 0x1495ac053700 affinity 88
level 1 thread 0x1495abe52700 affinity 89
level 1 thread 0x1495abc51700 affinity 90
level 1 thread 0x1495aba50700 affinity 91
level 1 thread 0x1495ab84f700 affinity 92
level 1 thread 0x1495ab64e700 affinity 93
level 1 thread 0x1495ab44d700 affinity 94
level 1 thread 0x1495ab24c700 affinity 95
level 1 thread 0x1495ab04b700 affinity 96
level 1 thread 0x1495aae4a700 affinity 97
level 1 thread 0x153eb863a7c0 affinity 42
level 1 thread 0x153e703a7700 affinity 43
level 1 thread 0x153e701a6700 affinity 44
level 1 thread 0x153e6ffa5700 affinity 45
level 1 thread 0x153e6fda4700 affinity 46
level 1 thread 0x153e6fba3700 affinity 47
level 1 thread 0x153e6f9a2700 affinity 48
level 1 thread 0x153e6f7a1700 affinity 49
level 1 thread 0x153e6f5a0700 affinity 50
level 1 thread 0x153e6f39f700 affinity 51
level 1 thread 0x153e6f19e700 affinity 52
level 1 thread 0x153e6ef9d700 affinity 53
level 1 thread 0x153e6ed9c700 affinity 54
level 1 thread 0x153e6eb9b700 affinity 55
level 1 thread 0x14b91c1cf7c0 affinity 84
level 1 thread 0x14b8d3f32700 affinity 85
level 1 thread 0x14b8d3d31700 affinity 86
level 1 thread 0x14b8d3b30700 affinity 87
level 1 thread 0x14b8d392f700 affinity 88
level 1 thread 0x14b8d372e700 affinity 89
level 1 thread 0x14b8d352d700 affinity 90
level 1 thread 0x14b8d332c700 affinity 91
level 1 thread 0x14b8d312b700 affinity 92
level 1 thread 0x14b8d2f2a700 affinity 93
level 1 thread 0x14b8d2d29700 affinity 94
level 1 thread 0x14b8d2b28700 affinity 95
level 1 thread 0x14b8d2927700 affinity 96
level 1 thread 0x14b8d2726700 affinity 97
level 1 thread 0x150536de57c0 affinity 84
level 1 thread 0x1504eeb45700 affinity 85
level 1 thread 0x1504ee944700 affinity 86
level 1 thread 0x1504ee743700 affinity 87
level 1 thread 0x1504ee542700 affinity 88
level 1 thread 0x1504ee341700 affinity 89
level 1 thread 0x1504ee140700 affinity 90
level 1 thread 0x1504edf3f700 affinity 91
level 1 thread 0x1504edd3e700 affinity 92
level 1 thread 0x1504edb3d700 affinity 93
level 1 thread 0x1504ed93c700 affinity 94
level 1 thread 0x1504ed73b700 affinity 95
level 1 thread 0x1504ed53a700 affinity 96
level 1 thread 0x1504ed339700 affinity 97
level 1 thread 0x1514a317c7c0 affinity 84
level 1 thread 0x15145aee8700 affinity 85
level 1 thread 0x15145ace7700 affinity 86
level 1 thread 0x15145aae6700 affinity 87
level 1 thread 0x15145a8e5700 affinity 88
level 1 thread 0x15145a6e4700 affinity 89
level 1 thread 0x15145a4e3700 affinity 90
level 1 thread 0x15145a2e2700 affinity 91
level 1 thread 0x15145a0e1700 affinity 92
level 1 thread 0x151459ee0700 affinity 93
level 1 thread 0x151459cdf700 affinity 94
level 1 thread 0x151459ade700 affinity 95
level 1 thread 0x1514598dd700 affinity 96
level 1 thread 0x1514596dc700 affinity 97
level 1 thread 0x14676ac407c0 affinity 28
level 1 thread 0x14675c909700 affinity 29
level 1 thread 0x14675c708700 affinity 30
level 1 thread 0x14675c507700 affinity 31
level 1 thread 0x14675c306700 affinity 32
level 1 thread 0x146722093700 affinity 33
level 1 thread 0x146721e92700 affinity 34
level 1 thread 0x146721c91700 affinity 35
level 1 thread 0x146721a90700 affinity 36
level 1 thread 0x14672188f700 affinity 37
level 1 thread 0x14672168e700 affinity 38
level 1 thread 0x14672148d700 affinity 39
level 1 thread 0x14672128c700 affinity 40
level 1 thread 0x14672108b700 affinity 41
level 1 thread 0x15026bff37c0 affinity 0
level 1 thread 0x15022418a700 affinity 1
level 1 thread 0x150223f89700 affinity 2
level 1 thread 0x150223d88700 affinity 3
level 1 thread 0x150223b87700 affinity 4
level 1 thread 0x150223986700 affinity 5
level 1 thread 0x150223785700 affinity 6
level 1 thread 0x150223584700 affinity 7
level 1 thread 0x150223383700 affinity 8
level 1 thread 0x150223182700 affinity 9
level 1 thread 0x150222f81700 affinity 10
level 1 thread 0x150222d80700 affinity 11
level 1 thread 0x150222b7f700 affinity 12
level 1 thread 0x15022297e700 affinity 13
level 1 thread 0x147c921a17c0 affinity 56
level 1 thread 0x147c84287700 affinity 57
level 1 thread 0x147c49c7a700 affinity 58
level 1 thread 0x147c49a79700 affinity 59
level 1 thread 0x147c49878700 affinity 60
level 1 thread 0x147c49677700 affinity 61
level 1 thread 0x147c49476700 affinity 62
level 1 thread 0x147c49275700 affinity 63
level 1 thread 0x147c49074700 affinity 64
level 1 thread 0x147c48e73700 affinity 65
level 1 thread 0x147c48c72700 affinity 66
level 1 thread 0x147c48a71700 affinity 67
level 1 thread 0x147c48870700 affinity 68
level 1 thread 0x147c4866f700 affinity 69
level 1 thread 0x14e5bae887c0 affinity 42
level 1 thread 0x14e572bde700 affinity 43
level 1 thread 0x14e5729dd700 affinity 44
level 1 thread 0x14e5727dc700 affinity 45
level 1 thread 0x14e5725db700 affinity 46
level 1 thread 0x14e5723da700 affinity 47
level 1 thread 0x14e5721d9700 affinity 48
level 1 thread 0x14e571fd8700 affinity 49
level 1 thread 0x14e571dd7700 affinity 50
level 1 thread 0x14e571bd6700 affinity 51
level 1 thread 0x14e5719d5700 affinity 52
level 1 thread 0x14e5717d4700 affinity 53
level 1 thread 0x14e5715d3700 affinity 54
level 1 thread 0x14e5713d2700 affinity 55
level 1 thread 0x154765a787c0 affinity 14
level 1 thread 0x15475838c700 affinity 15
level 1 thread 0x15471d459700 affinity 16
level 1 thread 0x15471d258700 affinity 17
level 1 thread 0x15471d057700 affinity 18
level 1 thread 0x15471ce56700 affinity 19
level 1 thread 0x15471cc55700 affinity 20
level 1 thread 0x15471ca54700 affinity 21
level 1 thread 0x15471c853700 affinity 22
level 1 thread 0x15471c652700 affinity 23
level 1 thread 0x15471c451700 affinity 24
level 1 thread 0x15471c250700 affinity 25
level 1 thread 0x15471c04f700 affinity 26
level 1 thread 0x15471be4e700 affinity 27
level 1 thread 0x154030c207c0 affinity 14
level 1 thread 0x153fe898c700 affinity 15
level 1 thread 0x153fe878b700 affinity 16
level 1 thread 0x153fe858a700 affinity 17
level 1 thread 0x153fe8389700 affinity 18
level 1 thread 0x153fe8188700 affinity 19
level 1 thread 0x153fe7f87700 affinity 20
level 1 thread 0x153fe7d86700 affinity 21
level 1 thread 0x153fe7b85700 affinity 22
level 1 thread 0x153fe7984700 affinity 23
level 1 thread 0x153fe7783700 affinity 24
level 1 thread 0x153fe7582700 affinity 25
level 1 thread 0x153fe7381700 affinity 26
level 1 thread 0x153fe7180700 affinity 27
level 1 thread 0x14847f2517c0 affinity 14
level 1 thread 0x148436fb9700 affinity 15
level 1 thread 0x148436db8700 affinity 16
level 1 thread 0x148436bb7700 affinity 17
level 1 thread 0x1484369b6700 affinity 18
level 1 thread 0x1484367b5700 affinity 19
level 1 thread 0x1484365b4700 affinity 20
level 1 thread 0x1484363b3700 affinity 21
level 1 thread 0x1484361b2700 affinity 22
level 1 thread 0x148435fb1700 affinity 23
level 1 thread 0x148435db0700 affinity 24
level 1 thread 0x148435baf700 affinity 25
level 1 thread 0x1484359ae700 affinity 26
level 1 thread 0x1484357ad700 affinity 27
level 1 thread 0x1537c4f757c0 affinity 98
level 1 thread 0x15377d040700 affinity 99
level 1 thread 0x15377ce3f700 affinity 100
level 1 thread 0x15377cc3e700 affinity 101
level 1 thread 0x15377ca3d700 affinity 102
level 1 thread 0x15377c83c700 affinity 103
level 1 thread 0x15377c63b700 affinity 104
level 1 thread 0x15377c43a700 affinity 105
level 1 thread 0x15377c239700 affinity 106
level 1 thread 0x15377c038700 affinity 107
level 1 thread 0x15377be37700 affinity 108
level 1 thread 0x15377bc36700 affinity 109
level 1 thread 0x15377ba35700 affinity 110
level 1 thread 0x15377b834700 affinity 111
level 1 thread 0x148410b1d7c0 affinity 70
level 1 thread 0x1483c8886700 affinity 71
level 1 thread 0x1483c8685700 affinity 72
level 1 thread 0x1483c8484700 affinity 73
level 1 thread 0x1483c8283700 affinity 74
level 1 thread 0x1483c8082700 affinity 75
level 1 thread 0x1483c7e81700 affinity 76
level 1 thread 0x1483c7c80700 affinity 77
level 1 thread 0x1483c7a7f700 affinity 78
level 1 thread 0x1483c787e700 affinity 79
level 1 thread 0x1483c767d700 affinity 80
level 1 thread 0x1483c747c700 affinity 81
level 1 thread 0x1483c727b700 affinity 82
level 1 thread 0x1483c707a700 affinity 83
level 1 thread 0x152ce8a0f7c0 affinity 98
level 1 thread 0x152ca0bac700 affinity 99
level 1 thread 0x152ca09ab700 affinity 100
level 1 thread 0x152ca07aa700 affinity 101
level 1 thread 0x152ca05a9700 affinity 102
level 1 thread 0x152ca03a8700 affinity 103
level 1 thread 0x152ca01a7700 affinity 104
level 1 thread 0x152c9ffa6700 affinity 105
level 1 thread 0x152c9fda5700 affinity 106
level 1 thread 0x152c9fba4700 affinity 107
level 1 thread 0x152c9f9a3700 affinity 108
level 1 thread 0x152c9f7a2700 affinity 109
level 1 thread 0x152c9f5a1700 affinity 110
level 1 thread 0x152c9f3a0700 affinity 111
level 1 thread 0x149b83a237c0 affinity 70
level 1 thread 0x149b3b78b700 affinity 71
level 1 thread 0x149b3b58a700 affinity 72
level 1 thread 0x149b3b389700 affinity 73
level 1 thread 0x149b3b188700 affinity 74
level 1 thread 0x149b3af87700 affinity 75
level 1 thread 0x149b3ad86700 affinity 76
level 1 thread 0x149b3ab85700 affinity 77
level 1 thread 0x149b3a984700 affinity 78
level 1 thread 0x149b3a783700 affinity 79
level 1 thread 0x149b3a582700 affinity 80
level 1 thread 0x149b3a381700 affinity 81
level 1 thread 0x149b3a180700 affinity 82
level 1 thread 0x149b39f7f700 affinity 83
level 1 thread 0x154c6d8747c0 affinity 42
level 1 thread 0x154c25459700 affinity 43
level 1 thread 0x154c25258700 affinity 44
level 1 thread 0x154c25057700 affinity 45
level 1 thread 0x154c24e56700 affinity 46
level 1 thread 0x154c24c55700 affinity 47
level 1 thread 0x154c24a54700 affinity 48
level 1 thread 0x154c24853700 affinity 49
level 1 thread 0x154c24652700 affinity 50
level 1 thread 0x154c24451700 affinity 51
level 1 thread 0x154c24250700 affinity 52
level 1 thread 0x154c2404f700 affinity 53
level 1 thread 0x154c23e4e700 affinity 54
level 1 thread 0x154c23c4d700 affinity 55
level 1 thread 0x1476031f17c0 affinity 84
level 1 thread 0x1475baf4c700 affinity 85
level 1 thread 0x1475bad4b700 affinity 86
level 1 thread 0x1475bab4a700 affinity 87
level 1 thread 0x1475ba949700 affinity 88
level 1 thread 0x1475ba748700 affinity 89
level 1 thread 0x1475ba547700 affinity 90
level 1 thread 0x1475ba346700 affinity 91
level 1 thread 0x1475ba145700 affinity 92
level 1 thread 0x1475b9f44700 affinity 93
level 1 thread 0x1475b9d43700 affinity 94
level 1 thread 0x1475b9b42700 affinity 95
level 1 thread 0x1475b9941700 affinity 96
level 1 thread 0x1475b9740700 affinity 97
level 1 thread 0x1483f81957c0 affinity 98
level 1 thread 0x1483b031e700 affinity 99
level 1 thread 0x1483b011d700 affinity 100
level 1 thread 0x1483aff1c700 affinity 101
level 1 thread 0x1483afd1b700 affinity 102
level 1 thread 0x1483afb1a700 affinity 103
level 1 thread 0x1483af919700 affinity 104
level 1 thread 0x1483af718700 affinity 105
level 1 thread 0x1483af517700 affinity 106
level 1 thread 0x1483af316700 affinity 107
level 1 thread 0x1483af115700 affinity 108
level 1 thread 0x1483aef14700 affinity 109
level 1 thread 0x1483aed13700 affinity 110
level 1 thread 0x1483aeb12700 affinity 111
level 1 thread 0x14e7874f37c0 affinity 56
level 1 thread 0x14e778233700 affinity 57
level 1 thread 0x14e73f02d700 affinity 58
level 1 thread 0x14e73ee2c700 affinity 59
level 1 thread 0x14e73ec2b700 affinity 60
level 1 thread 0x14e73ea2a700 affinity 61
level 1 thread 0x14e73e829700 affinity 62
level 1 thread 0x14e73e628700 affinity 63
level 1 thread 0x14e73e427700 affinity 64
level 1 thread 0x14e73e226700 affinity 65
level 1 thread 0x14e73e025700 affinity 66
level 1 thread 0x14e73de24700 affinity 67
level 1 thread 0x14e73dc23700 affinity 68
level 1 thread 0x14e73da22700 affinity 69
level 1 thread 0x154f52e787c0 affinity 42
level 1 thread 0x154f0abde700 affinity 43
level 1 thread 0x154f0a9dd700 affinity 44
level 1 thread 0x154f0a7dc700 affinity 45
level 1 thread 0x154f0a5db700 affinity 46
level 1 thread 0x154f0a3da700 affinity 47
level 1 thread 0x154f0a1d9700 affinity 48
level 1 thread 0x154f09fd8700 affinity 49
level 1 thread 0x154f09dd7700 affinity 50
level 1 thread 0x154f09bd6700 affinity 51
level 1 thread 0x154f099d5700 affinity 52
level 1 thread 0x154f097d4700 affinity 53
level 1 thread 0x154f095d3700 affinity 54
level 1 thread 0x154f093d2700 affinity 55
level 1 thread 0x146b4edc47c0 affinity 42
level 1 thread 0x146b06b28700 affinity 43
level 1 thread 0x146b06927700 affinity 44
level 1 thread 0x146b06726700 affinity 45
level 1 thread 0x146b06525700 affinity 46
level 1 thread 0x146b06324700 affinity 47
level 1 thread 0x146b06123700 affinity 48
level 1 thread 0x146b05f22700 affinity 49
level 1 thread 0x146b05d21700 affinity 50
level 1 thread 0x146b05b20700 affinity 51
level 1 thread 0x146b0591f700 affinity 52
level 1 thread 0x146b0571e700 affinity 53
level 1 thread 0x146b0551d700 affinity 54
level 1 thread 0x146b0531c700 affinity 55
level 1 thread 0x15301fcca7c0 affinity 42
level 1 thread 0x152fd7a2b700 affinity 43
level 1 thread 0x152fd782a700 affinity 44
level 1 thread 0x152fd7629700 affinity 45
level 1 thread 0x152fd7428700 affinity 46
level 1 thread 0x152fd7227700 affinity 47
level 1 thread 0x152fd7026700 affinity 48
level 1 thread 0x152fd6e25700 affinity 49
level 1 thread 0x152fd6c24700 affinity 50
level 1 thread 0x152fd6a23700 affinity 51
level 1 thread 0x152fd6822700 affinity 52
level 1 thread 0x152fd6621700 affinity 53
level 1 thread 0x152fd6420700 affinity 54
level 1 thread 0x152fd621f700 affinity 55
level 1 thread 0x14706671f7c0 affinity 28
level 1 thread 0x1470583f3700 affinity 29
level 1 thread 0x14701e093700 affinity 30
level 1 thread 0x14701de92700 affinity 31
level 1 thread 0x14701dc91700 affinity 32
level 1 thread 0x14701da90700 affinity 33
level 1 thread 0x14701d88f700 affinity 34
level 1 thread 0x14701d68e700 affinity 35
level 1 thread 0x14701d48d700 affinity 36
level 1 thread 0x14701d28c700 affinity 37
level 1 thread 0x14701d08b700 affinity 38
level 1 thread 0x14701ce8a700 affinity 39
level 1 thread 0x14701cc89700 affinity 40
level 1 thread 0x14701ca88700 affinity 41
level 1 thread 0x14e036c557c0 affinity 14
level 1 thread 0x14e028926700 affinity 15
level 1 thread 0x14e028725700 affinity 16
level 1 thread 0x14e028524700 affinity 17
level 1 thread 0x14e028323700 affinity 18
level 1 thread 0x14dfee093700 affinity 19
level 1 thread 0x14dfede92700 affinity 20
level 1 thread 0x14dfedc91700 affinity 21
level 1 thread 0x14dfeda90700 affinity 22
level 1 thread 0x14dfed88f700 affinity 23
level 1 thread 0x14dfed68e700 affinity 24
level 1 thread 0x14dfed48d700 affinity 25
level 1 thread 0x14dfed28c700 affinity 26
level 1 thread 0x14dfed08b700 affinity 27
level 1 thread 0x14ef64a027c0 affinity 84
level 1 thread 0x14ef1c765700 affinity 85
level 1 thread 0x14ef1c564700 affinity 86
level 1 thread 0x14ef1c363700 affinity 87
level 1 thread 0x14ef1c162700 affinity 88
level 1 thread 0x14ef1bf61700 affinity 89
level 1 thread 0x14ef1bd60700 affinity 90
level 1 thread 0x14ef1bb5f700 affinity 91
level 1 thread 0x14ef1b95e700 affinity 92
level 1 thread 0x14ef1b75d700 affinity 93
level 1 thread 0x14ef1b55c700 affinity 94
level 1 thread 0x14ef1b35b700 affinity 95
level 1 thread 0x14ef1b15a700 affinity 96
level 1 thread 0x14ef1af59700 affinity 97
level 1 thread 0x1525f008a7c0 affinity 42
level 1 thread 0x1525a7ded700 affinity 43
level 1 thread 0x1525a7bec700 affinity 44
level 1 thread 0x1525a79eb700 affinity 45
level 1 thread 0x1525a77ea700 affinity 46
level 1 thread 0x1525a75e9700 affinity 47
level 1 thread 0x1525a73e8700 affinity 48
level 1 thread 0x1525a71e7700 affinity 49
level 1 thread 0x1525a6fe6700 affinity 50
level 1 thread 0x1525a6de5700 affinity 51
level 1 thread 0x1525a6be4700 affinity 52
level 1 thread 0x1525a69e3700 affinity 53
level 1 thread 0x1525a67e2700 affinity 54
level 1 thread 0x1525a65e1700 affinity 55
level 1 thread 0x14e1c0aa37c0 affinity 0
level 1 thread 0x14e178c31700 affinity 1
level 1 thread 0x14e178a30700 affinity 2
level 1 thread 0x14e17882f700 affinity 3
level 1 thread 0x14e17862e700 affinity 4
level 1 thread 0x14e17842d700 affinity 5
level 1 thread 0x14e17822c700 affinity 6
level 1 thread 0x14e17802b700 affinity 7
level 1 thread 0x14e177e2a700 affinity 8
level 1 thread 0x14e177c29700 affinity 9
level 1 thread 0x14e177a28700 affinity 10
level 1 thread 0x14e177827700 affinity 11
level 1 thread 0x14e177626700 affinity 12
level 1 thread 0x14e177425700 affinity 13
level 1 thread 0x1478763e57c0 affinity 56
level 1 thread 0x14782e093700 affinity 57
level 1 thread 0x14782de92700 affinity 58
level 1 thread 0x14782dc91700 affinity 59
level 1 thread 0x14782da90700 affinity 60
level 1 thread 0x14782d88f700 affinity 61
level 1 thread 0x14782d68e700 affinity 62
level 1 thread 0x14782d48d700 affinity 63
level 1 thread 0x14782d28c700 affinity 64
level 1 thread 0x14782d08b700 affinity 65
level 1 thread 0x14782ce8a700 affinity 66
level 1 thread 0x14782cc89700 affinity 67
level 1 thread 0x14782ca88700 affinity 68
level 1 thread 0x14782c887700 affinity 69
level 1 thread 0x14dd2551e7c0 affinity 14
level 1 thread 0x14dd1824b700 affinity 15
level 1 thread 0x14dd10ba6700 affinity 16
level 1 thread 0x14dd109a5700 affinity 17
level 1 thread 0x14dd107a4700 affinity 18
level 1 thread 0x14dd105a3700 affinity 19
level 1 thread 0x14dd103a2700 affinity 20
level 1 thread 0x14dcdc499700 affinity 21
level 1 thread 0x14dcdc298700 affinity 22
level 1 thread 0x14dcdc097700 affinity 23
level 1 thread 0x14dcdbe96700 affinity 24
level 1 thread 0x14dcdbc95700 affinity 25
level 1 thread 0x14dcdba94700 affinity 26
level 1 thread 0x14dcdb893700 affinity 27
level 1 thread 0x15546b2ec7c0 affinity 70
level 1 thread 0x15542302d700 affinity 71
level 1 thread 0x155422e2c700 affinity 72
level 1 thread 0x155422c2b700 affinity 73
level 1 thread 0x155422a2a700 affinity 74
level 1 thread 0x155422829700 affinity 75
level 1 thread 0x155422628700 affinity 76
level 1 thread 0x155422427700 affinity 77
level 1 thread 0x155422226700 affinity 78
level 1 thread 0x155422025700 affinity 79
level 1 thread 0x155421e24700 affinity 80
level 1 thread 0x155421c23700 affinity 81
level 1 thread 0x155421a22700 affinity 82
level 1 thread 0x155421821700 affinity 83
level 1 thread 0x14d84e57a7c0 affinity 98
level 1 thread 0x14d84066f700 affinity 99
level 1 thread 0x14d84046e700 affinity 100
level 1 thread 0x14d84026d700 affinity 101
level 1 thread 0x14d806093700 affinity 102
level 1 thread 0x14d805e92700 affinity 103
level 1 thread 0x14d805c91700 affinity 104
level 1 thread 0x14d805a90700 affinity 105
level 1 thread 0x14d80588f700 affinity 106
level 1 thread 0x14d80568e700 affinity 107
level 1 thread 0x14d80548d700 affinity 108
level 1 thread 0x14d80528c700 affinity 109
level 1 thread 0x14d80508b700 affinity 110
level 1 thread 0x14d804e8a700 affinity 111
level 1 thread 0x1489371067c0 affinity 28
level 1 thread 0x1488eee6c700 affinity 29
level 1 thread 0x1488eec6b700 affinity 30
level 1 thread 0x1488eea6a700 affinity 31
level 1 thread 0x1488ee869700 affinity 32
level 1 thread 0x1488ee668700 affinity 33
level 1 thread 0x1488ee467700 affinity 34
level 1 thread 0x1488ee266700 affinity 35
level 1 thread 0x1488ee065700 affinity 36
level 1 thread 0x1488ede64700 affinity 37
level 1 thread 0x1488edc63700 affinity 38
level 1 thread 0x1488eda62700 affinity 39
level 1 thread 0x1488ed861700 affinity 40
level 1 thread 0x1488ed660700 affinity 41
level 1 thread 0x14b0780007c0 affinity 70
level 1 thread 0x14b02fd6d700 affinity 71
level 1 thread 0x14b02fb6c700 affinity 72
level 1 thread 0x14b02f96b700 affinity 73
level 1 thread 0x14b02f76a700 affinity 74
level 1 thread 0x14b02f569700 affinity 75
level 1 thread 0x14b02f368700 affinity 76
level 1 thread 0x14b02f167700 affinity 77
level 1 thread 0x14b02ef66700 affinity 78
level 1 thread 0x14b02ed65700 affinity 79
level 1 thread 0x14b02eb64700 affinity 80
level 1 thread 0x14b02e963700 affinity 81
level 1 thread 0x14b02e762700 affinity 82
level 1 thread 0x14b02e561700 affinity 83
level 1 thread 0x14cedf8917c0 affinity 42
level 1 thread 0x14ce975fe700 affinity 43
level 1 thread 0x14ce973fd700 affinity 44
level 1 thread 0x14ce971fc700 affinity 45
level 1 thread 0x14ce96ffb700 affinity 46
level 1 thread 0x14ce96dfa700 affinity 47
level 1 thread 0x14ce96bf9700 affinity 48
level 1 thread 0x14ce969f8700 affinity 49
level 1 thread 0x14ce967f7700 affinity 50
level 1 thread 0x14ce965f6700 affinity 51
level 1 thread 0x14ce963f5700 affinity 52
level 1 thread 0x14ce961f4700 affinity 53
level 1 thread 0x14ce95ff3700 affinity 54
level 1 thread 0x14ce95df2700 affinity 55
level 1 thread 0x151ec26e67c0 affinity 42
level 1 thread 0x151eb43b9700 affinity 43
level 1 thread 0x151e7a093700 affinity 44
level 1 thread 0x151e79e92700 affinity 45
level 1 thread 0x151e79c91700 affinity 46
level 1 thread 0x151e79a90700 affinity 47
level 1 thread 0x151e7988f700 affinity 48
level 1 thread 0x151e7968e700 affinity 49
level 1 thread 0x151e7948d700 affinity 50
level 1 thread 0x151e7928c700 affinity 51
level 1 thread 0x151e7908b700 affinity 52
level 1 thread 0x151e78e8a700 affinity 53
level 1 thread 0x151e78c89700 affinity 54
level 1 thread 0x151e78a88700 affinity 55
level 1 thread 0x1494433007c0 affinity 70
level 1 thread 0x1493fb02d700 affinity 71
level 1 thread 0x1493fae2c700 affinity 72
level 1 thread 0x1493fac2b700 affinity 73
level 1 thread 0x1493faa2a700 affinity 74
level 1 thread 0x1493fa829700 affinity 75
level 1 thread 0x1493fa628700 affinity 76
level 1 thread 0x1493fa427700 affinity 77
level 1 thread 0x1493fa226700 affinity 78
level 1 thread 0x1493fa025700 affinity 79
level 1 thread 0x1493f9e24700 affinity 80
level 1 thread 0x1493f9c23700 affinity 81
level 1 thread 0x1493f9a22700 affinity 82
level 1 thread 0x1493f9821700 affinity 83
level 1 thread 0x1499d59987c0 affinity 0
level 1 thread 0x1499c82b1700 affinity 1
level 1 thread 0x14998d872700 affinity 2
level 1 thread 0x14998d671700 affinity 3
level 1 thread 0x14998d470700 affinity 4
level 1 thread 0x14998d26f700 affinity 5
level 1 thread 0x14998d06e700 affinity 6
level 1 thread 0x14998ce6d700 affinity 7
level 1 thread 0x14998cc6c700 affinity 8
level 1 thread 0x14998ca6b700 affinity 9
level 1 thread 0x14998c86a700 affinity 10
level 1 thread 0x14998c669700 affinity 11
level 1 thread 0x14998c468700 affinity 12
level 1 thread 0x14998c267700 affinity 13
level 1 thread 0x15463e8b67c0 affinity 70
level 1 thread 0x15463058c700 affinity 71
level 1 thread 0x15463038b700 affinity 72
level 1 thread 0x1545f6093700 affinity 73
level 1 thread 0x1545f5e92700 affinity 74
level 1 thread 0x1545f5c91700 affinity 75
level 1 thread 0x1545f5a90700 affinity 76
level 1 thread 0x1545f588f700 affinity 77
level 1 thread 0x1545f568e700 affinity 78
level 1 thread 0x1545f548d700 affinity 79
level 1 thread 0x1545f528c700 affinity 80
level 1 thread 0x1545f508b700 affinity 81
level 1 thread 0x1545f4e8a700 affinity 82
level 1 thread 0x1545f4c89700 affinity 83
level 1 thread 0x145cb13487c0 affinity 56
level 1 thread 0x145c9cba6700 affinity 57
level 1 thread 0x145c9c9a5700 affinity 58
level 1 thread 0x145c9c7a4700 affinity 59
level 1 thread 0x145c9c5a3700 affinity 60
level 1 thread 0x145c9c3a2700 affinity 61
level 1 thread 0x145c68499700 affinity 62
level 1 thread 0x145c68298700 affinity 63
level 1 thread 0x145c68097700 affinity 64
level 1 thread 0x145c67e96700 affinity 65
level 1 thread 0x145c67c95700 affinity 66
level 1 thread 0x145c67a94700 affinity 67
level 1 thread 0x145c67893700 affinity 68
level 1 thread 0x145c67692700 affinity 69
level 1 thread 0x14825046b7c0 affinity 70
level 1 thread 0x1482081db700 affinity 71
level 1 thread 0x148207fda700 affinity 72
level 1 thread 0x148207dd9700 affinity 73
level 1 thread 0x148207bd8700 affinity 74
level 1 thread 0x1482079d7700 affinity 75
level 1 thread 0x1482077d6700 affinity 76
level 1 thread 0x1482075d5700 affinity 77
level 1 thread 0x1482073d4700 affinity 78
level 1 thread 0x1482071d3700 affinity 79
level 1 thread 0x148206fd2700 affinity 80
level 1 thread 0x148206dd1700 affinity 81
level 1 thread 0x148206bd0700 affinity 82
level 1 thread 0x1482069cf700 affinity 83
Done. Logs in outputs/, summary in outputs_weak_scale_leo/results_16Node_128Tasks_14Threads.csv
