Running with 1 threads
Running with 4 threads
level 1 thread 0x7fe181444800 affinity 0
level 1 thread 0x7fe1109816c0 affinity 1
level 1 thread 0x7fe1101806c0 affinity 2
level 1 thread 0x7fe10f97f6c0 affinity 3
Running with 16 threads
level 1 thread 0x7f271244f800 affinity 0
level 1 thread 0x7f27050cf6c0 affinity 1
level 1 thread 0x7f27048ce6c0 affinity 2
level 1 thread 0x7f26a09816c0 affinity 3
level 1 thread 0x7f26a01806c0 affinity 4
level 1 thread 0x7f269f97f6c0 affinity 5
level 1 thread 0x7f269f17e6c0 affinity 6
level 1 thread 0x7f269e97d6c0 affinity 7
level 1 thread 0x7f269e17c6c0 affinity 8
level 1 thread 0x7f269d97b6c0 affinity 9
level 1 thread 0x7f269d17a6c0 affinity 10
level 1 thread 0x7f269c9796c0 affinity 11
level 1 thread 0x7f269c1786c0 affinity 12
level 1 thread 0x7f269b9776c0 affinity 13
level 1 thread 0x7f269b1766c0 affinity 14
level 1 thread 0x7f269a9756c0 affinity 15
Running with 32 threads
level 1 thread 0x7fdb474d9800 affinity 0
level 1 thread 0x7fdb399fc6c0 affinity 1
level 1 thread 0x7fdb391fb6c0 affinity 2
level 1 thread 0x7fdb389fa6c0 affinity 3
level 1 thread 0x7fdad49816c0 affinity 4
level 1 thread 0x7fdad41806c0 affinity 5
level 1 thread 0x7fdad397f6c0 affinity 6
level 1 thread 0x7fdad317e6c0 affinity 7
level 1 thread 0x7fdad297d6c0 affinity 8
level 1 thread 0x7fdad217c6c0 affinity 9
level 1 thread 0x7fdad197b6c0 affinity 10
level 1 thread 0x7fdad117a6c0 affinity 11
level 1 thread 0x7fdad09796c0 affinity 12
level 1 thread 0x7fdad01786c0 affinity 13
level 1 thread 0x7fdacf9776c0 affinity 14
level 1 thread 0x7fdacf1766c0 affinity 15
level 1 thread 0x7fdace9756c0 affinity 16
level 1 thread 0x7fdace1746c0 affinity 17
level 1 thread 0x7fdacd9736c0 affinity 18
level 1 thread 0x7fdacd1726c0 affinity 19
level 1 thread 0x7fdacc9716c0 affinity 20
level 1 thread 0x7fdacc1706c0 affinity 21
level 1 thread 0x7fdacb96f6c0 affinity 22
level 1 thread 0x7fdacb16e6c0 affinity 23
level 1 thread 0x7fdaca96d6c0 affinity 24
level 1 thread 0x7fdaca16c6c0 affinity 25
level 1 thread 0x7fdac996b6c0 affinity 26
level 1 thread 0x7fdac916a6c0 affinity 27
level 1 thread 0x7fdac89696c0 affinity 28
level 1 thread 0x7fdac81686c0 affinity 29
level 1 thread 0x7fdac79676c0 affinity 30
level 1 thread 0x7fdac71666c0 affinity 31
srun: Job step aborted: Waiting up to 32 seconds for job step to finish.
slurmstepd: error: *** JOB 390803 ON epyc004 CANCELLED AT 2025-09-06T20:05:29 DUE TO TIME LIMIT ***
slurmstepd: error: *** STEP 390803.3 ON epyc004 CANCELLED AT 2025-09-06T20:05:29 DUE TO TIME LIMIT ***
