Loading openmpi/4.1.6--gcc--12.2.0
  Loading requirement: gcc/12.2.0-binut2.41
Running with  threads
level 1 thread 0x148908bf87c0 affinity 98
level 1 thread 0x1488da454700 affinity 99
level 1 thread 0x1488da253700 affinity 100
level 1 thread 0x1488da052700 affinity 101
level 1 thread 0x1488d9e51700 affinity 102
level 1 thread 0x1488d9c50700 affinity 103
level 1 thread 0x1488d9a4f700 affinity 104
level 1 thread 0x1488d984e700 affinity 105
level 1 thread 0x1488d964d700 affinity 106
level 1 thread 0x1488d944c700 affinity 107
level 1 thread 0x1488d924b700 affinity 108
level 1 thread 0x1488d904a700 affinity 109
level 1 thread 0x1488d8e49700 affinity 110
level 1 thread 0x1488d8c48700 affinity 111
level 1 thread 0x149f87da87c0 affinity 0
level 1 thread 0x149f59614700 affinity 1
level 1 thread 0x149f59413700 affinity 2
level 1 thread 0x149f59212700 affinity 3
level 1 thread 0x149f59011700 affinity 4
level 1 thread 0x149f58e10700 affinity 5
level 1 thread 0x149f58c0f700 affinity 6
level 1 thread 0x149f58a0e700 affinity 7
level 1 thread 0x149f5880d700 affinity 8
level 1 thread 0x149f5860c700 affinity 9
level 1 thread 0x149f5840b700 affinity 10
level 1 thread 0x149f5820a700 affinity 11
level 1 thread 0x149f58009700 affinity 12
level 1 thread 0x149f57e08700 affinity 13
level 1 thread 0x1534c51397c0 affinity 0
level 1 thread 0x1534b8291700 affinity 1
level 1 thread 0x15349656f700 affinity 2
level 1 thread 0x15349636e700 affinity 3
level 1 thread 0x15349616d700 affinity 4
level 1 thread 0x153495f6c700 affinity 5
level 1 thread 0x153495d6b700 affinity 6
level 1 thread 0x153495b6a700 affinity 7
level 1 thread 0x153495969700 affinity 8
level 1 thread 0x153495768700 affinity 9
level 1 thread 0x153495567700 affinity 10
level 1 thread 0x153495366700 affinity 11
level 1 thread 0x153495165700 affinity 12
level 1 thread 0x153494f64700 affinity 13
level 1 thread 0x150ff37527c0 affinity 42
level 1 thread 0x150fc4b99700 affinity 43
level 1 thread 0x150fc4998700 affinity 44
level 1 thread 0x150fc4797700 affinity 45
level 1 thread 0x150fc4596700 affinity 46
level 1 thread 0x150fc4395700 affinity 47
level 1 thread 0x150fc4194700 affinity 48
level 1 thread 0x150fc3f93700 affinity 49
level 1 thread 0x150fc3d92700 affinity 50
level 1 thread 0x150fc3b91700 affinity 51
level 1 thread 0x150fc3990700 affinity 52
level 1 thread 0x150fc378f700 affinity 53
level 1 thread 0x150fc358e700 affinity 54
level 1 thread 0x150fc338d700 affinity 55
level 1 thread 0x14c4a47867c0 affinity 84
level 1 thread 0x14c475bcc700 affinity 85
level 1 thread 0x14c4759cb700 affinity 86
level 1 thread 0x14c4757ca700 affinity 87
level 1 thread 0x14c4755c9700 affinity 88
level 1 thread 0x14c4753c8700 affinity 89
level 1 thread 0x14c4751c7700 affinity 90
level 1 thread 0x14c474fc6700 affinity 91
level 1 thread 0x14c474dc5700 affinity 92
level 1 thread 0x14c474bc4700 affinity 93
level 1 thread 0x14c4749c3700 affinity 94
level 1 thread 0x14c4747c2700 affinity 95
level 1 thread 0x14c4745c1700 affinity 96
level 1 thread 0x14c4743c0700 affinity 97
level 1 thread 0x151e34ff67c0 affinity 28
level 1 thread 0x151e062ef700 affinity 29
level 1 thread 0x151e060ee700 affinity 30
level 1 thread 0x151e05eed700 affinity 31
level 1 thread 0x151e05cec700 affinity 32
level 1 thread 0x151e05aeb700 affinity 33
level 1 thread 0x151e058ea700 affinity 34
level 1 thread 0x151e056e9700 affinity 35
level 1 thread 0x151e054e8700 affinity 36
level 1 thread 0x151e052e7700 affinity 37
level 1 thread 0x151e050e6700 affinity 38
level 1 thread 0x151e04ee5700 affinity 39
level 1 thread 0x151e04ce4700 affinity 40
level 1 thread 0x151e04ae3700 affinity 41
level 1 thread 0x145797b887c0 affinity 98
level 1 thread 0x1457693e7700 affinity 99
level 1 thread 0x1457691e6700 affinity 100
level 1 thread 0x145768fe5700 affinity 101
level 1 thread 0x145768de4700 affinity 102
level 1 thread 0x145768be3700 affinity 103
level 1 thread 0x1457689e2700 affinity 104
level 1 thread 0x1457687e1700 affinity 105
level 1 thread 0x1457685e0700 affinity 106
level 1 thread 0x1457683df700 affinity 107
level 1 thread 0x1457681de700 affinity 108
level 1 thread 0x145767fdd700 affinity 109
level 1 thread 0x145767ddc700 affinity 110
level 1 thread 0x145767bdb700 affinity 111
level 1 thread 0x14d2dc0057c0 affinity 56
level 1 thread 0x14d2ad444700 affinity 57
level 1 thread 0x14d2ad243700 affinity 58
level 1 thread 0x14d2ad042700 affinity 59
level 1 thread 0x14d2ace41700 affinity 60
level 1 thread 0x14d2acc40700 affinity 61
level 1 thread 0x14d2aca3f700 affinity 62
level 1 thread 0x14d2ac83e700 affinity 63
level 1 thread 0x14d2ac63d700 affinity 64
level 1 thread 0x14d2ac43c700 affinity 65
level 1 thread 0x14d2ac23b700 affinity 66
level 1 thread 0x14d2ac03a700 affinity 67
level 1 thread 0x14d2abe39700 affinity 68
level 1 thread 0x14d2abc38700 affinity 69
level 1 thread 0x151dab0ed7c0 affinity 98
level 1 thread 0x151d7c954700 affinity 99
level 1 thread 0x151d7c753700 affinity 100
level 1 thread 0x151d7c552700 affinity 101
level 1 thread 0x151d7c351700 affinity 102
level 1 thread 0x151d7c150700 affinity 103
level 1 thread 0x151d7bf4f700 affinity 104
level 1 thread 0x151d7bd4e700 affinity 105
level 1 thread 0x151d7bb4d700 affinity 106
level 1 thread 0x151d7b94c700 affinity 107
level 1 thread 0x151d7b74b700 affinity 108
level 1 thread 0x151d7b54a700 affinity 109
level 1 thread 0x151d7b349700 affinity 110
level 1 thread 0x151d7b148700 affinity 111
level 1 thread 0x149de7fe17c0 affinity 84
level 1 thread 0x149db941f700 affinity 85
level 1 thread 0x149db921e700 affinity 86
level 1 thread 0x149db901d700 affinity 87
level 1 thread 0x149db8e1c700 affinity 88
level 1 thread 0x149db8c1b700 affinity 89
level 1 thread 0x149db8a1a700 affinity 90
level 1 thread 0x149db8819700 affinity 91
level 1 thread 0x149db8618700 affinity 92
level 1 thread 0x149db8417700 affinity 93
level 1 thread 0x149db8216700 affinity 94
level 1 thread 0x149db8015700 affinity 95
level 1 thread 0x149db7e14700 affinity 96
level 1 thread 0x149db7c13700 affinity 97
level 1 thread 0x146dc92497c0 affinity 42
level 1 thread 0x146d9a56f700 affinity 43
level 1 thread 0x146d9a36e700 affinity 44
level 1 thread 0x146d9a16d700 affinity 45
level 1 thread 0x146d99f6c700 affinity 46
level 1 thread 0x146d99d6b700 affinity 47
level 1 thread 0x146d99b6a700 affinity 48
level 1 thread 0x146d99969700 affinity 49
level 1 thread 0x146d99768700 affinity 50
level 1 thread 0x146d99567700 affinity 51
level 1 thread 0x146d99366700 affinity 52
level 1 thread 0x146d99165700 affinity 53
level 1 thread 0x146d98f64700 affinity 54
level 1 thread 0x146d98d63700 affinity 55
level 1 thread 0x14df046b17c0 affinity 70
level 1 thread 0x14ded5af4700 affinity 71
level 1 thread 0x14ded58f3700 affinity 72
level 1 thread 0x14ded56f2700 affinity 73
level 1 thread 0x14ded54f1700 affinity 74
level 1 thread 0x14ded52f0700 affinity 75
level 1 thread 0x14ded50ef700 affinity 76
level 1 thread 0x14ded4eee700 affinity 77
level 1 thread 0x14ded4ced700 affinity 78
level 1 thread 0x14ded4aec700 affinity 79
level 1 thread 0x14ded48eb700 affinity 80
level 1 thread 0x14ded46ea700 affinity 81
level 1 thread 0x14ded44e9700 affinity 82
level 1 thread 0x14ded42e8700 affinity 83
level 1 thread 0x14a4c59237c0 affinity 56
level 1 thread 0x14a4b823d700 affinity 57
level 1 thread 0x14a496b29700 affinity 58
level 1 thread 0x14a496928700 affinity 59
level 1 thread 0x14a496727700 affinity 60
level 1 thread 0x14a496526700 affinity 61
level 1 thread 0x14a496325700 affinity 62
level 1 thread 0x14a496124700 affinity 63
level 1 thread 0x14a495f23700 affinity 64
level 1 thread 0x14a495d22700 affinity 65
level 1 thread 0x14a495b21700 affinity 66
level 1 thread 0x14a495920700 affinity 67
level 1 thread 0x14a49571f700 affinity 68
level 1 thread 0x14a49551e700 affinity 69
level 1 thread 0x1554304477c0 affinity 70
level 1 thread 0x15540188d700 affinity 71
level 1 thread 0x15540168c700 affinity 72
level 1 thread 0x15540148b700 affinity 73
level 1 thread 0x15540128a700 affinity 74
level 1 thread 0x155401089700 affinity 75
level 1 thread 0x155400e88700 affinity 76
level 1 thread 0x155400c87700 affinity 77
level 1 thread 0x155400a86700 affinity 78
level 1 thread 0x155400885700 affinity 79
level 1 thread 0x155400684700 affinity 80
level 1 thread 0x155400483700 affinity 81
level 1 thread 0x155400282700 affinity 82
level 1 thread 0x155400081700 affinity 83
level 1 thread 0x14f6320207c0 affinity 28
level 1 thread 0x14f602f31700 affinity 29
level 1 thread 0x14f602d30700 affinity 30
level 1 thread 0x14f602b2f700 affinity 31
level 1 thread 0x14f60292e700 affinity 32
level 1 thread 0x14f60272d700 affinity 33
level 1 thread 0x14f60252c700 affinity 34
level 1 thread 0x14f60232b700 affinity 35
level 1 thread 0x14f60212a700 affinity 36
level 1 thread 0x14f601f29700 affinity 37
level 1 thread 0x14f601d28700 affinity 38
level 1 thread 0x14f601b27700 affinity 39
level 1 thread 0x14f601926700 affinity 40
level 1 thread 0x14f601725700 affinity 41
level 1 thread 0x14e7471477c0 affinity 84
level 1 thread 0x14e71858b700 affinity 85
level 1 thread 0x14e71838a700 affinity 86
level 1 thread 0x14e718189700 affinity 87
level 1 thread 0x14e717f88700 affinity 88
level 1 thread 0x14e717d87700 affinity 89
level 1 thread 0x14e717b86700 affinity 90
level 1 thread 0x14e717985700 affinity 91
level 1 thread 0x14e717784700 affinity 92
level 1 thread 0x14e717583700 affinity 93
level 1 thread 0x14e717382700 affinity 94
level 1 thread 0x14e717181700 affinity 95
level 1 thread 0x14e716f80700 affinity 96
level 1 thread 0x14e716d7f700 affinity 97
level 1 thread 0x14f1c33cd7c0 affinity 98
level 1 thread 0x14f194b0e700 affinity 99
level 1 thread 0x14f19490d700 affinity 100
level 1 thread 0x14f19470c700 affinity 101
level 1 thread 0x14f19450b700 affinity 102
level 1 thread 0x14f19430a700 affinity 103
level 1 thread 0x14f194109700 affinity 104
level 1 thread 0x14f193f08700 affinity 105
level 1 thread 0x14f193d07700 affinity 106
level 1 thread 0x14f193b06700 affinity 107
level 1 thread 0x14f193905700 affinity 108
level 1 thread 0x14f193704700 affinity 109
level 1 thread 0x14f193503700 affinity 110
level 1 thread 0x14f193302700 affinity 111
level 1 thread 0x14b5c07bc7c0 affinity 42
level 1 thread 0x14b5917e8700 affinity 43
level 1 thread 0x14b5915e7700 affinity 44
level 1 thread 0x14b5913e6700 affinity 45
level 1 thread 0x14b5911e5700 affinity 46
level 1 thread 0x14b590fe4700 affinity 47
level 1 thread 0x14b590de3700 affinity 48
level 1 thread 0x14b590be2700 affinity 49
level 1 thread 0x14b5909e1700 affinity 50
level 1 thread 0x14b5907e0700 affinity 51
level 1 thread 0x14b5905df700 affinity 52
level 1 thread 0x14b5903de700 affinity 53
level 1 thread 0x14b5901dd700 affinity 54
level 1 thread 0x14b58ffdc700 affinity 55
level 1 thread 0x145d11edb7c0 affinity 14
level 1 thread 0x145ce2ae5700 affinity 15
level 1 thread 0x145ce28e4700 affinity 16
level 1 thread 0x145ce26e3700 affinity 17
level 1 thread 0x145ce24e2700 affinity 18
level 1 thread 0x145ce22e1700 affinity 19
level 1 thread 0x145ce20e0700 affinity 20
level 1 thread 0x145ce1edf700 affinity 21
level 1 thread 0x145ce1cde700 affinity 22
level 1 thread 0x145ce1add700 affinity 23
level 1 thread 0x145ce18dc700 affinity 24
level 1 thread 0x145ce16db700 affinity 25
level 1 thread 0x145ce14da700 affinity 26
level 1 thread 0x145ce12d9700 affinity 27
level 1 thread 0x151c957b17c0 affinity 0
level 1 thread 0x151c6656f700 affinity 1
level 1 thread 0x151c6636e700 affinity 2
level 1 thread 0x151c6616d700 affinity 3
level 1 thread 0x151c65f6c700 affinity 4
level 1 thread 0x151c65d6b700 affinity 5
level 1 thread 0x151c65b6a700 affinity 6
level 1 thread 0x151c65969700 affinity 7
level 1 thread 0x151c65768700 affinity 8
level 1 thread 0x151c65567700 affinity 9
level 1 thread 0x151c65366700 affinity 10
level 1 thread 0x151c65165700 affinity 11
level 1 thread 0x151c64f64700 affinity 12
level 1 thread 0x151c64d63700 affinity 13
level 1 thread 0x145ac8a147c0 affinity 0
level 1 thread 0x145a9a27f700 affinity 1
level 1 thread 0x145a9a07e700 affinity 2
level 1 thread 0x145a99e7d700 affinity 3
level 1 thread 0x145a99c7c700 affinity 4
level 1 thread 0x145a99a7b700 affinity 5
level 1 thread 0x145a9987a700 affinity 6
level 1 thread 0x145a99679700 affinity 7
level 1 thread 0x145a99478700 affinity 8
level 1 thread 0x145a99277700 affinity 9
level 1 thread 0x145a99076700 affinity 10
level 1 thread 0x145a98e75700 affinity 11
level 1 thread 0x145a98c74700 affinity 12
level 1 thread 0x145a98a73700 affinity 13
level 1 thread 0x14fcc18aa7c0 affinity 28
level 1 thread 0x14fc92b29700 affinity 29
level 1 thread 0x14fc92928700 affinity 30
level 1 thread 0x14fc92727700 affinity 31
level 1 thread 0x14fc92526700 affinity 32
level 1 thread 0x14fc92325700 affinity 33
level 1 thread 0x14fc92124700 affinity 34
level 1 thread 0x14fc91f23700 affinity 35
level 1 thread 0x14fc91d22700 affinity 36
level 1 thread 0x14fc91b21700 affinity 37
level 1 thread 0x14fc91920700 affinity 38
level 1 thread 0x14fc9171f700 affinity 39
level 1 thread 0x14fc9151e700 affinity 40
level 1 thread 0x14fc9131d700 affinity 41
level 1 thread 0x14b9e35fc7c0 affinity 56
level 1 thread 0x14b9b4a3b700 affinity 57
level 1 thread 0x14b9b483a700 affinity 58
level 1 thread 0x14b9b4639700 affinity 59
level 1 thread 0x14b9b4438700 affinity 60
level 1 thread 0x14b9b4237700 affinity 61
level 1 thread 0x14b9b4036700 affinity 62
level 1 thread 0x14b9b3e35700 affinity 63
level 1 thread 0x14b9b3c34700 affinity 64
level 1 thread 0x14b9b3a33700 affinity 65
level 1 thread 0x14b9b3832700 affinity 66
level 1 thread 0x14b9b3631700 affinity 67
level 1 thread 0x14b9b3430700 affinity 68
level 1 thread 0x14b9b322f700 affinity 69
level 1 thread 0x14a1b2c777c0 affinity 84
level 1 thread 0x14a1a4366700 affinity 85
level 1 thread 0x14a183d50700 affinity 86
level 1 thread 0x14a183b4f700 affinity 87
level 1 thread 0x14a18394e700 affinity 88
level 1 thread 0x14a18374d700 affinity 89
level 1 thread 0x14a18354c700 affinity 90
level 1 thread 0x14a18334b700 affinity 91
level 1 thread 0x14a18314a700 affinity 92
level 1 thread 0x14a182f49700 affinity 93
level 1 thread 0x14a182d48700 affinity 94
level 1 thread 0x14a182b47700 affinity 95
level 1 thread 0x14a182946700 affinity 96
level 1 thread 0x14a182745700 affinity 97
level 1 thread 0x150edcdbc7c0 affinity 56
level 1 thread 0x150eae1f7700 affinity 57
level 1 thread 0x150eadff6700 affinity 58
level 1 thread 0x150eaddf5700 affinity 59
level 1 thread 0x150eadbf4700 affinity 60
level 1 thread 0x150ead9f3700 affinity 61
level 1 thread 0x150ead7f2700 affinity 62
level 1 thread 0x150ead5f1700 affinity 63
level 1 thread 0x150ead3f0700 affinity 64
level 1 thread 0x150ead1ef700 affinity 65
level 1 thread 0x150eacfee700 affinity 66
level 1 thread 0x150eacded700 affinity 67
level 1 thread 0x150eacbec700 affinity 68
level 1 thread 0x150eac9eb700 affinity 69
level 1 thread 0x14e8579107c0 affinity 42
level 1 thread 0x14e828d55700 affinity 43
level 1 thread 0x14e828b54700 affinity 44
level 1 thread 0x14e828953700 affinity 45
level 1 thread 0x14e828752700 affinity 46
level 1 thread 0x14e828551700 affinity 47
level 1 thread 0x14e828350700 affinity 48
level 1 thread 0x14e82814f700 affinity 49
level 1 thread 0x14e827f4e700 affinity 50
level 1 thread 0x14e827d4d700 affinity 51
level 1 thread 0x14e827b4c700 affinity 52
level 1 thread 0x14e82794b700 affinity 53
level 1 thread 0x14e82774a700 affinity 54
level 1 thread 0x14e827549700 affinity 55
level 1 thread 0x14dcc278c7c0 affinity 28
level 1 thread 0x14dc93b7c700 affinity 29
level 1 thread 0x14dc9397b700 affinity 30
level 1 thread 0x14dc9377a700 affinity 31
level 1 thread 0x14dc93579700 affinity 32
level 1 thread 0x14dc93378700 affinity 33
level 1 thread 0x14dc93177700 affinity 34
level 1 thread 0x14dc92f76700 affinity 35
level 1 thread 0x14dc92d75700 affinity 36
level 1 thread 0x14dc92b74700 affinity 37
level 1 thread 0x14dc92973700 affinity 38
level 1 thread 0x14dc92772700 affinity 39
level 1 thread 0x14dc92571700 affinity 40
level 1 thread 0x14dc92370700 affinity 41
level 1 thread 0x14e37e9617c0 affinity 70
level 1 thread 0x14e34fd50700 affinity 71
level 1 thread 0x14e34fb4f700 affinity 72
level 1 thread 0x14e34f94e700 affinity 73
level 1 thread 0x14e34f74d700 affinity 74
level 1 thread 0x14e34f54c700 affinity 75
level 1 thread 0x14e34f34b700 affinity 76
level 1 thread 0x14e34f14a700 affinity 77
level 1 thread 0x14e34ef49700 affinity 78
level 1 thread 0x14e34ed48700 affinity 79
level 1 thread 0x14e34eb47700 affinity 80
level 1 thread 0x14e34e946700 affinity 81
level 1 thread 0x14e34e745700 affinity 82
level 1 thread 0x14e34e544700 affinity 83
level 1 thread 0x1509d077f7c0 affinity 14
level 1 thread 0x1509a1bc4700 affinity 15
level 1 thread 0x1509a19c3700 affinity 16
level 1 thread 0x1509a17c2700 affinity 17
level 1 thread 0x1509a15c1700 affinity 18
level 1 thread 0x1509a13c0700 affinity 19
level 1 thread 0x1509a11bf700 affinity 20
level 1 thread 0x1509a0fbe700 affinity 21
level 1 thread 0x1509a0dbd700 affinity 22
level 1 thread 0x1509a0bbc700 affinity 23
level 1 thread 0x1509a09bb700 affinity 24
level 1 thread 0x1509a07ba700 affinity 25
level 1 thread 0x1509a05b9700 affinity 26
level 1 thread 0x1509a03b8700 affinity 27
level 1 thread 0x1456cfdcb7c0 affinity 14
level 1 thread 0x1456a1205700 affinity 15
level 1 thread 0x1456a1004700 affinity 16
level 1 thread 0x1456a0e03700 affinity 17
level 1 thread 0x1456a0c02700 affinity 18
level 1 thread 0x1456a0a01700 affinity 19
level 1 thread 0x1456a0800700 affinity 20
level 1 thread 0x1456a05ff700 affinity 21
level 1 thread 0x1456a03fe700 affinity 22
level 1 thread 0x1456a01fd700 affinity 23
level 1 thread 0x14569fffc700 affinity 24
level 1 thread 0x14569fdfb700 affinity 25
level 1 thread 0x14569fbfa700 affinity 26
level 1 thread 0x14569f9f9700 affinity 27
level 1 thread 0x152bc72987c0 affinity 14
level 1 thread 0x152b986d0700 affinity 15
level 1 thread 0x152b984cf700 affinity 16
level 1 thread 0x152b982ce700 affinity 17
level 1 thread 0x152b980cd700 affinity 18
level 1 thread 0x152b97ecc700 affinity 19
level 1 thread 0x152b97ccb700 affinity 20
level 1 thread 0x152b97aca700 affinity 21
level 1 thread 0x152b978c9700 affinity 22
level 1 thread 0x152b976c8700 affinity 23
level 1 thread 0x152b974c7700 affinity 24
level 1 thread 0x152b972c6700 affinity 25
level 1 thread 0x152b970c5700 affinity 26
level 1 thread 0x152b96ec4700 affinity 27
level 1 thread 0x14eae68b27c0 affinity 70
level 1 thread 0x14eab7b7c700 affinity 71
level 1 thread 0x14eab797b700 affinity 72
level 1 thread 0x14eab777a700 affinity 73
level 1 thread 0x14eab7579700 affinity 74
level 1 thread 0x14eab7378700 affinity 75
level 1 thread 0x14eab7177700 affinity 76
level 1 thread 0x14eab6f76700 affinity 77
level 1 thread 0x14eab6d75700 affinity 78
level 1 thread 0x14eab6b74700 affinity 79
level 1 thread 0x14eab6973700 affinity 80
level 1 thread 0x14eab6772700 affinity 81
level 1 thread 0x14eab6571700 affinity 82
level 1 thread 0x14eab6370700 affinity 83
Done. Logs in outputs_leonardo/, summary in outputs_leonardo/results_4Node_32Tasks_14Threads.csv
