Loading openmpi/4.1.6--gcc--12.2.0
  Loading requirement: gcc/12.2.0-binut2.41
Running with 14 threads
level 1 thread 0x1509fb3b47c0 affinity 0
level 1 thread 0x1509af9f8700 affinity 1
level 1 thread 0x1509af7f7700 affinity 2
level 1 thread 0x1509af5f6700 affinity 3
level 1 thread 0x1509af3f5700 affinity 4
level 1 thread 0x1509af1f4700 affinity 5
level 1 thread 0x1509aeff3700 affinity 6
level 1 thread 0x1509aedf2700 affinity 7
level 1 thread 0x1509aebf1700 affinity 8
level 1 thread 0x1509ae9f0700 affinity 9
level 1 thread 0x1509ae7ef700 affinity 10
level 1 thread 0x1509ae5ee700 affinity 11
level 1 thread 0x1509ae3ed700 affinity 12
level 1 thread 0x1509ae1ec700 affinity 13
level 1 thread 0x1536c5d327c0 affinity 0
level 1 thread 0x1536b823a700 affinity 1
level 1 thread 0x15367a245700 affinity 2
level 1 thread 0x15367a044700 affinity 3
level 1 thread 0x153679e43700 affinity 4
level 1 thread 0x153679c42700 affinity 5
level 1 thread 0x153679a41700 affinity 6
level 1 thread 0x153679840700 affinity 7
level 1 thread 0x15367963f700 affinity 8
level 1 thread 0x15367943e700 affinity 9
level 1 thread 0x15367923d700 affinity 10
level 1 thread 0x15367903c700 affinity 11
level 1 thread 0x153678e3b700 affinity 12
level 1 thread 0x153678c3a700 affinity 13
level 1 thread 0x152f6ef4d7c0 affinity 0
level 1 thread 0x152f23691700 affinity 1
level 1 thread 0x152f23490700 affinity 2
level 1 thread 0x152f2328f700 affinity 3
level 1 thread 0x152f2308e700 affinity 4
level 1 thread 0x152f22e8d700 affinity 5
level 1 thread 0x152f22c8c700 affinity 6
level 1 thread 0x152f22a8b700 affinity 7
level 1 thread 0x152f2288a700 affinity 8
level 1 thread 0x152f22689700 affinity 9
level 1 thread 0x152f22488700 affinity 10
level 1 thread 0x152f22287700 affinity 11
level 1 thread 0x152f22086700 affinity 12
level 1 thread 0x152f21e85700 affinity 13
level 1 thread 0x146566ac67c0 affinity 28
level 1 thread 0x14651ac3a700 affinity 29
level 1 thread 0x14651aa39700 affinity 30
level 1 thread 0x14651a838700 affinity 31
level 1 thread 0x14651a637700 affinity 32
level 1 thread 0x14651a436700 affinity 33
level 1 thread 0x14651a235700 affinity 34
level 1 thread 0x14651a034700 affinity 35
level 1 thread 0x146519e33700 affinity 36
level 1 thread 0x146519c32700 affinity 37
level 1 thread 0x146519a31700 affinity 38
level 1 thread 0x146519830700 affinity 39
level 1 thread 0x14651962f700 affinity 40
level 1 thread 0x14651942e700 affinity 41
level 1 thread 0x14d87f6f37c0 affinity 56
level 1 thread 0x14d8339f8700 affinity 57
level 1 thread 0x14d8337f7700 affinity 58
level 1 thread 0x14d8335f6700 affinity 59
level 1 thread 0x14d8333f5700 affinity 60
level 1 thread 0x14d8331f4700 affinity 61
level 1 thread 0x14d832ff3700 affinity 62
level 1 thread 0x14d832df2700 affinity 63
level 1 thread 0x14d832bf1700 affinity 64
level 1 thread 0x14d8329f0700 affinity 65
level 1 thread 0x14d8327ef700 affinity 66
level 1 thread 0x14d8325ee700 affinity 67
level 1 thread 0x14d8323ed700 affinity 68
level 1 thread 0x14d8321ec700 affinity 69
level 1 thread 0x1549a04e77c0 affinity 56
level 1 thread 0x154954805700 affinity 57
level 1 thread 0x154954604700 affinity 58
level 1 thread 0x154954403700 affinity 59
level 1 thread 0x154954202700 affinity 60
level 1 thread 0x154954001700 affinity 61
level 1 thread 0x154953e00700 affinity 62
level 1 thread 0x154953bff700 affinity 63
level 1 thread 0x1549539fe700 affinity 64
level 1 thread 0x1549537fd700 affinity 65
level 1 thread 0x1549535fc700 affinity 66
level 1 thread 0x1549533fb700 affinity 67
level 1 thread 0x1549531fa700 affinity 68
level 1 thread 0x154952ff9700 affinity 69
level 1 thread 0x14b5eeba67c0 affinity 56
level 1 thread 0x14b5e0282700 affinity 57
level 1 thread 0x14b5a2c3a700 affinity 58
level 1 thread 0x14b5a2a39700 affinity 59
level 1 thread 0x14b5a2838700 affinity 60
level 1 thread 0x14b5a2637700 affinity 61
level 1 thread 0x14b5a2436700 affinity 62
level 1 thread 0x14b5a2235700 affinity 63
level 1 thread 0x14b5a2034700 affinity 64
level 1 thread 0x14b5a1e33700 affinity 65
level 1 thread 0x14b5a1c32700 affinity 66
level 1 thread 0x14b5a1a31700 affinity 67
level 1 thread 0x14b5a1830700 affinity 68
level 1 thread 0x14b5a162f700 affinity 69
level 1 thread 0x15103bb7a7c0 affinity 0
level 1 thread 0x150ff02bd700 affinity 1
level 1 thread 0x150ff00bc700 affinity 2
level 1 thread 0x150fefebb700 affinity 3
level 1 thread 0x150fefcba700 affinity 4
level 1 thread 0x150fefab9700 affinity 5
level 1 thread 0x150fef8b8700 affinity 6
level 1 thread 0x150fef6b7700 affinity 7
level 1 thread 0x150fef4b6700 affinity 8
level 1 thread 0x150fef2b5700 affinity 9
level 1 thread 0x150fef0b4700 affinity 10
level 1 thread 0x150feeeb3700 affinity 11
level 1 thread 0x150feecb2700 affinity 12
level 1 thread 0x150feeab1700 affinity 13
level 1 thread 0x151b2238f7c0 affinity 42
level 1 thread 0x151ad664d700 affinity 43
level 1 thread 0x151ad644c700 affinity 44
level 1 thread 0x151ad624b700 affinity 45
level 1 thread 0x151ad604a700 affinity 46
level 1 thread 0x151ad5e49700 affinity 47
level 1 thread 0x151ad5c48700 affinity 48
level 1 thread 0x151ad5a47700 affinity 49
level 1 thread 0x151ad5846700 affinity 50
level 1 thread 0x151ad5645700 affinity 51
level 1 thread 0x151ad5444700 affinity 52
level 1 thread 0x151ad5243700 affinity 53
level 1 thread 0x151ad5042700 affinity 54
level 1 thread 0x151ad4e41700 affinity 55
level 1 thread 0x154f19d647c0 affinity 14
level 1 thread 0x154f0c24e700 affinity 15
level 1 thread 0x154ecde2c700 affinity 16
level 1 thread 0x154ecdc2b700 affinity 17
level 1 thread 0x154ecda2a700 affinity 18
level 1 thread 0x154ecd829700 affinity 19
level 1 thread 0x154ecd628700 affinity 20
level 1 thread 0x154ecd427700 affinity 21
level 1 thread 0x154ecd226700 affinity 22
level 1 thread 0x154ecd025700 affinity 23
level 1 thread 0x154ecce24700 affinity 24
level 1 thread 0x154eccc23700 affinity 25
level 1 thread 0x154ecca22700 affinity 26
level 1 thread 0x154ecc821700 affinity 27
level 1 thread 0x153c009247c0 affinity 14
level 1 thread 0x153bb4c43700 affinity 15
level 1 thread 0x153bb4a42700 affinity 16
level 1 thread 0x153bb4841700 affinity 17
level 1 thread 0x153bb4640700 affinity 18
level 1 thread 0x153bb443f700 affinity 19
level 1 thread 0x153bb423e700 affinity 20
level 1 thread 0x153bb403d700 affinity 21
level 1 thread 0x153bb3e3c700 affinity 22
level 1 thread 0x153bb3c3b700 affinity 23
level 1 thread 0x153bb3a3a700 affinity 24
level 1 thread 0x153bb3839700 affinity 25
level 1 thread 0x153bb3638700 affinity 26
level 1 thread 0x153bb3437700 affinity 27
level 1 thread 0x154745f757c0 affinity 98
level 1 thread 0x1546fa64d700 affinity 99
level 1 thread 0x1546fa44c700 affinity 100
level 1 thread 0x1546fa24b700 affinity 101
level 1 thread 0x1546fa04a700 affinity 102
level 1 thread 0x1546f9e49700 affinity 103
level 1 thread 0x1546f9c48700 affinity 104
level 1 thread 0x1546f9a47700 affinity 105
level 1 thread 0x1546f9846700 affinity 106
level 1 thread 0x1546f9645700 affinity 107
level 1 thread 0x1546f9444700 affinity 108
level 1 thread 0x1546f9243700 affinity 109
level 1 thread 0x1546f9042700 affinity 110
level 1 thread 0x1546f8e41700 affinity 111
level 1 thread 0x14852bdd17c0 affinity 84
level 1 thread 0x1484e00e2700 affinity 85
level 1 thread 0x1484dfee1700 affinity 86
level 1 thread 0x1484dfce0700 affinity 87
level 1 thread 0x1484dfadf700 affinity 88
level 1 thread 0x1484df8de700 affinity 89
level 1 thread 0x1484df6dd700 affinity 90
level 1 thread 0x1484df4dc700 affinity 91
level 1 thread 0x1484df2db700 affinity 92
level 1 thread 0x1484df0da700 affinity 93
level 1 thread 0x1484deed9700 affinity 94
level 1 thread 0x1484decd8700 affinity 95
level 1 thread 0x1484dead7700 affinity 96
level 1 thread 0x1484de8d6700 affinity 97
level 1 thread 0x15446e7bd7c0 affinity 70
level 1 thread 0x154422a66700 affinity 71
level 1 thread 0x154422865700 affinity 72
level 1 thread 0x154422664700 affinity 73
level 1 thread 0x154422463700 affinity 74
level 1 thread 0x154422262700 affinity 75
level 1 thread 0x154422061700 affinity 76
level 1 thread 0x154421e60700 affinity 77
level 1 thread 0x154421c5f700 affinity 78
level 1 thread 0x154421a5e700 affinity 79
level 1 thread 0x15442185d700 affinity 80
level 1 thread 0x15442165c700 affinity 81
level 1 thread 0x15442145b700 affinity 82
level 1 thread 0x15442125a700 affinity 83
level 1 thread 0x14b38c62c7c0 affinity 28
level 1 thread 0x14b340941700 affinity 29
level 1 thread 0x14b340740700 affinity 30
level 1 thread 0x14b34053f700 affinity 31
level 1 thread 0x14b34033e700 affinity 32
level 1 thread 0x14b34013d700 affinity 33
level 1 thread 0x14b33ff3c700 affinity 34
level 1 thread 0x14b33fd3b700 affinity 35
level 1 thread 0x14b33fb3a700 affinity 36
level 1 thread 0x14b33f939700 affinity 37
level 1 thread 0x14b33f738700 affinity 38
level 1 thread 0x14b33f537700 affinity 39
level 1 thread 0x14b33f336700 affinity 40
level 1 thread 0x14b33f135700 affinity 41
level 1 thread 0x14f7595b67c0 affinity 70
level 1 thread 0x14f74c2e4700 affinity 71
level 1 thread 0x14f70d459700 affinity 72
level 1 thread 0x14f70d258700 affinity 73
level 1 thread 0x14f70d057700 affinity 74
level 1 thread 0x14f70ce56700 affinity 75
level 1 thread 0x14f70cc55700 affinity 76
level 1 thread 0x14f70ca54700 affinity 77
level 1 thread 0x14f70c853700 affinity 78
level 1 thread 0x14f70c652700 affinity 79
level 1 thread 0x14f70c451700 affinity 80
level 1 thread 0x14f70c250700 affinity 81
level 1 thread 0x14f70c04f700 affinity 82
level 1 thread 0x14f70be4e700 affinity 83
level 1 thread 0x153faa73c7c0 affinity 98
level 1 thread 0x153f9c425700 affinity 99
level 1 thread 0x153f9c224700 affinity 100
level 1 thread 0x153f5ea66700 affinity 101
level 1 thread 0x153f5e865700 affinity 102
level 1 thread 0x153f5e664700 affinity 103
level 1 thread 0x153f5e463700 affinity 104
level 1 thread 0x153f5e262700 affinity 105
level 1 thread 0x153f5e061700 affinity 106
level 1 thread 0x153f5de60700 affinity 107
level 1 thread 0x153f5dc5f700 affinity 108
level 1 thread 0x153f5da5e700 affinity 109
level 1 thread 0x153f5d85d700 affinity 110
level 1 thread 0x153f5d65c700 affinity 111
level 1 thread 0x154b47f887c0 affinity 28
level 1 thread 0x154afc29e700 affinity 29
level 1 thread 0x154afc09d700 affinity 30
level 1 thread 0x154afbe9c700 affinity 31
level 1 thread 0x154afbc9b700 affinity 32
level 1 thread 0x154afba9a700 affinity 33
level 1 thread 0x154afb899700 affinity 34
level 1 thread 0x154afb698700 affinity 35
level 1 thread 0x154afb497700 affinity 36
level 1 thread 0x154afb296700 affinity 37
level 1 thread 0x154afb095700 affinity 38
level 1 thread 0x154afae94700 affinity 39
level 1 thread 0x154afac93700 affinity 40
level 1 thread 0x154afaa92700 affinity 41
level 1 thread 0x1503b04b87c0 affinity 42
level 1 thread 0x1503647d6700 affinity 43
level 1 thread 0x1503645d5700 affinity 44
level 1 thread 0x1503643d4700 affinity 45
level 1 thread 0x1503641d3700 affinity 46
level 1 thread 0x150363fd2700 affinity 47
level 1 thread 0x150363dd1700 affinity 48
level 1 thread 0x150363bd0700 affinity 49
level 1 thread 0x1503639cf700 affinity 50
level 1 thread 0x1503637ce700 affinity 51
level 1 thread 0x1503635cd700 affinity 52
level 1 thread 0x1503633cc700 affinity 53
level 1 thread 0x1503631cb700 affinity 54
level 1 thread 0x150362fca700 affinity 55
level 1 thread 0x145f04ec77c0 affinity 56
level 1 thread 0x145eb91d9700 affinity 57
level 1 thread 0x145eb8fd8700 affinity 58
level 1 thread 0x145eb8dd7700 affinity 59
level 1 thread 0x145eb8bd6700 affinity 60
level 1 thread 0x145eb89d5700 affinity 61
level 1 thread 0x145eb87d4700 affinity 62
level 1 thread 0x145eb85d3700 affinity 63
level 1 thread 0x145eb83d2700 affinity 64
level 1 thread 0x145eb81d1700 affinity 65
level 1 thread 0x145eb7fd0700 affinity 66
level 1 thread 0x145eb7dcf700 affinity 67
level 1 thread 0x145eb7bce700 affinity 68
level 1 thread 0x145eb79cd700 affinity 69
level 1 thread 0x153fa2b507c0 affinity 28
level 1 thread 0x153f9422b700 affinity 29
level 1 thread 0x153f56c3a700 affinity 30
level 1 thread 0x153f56a39700 affinity 31
level 1 thread 0x153f56838700 affinity 32
level 1 thread 0x153f56637700 affinity 33
level 1 thread 0x153f56436700 affinity 34
level 1 thread 0x153f56235700 affinity 35
level 1 thread 0x153f56034700 affinity 36
level 1 thread 0x153f55e33700 affinity 37
level 1 thread 0x153f55c32700 affinity 38
level 1 thread 0x153f55a31700 affinity 39
level 1 thread 0x153f55830700 affinity 40
level 1 thread 0x153f5562f700 affinity 41
level 1 thread 0x1466240cb7c0 affinity 84
level 1 thread 0x1465d83ec700 affinity 85
level 1 thread 0x1465d81eb700 affinity 86
level 1 thread 0x1465d7fea700 affinity 87
level 1 thread 0x1465d7de9700 affinity 88
level 1 thread 0x1465d7be8700 affinity 89
level 1 thread 0x1465d79e7700 affinity 90
level 1 thread 0x1465d77e6700 affinity 91
level 1 thread 0x1465d75e5700 affinity 92
level 1 thread 0x1465d73e4700 affinity 93
level 1 thread 0x1465d71e3700 affinity 94
level 1 thread 0x1465d6fe2700 affinity 95
level 1 thread 0x1465d6de1700 affinity 96
level 1 thread 0x1465d6be0700 affinity 97
level 1 thread 0x14d6890c67c0 affinity 98
level 1 thread 0x14d67c220700 affinity 99
level 1 thread 0x14d63d459700 affinity 100
level 1 thread 0x14d63d258700 affinity 101
level 1 thread 0x14d63d057700 affinity 102
level 1 thread 0x14d63ce56700 affinity 103
level 1 thread 0x14d63cc55700 affinity 104
level 1 thread 0x14d63ca54700 affinity 105
level 1 thread 0x14d63c853700 affinity 106
level 1 thread 0x14d63c652700 affinity 107
level 1 thread 0x14d63c451700 affinity 108
level 1 thread 0x14d63c250700 affinity 109
level 1 thread 0x14d63c04f700 affinity 110
level 1 thread 0x14d63be4e700 affinity 111
level 1 thread 0x145e121247c0 affinity 84
level 1 thread 0x145e04209700 affinity 85
level 1 thread 0x145dc6234700 affinity 86
level 1 thread 0x145dc6033700 affinity 87
level 1 thread 0x145dc5e32700 affinity 88
level 1 thread 0x145dc5c31700 affinity 89
level 1 thread 0x145dc5a30700 affinity 90
level 1 thread 0x145dc582f700 affinity 91
level 1 thread 0x145dc562e700 affinity 92
level 1 thread 0x145dc542d700 affinity 93
level 1 thread 0x145dc522c700 affinity 94
level 1 thread 0x145dc502b700 affinity 95
level 1 thread 0x145dc4e2a700 affinity 96
level 1 thread 0x145dc4c29700 affinity 97
level 1 thread 0x14ec9e9f37c0 affinity 14
level 1 thread 0x14ec52c3a700 affinity 15
level 1 thread 0x14ec52a39700 affinity 16
level 1 thread 0x14ec52838700 affinity 17
level 1 thread 0x14ec52637700 affinity 18
level 1 thread 0x14ec52436700 affinity 19
level 1 thread 0x14ec52235700 affinity 20
level 1 thread 0x14ec52034700 affinity 21
level 1 thread 0x14ec51e33700 affinity 22
level 1 thread 0x14ec51c32700 affinity 23
level 1 thread 0x14ec51a31700 affinity 24
level 1 thread 0x14ec51830700 affinity 25
level 1 thread 0x14ec5162f700 affinity 26
level 1 thread 0x14ec5142e700 affinity 27
level 1 thread 0x14e8ff4167c0 affinity 42
level 1 thread 0x14e8b35df700 affinity 43
level 1 thread 0x14e8b33de700 affinity 44
level 1 thread 0x14e8b31dd700 affinity 45
level 1 thread 0x14e8b2fdc700 affinity 46
level 1 thread 0x14e8b2ddb700 affinity 47
level 1 thread 0x14e8b2bda700 affinity 48
level 1 thread 0x14e8b29d9700 affinity 49
level 1 thread 0x14e8b27d8700 affinity 50
level 1 thread 0x14e8b25d7700 affinity 51
level 1 thread 0x14e8b23d6700 affinity 52
level 1 thread 0x14e8b21d5700 affinity 53
level 1 thread 0x14e8b1fd4700 affinity 54
level 1 thread 0x14e8b1dd3700 affinity 55
level 1 thread 0x14e0d1a187c0 affinity 84
level 1 thread 0x14e0c4316700 affinity 85
level 1 thread 0x14e085a13700 affinity 86
level 1 thread 0x14e085812700 affinity 87
level 1 thread 0x14e085611700 affinity 88
level 1 thread 0x14e085410700 affinity 89
level 1 thread 0x14e08520f700 affinity 90
level 1 thread 0x14e08500e700 affinity 91
level 1 thread 0x14e084e0d700 affinity 92
level 1 thread 0x14e084c0c700 affinity 93
level 1 thread 0x14e084a0b700 affinity 94
level 1 thread 0x14e08480a700 affinity 95
level 1 thread 0x14e084609700 affinity 96
level 1 thread 0x14e084408700 affinity 97
level 1 thread 0x14acaef7f7c0 affinity 14
level 1 thread 0x14ac63295700 affinity 15
level 1 thread 0x14ac63094700 affinity 16
level 1 thread 0x14ac62e93700 affinity 17
level 1 thread 0x14ac62c92700 affinity 18
level 1 thread 0x14ac62a91700 affinity 19
level 1 thread 0x14ac62890700 affinity 20
level 1 thread 0x14ac6268f700 affinity 21
level 1 thread 0x14ac6248e700 affinity 22
level 1 thread 0x14ac6228d700 affinity 23
level 1 thread 0x14ac6208c700 affinity 24
level 1 thread 0x14ac61e8b700 affinity 25
level 1 thread 0x14ac61c8a700 affinity 26
level 1 thread 0x14ac61a89700 affinity 27
level 1 thread 0x14d1bbc117c0 affinity 70
level 1 thread 0x14d16ff32700 affinity 71
level 1 thread 0x14d16fd31700 affinity 72
level 1 thread 0x14d16fb30700 affinity 73
level 1 thread 0x14d16f92f700 affinity 74
level 1 thread 0x14d16f72e700 affinity 75
level 1 thread 0x14d16f52d700 affinity 76
level 1 thread 0x14d16f32c700 affinity 77
level 1 thread 0x14d16f12b700 affinity 78
level 1 thread 0x14d16ef2a700 affinity 79
level 1 thread 0x14d16ed29700 affinity 80
level 1 thread 0x14d16eb28700 affinity 81
level 1 thread 0x14d16e927700 affinity 82
level 1 thread 0x14d16e726700 affinity 83
level 1 thread 0x15509541b7c0 affinity 42
level 1 thread 0x155049459700 affinity 43
level 1 thread 0x155049258700 affinity 44
level 1 thread 0x155049057700 affinity 45
level 1 thread 0x155048e56700 affinity 46
level 1 thread 0x155048c55700 affinity 47
level 1 thread 0x155048a54700 affinity 48
level 1 thread 0x155048853700 affinity 49
level 1 thread 0x155048652700 affinity 50
level 1 thread 0x155048451700 affinity 51
level 1 thread 0x155048250700 affinity 52
level 1 thread 0x15504804f700 affinity 53
level 1 thread 0x155047e4e700 affinity 54
level 1 thread 0x155047c4d700 affinity 55
level 1 thread 0x14ba49aa77c0 affinity 98
level 1 thread 0x14ba3c3c2700 affinity 99
level 1 thread 0x14b9fde2c700 affinity 100
level 1 thread 0x14b9fdc2b700 affinity 101
level 1 thread 0x14b9fda2a700 affinity 102
level 1 thread 0x14b9fd829700 affinity 103
level 1 thread 0x14b9fd628700 affinity 104
level 1 thread 0x14b9fd427700 affinity 105
level 1 thread 0x14b9fd226700 affinity 106
level 1 thread 0x14b9fd025700 affinity 107
level 1 thread 0x14b9fce24700 affinity 108
level 1 thread 0x14b9fcc23700 affinity 109
level 1 thread 0x14b9fca22700 affinity 110
level 1 thread 0x14b9fc821700 affinity 111
level 1 thread 0x14e0c866c7c0 affinity 70
level 1 thread 0x14e07c983700 affinity 71
level 1 thread 0x14e07c782700 affinity 72
level 1 thread 0x14e07c581700 affinity 73
level 1 thread 0x14e07c380700 affinity 74
level 1 thread 0x14e07c17f700 affinity 75
level 1 thread 0x14e07bf7e700 affinity 76
level 1 thread 0x14e07bd7d700 affinity 77
level 1 thread 0x14e07bb7c700 affinity 78
level 1 thread 0x14e07b97b700 affinity 79
level 1 thread 0x14e07b77a700 affinity 80
level 1 thread 0x14e07b579700 affinity 81
level 1 thread 0x14e07b378700 affinity 82
level 1 thread 0x14e07b177700 affinity 83
Done. Logs in outputs/, summary in outputs_weak_scale_leo/results_4Node_32Tasks_14Threads.csv
