Loading openmpi/4.1.6--gcc--12.2.0
  Loading requirement: gcc/12.2.0-binut2.41
Running with 14 threads
level 1 thread 0x1508a0ac77c0 affinity 56
level 1 thread 0x150855621700 affinity 57
level 1 thread 0x150855420700 affinity 58
level 1 thread 0x15085521f700 affinity 59
level 1 thread 0x15085501e700 affinity 60
level 1 thread 0x150854e1d700 affinity 61
level 1 thread 0x150854c1c700 affinity 62
level 1 thread 0x150854a1b700 affinity 63
level 1 thread 0x15085481a700 affinity 64
level 1 thread 0x150854619700 affinity 65
level 1 thread 0x150854418700 affinity 66
level 1 thread 0x150854217700 affinity 67
level 1 thread 0x150854016700 affinity 68
level 1 thread 0x150853e15700 affinity 69
level 1 thread 0x15207464a7c0 affinity 56
level 1 thread 0x152028982700 affinity 57
level 1 thread 0x152028781700 affinity 58
level 1 thread 0x152028580700 affinity 59
level 1 thread 0x15202837f700 affinity 60
level 1 thread 0x15202817e700 affinity 61
level 1 thread 0x152027f7d700 affinity 62
level 1 thread 0x152027d7c700 affinity 63
level 1 thread 0x152027b7b700 affinity 64
level 1 thread 0x15202797a700 affinity 65
level 1 thread 0x152027779700 affinity 66
level 1 thread 0x152027578700 affinity 67
level 1 thread 0x152027377700 affinity 68
level 1 thread 0x152027176700 affinity 69
level 1 thread 0x14bffa08b7c0 affinity 0
level 1 thread 0x14bfae23e700 affinity 1
level 1 thread 0x14bfae03d700 affinity 2
level 1 thread 0x14bfade3c700 affinity 3
level 1 thread 0x14bfadc3b700 affinity 4
level 1 thread 0x14bfada3a700 affinity 5
level 1 thread 0x14bfad839700 affinity 6
level 1 thread 0x14bfad638700 affinity 7
level 1 thread 0x14bfad437700 affinity 8
level 1 thread 0x14bfad236700 affinity 9
level 1 thread 0x14bfad035700 affinity 10
level 1 thread 0x14bface34700 affinity 11
level 1 thread 0x14bfacc33700 affinity 12
level 1 thread 0x14bfaca32700 affinity 13
level 1 thread 0x1512e8fe17c0 affinity 28
level 1 thread 0x15129cdca700 affinity 29
level 1 thread 0x15129cbc9700 affinity 30
level 1 thread 0x15129c9c8700 affinity 31
level 1 thread 0x15129c7c7700 affinity 32
level 1 thread 0x15129c5c6700 affinity 33
level 1 thread 0x15129c3c5700 affinity 34
level 1 thread 0x15129c1c4700 affinity 35
level 1 thread 0x15129bfc3700 affinity 36
level 1 thread 0x15129bdc2700 affinity 37
level 1 thread 0x15129bbc1700 affinity 38
level 1 thread 0x15129b9c0700 affinity 39
level 1 thread 0x15129b7bf700 affinity 40
level 1 thread 0x15129b5be700 affinity 41
level 1 thread 0x1458e02367c0 affinity 98
level 1 thread 0x145894d8a700 affinity 99
level 1 thread 0x145894b89700 affinity 100
level 1 thread 0x145894988700 affinity 101
level 1 thread 0x145894787700 affinity 102
level 1 thread 0x145894586700 affinity 103
level 1 thread 0x145894385700 affinity 104
level 1 thread 0x145894184700 affinity 105
level 1 thread 0x145893f83700 affinity 106
level 1 thread 0x145893d82700 affinity 107
level 1 thread 0x145893b81700 affinity 108
level 1 thread 0x145893980700 affinity 109
level 1 thread 0x14589377f700 affinity 110
level 1 thread 0x14589357e700 affinity 111
level 1 thread 0x14691e4a17c0 affinity 14
level 1 thread 0x1468d223e700 affinity 15
level 1 thread 0x1468d203d700 affinity 16
level 1 thread 0x1468d1e3c700 affinity 17
level 1 thread 0x1468d1c3b700 affinity 18
level 1 thread 0x1468d1a3a700 affinity 19
level 1 thread 0x1468d1839700 affinity 20
level 1 thread 0x1468d1638700 affinity 21
level 1 thread 0x1468d1437700 affinity 22
level 1 thread 0x1468d1236700 affinity 23
level 1 thread 0x1468d1035700 affinity 24
level 1 thread 0x1468d0e34700 affinity 25
level 1 thread 0x1468d0c33700 affinity 26
level 1 thread 0x1468d0a32700 affinity 27
level 1 thread 0x14a30c31f7c0 affinity 42
level 1 thread 0x14a2c064f700 affinity 43
level 1 thread 0x14a2c044e700 affinity 44
level 1 thread 0x14a2c024d700 affinity 45
level 1 thread 0x14a2c004c700 affinity 46
level 1 thread 0x14a2bfe4b700 affinity 47
level 1 thread 0x14a2bfc4a700 affinity 48
level 1 thread 0x14a2bfa49700 affinity 49
level 1 thread 0x14a2bf848700 affinity 50
level 1 thread 0x14a2bf647700 affinity 51
level 1 thread 0x14a2bf446700 affinity 52
level 1 thread 0x14a2bf245700 affinity 53
level 1 thread 0x14a2bf044700 affinity 54
level 1 thread 0x14a2bee43700 affinity 55
level 1 thread 0x148262c637c0 affinity 70
level 1 thread 0x148254347700 affinity 71
level 1 thread 0x14821704c700 affinity 72
level 1 thread 0x148216e4b700 affinity 73
level 1 thread 0x148216c4a700 affinity 74
level 1 thread 0x148216a49700 affinity 75
level 1 thread 0x148216848700 affinity 76
level 1 thread 0x148216647700 affinity 77
level 1 thread 0x148216446700 affinity 78
level 1 thread 0x148216245700 affinity 79
level 1 thread 0x148216044700 affinity 80
level 1 thread 0x148215e43700 affinity 81
level 1 thread 0x148215c42700 affinity 82
level 1 thread 0x148215a41700 affinity 83
level 1 thread 0x1554d976f7c0 affinity 84
level 1 thread 0x15548dc84700 affinity 85
level 1 thread 0x15548da83700 affinity 86
level 1 thread 0x15548d882700 affinity 87
level 1 thread 0x15548d681700 affinity 88
level 1 thread 0x15548d480700 affinity 89
level 1 thread 0x15548d27f700 affinity 90
level 1 thread 0x15548d07e700 affinity 91
level 1 thread 0x15548ce7d700 affinity 92
level 1 thread 0x15548cc7c700 affinity 93
level 1 thread 0x15548ca7b700 affinity 94
level 1 thread 0x15548c87a700 affinity 95
level 1 thread 0x15548c679700 affinity 96
level 1 thread 0x15548c478700 affinity 97
level 1 thread 0x14ad188297c0 affinity 0
level 1 thread 0x1548345257c0 affinity 70
level 1 thread 0x1547e8429700 affinity 71
level 1 thread 0x1547e8228700 affinity 72
level 1 thread 0x1547e8027700 affinity 73
level 1 thread 0x1547e7e26700 affinity 74
level 1 thread 0x1547e7c25700 affinity 75
level 1 thread 0x1547e7a24700 affinity 76
level 1 thread 0x1547e7823700 affinity 77
level 1 thread 0x1547e7622700 affinity 78
level 1 thread 0x1547e7421700 affinity 79
level 1 thread 0x1547e7220700 affinity 80
level 1 thread 0x1547e701f700 affinity 81
level 1 thread 0x1547e6e1e700 affinity 82
level 1 thread 0x1547e6c1d700 affinity 83
level 1 thread 0x153f34c797c0 affinity 98
level 1 thread 0x153ee8fa5700 affinity 99
level 1 thread 0x153ee8da4700 affinity 100
level 1 thread 0x153ee8ba3700 affinity 101
level 1 thread 0x153ee89a2700 affinity 102
level 1 thread 0x153ee87a1700 affinity 103
level 1 thread 0x153ee85a0700 affinity 104
level 1 thread 0x153ee839f700 affinity 105
level 1 thread 0x153ee819e700 affinity 106
level 1 thread 0x153ee7f9d700 affinity 107
level 1 thread 0x153ee7d9c700 affinity 108
level 1 thread 0x153ee7b9b700 affinity 109
level 1 thread 0x153ee799a700 affinity 110
level 1 thread 0x153ee7799700 affinity 111
level 1 thread 0x1497561587c0 affinity 84
level 1 thread 0x149748242700 affinity 85
level 1 thread 0x149709e25700 affinity 86
level 1 thread 0x149709c24700 affinity 87
level 1 thread 0x149709a23700 affinity 88
level 1 thread 0x149709822700 affinity 89
level 1 thread 0x149709621700 affinity 90
level 1 thread 0x149709420700 affinity 91
level 1 thread 0x14970921f700 affinity 92
level 1 thread 0x14970901e700 affinity 93
level 1 thread 0x149708e1d700 affinity 94
level 1 thread 0x149708c1c700 affinity 95
level 1 thread 0x149708a1b700 affinity 96
level 1 thread 0x14970881a700 affinity 97
level 1 thread 0x14acccb5f700 affinity 1
level 1 thread 0x14accc95e700 affinity 2
level 1 thread 0x14accc75d700 affinity 3
level 1 thread 0x14accc55c700 affinity 4
level 1 thread 0x14accc35b700 affinity 5
level 1 thread 0x14accc15a700 affinity 6
level 1 thread 0x14accbf59700 affinity 7
level 1 thread 0x14accbd58700 affinity 8
level 1 thread 0x14accbb57700 affinity 9
level 1 thread 0x14accb956700 affinity 10
level 1 thread 0x14accb755700 affinity 11
level 1 thread 0x14accb554700 affinity 12
level 1 thread 0x14accb353700 affinity 13
level 1 thread 0x1521cafd67c0 affinity 14
level 1 thread 0x15217eed4700 affinity 15
level 1 thread 0x15217ecd3700 affinity 16
level 1 thread 0x15217ead2700 affinity 17
level 1 thread 0x15217e8d1700 affinity 18
level 1 thread 0x15217e6d0700 affinity 19
level 1 thread 0x15217e4cf700 affinity 20
level 1 thread 0x15217e2ce700 affinity 21
level 1 thread 0x15217e0cd700 affinity 22
level 1 thread 0x15217decc700 affinity 23
level 1 thread 0x15217dccb700 affinity 24
level 1 thread 0x15217daca700 affinity 25
level 1 thread 0x15217d8c9700 affinity 26
level 1 thread 0x15217d6c8700 affinity 27
level 1 thread 0x14a09a7fb7c0 affinity 28
level 1 thread 0x14a08c4af700 affinity 29
level 1 thread 0x14a08c2ae700 affinity 30
level 1 thread 0x14a04e24f700 affinity 31
level 1 thread 0x14a04e04e700 affinity 32
level 1 thread 0x14a04de4d700 affinity 33
level 1 thread 0x14a04dc4c700 affinity 34
level 1 thread 0x14a04da4b700 affinity 35
level 1 thread 0x14a04d84a700 affinity 36
level 1 thread 0x14a04d649700 affinity 37
level 1 thread 0x14a04d448700 affinity 38
level 1 thread 0x14a04d247700 affinity 39
level 1 thread 0x14a04d046700 affinity 40
level 1 thread 0x14a04ce45700 affinity 41
level 1 thread 0x148b3cc0c7c0 affinity 42
level 1 thread 0x148af0f36700 affinity 43
level 1 thread 0x148af0d35700 affinity 44
level 1 thread 0x148af0b34700 affinity 45
level 1 thread 0x148af0933700 affinity 46
level 1 thread 0x148af0732700 affinity 47
level 1 thread 0x148af0531700 affinity 48
level 1 thread 0x148af0330700 affinity 49
level 1 thread 0x148af012f700 affinity 50
level 1 thread 0x148aeff2e700 affinity 51
level 1 thread 0x148aefd2d700 affinity 52
level 1 thread 0x148aefb2c700 affinity 53
level 1 thread 0x148aef92b700 affinity 54
level 1 thread 0x148aef72a700 affinity 55
Done. Logs in outputs/, summary in outputs_weak_scale_leo/results_2Node_16Tasks_14Threads.csv
