Loading openmpi/4.1.6--gcc--12.2.0
  Loading requirement: gcc/12.2.0-binut2.41
Running with  threads
level 1 thread 0x14be828bf7c0 affinity 56
level 1 thread 0x14be7459a700 affinity 57
level 1 thread 0x14be74399700 affinity 58
level 1 thread 0x14be5dd01700 affinity 59
level 1 thread 0x14be5db00700 affinity 60
level 1 thread 0x14be5d8ff700 affinity 61
level 1 thread 0x14be5d6fe700 affinity 62
level 1 thread 0x14be5d4fd700 affinity 63
level 1 thread 0x14be5d2fc700 affinity 64
level 1 thread 0x14be5d0fb700 affinity 65
level 1 thread 0x14be5cefa700 affinity 66
level 1 thread 0x14be5ccf9700 affinity 67
level 1 thread 0x14be5caf8700 affinity 68
level 1 thread 0x14be5c8f7700 affinity 69
level 1 thread 0x1474186c87c0 affinity 98
level 1 thread 0x1473f48da700 affinity 99
level 1 thread 0x1473f46d9700 affinity 100
level 1 thread 0x1473f44d8700 affinity 101
level 1 thread 0x1473f42d7700 affinity 102
level 1 thread 0x1473f40d6700 affinity 103
level 1 thread 0x1473f3ed5700 affinity 104
level 1 thread 0x1473f3cd4700 affinity 105
level 1 thread 0x1473f3ad3700 affinity 106
level 1 thread 0x1473f38d2700 affinity 107
level 1 thread 0x1473f36d1700 affinity 108
level 1 thread 0x1473f34d0700 affinity 109
level 1 thread 0x1473f32cf700 affinity 110
level 1 thread 0x1473f30ce700 affinity 111
level 1 thread 0x1483032707c0 affinity 84
level 1 thread 0x1482df063700 affinity 85
level 1 thread 0x1482dee62700 affinity 86
level 1 thread 0x1482dec61700 affinity 87
level 1 thread 0x1482dea60700 affinity 88
level 1 thread 0x1482de85f700 affinity 89
level 1 thread 0x1482de65e700 affinity 90
level 1 thread 0x1482de45d700 affinity 91
level 1 thread 0x1482de25c700 affinity 92
level 1 thread 0x1482de05b700 affinity 93
level 1 thread 0x1482dde5a700 affinity 94
level 1 thread 0x1482ddc59700 affinity 95
level 1 thread 0x1482dda58700 affinity 96
level 1 thread 0x1482dd857700 affinity 97
level 1 thread 0x14a4341127c0 affinity 14
level 1 thread 0x14a40ff04700 affinity 15
level 1 thread 0x14a40fd03700 affinity 16
level 1 thread 0x14a40fb02700 affinity 17
level 1 thread 0x14a40f901700 affinity 18
level 1 thread 0x14a40f700700 affinity 19
level 1 thread 0x14a40f4ff700 affinity 20
level 1 thread 0x14a40f2fe700 affinity 21
level 1 thread 0x14a40f0fd700 affinity 22
level 1 thread 0x14a40eefc700 affinity 23
level 1 thread 0x14a40ecfb700 affinity 24
level 1 thread 0x14a40eafa700 affinity 25
level 1 thread 0x14a40e8f9700 affinity 26
level 1 thread 0x14a40e6f8700 affinity 27
level 1 thread 0x1469db2d47c0 affinity 42
level 1 thread 0x1469b74bc700 affinity 43
level 1 thread 0x1469b72bb700 affinity 44
level 1 thread 0x1469b70ba700 affinity 45
level 1 thread 0x1469b6eb9700 affinity 46
level 1 thread 0x1469b6cb8700 affinity 47
level 1 thread 0x1469b6ab7700 affinity 48
level 1 thread 0x1469b68b6700 affinity 49
level 1 thread 0x1469b66b5700 affinity 50
level 1 thread 0x1469b64b4700 affinity 51
level 1 thread 0x1469b62b3700 affinity 52
level 1 thread 0x1469b60b2700 affinity 53
level 1 thread 0x1469b5eb1700 affinity 54
level 1 thread 0x1469b5cb0700 affinity 55
level 1 thread 0x150d01dd67c0 affinity 0
level 1 thread 0x150cf42ea700 affinity 1
level 1 thread 0x150cdd4cf700 affinity 2
level 1 thread 0x150cdd2ce700 affinity 3
level 1 thread 0x150cdd0cd700 affinity 4
level 1 thread 0x150cdcecc700 affinity 5
level 1 thread 0x150cdcccb700 affinity 6
level 1 thread 0x150cdcaca700 affinity 7
level 1 thread 0x150cdc8c9700 affinity 8
level 1 thread 0x150cdc6c8700 affinity 9
level 1 thread 0x150cdc4c7700 affinity 10
level 1 thread 0x150cdc2c6700 affinity 11
level 1 thread 0x150cdc0c5700 affinity 12
level 1 thread 0x150cdbec4700 affinity 13
level 1 thread 0x14972592e7c0 affinity 28
level 1 thread 0x149718249700 affinity 29
level 1 thread 0x1497014cf700 affinity 30
level 1 thread 0x1497012ce700 affinity 31
level 1 thread 0x1497010cd700 affinity 32
level 1 thread 0x149700ecc700 affinity 33
level 1 thread 0x149700ccb700 affinity 34
level 1 thread 0x149700aca700 affinity 35
level 1 thread 0x1497008c9700 affinity 36
level 1 thread 0x1497006c8700 affinity 37
level 1 thread 0x1497004c7700 affinity 38
level 1 thread 0x1497002c6700 affinity 39
level 1 thread 0x1497000c5700 affinity 40
level 1 thread 0x1496ffec4700 affinity 41
level 1 thread 0x14d537d877c0 affinity 70
level 1 thread 0x14d513b79700 affinity 71
level 1 thread 0x14d513978700 affinity 72
level 1 thread 0x14d513777700 affinity 73
level 1 thread 0x14d513576700 affinity 74
level 1 thread 0x14d513375700 affinity 75
level 1 thread 0x14d513174700 affinity 76
level 1 thread 0x14d512f73700 affinity 77
level 1 thread 0x14d512d72700 affinity 78
level 1 thread 0x14d512b71700 affinity 79
level 1 thread 0x14d512970700 affinity 80
level 1 thread 0x14d51276f700 affinity 81
level 1 thread 0x14d51256e700 affinity 82
level 1 thread 0x14d51236d700 affinity 83
Done. Logs in outputs_leonardo/, summary in outputs_leonardo/test.csv
