Loading openmpi/4.1.6--gcc--12.2.0
  Loading requirement: gcc/12.2.0-binut2.41
Running with  threads
level 1 thread 0x1500d08e47c0 affinity 56
level 1 thread 0x1500ac2c9700 affinity 57
level 1 thread 0x1500ac0c8700 affinity 58
level 1 thread 0x1500abec7700 affinity 59
level 1 thread 0x1500abcc6700 affinity 60
level 1 thread 0x1500abac5700 affinity 61
level 1 thread 0x1500ab8c4700 affinity 62
level 1 thread 0x1500ab6c3700 affinity 63
level 1 thread 0x1500ab4c2700 affinity 64
level 1 thread 0x1500ab2c1700 affinity 65
level 1 thread 0x1500ab0c0700 affinity 66
level 1 thread 0x1500aaebf700 affinity 67
level 1 thread 0x1500aacbe700 affinity 68
level 1 thread 0x1500aaabd700 affinity 69
level 1 thread 0x1460409cd7c0 affinity 0
level 1 thread 0x14601c3b3700 affinity 1
level 1 thread 0x14601c1b2700 affinity 2
level 1 thread 0x14601bfb1700 affinity 3
level 1 thread 0x14601bdb0700 affinity 4
level 1 thread 0x14601bbaf700 affinity 5
level 1 thread 0x14601b9ae700 affinity 6
level 1 thread 0x14601b7ad700 affinity 7
level 1 thread 0x14601b5ac700 affinity 8
level 1 thread 0x14601b3ab700 affinity 9
level 1 thread 0x14601b1aa700 affinity 10
level 1 thread 0x14601afa9700 affinity 11
level 1 thread 0x14601ada8700 affinity 12
level 1 thread 0x14601aba7700 affinity 13
level 1 thread 0x15059d8d17c0 affinity 42
level 1 thread 0x1505798e8700 affinity 43
level 1 thread 0x1505796e7700 affinity 44
level 1 thread 0x1505794e6700 affinity 45
level 1 thread 0x1505792e5700 affinity 46
level 1 thread 0x1505790e4700 affinity 47
level 1 thread 0x150578ee3700 affinity 48
level 1 thread 0x150578ce2700 affinity 49
level 1 thread 0x150578ae1700 affinity 50
level 1 thread 0x1505788e0700 affinity 51
level 1 thread 0x1505786df700 affinity 52
level 1 thread 0x1505784de700 affinity 53
level 1 thread 0x1505782dd700 affinity 54
level 1 thread 0x1505780dc700 affinity 55
level 1 thread 0x14fad23c97c0 affinity 98
level 1 thread 0x14fac48de700 affinity 99
level 1 thread 0x14fac46dd700 affinity 100
level 1 thread 0x14fac44dc700 affinity 101
level 1 thread 0x14fac42db700 affinity 102
level 1 thread 0x14faadd01700 affinity 103
level 1 thread 0x14faadb00700 affinity 104
level 1 thread 0x14faad8ff700 affinity 105
level 1 thread 0x14faad6fe700 affinity 106
level 1 thread 0x14faad4fd700 affinity 107
level 1 thread 0x14faad2fc700 affinity 108
level 1 thread 0x14faad0fb700 affinity 109
level 1 thread 0x14faacefa700 affinity 110
level 1 thread 0x14faaccf9700 affinity 111
level 1 thread 0x146a23d247c0 affinity 28
level 1 thread 0x1469ffb16700 affinity 29
level 1 thread 0x1469ff915700 affinity 30
level 1 thread 0x1469ff714700 affinity 31
level 1 thread 0x1469ff513700 affinity 32
level 1 thread 0x1469ff312700 affinity 33
level 1 thread 0x1469ff111700 affinity 34
level 1 thread 0x1469fef10700 affinity 35
level 1 thread 0x1469fed0f700 affinity 36
level 1 thread 0x1469feb0e700 affinity 37
level 1 thread 0x1469fe90d700 affinity 38
level 1 thread 0x1469fe70c700 affinity 39
level 1 thread 0x1469fe50b700 affinity 40
level 1 thread 0x1469fe30a700 affinity 41
level 1 thread 0x1484a5d597c0 affinity 14
level 1 thread 0x148498264700 affinity 15
level 1 thread 0x1484818e8700 affinity 16
level 1 thread 0x1484816e7700 affinity 17
level 1 thread 0x1484814e6700 affinity 18
level 1 thread 0x1484812e5700 affinity 19
level 1 thread 0x1484810e4700 affinity 20
level 1 thread 0x148480ee3700 affinity 21
level 1 thread 0x148480ce2700 affinity 22
level 1 thread 0x148480ae1700 affinity 23
level 1 thread 0x1484808e0700 affinity 24
level 1 thread 0x1484806df700 affinity 25
level 1 thread 0x1484804de700 affinity 26
level 1 thread 0x1484802dd700 affinity 27
level 1 thread 0x147c82ed57c0 affinity 84
level 1 thread 0x147c5ecc3700 affinity 85
level 1 thread 0x147c5eac2700 affinity 86
level 1 thread 0x147c5e8c1700 affinity 87
level 1 thread 0x147c5e6c0700 affinity 88
level 1 thread 0x147c5e4bf700 affinity 89
level 1 thread 0x147c5e2be700 affinity 90
level 1 thread 0x147c5e0bd700 affinity 91
level 1 thread 0x147c5debc700 affinity 92
level 1 thread 0x147c5dcbb700 affinity 93
level 1 thread 0x147c5daba700 affinity 94
level 1 thread 0x147c5d8b9700 affinity 95
level 1 thread 0x147c5d6b8700 affinity 96
level 1 thread 0x147c5d4b7700 affinity 97
level 1 thread 0x153254ace7c0 affinity 70
level 1 thread 0x1532308bd700 affinity 71
level 1 thread 0x1532306bc700 affinity 72
level 1 thread 0x1532304bb700 affinity 73
level 1 thread 0x1532302ba700 affinity 74
level 1 thread 0x1532300b9700 affinity 75
level 1 thread 0x15322feb8700 affinity 76
level 1 thread 0x15322fcb7700 affinity 77
level 1 thread 0x15322fab6700 affinity 78
level 1 thread 0x15322f8b5700 affinity 79
level 1 thread 0x15322f6b4700 affinity 80
level 1 thread 0x15322f4b3700 affinity 81
level 1 thread 0x15322f2b2700 affinity 82
level 1 thread 0x15322f0b1700 affinity 83
Done. Logs in outputs_leonardo/, summary in outputs_leonardo/results_1Node_8Tasks_14Threads.csv
