Loading openmpi/4.1.6--gcc--12.2.0
  Loading requirement: gcc/12.2.0-binut2.41
Running with  threads
level 1 thread 0x14e2d0ea57c0 affinity 0
level 1 thread 0x14e2aea27700 affinity 1
level 1 thread 0x14e2ae826700 affinity 2
level 1 thread 0x14e2ae625700 affinity 3
level 1 thread 0x14e2ae424700 affinity 4
level 1 thread 0x14e2ae223700 affinity 5
level 1 thread 0x14e2ae022700 affinity 6
level 1 thread 0x14e2ade21700 affinity 7
level 1 thread 0x14e2adc20700 affinity 8
level 1 thread 0x14e2ada1f700 affinity 9
level 1 thread 0x14e2ad81e700 affinity 10
level 1 thread 0x14e2ad61d700 affinity 11
level 1 thread 0x14e2ad41c700 affinity 12
level 1 thread 0x14e2ad21b700 affinity 13
level 1 thread 0x152e49e3a7c0 affinity 84
level 1 thread 0x152e3c35f700 affinity 85
level 1 thread 0x152e27e93700 affinity 86
level 1 thread 0x152e27c92700 affinity 87
level 1 thread 0x152e27a91700 affinity 88
level 1 thread 0x152e27890700 affinity 89
level 1 thread 0x152e2768f700 affinity 90
level 1 thread 0x152e2748e700 affinity 91
level 1 thread 0x152e2728d700 affinity 92
level 1 thread 0x152e2708c700 affinity 93
level 1 thread 0x152e26e8b700 affinity 94
level 1 thread 0x152e26c8a700 affinity 95
level 1 thread 0x152e26a89700 affinity 96
level 1 thread 0x152e26888700 affinity 97
level 1 thread 0x14d9b2e017c0 affinity 98
level 1 thread 0x14d9915d7700 affinity 99
level 1 thread 0x14d9913d6700 affinity 100
level 1 thread 0x14d9911d5700 affinity 101
level 1 thread 0x14d990fd4700 affinity 102
level 1 thread 0x14d990dd3700 affinity 103
level 1 thread 0x14d990bd2700 affinity 104
level 1 thread 0x14d9909d1700 affinity 105
level 1 thread 0x14d9907d0700 affinity 106
level 1 thread 0x14d9905cf700 affinity 107
level 1 thread 0x14d9903ce700 affinity 108
level 1 thread 0x14d9901cd700 affinity 109
level 1 thread 0x14d98ffcc700 affinity 110
level 1 thread 0x14d98fdcb700 affinity 111
level 1 thread 0x146dc06137c0 affinity 14
level 1 thread 0x146d9e9c4700 affinity 15
level 1 thread 0x146d9e7c3700 affinity 16
level 1 thread 0x146d9e5c2700 affinity 17
level 1 thread 0x146d9e3c1700 affinity 18
level 1 thread 0x146d9e1c0700 affinity 19
level 1 thread 0x146d9dfbf700 affinity 20
level 1 thread 0x146d9ddbe700 affinity 21
level 1 thread 0x146d9dbbd700 affinity 22
level 1 thread 0x146d9d9bc700 affinity 23
level 1 thread 0x146d9d7bb700 affinity 24
level 1 thread 0x146d9d5ba700 affinity 25
level 1 thread 0x146d9d3b9700 affinity 26
level 1 thread 0x146d9d1b8700 affinity 27
level 1 thread 0x146075cb97c0 affinity 42
level 1 thread 0x146053e93700 affinity 43
level 1 thread 0x146053c92700 affinity 44
level 1 thread 0x146053a91700 affinity 45
level 1 thread 0x146053890700 affinity 46
level 1 thread 0x14605368f700 affinity 47
level 1 thread 0x14605348e700 affinity 48
level 1 thread 0x14605328d700 affinity 49
level 1 thread 0x14605308c700 affinity 50
level 1 thread 0x146052e8b700 affinity 51
level 1 thread 0x146052c8a700 affinity 52
level 1 thread 0x146052a89700 affinity 53
level 1 thread 0x146052888700 affinity 54
level 1 thread 0x146052687700 affinity 55
level 1 thread 0x14b06eb257c0 affinity 70
level 1 thread 0x14b060819700 affinity 71
level 1 thread 0x14b060618700 affinity 72
level 1 thread 0x14b060417700 affinity 73
level 1 thread 0x14b060216700 affinity 74
level 1 thread 0x14b04c6c5700 affinity 75
level 1 thread 0x14b04c4c4700 affinity 76
level 1 thread 0x14b04c2c3700 affinity 77
level 1 thread 0x14b04c0c2700 affinity 78
level 1 thread 0x14b04bec1700 affinity 79
level 1 thread 0x14b04bcc0700 affinity 80
level 1 thread 0x14b04babf700 affinity 81
level 1 thread 0x14b04b8be700 affinity 82
level 1 thread 0x14b04b6bd700 affinity 83
level 1 thread 0x15459404f7c0 affinity 14
level 1 thread 0x1545723fe700 affinity 15
level 1 thread 0x1545721fd700 affinity 16
level 1 thread 0x154571ffc700 affinity 17
level 1 thread 0x154571dfb700 affinity 18
level 1 thread 0x154571bfa700 affinity 19
level 1 thread 0x1545719f9700 affinity 20
level 1 thread 0x1545717f8700 affinity 21
level 1 thread 0x1545715f7700 affinity 22
level 1 thread 0x1545713f6700 affinity 23
level 1 thread 0x1545711f5700 affinity 24
level 1 thread 0x154570ff4700 affinity 25
level 1 thread 0x154570df3700 affinity 26
level 1 thread 0x154570bf2700 affinity 27
level 1 thread 0x14e900bb97c0 affinity 0
level 1 thread 0x14e8deb4a700 affinity 1
level 1 thread 0x14e8de949700 affinity 2
level 1 thread 0x14e8de748700 affinity 3
level 1 thread 0x14e8de547700 affinity 4
level 1 thread 0x14e8de346700 affinity 5
level 1 thread 0x14e8de145700 affinity 6
level 1 thread 0x14e8ddf44700 affinity 7
level 1 thread 0x14e8ddd43700 affinity 8
level 1 thread 0x14e8ddb42700 affinity 9
level 1 thread 0x14e8dd941700 affinity 10
level 1 thread 0x14e8dd740700 affinity 11
level 1 thread 0x14e8dd53f700 affinity 12
level 1 thread 0x14e8dd33e700 affinity 13
level 1 thread 0x150fddb487c0 affinity 70
level 1 thread 0x150fbbe93700 affinity 71
level 1 thread 0x150fbbc92700 affinity 72
level 1 thread 0x150fbba91700 affinity 73
level 1 thread 0x150fbb890700 affinity 74
level 1 thread 0x150fbb68f700 affinity 75
level 1 thread 0x150fbb48e700 affinity 76
level 1 thread 0x150fbb28d700 affinity 77
level 1 thread 0x150fbb08c700 affinity 78
level 1 thread 0x150fbae8b700 affinity 79
level 1 thread 0x150fbac8a700 affinity 80
level 1 thread 0x150fbaa89700 affinity 81
level 1 thread 0x150fba888700 affinity 82
level 1 thread 0x150fba687700 affinity 83
level 1 thread 0x15187a0bb7c0 affinity 0
level 1 thread 0x151857ea4700 affinity 1
level 1 thread 0x151857ca3700 affinity 2
level 1 thread 0x151857aa2700 affinity 3
level 1 thread 0x1518578a1700 affinity 4
level 1 thread 0x1518576a0700 affinity 5
level 1 thread 0x15185749f700 affinity 6
level 1 thread 0x15185729e700 affinity 7
level 1 thread 0x15185709d700 affinity 8
level 1 thread 0x151856e9c700 affinity 9
level 1 thread 0x151856c9b700 affinity 10
level 1 thread 0x151856a9a700 affinity 11
level 1 thread 0x151856899700 affinity 12
level 1 thread 0x151856698700 affinity 13
level 1 thread 0x1474fad757c0 affinity 0
level 1 thread 0x1474d8d06700 affinity 1
level 1 thread 0x1474d8b05700 affinity 2
level 1 thread 0x1474d8904700 affinity 3
level 1 thread 0x1474d8703700 affinity 4
level 1 thread 0x1474d8502700 affinity 5
level 1 thread 0x1474d8301700 affinity 6
level 1 thread 0x1474d8100700 affinity 7
level 1 thread 0x1474d7eff700 affinity 8
level 1 thread 0x1474d7cfe700 affinity 9
level 1 thread 0x1474d7afd700 affinity 10
level 1 thread 0x1474d78fc700 affinity 11
level 1 thread 0x1474d76fb700 affinity 12
level 1 thread 0x1474d74fa700 affinity 13
level 1 thread 0x14a9617737c0 affinity 84
level 1 thread 0x14a94cfbf700 affinity 85
level 1 thread 0x14a94cdbe700 affinity 86
level 1 thread 0x14a94cbbd700 affinity 87
level 1 thread 0x14a94c9bc700 affinity 88
level 1 thread 0x14a94c7bb700 affinity 89
level 1 thread 0x14a94c5ba700 affinity 90
level 1 thread 0x14a94c3b9700 affinity 91
level 1 thread 0x14a93eacb700 affinity 92
level 1 thread 0x14a93e8ca700 affinity 93
level 1 thread 0x14a93e6c9700 affinity 94
level 1 thread 0x14a93e4c8700 affinity 95
level 1 thread 0x14a93e2c7700 affinity 96
level 1 thread 0x14a93e0c6700 affinity 97
level 1 thread 0x148e0b8857c0 affinity 28
level 1 thread 0x148de9c3d700 affinity 29
level 1 thread 0x148de9a3c700 affinity 30
level 1 thread 0x148de983b700 affinity 31
level 1 thread 0x148de963a700 affinity 32
level 1 thread 0x148de9439700 affinity 33
level 1 thread 0x148de9238700 affinity 34
level 1 thread 0x148de9037700 affinity 35
level 1 thread 0x148de8e36700 affinity 36
level 1 thread 0x148de8c35700 affinity 37
level 1 thread 0x148de8a34700 affinity 38
level 1 thread 0x148de8833700 affinity 39
level 1 thread 0x148de8632700 affinity 40
level 1 thread 0x149645b007c0 affinity 98
level 1 thread 0x1496242ac700 affinity 99
level 1 thread 0x1496240ab700 affinity 100
level 1 thread 0x149623eaa700 affinity 101
level 1 thread 0x149623ca9700 affinity 102
level 1 thread 0x149623aa8700 affinity 103
level 1 thread 0x1496238a7700 affinity 104
level 1 thread 0x1496236a6700 affinity 105
level 1 thread 0x1496234a5700 affinity 106
level 1 thread 0x1496232a4700 affinity 107
level 1 thread 0x1496230a3700 affinity 108
level 1 thread 0x149622ea2700 affinity 109
level 1 thread 0x149622ca1700 affinity 110
level 1 thread 0x149622aa0700 affinity 111
level 1 thread 0x14b2f6f837c0 affinity 70
level 1 thread 0x14b2d5329700 affinity 71
level 1 thread 0x14b2d5128700 affinity 72
level 1 thread 0x14b2d4f27700 affinity 73
level 1 thread 0x14b2d4d26700 affinity 74
level 1 thread 0x14b2d4b25700 affinity 75
level 1 thread 0x14b2d4924700 affinity 76
level 1 thread 0x14b2d4723700 affinity 77
level 1 thread 0x14b2d4522700 affinity 78
level 1 thread 0x14b2d4321700 affinity 79
level 1 thread 0x14b2d4120700 affinity 80
level 1 thread 0x14b2d3f1f700 affinity 81
level 1 thread 0x14b2d3d1e700 affinity 82
level 1 thread 0x14b2d3b1d700 affinity 83
level 1 thread 0x14f93160b7c0 affinity 84
level 1 thread 0x14f924350700 affinity 85
level 1 thread 0x14f91cba6700 affinity 86
level 1 thread 0x14f91c9a5700 affinity 87
level 1 thread 0x14f91c7a4700 affinity 88
level 1 thread 0x14f91c5a3700 affinity 89
level 1 thread 0x14f91c3a2700 affinity 90
level 1 thread 0x14f90eacb700 affinity 91
level 1 thread 0x14f90e8ca700 affinity 92
level 1 thread 0x14f90e6c9700 affinity 93
level 1 thread 0x14f90e4c8700 affinity 94
level 1 thread 0x14f90e2c7700 affinity 95
level 1 thread 0x14f90e0c6700 affinity 96
level 1 thread 0x14f90dec5700 affinity 97
level 1 thread 0x1482b55397c0 affinity 28
level 1 thread 0x1482a8278700 affinity 29
level 1 thread 0x1482a0ba6700 affinity 30
level 1 thread 0x1482a09a5700 affinity 31
level 1 thread 0x1482a07a4700 affinity 32
level 1 thread 0x1482a05a3700 affinity 33
level 1 thread 0x1482a03a2700 affinity 34
level 1 thread 0x148292acb700 affinity 35
level 1 thread 0x1482928ca700 affinity 36
level 1 thread 0x1482926c9700 affinity 37
level 1 thread 0x1482924c8700 affinity 38
level 1 thread 0x1482922c7700 affinity 39
level 1 thread 0x1482920c6700 affinity 40
level 1 thread 0x148291ec5700 affinity 41
level 1 thread 0x1490183327c0 affinity 84
level 1 thread 0x148ff66e9700 affinity 85
level 1 thread 0x148ff64e8700 affinity 86
level 1 thread 0x148ff62e7700 affinity 87
level 1 thread 0x148ff60e6700 affinity 88
level 1 thread 0x148ff5ee5700 affinity 89
level 1 thread 0x14c1370a17c0 affinity 0
level 1 thread 0x14c11504a700 affinity 1
level 1 thread 0x14c114e49700 affinity 2
level 1 thread 0x14c114c48700 affinity 3
level 1 thread 0x14c114a47700 affinity 4
level 1 thread 0x14c114846700 affinity 5
level 1 thread 0x14c114645700 affinity 6
level 1 thread 0x14c114444700 affinity 7
level 1 thread 0x14c114243700 affinity 8
level 1 thread 0x14c114042700 affinity 9
level 1 thread 0x14c113e41700 affinity 10
level 1 thread 0x14c113c40700 affinity 11
level 1 thread 0x14c113a3f700 affinity 12
level 1 thread 0x14c11383e700 affinity 13
level 1 thread 0x14c30e1bf7c0 affinity 56
level 1 thread 0x14c3002be700 affinity 57
level 1 thread 0x14c2eba8b700 affinity 58
level 1 thread 0x14c2eb88a700 affinity 59
level 1 thread 0x14c2eb689700 affinity 60
level 1 thread 0x14c2eb488700 affinity 61
level 1 thread 0x14c2eb287700 affinity 62
level 1 thread 0x14c2eb086700 affinity 63
level 1 thread 0x14c2eae85700 affinity 64
level 1 thread 0x14c2eac84700 affinity 65
level 1 thread 0x14c2eaa83700 affinity 66
level 1 thread 0x14c2ea882700 affinity 67
level 1 thread 0x14c2ea681700 affinity 68
level 1 thread 0x14c2ea480700 affinity 69
level 1 thread 0x14bced5ac7c0 affinity 84
level 1 thread 0x14bce02f8700 affinity 85
level 1 thread 0x14bcd8ba6700 affinity 86
level 1 thread 0x14bcd89a5700 affinity 87
level 1 thread 0x14bcd87a4700 affinity 88
level 1 thread 0x14bcd85a3700 affinity 89
level 1 thread 0x14bcd83a2700 affinity 90
level 1 thread 0x14bccaacb700 affinity 91
level 1 thread 0x14bcca8ca700 affinity 92
level 1 thread 0x14bcca6c9700 affinity 93
level 1 thread 0x14bcca4c8700 affinity 94
level 1 thread 0x14bcca2c7700 affinity 95
level 1 thread 0x14bcca0c6700 affinity 96
level 1 thread 0x14bcc9ec5700 affinity 97
level 1 thread 0x1465504f87c0 affinity 84
level 1 thread 0x14652e8af700 affinity 85
level 1 thread 0x14652e6ae700 affinity 86
level 1 thread 0x14652e4ad700 affinity 87
level 1 thread 0x14652e2ac700 affinity 88
level 1 thread 0x14652e0ab700 affinity 89
level 1 thread 0x14652deaa700 affinity 90
level 1 thread 0x14652dca9700 affinity 91
level 1 thread 0x14652daa8700 affinity 92
level 1 thread 0x14652d8a7700 affinity 93
level 1 thread 0x14652d6a6700 affinity 94
level 1 thread 0x14652d4a5700 affinity 95
level 1 thread 0x14652d2a4700 affinity 96
level 1 thread 0x14652d0a3700 affinity 97
level 1 thread 0x145e3a2cd7c0 affinity 28
level 1 thread 0x145e2c3cf700 affinity 29
level 1 thread 0x145e182ac700 affinity 30
level 1 thread 0x145e180ab700 affinity 31
level 1 thread 0x145e17eaa700 affinity 32
level 1 thread 0x145e17ca9700 affinity 33
level 1 thread 0x145e17aa8700 affinity 34
level 1 thread 0x145e178a7700 affinity 35
level 1 thread 0x145e176a6700 affinity 36
level 1 thread 0x145e174a5700 affinity 37
level 1 thread 0x145e172a4700 affinity 38
level 1 thread 0x145e170a3700 affinity 39
level 1 thread 0x145e16ea2700 affinity 40
level 1 thread 0x145e16ca1700 affinity 41
level 1 thread 0x14cd847cc7c0 affinity 56
level 1 thread 0x14cd62355700 affinity 57
level 1 thread 0x14cd62154700 affinity 58
level 1 thread 0x14cd61f53700 affinity 59
level 1 thread 0x14cd61d52700 affinity 60
level 1 thread 0x14cd61b51700 affinity 61
level 1 thread 0x14cd61950700 affinity 62
level 1 thread 0x14cd6174f700 affinity 63
level 1 thread 0x14cd6154e700 affinity 64
level 1 thread 0x14cd6134d700 affinity 65
level 1 thread 0x14cd6114c700 affinity 66
level 1 thread 0x14cd60f4b700 affinity 67
level 1 thread 0x14cd60d4a700 affinity 68
level 1 thread 0x14cd60b49700 affinity 69
level 1 thread 0x148ff5ce4700 affinity 90
level 1 thread 0x148ff5ae3700 affinity 91
level 1 thread 0x148ff58e2700 affinity 92
level 1 thread 0x148ff56e1700 affinity 93
level 1 thread 0x148ff54e0700 affinity 94
level 1 thread 0x148ff52df700 affinity 95
level 1 thread 0x148ff50de700 affinity 96
level 1 thread 0x1531c6e937c0 affinity 56
level 1 thread 0x1531a49f3700 affinity 57
level 1 thread 0x1531a47f2700 affinity 58
level 1 thread 0x1531a45f1700 affinity 59
level 1 thread 0x1531a43f0700 affinity 60
level 1 thread 0x1531a41ef700 affinity 61
level 1 thread 0x1531a3fee700 affinity 62
level 1 thread 0x1531a3ded700 affinity 63
level 1 thread 0x1531a3bec700 affinity 64
level 1 thread 0x1531a39eb700 affinity 65
level 1 thread 0x1531a37ea700 affinity 66
level 1 thread 0x1531a35e9700 affinity 67
level 1 thread 0x1531a33e8700 affinity 68
level 1 thread 0x1531a31e7700 affinity 69
level 1 thread 0x148de8431700 affinity 41
level 1 thread 0x1482157c97c0 affinity 42
level 1 thread 0x148200fbf700 affinity 43
level 1 thread 0x148200dbe700 affinity 44
level 1 thread 0x148200bbd700 affinity 45
level 1 thread 0x1482009bc700 affinity 46
level 1 thread 0x1482007bb700 affinity 47
level 1 thread 0x1482005ba700 affinity 48
level 1 thread 0x1482003b9700 affinity 49
level 1 thread 0x1481f2acb700 affinity 50
level 1 thread 0x1481f28ca700 affinity 51
level 1 thread 0x1481f26c9700 affinity 52
level 1 thread 0x1481f24c8700 affinity 53
level 1 thread 0x1481f22c7700 affinity 54
level 1 thread 0x1481f20c6700 affinity 55
level 1 thread 0x14c4ca7227c0 affinity 98
level 1 thread 0x14c4bc821700 affinity 99
level 1 thread 0x14c4bc620700 affinity 100
level 1 thread 0x14c4bc41f700 affinity 101
level 1 thread 0x14c4bc21e700 affinity 102
level 1 thread 0x14c4a86c5700 affinity 103
level 1 thread 0x14c4a84c4700 affinity 104
level 1 thread 0x14c4a82c3700 affinity 105
level 1 thread 0x14c4a80c2700 affinity 106
level 1 thread 0x14c4a7ec1700 affinity 107
level 1 thread 0x14c4a7cc0700 affinity 108
level 1 thread 0x14c4a7abf700 affinity 109
level 1 thread 0x14c4a78be700 affinity 110
level 1 thread 0x14c4a76bd700 affinity 111
level 1 thread 0x148d32d397c0 affinity 56
level 1 thread 0x148d108c1700 affinity 57
level 1 thread 0x148d106c0700 affinity 58
level 1 thread 0x148d104bf700 affinity 59
level 1 thread 0x148d102be700 affinity 60
level 1 thread 0x148d100bd700 affinity 61
level 1 thread 0x148d0febc700 affinity 62
level 1 thread 0x148d0fcbb700 affinity 63
level 1 thread 0x148d0faba700 affinity 64
level 1 thread 0x148d0f8b9700 affinity 65
level 1 thread 0x148d0f6b8700 affinity 66
level 1 thread 0x148d0f4b7700 affinity 67
level 1 thread 0x148d0f2b6700 affinity 68
level 1 thread 0x148d0f0b5700 affinity 69
level 1 thread 0x153a0b3e37c0 affinity 70
level 1 thread 0x1539e965f700 affinity 71
level 1 thread 0x1539e945e700 affinity 72
level 1 thread 0x1539e925d700 affinity 73
level 1 thread 0x1539e905c700 affinity 74
level 1 thread 0x1539e8e5b700 affinity 75
level 1 thread 0x1539e8c5a700 affinity 76
level 1 thread 0x1539e8a59700 affinity 77
level 1 thread 0x1539e8858700 affinity 78
level 1 thread 0x1539e8657700 affinity 79
level 1 thread 0x1539e8456700 affinity 80
level 1 thread 0x1539e8255700 affinity 81
level 1 thread 0x1539e8054700 affinity 82
level 1 thread 0x1539e7e53700 affinity 83
level 1 thread 0x148ff4edd700 affinity 97
level 1 thread 0x146527f707c0 affinity 70
level 1 thread 0x146506321700 affinity 71
level 1 thread 0x146506120700 affinity 72
level 1 thread 0x146505f1f700 affinity 73
level 1 thread 0x146505d1e700 affinity 74
level 1 thread 0x146505b1d700 affinity 75
level 1 thread 0x14650591c700 affinity 76
level 1 thread 0x14650571b700 affinity 77
level 1 thread 0x14650551a700 affinity 78
level 1 thread 0x146505319700 affinity 79
level 1 thread 0x146505118700 affinity 80
level 1 thread 0x146504f17700 affinity 81
level 1 thread 0x146504d16700 affinity 82
level 1 thread 0x146504b15700 affinity 83
level 1 thread 0x145b867777c0 affinity 0
level 1 thread 0x145b642ac700 affinity 1
level 1 thread 0x145b640ab700 affinity 2
level 1 thread 0x145b63eaa700 affinity 3
level 1 thread 0x145b63ca9700 affinity 4
level 1 thread 0x145b63aa8700 affinity 5
level 1 thread 0x145b638a7700 affinity 6
level 1 thread 0x145b636a6700 affinity 7
level 1 thread 0x145b634a5700 affinity 8
level 1 thread 0x145b632a4700 affinity 9
level 1 thread 0x145b630a3700 affinity 10
level 1 thread 0x145b62ea2700 affinity 11
level 1 thread 0x145b62ca1700 affinity 12
level 1 thread 0x145b62aa0700 affinity 13
level 1 thread 0x14c0ff31f7c0 affinity 0
level 1 thread 0x14c0dce2d700 affinity 1
level 1 thread 0x14c0dcc2c700 affinity 2
level 1 thread 0x14c0dca2b700 affinity 3
level 1 thread 0x14c0dc82a700 affinity 4
level 1 thread 0x14c0dc629700 affinity 5
level 1 thread 0x14c0dc428700 affinity 6
level 1 thread 0x14c0dc227700 affinity 7
level 1 thread 0x14c0dc026700 affinity 8
level 1 thread 0x14c0dbe25700 affinity 9
level 1 thread 0x14c0dbc24700 affinity 10
level 1 thread 0x14c0dba23700 affinity 11
level 1 thread 0x14c0db822700 affinity 12
level 1 thread 0x14c0db621700 affinity 13
level 1 thread 0x15093cb917c0 affinity 14
level 1 thread 0x15091af48700 affinity 15
level 1 thread 0x15091ad47700 affinity 16
level 1 thread 0x15091ab46700 affinity 17
level 1 thread 0x15091a945700 affinity 18
level 1 thread 0x15091a744700 affinity 19
level 1 thread 0x15091a543700 affinity 20
level 1 thread 0x15091a342700 affinity 21
level 1 thread 0x15091a141700 affinity 22
level 1 thread 0x150919f40700 affinity 23
level 1 thread 0x150919d3f700 affinity 24
level 1 thread 0x150919b3e700 affinity 25
level 1 thread 0x15091993d700 affinity 26
level 1 thread 0x15091973c700 affinity 27
level 1 thread 0x14f87a0e57c0 affinity 14
level 1 thread 0x14f8582ac700 affinity 15
level 1 thread 0x14f8580ab700 affinity 16
level 1 thread 0x14f857eaa700 affinity 17
level 1 thread 0x14f857ca9700 affinity 18
level 1 thread 0x14f857aa8700 affinity 19
level 1 thread 0x14f8578a7700 affinity 20
level 1 thread 0x14f8576a6700 affinity 21
level 1 thread 0x14f8574a5700 affinity 22
level 1 thread 0x14f8572a4700 affinity 23
level 1 thread 0x14f8570a3700 affinity 24
level 1 thread 0x14f856ea2700 affinity 25
level 1 thread 0x14f856ca1700 affinity 26
level 1 thread 0x14f856aa0700 affinity 27
level 1 thread 0x1505a28e37c0 affinity 98
level 1 thread 0x1505949fa700 affinity 99
level 1 thread 0x1505947f9700 affinity 100
level 1 thread 0x1505945f8700 affinity 101
level 1 thread 0x1505943f7700 affinity 102
level 1 thread 0x1505806c5700 affinity 103
level 1 thread 0x1505804c4700 affinity 104
level 1 thread 0x1505802c3700 affinity 105
level 1 thread 0x1505800c2700 affinity 106
level 1 thread 0x15057fec1700 affinity 107
level 1 thread 0x15057fcc0700 affinity 108
level 1 thread 0x15057fabf700 affinity 109
level 1 thread 0x15057f8be700 affinity 110
level 1 thread 0x15057f6bd700 affinity 111
level 1 thread 0x14d1e2a067c0 affinity 56
level 1 thread 0x14d1d42df700 affinity 57
level 1 thread 0x14d1c02ac700 affinity 58
level 1 thread 0x14d1c00ab700 affinity 59
level 1 thread 0x14d1bfeaa700 affinity 60
level 1 thread 0x14d1bfca9700 affinity 61
level 1 thread 0x14d1bfaa8700 affinity 62
level 1 thread 0x14d1bf8a7700 affinity 63
level 1 thread 0x14d1bf6a6700 affinity 64
level 1 thread 0x14d1bf4a5700 affinity 65
level 1 thread 0x14d1bf2a4700 affinity 66
level 1 thread 0x14d1bf0a3700 affinity 67
level 1 thread 0x14d1beea2700 affinity 68
level 1 thread 0x14d1beca1700 affinity 69
level 1 thread 0x14d43f0d87c0 affinity 14
level 1 thread 0x14d41d48e700 affinity 15
level 1 thread 0x14d41d28d700 affinity 16
level 1 thread 0x14d41d08c700 affinity 17
level 1 thread 0x14d41ce8b700 affinity 18
level 1 thread 0x14d41cc8a700 affinity 19
level 1 thread 0x14d41ca89700 affinity 20
level 1 thread 0x14d41c888700 affinity 21
level 1 thread 0x14d41c687700 affinity 22
level 1 thread 0x14d41c486700 affinity 23
level 1 thread 0x14d41c285700 affinity 24
level 1 thread 0x14d41c084700 affinity 25
level 1 thread 0x14d41be83700 affinity 26
level 1 thread 0x14d41bc82700 affinity 27
level 1 thread 0x14774f64c7c0 affinity 42
level 1 thread 0x14772d9e4700 affinity 43
level 1 thread 0x14772d7e3700 affinity 44
level 1 thread 0x14772d5e2700 affinity 45
level 1 thread 0x14772d3e1700 affinity 46
level 1 thread 0x14772d1e0700 affinity 47
level 1 thread 0x14772cfdf700 affinity 48
level 1 thread 0x14772cdde700 affinity 49
level 1 thread 0x14772cbdd700 affinity 50
level 1 thread 0x14772c9dc700 affinity 51
level 1 thread 0x14772c7db700 affinity 52
level 1 thread 0x14772c5da700 affinity 53
level 1 thread 0x14772c3d9700 affinity 54
level 1 thread 0x14772c1d8700 affinity 55
level 1 thread 0x14bb05eae7c0 affinity 70
level 1 thread 0x14baf83d5700 affinity 71
level 1 thread 0x14bae3e93700 affinity 72
level 1 thread 0x14b00b1597c0 affinity 28
level 1 thread 0x14afe94f5700 affinity 29
level 1 thread 0x14afe92f4700 affinity 30
level 1 thread 0x14afe90f3700 affinity 31
level 1 thread 0x14afe8ef2700 affinity 32
level 1 thread 0x14afe8cf1700 affinity 33
level 1 thread 0x14afe8af0700 affinity 34
level 1 thread 0x14afe88ef700 affinity 35
level 1 thread 0x14afe86ee700 affinity 36
level 1 thread 0x14afe84ed700 affinity 37
level 1 thread 0x14afe82ec700 affinity 38
level 1 thread 0x14afe80eb700 affinity 39
level 1 thread 0x14afe7eea700 affinity 40
level 1 thread 0x14afe7ce9700 affinity 41
level 1 thread 0x1473ba3017c0 affinity 28
level 1 thread 0x1473986b7700 affinity 29
level 1 thread 0x1473984b6700 affinity 30
level 1 thread 0x1473982b5700 affinity 31
level 1 thread 0x1473980b4700 affinity 32
level 1 thread 0x147397eb3700 affinity 33
level 1 thread 0x147397cb2700 affinity 34
level 1 thread 0x147397ab1700 affinity 35
level 1 thread 0x1473978b0700 affinity 36
level 1 thread 0x1473976af700 affinity 37
level 1 thread 0x1473974ae700 affinity 38
level 1 thread 0x1473972ad700 affinity 39
level 1 thread 0x1473970ac700 affinity 40
level 1 thread 0x147396eab700 affinity 41
level 1 thread 0x1506845b57c0 affinity 84
level 1 thread 0x150662971700 affinity 85
level 1 thread 0x150662770700 affinity 86
level 1 thread 0x15066256f700 affinity 87
level 1 thread 0x15066236e700 affinity 88
level 1 thread 0x15066216d700 affinity 89
level 1 thread 0x150661f6c700 affinity 90
level 1 thread 0x150661d6b700 affinity 91
level 1 thread 0x150661b6a700 affinity 92
level 1 thread 0x150661969700 affinity 93
level 1 thread 0x150661768700 affinity 94
level 1 thread 0x150661567700 affinity 95
level 1 thread 0x150661366700 affinity 96
level 1 thread 0x150661165700 affinity 97
level 1 thread 0x14bae3c92700 affinity 73
level 1 thread 0x14bae3a91700 affinity 74
level 1 thread 0x14bae3890700 affinity 75
level 1 thread 0x14bae368f700 affinity 76
level 1 thread 0x14bae348e700 affinity 77
level 1 thread 0x14bae328d700 affinity 78
level 1 thread 0x14bae308c700 affinity 79
level 1 thread 0x1514648a37c0 affinity 42
level 1 thread 0x151442c55700 affinity 43
level 1 thread 0x151442a54700 affinity 44
level 1 thread 0x151442853700 affinity 45
level 1 thread 0x151442652700 affinity 46
level 1 thread 0x151442451700 affinity 47
level 1 thread 0x151442250700 affinity 48
level 1 thread 0x15144204f700 affinity 49
level 1 thread 0x151441e4e700 affinity 50
level 1 thread 0x151441c4d700 affinity 51
level 1 thread 0x151441a4c700 affinity 52
level 1 thread 0x15144184b700 affinity 53
level 1 thread 0x15144164a700 affinity 54
level 1 thread 0x151441449700 affinity 55
level 1 thread 0x151bb1ef17c0 affinity 70
level 1 thread 0x151b90287700 affinity 71
level 1 thread 0x151b90086700 affinity 72
level 1 thread 0x151b8fe85700 affinity 73
level 1 thread 0x151b8fc84700 affinity 74
level 1 thread 0x151b8fa83700 affinity 75
level 1 thread 0x151b8f882700 affinity 76
level 1 thread 0x151b8f681700 affinity 77
level 1 thread 0x151b8f480700 affinity 78
level 1 thread 0x151b8f27f700 affinity 79
level 1 thread 0x151b8f07e700 affinity 80
level 1 thread 0x151b8ee7d700 affinity 81
level 1 thread 0x151b8ec7c700 affinity 82
level 1 thread 0x151b8ea7b700 affinity 83
level 1 thread 0x15093258e7c0 affinity 98
level 1 thread 0x1509246a1700 affinity 99
level 1 thread 0x1509244a0700 affinity 100
level 1 thread 0x15092429f700 affinity 101
level 1 thread 0x1509106c5700 affinity 102
level 1 thread 0x1509104c4700 affinity 103
level 1 thread 0x1509102c3700 affinity 104
level 1 thread 0x1509100c2700 affinity 105
level 1 thread 0x15090fec1700 affinity 106
level 1 thread 0x15090fcc0700 affinity 107
level 1 thread 0x15090fabf700 affinity 108
level 1 thread 0x15090f8be700 affinity 109
level 1 thread 0x15090f6bd700 affinity 110
level 1 thread 0x15090f4bc700 affinity 111
level 1 thread 0x14bae2e8b700 affinity 80
level 1 thread 0x14bae2c8a700 affinity 81
level 1 thread 0x14bae2a89700 affinity 82
level 1 thread 0x14bae2888700 affinity 83
level 1 thread 0x149ea30427c0 affinity 28
level 1 thread 0x149e813ee700 affinity 29
level 1 thread 0x149e811ed700 affinity 30
level 1 thread 0x149e80fec700 affinity 31
level 1 thread 0x149e80deb700 affinity 32
level 1 thread 0x149e80bea700 affinity 33
level 1 thread 0x149e809e9700 affinity 34
level 1 thread 0x149e807e8700 affinity 35
level 1 thread 0x149e805e7700 affinity 36
level 1 thread 0x149e803e6700 affinity 37
level 1 thread 0x149e801e5700 affinity 38
level 1 thread 0x149e7ffe4700 affinity 39
level 1 thread 0x149e7fde3700 affinity 40
level 1 thread 0x149e7fbe2700 affinity 41
level 1 thread 0x1496de6987c0 affinity 56
level 1 thread 0x1496d037e700 affinity 57
level 1 thread 0x1496bbea4700 affinity 58
level 1 thread 0x1496bbca3700 affinity 59
level 1 thread 0x1496bbaa2700 affinity 60
level 1 thread 0x1496bb8a1700 affinity 61
level 1 thread 0x1496bb6a0700 affinity 62
level 1 thread 0x1496bb49f700 affinity 63
level 1 thread 0x1496bb29e700 affinity 64
level 1 thread 0x1496bb09d700 affinity 65
level 1 thread 0x1496bae9c700 affinity 66
level 1 thread 0x1496bac9b700 affinity 67
level 1 thread 0x1496baa9a700 affinity 68
level 1 thread 0x1496ba899700 affinity 69
level 1 thread 0x14891cb3e7c0 affinity 14
level 1 thread 0x1488faef8700 affinity 15
level 1 thread 0x1488facf7700 affinity 16
level 1 thread 0x1488faaf6700 affinity 17
level 1 thread 0x1488fa8f5700 affinity 18
level 1 thread 0x1488fa6f4700 affinity 19
level 1 thread 0x1488fa4f3700 affinity 20
level 1 thread 0x1488fa2f2700 affinity 21
level 1 thread 0x1488fa0f1700 affinity 22
level 1 thread 0x1488f9ef0700 affinity 23
level 1 thread 0x1488f9cef700 affinity 24
level 1 thread 0x1488f9aee700 affinity 25
level 1 thread 0x1488f98ed700 affinity 26
level 1 thread 0x1488f96ec700 affinity 27
level 1 thread 0x14ed6e0307c0 affinity 42
level 1 thread 0x14ed4c2ac700 affinity 43
level 1 thread 0x14ed4c0ab700 affinity 44
level 1 thread 0x14ed4beaa700 affinity 45
level 1 thread 0x14ed4bca9700 affinity 46
level 1 thread 0x14ed4baa8700 affinity 47
level 1 thread 0x14ed4b8a7700 affinity 48
level 1 thread 0x14ed4b6a6700 affinity 49
level 1 thread 0x14ed4b4a5700 affinity 50
level 1 thread 0x14ed4b2a4700 affinity 51
level 1 thread 0x14ed4b0a3700 affinity 52
level 1 thread 0x14ed4aea2700 affinity 53
level 1 thread 0x14ed4aca1700 affinity 54
level 1 thread 0x14ed4aaa0700 affinity 55
level 1 thread 0x146b910417c0 affinity 28
level 1 thread 0x146b7c78d700 affinity 29
level 1 thread 0x146b7c58c700 affinity 30
level 1 thread 0x146b7c38b700 affinity 31
level 1 thread 0x146b6eacb700 affinity 32
level 1 thread 0x146b6e8ca700 affinity 33
level 1 thread 0x146b6e6c9700 affinity 34
level 1 thread 0x146b6e4c8700 affinity 35
level 1 thread 0x146b6e2c7700 affinity 36
level 1 thread 0x146b6e0c6700 affinity 37
level 1 thread 0x146b6dec5700 affinity 38
level 1 thread 0x146b6dcc4700 affinity 39
level 1 thread 0x146b6dac3700 affinity 40
level 1 thread 0x146b6d8c2700 affinity 41
level 1 thread 0x148d66e7e7c0 affinity 56
level 1 thread 0x148d449f3700 affinity 57
level 1 thread 0x148d447f2700 affinity 58
level 1 thread 0x148d445f1700 affinity 59
level 1 thread 0x148d443f0700 affinity 60
level 1 thread 0x148d441ef700 affinity 61
level 1 thread 0x148d43fee700 affinity 62
level 1 thread 0x148d43ded700 affinity 63
level 1 thread 0x148d43bec700 affinity 64
level 1 thread 0x148d439eb700 affinity 65
level 1 thread 0x148d437ea700 affinity 66
level 1 thread 0x148d435e9700 affinity 67
level 1 thread 0x148d433e8700 affinity 68
level 1 thread 0x148d431e7700 affinity 69
level 1 thread 0x14651c3f47c0 affinity 0
level 1 thread 0x1464f9f83700 affinity 1
level 1 thread 0x1464f9d82700 affinity 2
level 1 thread 0x1464f9b81700 affinity 3
level 1 thread 0x1464f9980700 affinity 4
level 1 thread 0x1464f977f700 affinity 5
level 1 thread 0x1464f957e700 affinity 6
level 1 thread 0x1464f937d700 affinity 7
level 1 thread 0x1464f917c700 affinity 8
level 1 thread 0x1464f8f7b700 affinity 9
level 1 thread 0x1464f8d7a700 affinity 10
level 1 thread 0x1464f8b79700 affinity 11
level 1 thread 0x1464f8978700 affinity 12
level 1 thread 0x1464f8777700 affinity 13
level 1 thread 0x153a1a3967c0 affinity 14
level 1 thread 0x1539f86c5700 affinity 15
level 1 thread 0x1539f84c4700 affinity 16
level 1 thread 0x1539f82c3700 affinity 17
level 1 thread 0x1539f80c2700 affinity 18
level 1 thread 0x1539f7ec1700 affinity 19
level 1 thread 0x1539f7cc0700 affinity 20
level 1 thread 0x1539f7abf700 affinity 21
level 1 thread 0x1539f78be700 affinity 22
level 1 thread 0x1539f76bd700 affinity 23
level 1 thread 0x1539f74bc700 affinity 24
level 1 thread 0x1539f72bb700 affinity 25
level 1 thread 0x1539f70ba700 affinity 26
level 1 thread 0x1539f6eb9700 affinity 27
level 1 thread 0x150066d2b7c0 affinity 28
level 1 thread 0x1500450dd700 affinity 29
level 1 thread 0x150044edc700 affinity 30
level 1 thread 0x150044cdb700 affinity 31
level 1 thread 0x150044ada700 affinity 32
level 1 thread 0x1500448d9700 affinity 33
level 1 thread 0x1500446d8700 affinity 34
level 1 thread 0x1500444d7700 affinity 35
level 1 thread 0x1500442d6700 affinity 36
level 1 thread 0x1500440d5700 affinity 37
level 1 thread 0x150043ed4700 affinity 38
level 1 thread 0x150043cd3700 affinity 39
level 1 thread 0x150043ad2700 affinity 40
level 1 thread 0x1500438d1700 affinity 41
level 1 thread 0x14693923f7c0 affinity 56
level 1 thread 0x1469242f7700 affinity 57
level 1 thread 0x146916acb700 affinity 58
level 1 thread 0x1469168ca700 affinity 59
level 1 thread 0x1469166c9700 affinity 60
level 1 thread 0x1469164c8700 affinity 61
level 1 thread 0x1469162c7700 affinity 62
level 1 thread 0x1469160c6700 affinity 63
level 1 thread 0x146915ec5700 affinity 64
level 1 thread 0x146915cc4700 affinity 65
level 1 thread 0x146915ac3700 affinity 66
level 1 thread 0x1469158c2700 affinity 67
level 1 thread 0x1469156c1700 affinity 68
level 1 thread 0x1469154c0700 affinity 69
level 1 thread 0x1512c59a47c0 affinity 70
level 1 thread 0x1512b82d0700 affinity 71
level 1 thread 0x1512a3a8b700 affinity 72
level 1 thread 0x1512a388a700 affinity 73
level 1 thread 0x1512a3689700 affinity 74
level 1 thread 0x1512a3488700 affinity 75
level 1 thread 0x1512a3287700 affinity 76
level 1 thread 0x1512a3086700 affinity 77
level 1 thread 0x1512a2e85700 affinity 78
level 1 thread 0x1512a2c84700 affinity 79
level 1 thread 0x1512a2a83700 affinity 80
level 1 thread 0x1512a2882700 affinity 81
level 1 thread 0x1512a2681700 affinity 82
level 1 thread 0x1512a2480700 affinity 83
level 1 thread 0x145b282127c0 affinity 84
level 1 thread 0x145b065c8700 affinity 85
level 1 thread 0x145b063c7700 affinity 86
level 1 thread 0x145b061c6700 affinity 87
level 1 thread 0x145b05fc5700 affinity 88
level 1 thread 0x145b05dc4700 affinity 89
level 1 thread 0x145b05bc3700 affinity 90
level 1 thread 0x145b059c2700 affinity 91
level 1 thread 0x145b057c1700 affinity 92
level 1 thread 0x145b055c0700 affinity 93
level 1 thread 0x145b053bf700 affinity 94
level 1 thread 0x145b051be700 affinity 95
level 1 thread 0x145b04fbd700 affinity 96
level 1 thread 0x145b04dbc700 affinity 97
level 1 thread 0x14bcea65c7c0 affinity 42
level 1 thread 0x14bcdc350700 affinity 43
level 1 thread 0x14bcc86c5700 affinity 44
level 1 thread 0x14bcc84c4700 affinity 45
level 1 thread 0x14bcc82c3700 affinity 46
level 1 thread 0x14bcc80c2700 affinity 47
level 1 thread 0x14bcc7ec1700 affinity 48
level 1 thread 0x14bcc7cc0700 affinity 49
level 1 thread 0x14bcc7abf700 affinity 50
level 1 thread 0x14bcc78be700 affinity 51
level 1 thread 0x14bcc76bd700 affinity 52
level 1 thread 0x14bcc74bc700 affinity 53
level 1 thread 0x14bcc72bb700 affinity 54
level 1 thread 0x14bcc70ba700 affinity 55
level 1 thread 0x14b45ec657c0 affinity 98
level 1 thread 0x14b450d79700 affinity 99
level 1 thread 0x14b450b78700 affinity 100
level 1 thread 0x14b450977700 affinity 101
level 1 thread 0x14b450776700 affinity 102
level 1 thread 0x14b450575700 affinity 103
level 1 thread 0x14b450374700 affinity 104
level 1 thread 0x14b43c6c5700 affinity 105
level 1 thread 0x14b43c4c4700 affinity 106
level 1 thread 0x14b43c2c3700 affinity 107
level 1 thread 0x14b43c0c2700 affinity 108
level 1 thread 0x14b43bec1700 affinity 109
level 1 thread 0x14b43bcc0700 affinity 110
level 1 thread 0x14b43babf700 affinity 111
level 1 thread 0x15085e4ac7c0 affinity 42
level 1 thread 0x15083c6c5700 affinity 43
level 1 thread 0x15083c4c4700 affinity 44
level 1 thread 0x15083c2c3700 affinity 45
level 1 thread 0x15083c0c2700 affinity 46
level 1 thread 0x15083bec1700 affinity 47
level 1 thread 0x15083bcc0700 affinity 48
level 1 thread 0x15083babf700 affinity 49
level 1 thread 0x15083b8be700 affinity 50
level 1 thread 0x15083b6bd700 affinity 51
level 1 thread 0x15083b4bc700 affinity 52
level 1 thread 0x15083b2bb700 affinity 53
level 1 thread 0x15083b0ba700 affinity 54
level 1 thread 0x15083aeb9700 affinity 55
level 1 thread 0x14dad2f4f7c0 affinity 98
level 1 thread 0x14dab1725700 affinity 99
level 1 thread 0x14dab1524700 affinity 100
level 1 thread 0x14dab1323700 affinity 101
level 1 thread 0x14dab1122700 affinity 102
level 1 thread 0x14dab0f21700 affinity 103
level 1 thread 0x14dab0d20700 affinity 104
level 1 thread 0x14dab0b1f700 affinity 105
level 1 thread 0x14dab091e700 affinity 106
level 1 thread 0x14dab071d700 affinity 107
level 1 thread 0x14dab051c700 affinity 108
level 1 thread 0x14dab031b700 affinity 109
level 1 thread 0x14dab011a700 affinity 110
level 1 thread 0x14daaff19700 affinity 111
level 1 thread 0x14f92dbbe7c0 affinity 14
level 1 thread 0x14f90be93700 affinity 15
level 1 thread 0x14f90bc92700 affinity 16
level 1 thread 0x14f90ba91700 affinity 17
level 1 thread 0x14f90b890700 affinity 18
level 1 thread 0x14f90b68f700 affinity 19
level 1 thread 0x14f90b48e700 affinity 20
level 1 thread 0x14f90b28d700 affinity 21
level 1 thread 0x14f90b08c700 affinity 22
level 1 thread 0x14f90ae8b700 affinity 23
level 1 thread 0x14f90ac8a700 affinity 24
level 1 thread 0x14f90aa89700 affinity 25
level 1 thread 0x14f90a888700 affinity 26
level 1 thread 0x14f90a687700 affinity 27
level 1 thread 0x14824f0e57c0 affinity 98
level 1 thread 0x14822d8ae700 affinity 99
level 1 thread 0x14822d6ad700 affinity 100
level 1 thread 0x14822d4ac700 affinity 101
level 1 thread 0x14822d2ab700 affinity 102
level 1 thread 0x14822d0aa700 affinity 103
level 1 thread 0x14822cea9700 affinity 104
level 1 thread 0x14822cca8700 affinity 105
level 1 thread 0x14822caa7700 affinity 106
level 1 thread 0x14822c8a6700 affinity 107
level 1 thread 0x14822c6a5700 affinity 108
level 1 thread 0x14822c4a4700 affinity 109
level 1 thread 0x14822c2a3700 affinity 110
level 1 thread 0x14822c0a2700 affinity 111
level 1 thread 0x14b808dda7c0 affinity 42
level 1 thread 0x14b7e7192700 affinity 43
level 1 thread 0x14b7e6f91700 affinity 44
level 1 thread 0x14b7e6d90700 affinity 45
level 1 thread 0x14b7e6b8f700 affinity 46
level 1 thread 0x14b7e698e700 affinity 47
level 1 thread 0x14b7e678d700 affinity 48
level 1 thread 0x14b7e658c700 affinity 49
level 1 thread 0x14b7e638b700 affinity 50
level 1 thread 0x14b7e618a700 affinity 51
level 1 thread 0x14b7e5f89700 affinity 52
level 1 thread 0x14b7e5d88700 affinity 53
level 1 thread 0x14b7e5b87700 affinity 54
level 1 thread 0x14b7e5986700 affinity 55
Done. Logs in outputs_leonardo/, summary in outputs_leonardo/results_8Node_64Tasks_14Threads.csv
