Tasks are decomposed in a grid 4 x 4

Task    0: 	grid coordinates :   0,   0
	neighbours: N   -2    E    1    S    4    W   -2
My (rank 0) patch size is 6250 x 6250
Task    8: 	grid coordinates :   0,   2
	neighbours: N    4    E    9    S   12    W   -2
My (rank 8) patch size is 6250 x 6250
Task    1: 	grid coordinates :   1,   0
	neighbours: N   -2    E    2    S    5    W    0
My (rank 1) patch size is 6250 x 6250
Task    2: 	grid coordinates :   2,   0
	neighbours: N   -2    E    3    S    6    W    1
My (rank 2) patch size is 6250 x 6250
Task    9: 	grid coordinates :   1,   2
	neighbours: N    5    E   10    S   13    W    8
My (rank 9) patch size is 6250 x 6250
Task    3: 	grid coordinates :   3,   0
	neighbours: N   -2    E   -2    S    7    W    2
My (rank 3) patch size is 6250 x 6250
Task   10: 	grid coordinates :   2,   2
	neighbours: N    6    E   11    S   14    W    9
My (rank 10) patch size is 6250 x 6250
Task    4: 	grid coordinates :   0,   1
	neighbours: N    0    E    5    S    8    W   -2
My (rank 4) patch size is 6250 x 6250
Task   11: 	grid coordinates :   3,   2
	neighbours: N    7    E   -2    S   15    W   10
My (rank 11) patch size is 6250 x 6250
Task    5: 	grid coordinates :   1,   1
	neighbours: N    1    E    6    S    9    W    4
My (rank 5) patch size is 6250 x 6250
Task   12: 	grid coordinates :   0,   3
	neighbours: N    8    E   13    S   -2    W   -2
My (rank 12) patch size is 6250 x 6250
Task    6: 	grid coordinates :   2,   1
	neighbours: N    2    E    7    S   10    W    5
My (rank 6) patch size is 6250 x 6250
Task   13: 	grid coordinates :   1,   3
	neighbours: N    9    E   14    S   -2    W   12
My (rank 13) patch size is 6250 x 6250
Task    7: 	grid coordinates :   3,   1
	neighbours: N    3    E   -2    S   11    W    6
My (rank 7) patch size is 6250 x 6250
Task   14: 	grid coordinates :   2,   3
	neighbours: N   10    E   15    S   -2    W   13
My (rank 14) patch size is 6250 x 6250
Task   15: 	grid coordinates :   3,   3
	neighbours: N   11    E   -2    S   -2    W   14
My (rank 15) patch size is 6250 x 6250
Rank 7 signals initialization completed. Beginning computation part.
Total execution time for rank 7: 16.037331
Rank 2 signals initialization completed. Beginning computation part.
Total execution time for rank 2: 16.037492
Rank 3 signals initialization completed. Beginning computation part.
Total execution time for rank 3: 16.035972
Rank 1 signals initialization completed. Beginning computation part.
Total execution time for rank 1: 16.037821
Rank 4 signals initialization completed. Beginning computation part.
Total execution time for rank 4: 16.038406
Rank 0 signals initialization completed. Beginning computation part.
Total execution time for rank 0: 15.960321
Average comm waiting time and copy time (averaged across 16 ranks):
 wait=0.000826s
copy=0.000059s
Total: wait=0.554321s, comm=0.045666s
total injected energy is 300000, system energy is 300000 ( in avg 0.00768 per grid point)
Rank 6 signals initialization completed. Beginning computation part.
Total execution time for rank 6: 16.038616
Rank 13 signals initialization completed. Beginning computation part.
Total execution time for rank 13: 15.965611
Rank 14 signals initialization completed. Beginning computation part.
Total execution time for rank 14: 15.964182
Rank 12 signals initialization completed. Beginning computation part.
Total execution time for rank 12: 15.964360
Rank 15 signals initialization completed. Beginning computation part.
Total execution time for rank 15: 15.963436
Rank 11 signals initialization completed. Beginning computation part.
Total execution time for rank 11: 16.039084
Rank 5 signals initialization completed. Beginning computation part.
Total execution time for rank 5: 16.040420
Rank 8 signals initialization completed. Beginning computation part.
Total execution time for rank 8: 16.039096
Rank 9 signals initialization completed. Beginning computation part.
Total execution time for rank 9: 16.041404
Rank 10 signals initialization completed. Beginning computation part.
Total execution time for rank 10: 16.040300
