Tasks are decomposed in a grid 8 x 8

Task    8: 	grid coordinates :   0,   1
	neighbours: N    0    E    9    S   16    W   -2
My (rank 8) patch size is 3125 x 3125
Task   16: 	grid coordinates :   0,   2
	neighbours: N    8    E   17    S   24    W   -2
My (rank 16) patch size is 3125 x 3125
Task   32: 	grid coordinates :   0,   4
	neighbours: N   24    E   33    S   40    W   -2
My (rank 32) patch size is 3125 x 3125
Task   40: 	grid coordinates :   0,   5
	neighbours: N   32    E   41    S   48    W   -2
My (rank 40) patch size is 3125 x 3125
Task   48: 	grid coordinates :   0,   6
	neighbours: N   40    E   49    S   56    W   -2
My (rank 48) patch size is 3125 x 3125
Task   24: 	grid coordinates :   0,   3
	neighbours: N   16    E   25    S   32    W   -2
My (rank 24) patch size is 3125 x 3125
Task   56: 	grid coordinates :   0,   7
	neighbours: N   48    E   57    S   -2    W   -2
My (rank 56) patch size is 3125 x 3125
Task   25: 	grid coordinates :   1,   3
	neighbours: N   17    E   26    S   33    W   24
My (rank 25) patch size is 3125 x 3125
Task   26: 	grid coordinates :   2,   3
	neighbours: N   18    E   27    S   34    W   25
My (rank 26) patch size is 3125 x 3125
Task   27: 	grid coordinates :   3,   3
	neighbours: N   19    E   28    S   35    W   26
My (rank 27) patch size is 3125 x 3125
Task   28: 	grid coordinates :   4,   3
	neighbours: N   20    E   29    S   36    W   27
My (rank 28) patch size is 3125 x 3125
Task   29: 	grid coordinates :   5,   3
	neighbours: N   21    E   30    S   37    W   28
My (rank 29) patch size is 3125 x 3125
Task   30: 	grid coordinates :   6,   3
	neighbours: N   22    E   31    S   38    W   29
My (rank 30) patch size is 3125 x 3125
Task   31: 	grid coordinates :   7,   3
	neighbours: N   23    E   -2    S   39    W   30
My (rank 31) patch size is 3125 x 3125
Task   17: 	grid coordinates :   1,   2
	neighbours: N    9    E   18    S   25    W   16
My (rank 17) patch size is 3125 x 3125
Task   18: 	grid coordinates :   2,   2
	neighbours: N   10    E   19    S   26    W   17
My (rank 18) patch size is 3125 x 3125
Task   19: 	grid coordinates :   3,   2
	neighbours: N   11    E   20    S   27    W   18
My (rank 19) patch size is 3125 x 3125
Task   20: 	grid coordinates :   4,   2
	neighbours: N   12    E   21    S   28    W   19
My (rank 20) patch size is 3125 x 3125
Task    9: 	grid coordinates :   1,   1
	neighbours: N    1    E   10    S   17    W    8
My (rank 9) patch size is 3125 x 3125
Task   21: 	grid coordinates :   5,   2
	neighbours: N   13    E   22    S   29    W   20
My (rank 21) patch size is 3125 x 3125
Task   10: 	grid coordinates :   2,   1
	neighbours: N    2    E   11    S   18    W    9
My (rank 10) patch size is 3125 x 3125
Task   22: 	grid coordinates :   6,   2
	neighbours: N   14    E   23    S   30    W   21
My (rank 22) patch size is 3125 x 3125
Task   11: 	grid coordinates :   3,   1
	neighbours: N    3    E   12    S   19    W   10
My (rank 11) patch size is 3125 x 3125
Task   23: 	grid coordinates :   7,   2
	neighbours: N   15    E   -2    S   31    W   22
My (rank 23) patch size is 3125 x 3125
Task   12: 	grid coordinates :   4,   1
	neighbours: N    4    E   13    S   20    W   11
My (rank 12) patch size is 3125 x 3125
Task   13: 	grid coordinates :   5,   1
	neighbours: N    5    E   14    S   21    W   12
My (rank 13) patch size is 3125 x 3125
Task   14: 	grid coordinates :   6,   1
	neighbours: N    6    E   15    S   22    W   13
My (rank 14) patch size is 3125 x 3125
Task   15: 	grid coordinates :   7,   1
	neighbours: N    7    E   -2    S   23    W   14
My (rank 15) patch size is 3125 x 3125
Task   33: 	grid coordinates :   1,   4
	neighbours: N   25    E   34    S   41    W   32
My (rank 33) patch size is 3125 x 3125
Task   49: 	grid coordinates :   1,   6
	neighbours: N   41    E   50    S   57    W   48
My (rank 49) patch size is 3125 x 3125
Task   57: 	grid coordinates :   1,   7
	neighbours: N   49    E   58    S   -2    W   56
My (rank 57) patch size is 3125 x 3125
Task   41: 	grid coordinates :   1,   5
	neighbours: N   33    E   42    S   49    W   40
My (rank 41) patch size is 3125 x 3125
Task   34: 	grid coordinates :   2,   4
	neighbours: N   26    E   35    S   42    W   33
My (rank 34) patch size is 3125 x 3125
Task   50: 	grid coordinates :   2,   6
	neighbours: N   42    E   51    S   58    W   49
My (rank 50) patch size is 3125 x 3125
Task   58: 	grid coordinates :   2,   7
	neighbours: N   50    E   59    S   -2    W   57
My (rank 58) patch size is 3125 x 3125
Task   42: 	grid coordinates :   2,   5
	neighbours: N   34    E   43    S   50    W   41
My (rank 42) patch size is 3125 x 3125
Task   35: 	grid coordinates :   3,   4
	neighbours: N   27    E   36    S   43    W   34
My (rank 35) patch size is 3125 x 3125
Task   51: 	grid coordinates :   3,   6
	neighbours: N   43    E   52    S   59    W   50
My (rank 51) patch size is 3125 x 3125
Task   59: 	grid coordinates :   3,   7
	neighbours: N   51    E   60    S   -2    W   58
My (rank 59) patch size is 3125 x 3125
Task   43: 	grid coordinates :   3,   5
	neighbours: N   35    E   44    S   51    W   42
My (rank 43) patch size is 3125 x 3125
Task   36: 	grid coordinates :   4,   4
	neighbours: N   28    E   37    S   44    W   35
My (rank 36) patch size is 3125 x 3125
Task   52: 	grid coordinates :   4,   6
	neighbours: N   44    E   53    S   60    W   51
My (rank 52) patch size is 3125 x 3125
Task   60: 	grid coordinates :   4,   7
	neighbours: N   52    E   61    S   -2    W   59
My (rank 60) patch size is 3125 x 3125
Task   44: 	grid coordinates :   4,   5
	neighbours: N   36    E   45    S   52    W   43
My (rank 44) patch size is 3125 x 3125
Task   37: 	grid coordinates :   5,   4
	neighbours: N   29    E   38    S   45    W   36
My (rank 37) patch size is 3125 x 3125
Task   53: 	grid coordinates :   5,   6
	neighbours: N   45    E   54    S   61    W   52
My (rank 53) patch size is 3125 x 3125
Task   61: 	grid coordinates :   5,   7
	neighbours: N   53    E   62    S   -2    W   60
My (rank 61) patch size is 3125 x 3125
Task   45: 	grid coordinates :   5,   5
	neighbours: N   37    E   46    S   53    W   44
My (rank 45) patch size is 3125 x 3125
Task   38: 	grid coordinates :   6,   4
	neighbours: N   30    E   39    S   46    W   37
My (rank 38) patch size is 3125 x 3125
Task   54: 	grid coordinates :   6,   6
	neighbours: N   46    E   55    S   62    W   53
My (rank 54) patch size is 3125 x 3125
Task   62: 	grid coordinates :   6,   7
	neighbours: N   54    E   63    S   -2    W   61
My (rank 62) patch size is 3125 x 3125
Task   46: 	grid coordinates :   6,   5
	neighbours: N   38    E   47    S   54    W   45
My (rank 46) patch size is 3125 x 3125
Task   39: 	grid coordinates :   7,   4
	neighbours: N   31    E   -2    S   47    W   38
My (rank 39) patch size is 3125 x 3125
Task   55: 	grid coordinates :   7,   6
	neighbours: N   47    E   -2    S   63    W   54
My (rank 55) patch size is 3125 x 3125
Task   63: 	grid coordinates :   7,   7
	neighbours: N   55    E   -2    S   -2    W   62
My (rank 63) patch size is 3125 x 3125
Task   47: 	grid coordinates :   7,   5
	neighbours: N   39    E   -2    S   55    W   46
My (rank 47) patch size is 3125 x 3125
Task    0: 	grid coordinates :   0,   0
	neighbours: N   -2    E    1    S    8    W   -2
My (rank 0) patch size is 3125 x 3125
Task    1: 	grid coordinates :   1,   0
	neighbours: N   -2    E    2    S    9    W    0
My (rank 1) patch size is 3125 x 3125
Task    2: 	grid coordinates :   2,   0
	neighbours: N   -2    E    3    S   10    W    1
My (rank 2) patch size is 3125 x 3125
Task    3: 	grid coordinates :   3,   0
	neighbours: N   -2    E    4    S   11    W    2
My (rank 3) patch size is 3125 x 3125
Task    4: 	grid coordinates :   4,   0
	neighbours: N   -2    E    5    S   12    W    3
My (rank 4) patch size is 3125 x 3125
Task    5: 	grid coordinates :   5,   0
	neighbours: N   -2    E    6    S   13    W    4
My (rank 5) patch size is 3125 x 3125
Task    6: 	grid coordinates :   6,   0
	neighbours: N   -2    E    7    S   14    W    5
My (rank 6) patch size is 3125 x 3125
Task    7: 	grid coordinates :   7,   0
	neighbours: N   -2    E   -2    S   15    W    6
My (rank 7) patch size is 3125 x 3125
Rank 15 signals initialization completed. Beginning computation part.
Total execution time for rank 15: 4.307912
Rank 38 signals initialization completed. Beginning computation part.
Total execution time for rank 38: 4.305533
Rank 37 signals initialization completed. Beginning computation part.
Total execution time for rank 37: 4.306085
Rank 59 signals initialization completed. Beginning computation part.
Total execution time for rank 59: 4.304367
Rank 57 signals initialization completed. Beginning computation part.
Total execution time for rank 57: 4.304956
Rank 58 signals initialization completed. Beginning computation part.
Total execution time for rank 58: 4.304916
Rank 36 signals initialization completed. Beginning computation part.
Total execution time for rank 36: 4.306938
Rank 60 signals initialization completed. Beginning computation part.
Total execution time for rank 60: 4.301135
Rank 61 signals initialization completed. Beginning computation part.
Total execution time for rank 61: 4.300845
Rank 62 signals initialization completed. Beginning computation part.
Total execution time for rank 62: 4.300104
Rank 63 signals initialization completed. Beginning computation part.
Total execution time for rank 63: 4.301741
Rank 39 signals initialization completed. Beginning computation part.
Total execution time for rank 39: 4.305163
Rank 52 signals initialization completed. Beginning computation part.
Total execution time for rank 52: 4.304434
Rank 53 signals initialization completed. Beginning computation part.
Total execution time for rank 53: 4.302872
Rank 54 signals initialization completed. Beginning computation part.
Total execution time for rank 54: 4.303133
Rank 32 signals initialization completed. Beginning computation part.
Total execution time for rank 32: 4.305203
Rank 33 signals initialization completed. Beginning computation part.
Total execution time for rank 33: 4.306625
Rank 35 signals initialization completed. Beginning computation part.
Total execution time for rank 35: 4.305522
Rank 10 signals initialization completed. Beginning computation part.
Total execution time for rank 10: 4.311840
Rank 55 signals initialization completed. Beginning computation part.
Total execution time for rank 55: 4.303659
Rank 49 signals initialization completed. Beginning computation part.
Total execution time for rank 49: 4.304362
Rank 50 signals initialization completed. Beginning computation part.
Total execution time for rank 50: 4.304457
Rank 51 signals initialization completed. Beginning computation part.
Total execution time for rank 51: 4.302830
Rank 12 signals initialization completed. Beginning computation part.
Total execution time for rank 12: 4.308977
Rank 13 signals initialization completed. Beginning computation part.
Total execution time for rank 13: 4.308441
Rank 56 signals initialization completed. Beginning computation part.
Total execution time for rank 56: 4.303238
Rank 8 signals initialization completed. Beginning computation part.
Total execution time for rank 8: 4.311649
Rank 11 signals initialization completed. Beginning computation part.
Total execution time for rank 11: 4.310574
Rank 14 signals initialization completed. Beginning computation part.
Total execution time for rank 14: 4.308214
Rank 34 signals initialization completed. Beginning computation part.
Total execution time for rank 34: 4.307566
Rank 42 signals initialization completed. Beginning computation part.
Total execution time for rank 42: 4.307276
Rank 44 signals initialization completed. Beginning computation part.
Total execution time for rank 44: 4.303693
Rank 45 signals initialization completed. Beginning computation part.
Total execution time for rank 45: 4.302613
Rank 47 signals initialization completed. Beginning computation part.
Total execution time for rank 47: 4.302552
Rank 46 signals initialization completed. Beginning computation part.
Total execution time for rank 46: 4.303106
Rank 48 signals initialization completed. Beginning computation part.
Total execution time for rank 48: 4.302568
Rank 40 signals initialization completed. Beginning computation part.
Total execution time for rank 40: 4.305387
Rank 41 signals initialization completed. Beginning computation part.
Total execution time for rank 41: 4.307262
Rank 9 signals initialization completed. Beginning computation part.
Total execution time for rank 9: 4.313113
Rank 1 signals initialization completed. Beginning computation part.
Total execution time for rank 1: 4.312060
Rank 43 signals initialization completed. Beginning computation part.
Total execution time for rank 43: 4.305175
Rank 4 signals initialization completed. Beginning computation part.
Total execution time for rank 4: 4.307660
Rank 2 signals initialization completed. Beginning computation part.
Total execution time for rank 2: 4.311127
Rank 20 signals initialization completed. Beginning computation part.
Total execution time for rank 20: 4.309250
Rank 21 signals initialization completed. Beginning computation part.
Total execution time for rank 21: 4.308667
Rank 22 signals initialization completed. Beginning computation part.
Total execution time for rank 22: 4.309339
Rank 23 signals initialization completed. Beginning computation part.
Total execution time for rank 23: 4.309177
Rank 16 signals initialization completed. Beginning computation part.
Total execution time for rank 16: 4.310075
Rank 19 signals initialization completed. Beginning computation part.
Total execution time for rank 19: 4.309416
Rank 17 signals initialization completed. Beginning computation part.
Total execution time for rank 17: 4.311252
Rank 28 signals initialization completed. Beginning computation part.
Total execution time for rank 28: 4.307707
Rank 0 signals initialization completed. Beginning computation part.
Total execution time for rank 0: 4.312155
Average comm waiting time and copy time (averaged across 64 ranks):
 wait=0.000679s
copy=0.000028s
Total: wait=0.546941s, comm=0.018643s
total injected energy is 300000, system energy is 299769 ( in avg 0.0306964 per grid point)
Rank 29 signals initialization completed. Beginning computation part.
Total execution time for rank 29: 4.305776
Rank 30 signals initialization completed. Beginning computation part.
Total execution time for rank 30: 4.306732
Rank 31 signals initialization completed. Beginning computation part.
Total execution time for rank 31: 4.305745
Rank 24 signals initialization completed. Beginning computation part.
Total execution time for rank 24: 4.309971
Rank 25 signals initialization completed. Beginning computation part.
Total execution time for rank 25: 4.311846
Rank 27 signals initialization completed. Beginning computation part.
Total execution time for rank 27: 4.310121
Rank 5 signals initialization completed. Beginning computation part.
Total execution time for rank 5: 4.307305
Rank 6 signals initialization completed. Beginning computation part.
Total execution time for rank 6: 4.306396
Rank 7 signals initialization completed. Beginning computation part.
Total execution time for rank 7: 4.306723
Rank 26 signals initialization completed. Beginning computation part.
Total execution time for rank 26: 4.311595
Rank 18 signals initialization completed. Beginning computation part.
Total execution time for rank 18: 4.310513
Rank 3 signals initialization completed. Beginning computation part.
Total execution time for rank 3: 4.309258
